2019-05-25 17:13:18,464 - INFO - allennlp.common.params - evaluate_on_test = False
2019-05-25 17:13:18,464 - INFO - allennlp.common.from_params - instantiating class <class 'allennlp.data.dataset_readers.dataset_reader.DatasetReader'> from params {'token_indexers': {'token_characters': {'type': 'characters'}}, 'type': 'custom-dataset-reader'} and extras set()
2019-05-25 17:13:18,465 - INFO - allennlp.common.params - dataset_reader.type = custom-dataset-reader
2019-05-25 17:13:18,465 - INFO - allennlp.common.from_params - instantiating class <class 'layers.utils.data_reader.CustomDataReader'> from params {'token_indexers': {'token_characters': {'type': 'characters'}}} and extras set()
2019-05-25 17:13:18,465 - INFO - allennlp.common.from_params - instantiating class <class 'allennlp.data.token_indexers.token_indexer.TokenIndexer'> from params {'type': 'characters'} and extras set()
2019-05-25 17:13:18,471 - INFO - allennlp.common.params - dataset_reader.token_indexers.token_characters.type = characters
2019-05-25 17:13:18,472 - INFO - allennlp.common.from_params - instantiating class <class 'allennlp.data.token_indexers.token_characters_indexer.TokenCharactersIndexer'> from params {} and extras set()
2019-05-25 17:13:18,472 - INFO - allennlp.common.params - dataset_reader.token_indexers.token_characters.namespace = token_characters
2019-05-25 17:13:18,472 - INFO - allennlp.common.params - dataset_reader.token_indexers.token_characters.start_tokens = None
2019-05-25 17:13:18,472 - INFO - allennlp.common.params - dataset_reader.token_indexers.token_characters.end_tokens = None
2019-05-25 17:13:18,473 - INFO - allennlp.common.params - dataset_reader.token_indexers.token_characters.min_padding_length = 0
2019-05-25 17:13:18,473 - INFO - allennlp.common.params - validation_dataset_reader = None
2019-05-25 17:13:18,473 - INFO - allennlp.common.params - train_data_path = temp/datasets/exists_ru/exists_ru_train.xlsx
2019-05-25 17:13:18,473 - INFO - allennlp.training.util - Reading training data from temp/datasets/exists_ru/exists_ru_train.xlsx
2019-05-25 17:13:18,474 - INFO - allennlp.common.params - validation_data_path = temp/datasets/exists_ru/exists_ru_test.xlsx
2019-05-25 17:13:18,474 - INFO - allennlp.training.util - Reading validation data from temp/datasets/exists_ru/exists_ru_test.xlsx
2019-05-25 17:13:18,474 - INFO - allennlp.common.params - test_data_path = None
2019-05-25 17:13:18,474 - INFO - allennlp.training.trainer - From dataset instances, train, validation will be considered for vocabulary creation.
2019-05-25 17:13:18,474 - INFO - allennlp.common.params - vocabulary.type = None
2019-05-25 17:13:18,474 - INFO - allennlp.common.params - vocabulary.extend = False
2019-05-25 17:13:18,474 - INFO - allennlp.common.params - vocabulary.directory_path = temp/datasets/exists_ru/simple_lstm_characters_only/vocabulary
2019-05-25 17:13:18,474 - INFO - allennlp.data.vocabulary - Loading Vocab from files instead of dataset.
2019-05-25 17:13:18,475 - INFO - allennlp.data.vocabulary - Loading token dictionary from temp/datasets/exists_ru/simple_lstm_characters_only/vocabulary.
2019-05-25 17:13:18,475 - INFO - allennlp.common.from_params - instantiating class <class 'allennlp.models.model.Model'> from params {'encoder': {'feedforward': {'activations': 'linear', 'hidden_dims': [50, 50, 50], 'input_dim': 40, 'num_layers': 3}, 'type': 'feedforward'}, 'text_field_embedder': {'token_characters': {'embedding': {'embedding_dim': 10}, 'encoder': {'hidden_size': 40, 'input_size': 10, 'type': 'lstm'}, 'type': 'character_encoding'}}, 'type': 'simple_tagger_f1'} and extras {'vocab'}
2019-05-25 17:13:18,475 - INFO - allennlp.common.params - model.type = simple_tagger_f1
2019-05-25 17:13:18,476 - INFO - allennlp.common.from_params - instantiating class <class 'layers.taggers.simple_tagger_f1.SimpleTaggerF1'> from params {'encoder': {'feedforward': {'activations': 'linear', 'hidden_dims': [50, 50, 50], 'input_dim': 40, 'num_layers': 3}, 'type': 'feedforward'}, 'text_field_embedder': {'token_characters': {'embedding': {'embedding_dim': 10}, 'encoder': {'hidden_size': 40, 'input_size': 10, 'type': 'lstm'}, 'type': 'character_encoding'}}} and extras {'vocab'}
2019-05-25 17:13:18,476 - INFO - allennlp.common.from_params - instantiating class <class 'allennlp.modules.text_field_embedders.text_field_embedder.TextFieldEmbedder'> from params {'token_characters': {'embedding': {'embedding_dim': 10}, 'encoder': {'hidden_size': 40, 'input_size': 10, 'type': 'lstm'}, 'type': 'character_encoding'}} and extras {'vocab'}
2019-05-25 17:13:18,476 - INFO - allennlp.common.params - model.text_field_embedder.type = basic
2019-05-25 17:13:18,476 - INFO - allennlp.common.params - model.text_field_embedder.embedder_to_indexer_map = None
2019-05-25 17:13:18,476 - INFO - allennlp.common.params - model.text_field_embedder.allow_unmatched_keys = False
2019-05-25 17:13:18,476 - INFO - allennlp.common.params - model.text_field_embedder.token_embedders = None
2019-05-25 17:13:18,477 - INFO - allennlp.common.from_params - instantiating class <class 'allennlp.modules.token_embedders.token_embedder.TokenEmbedder'> from params {'embedding': {'embedding_dim': 10}, 'encoder': {'hidden_size': 40, 'input_size': 10, 'type': 'lstm'}, 'type': 'character_encoding'} and extras {'vocab'}
2019-05-25 17:13:18,477 - INFO - allennlp.common.params - model.text_field_embedder.token_characters.type = character_encoding
2019-05-25 17:13:18,477 - INFO - allennlp.common.params - model.text_field_embedder.token_characters.embedding.num_embeddings = None
2019-05-25 17:13:18,477 - INFO - allennlp.common.params - model.text_field_embedder.token_characters.embedding.vocab_namespace = token_characters
2019-05-25 17:13:18,477 - INFO - allennlp.common.params - model.text_field_embedder.token_characters.embedding.embedding_dim = 10
2019-05-25 17:13:18,477 - INFO - allennlp.common.params - model.text_field_embedder.token_characters.embedding.pretrained_file = None
2019-05-25 17:13:18,477 - INFO - allennlp.common.params - model.text_field_embedder.token_characters.embedding.projection_dim = None
2019-05-25 17:13:18,477 - INFO - allennlp.common.params - model.text_field_embedder.token_characters.embedding.trainable = True
2019-05-25 17:13:18,477 - INFO - allennlp.common.params - model.text_field_embedder.token_characters.embedding.padding_index = None
2019-05-25 17:13:18,478 - INFO - allennlp.common.params - model.text_field_embedder.token_characters.embedding.max_norm = None
2019-05-25 17:13:18,478 - INFO - allennlp.common.params - model.text_field_embedder.token_characters.embedding.norm_type = 2.0
2019-05-25 17:13:18,478 - INFO - allennlp.common.params - model.text_field_embedder.token_characters.embedding.scale_grad_by_freq = False
2019-05-25 17:13:18,478 - INFO - allennlp.common.params - model.text_field_embedder.token_characters.embedding.sparse = False
2019-05-25 17:13:18,478 - INFO - allennlp.common.from_params - instantiating class <class 'allennlp.modules.seq2vec_encoders.seq2vec_encoder.Seq2VecEncoder'> from params {'hidden_size': 40, 'input_size': 10, 'type': 'lstm'} and extras set()
2019-05-25 17:13:18,479 - INFO - allennlp.common.params - model.text_field_embedder.token_characters.encoder.type = lstm
2019-05-25 17:13:18,479 - INFO - allennlp.common.params - model.text_field_embedder.token_characters.encoder.batch_first = True
2019-05-25 17:13:18,479 - INFO - allennlp.common.params - Converting Params object to dict; logging of default values will not occur when dictionary parameters are used subsequently.
2019-05-25 17:13:18,479 - INFO - allennlp.common.params - CURRENTLY DEFINED PARAMETERS: 
2019-05-25 17:13:18,479 - INFO - allennlp.common.params - model.text_field_embedder.token_characters.encoder.hidden_size = 40
2019-05-25 17:13:18,479 - INFO - allennlp.common.params - model.text_field_embedder.token_characters.encoder.input_size = 10
2019-05-25 17:13:18,479 - INFO - allennlp.common.params - model.text_field_embedder.token_characters.encoder.batch_first = True
2019-05-25 17:13:18,479 - INFO - allennlp.common.params - model.text_field_embedder.token_characters.dropout = 0.0
2019-05-25 17:13:18,480 - INFO - allennlp.common.from_params - instantiating class <class 'allennlp.modules.seq2seq_encoders.seq2seq_encoder.Seq2SeqEncoder'> from params {'feedforward': {'activations': 'linear', 'hidden_dims': [50, 50, 50], 'input_dim': 40, 'num_layers': 3}, 'type': 'feedforward'} and extras {'vocab'}
2019-05-25 17:13:18,480 - INFO - allennlp.common.params - model.encoder.type = feedforward
2019-05-25 17:13:18,480 - INFO - allennlp.common.from_params - instantiating class <class 'allennlp.modules.seq2seq_encoders.feedforward_encoder.FeedForwardEncoder'> from params {'feedforward': {'activations': 'linear', 'hidden_dims': [50, 50, 50], 'input_dim': 40, 'num_layers': 3}} and extras {'vocab'}
2019-05-25 17:13:18,480 - INFO - allennlp.common.params - model.encoder.feedforward.input_dim = 40
2019-05-25 17:13:18,480 - INFO - allennlp.common.params - model.encoder.feedforward.num_layers = 3
2019-05-25 17:13:18,480 - INFO - allennlp.common.params - model.encoder.feedforward.hidden_dims = [50, 50, 50]
2019-05-25 17:13:18,480 - INFO - allennlp.common.params - model.encoder.feedforward.activations = linear
2019-05-25 17:13:18,481 - INFO - allennlp.common.params - model.encoder.feedforward.dropout = 0.0
2019-05-25 17:13:18,481 - INFO - allennlp.common.params - model.verbose_metrics = False
2019-05-25 17:13:18,482 - INFO - allennlp.nn.initializers - Initializing parameters
2019-05-25 17:13:18,482 - INFO - allennlp.nn.initializers - Done initializing parameters; the following parameters are using their default initialization from their code
2019-05-25 17:13:18,482 - INFO - allennlp.nn.initializers -    encoder._feedforward._linear_layers.0.bias
2019-05-25 17:13:18,482 - INFO - allennlp.nn.initializers -    encoder._feedforward._linear_layers.0.weight
2019-05-25 17:13:18,482 - INFO - allennlp.nn.initializers -    encoder._feedforward._linear_layers.1.bias
2019-05-25 17:13:18,482 - INFO - allennlp.nn.initializers -    encoder._feedforward._linear_layers.1.weight
2019-05-25 17:13:18,482 - INFO - allennlp.nn.initializers -    encoder._feedforward._linear_layers.2.bias
2019-05-25 17:13:18,482 - INFO - allennlp.nn.initializers -    encoder._feedforward._linear_layers.2.weight
2019-05-25 17:13:18,482 - INFO - allennlp.nn.initializers -    tag_projection_layer._module.bias
2019-05-25 17:13:18,483 - INFO - allennlp.nn.initializers -    tag_projection_layer._module.weight
2019-05-25 17:13:18,483 - INFO - allennlp.nn.initializers -    text_field_embedder.token_embedder_token_characters._embedding._module.weight
2019-05-25 17:13:18,483 - INFO - allennlp.nn.initializers -    text_field_embedder.token_embedder_token_characters._encoder._module._module.bias_hh_l0
2019-05-25 17:13:18,483 - INFO - allennlp.nn.initializers -    text_field_embedder.token_embedder_token_characters._encoder._module._module.bias_ih_l0
2019-05-25 17:13:18,483 - INFO - allennlp.nn.initializers -    text_field_embedder.token_embedder_token_characters._encoder._module._module.weight_hh_l0
2019-05-25 17:13:18,483 - INFO - allennlp.nn.initializers -    text_field_embedder.token_embedder_token_characters._encoder._module._module.weight_ih_l0
2019-05-25 17:13:18,484 - INFO - allennlp.common.from_params - instantiating class <class 'allennlp.data.iterators.data_iterator.DataIterator'> from params {'batch_size': 100, 'type': 'basic'} and extras set()
2019-05-25 17:13:18,484 - INFO - allennlp.common.params - iterator.type = basic
2019-05-25 17:13:18,484 - INFO - allennlp.common.from_params - instantiating class <class 'allennlp.data.iterators.basic_iterator.BasicIterator'> from params {'batch_size': 100} and extras set()
2019-05-25 17:13:18,484 - INFO - allennlp.common.params - iterator.batch_size = 100
2019-05-25 17:13:18,484 - INFO - allennlp.common.params - iterator.instances_per_epoch = None
2019-05-25 17:13:18,484 - INFO - allennlp.common.params - iterator.max_instances_in_memory = None
2019-05-25 17:13:18,484 - INFO - allennlp.common.params - iterator.cache_instances = False
2019-05-25 17:13:18,484 - INFO - allennlp.common.params - iterator.track_epoch = False
2019-05-25 17:13:18,485 - INFO - allennlp.common.params - iterator.maximum_samples_per_batch = None
2019-05-25 17:13:18,485 - INFO - allennlp.common.params - validation_iterator = None
2019-05-25 17:13:18,485 - INFO - allennlp.common.params - trainer.no_grad = ()
2019-05-25 17:13:18,485 - INFO - allennlp.training.trainer - Following parameters are Frozen  (without gradient):
2019-05-25 17:13:18,485 - INFO - allennlp.training.trainer - Following parameters are Tunable (with gradient):
2019-05-25 17:13:18,485 - INFO - allennlp.training.trainer - text_field_embedder.token_embedder_token_characters._embedding._module.weight
2019-05-25 17:13:18,485 - INFO - allennlp.training.trainer - text_field_embedder.token_embedder_token_characters._encoder._module._module.weight_ih_l0
2019-05-25 17:13:18,485 - INFO - allennlp.training.trainer - text_field_embedder.token_embedder_token_characters._encoder._module._module.weight_hh_l0
2019-05-25 17:13:18,485 - INFO - allennlp.training.trainer - text_field_embedder.token_embedder_token_characters._encoder._module._module.bias_ih_l0
2019-05-25 17:13:18,485 - INFO - allennlp.training.trainer - text_field_embedder.token_embedder_token_characters._encoder._module._module.bias_hh_l0
2019-05-25 17:13:18,485 - INFO - allennlp.training.trainer - encoder._feedforward._linear_layers.0.weight
2019-05-25 17:13:18,485 - INFO - allennlp.training.trainer - encoder._feedforward._linear_layers.0.bias
2019-05-25 17:13:18,485 - INFO - allennlp.training.trainer - encoder._feedforward._linear_layers.1.weight
2019-05-25 17:13:18,485 - INFO - allennlp.training.trainer - encoder._feedforward._linear_layers.1.bias
2019-05-25 17:13:18,485 - INFO - allennlp.training.trainer - encoder._feedforward._linear_layers.2.weight
2019-05-25 17:13:18,486 - INFO - allennlp.training.trainer - encoder._feedforward._linear_layers.2.bias
2019-05-25 17:13:18,486 - INFO - allennlp.training.trainer - tag_projection_layer._module.weight
2019-05-25 17:13:18,486 - INFO - allennlp.training.trainer - tag_projection_layer._module.bias
2019-05-25 17:13:18,486 - INFO - allennlp.common.params - trainer.patience = 10
2019-05-25 17:13:18,486 - INFO - allennlp.common.params - trainer.validation_metric = -loss
2019-05-25 17:13:18,486 - INFO - allennlp.common.params - trainer.shuffle = True
2019-05-25 17:13:18,486 - INFO - allennlp.common.params - trainer.num_epochs = 100
2019-05-25 17:13:18,486 - INFO - allennlp.common.params - trainer.cuda_device = -1
2019-05-25 17:13:18,486 - INFO - allennlp.common.params - trainer.grad_norm = None
2019-05-25 17:13:18,486 - INFO - allennlp.common.params - trainer.grad_clipping = None
2019-05-25 17:13:18,486 - INFO - allennlp.common.params - trainer.learning_rate_scheduler = None
2019-05-25 17:13:18,486 - INFO - allennlp.common.params - trainer.momentum_scheduler = None
2019-05-25 17:13:18,486 - INFO - allennlp.common.params - trainer.optimizer.type = adam
2019-05-25 17:13:18,486 - INFO - allennlp.common.params - trainer.optimizer.parameter_groups = None
2019-05-25 17:13:18,487 - INFO - allennlp.training.optimizers - Number of trainable parameters: 17289
2019-05-25 17:13:18,487 - INFO - allennlp.common.params - trainer.optimizer.infer_type_and_cast = True
2019-05-25 17:13:18,487 - INFO - allennlp.common.params - Converting Params object to dict; logging of default values will not occur when dictionary parameters are used subsequently.
2019-05-25 17:13:18,487 - INFO - allennlp.common.params - CURRENTLY DEFINED PARAMETERS: 
2019-05-25 17:13:18,487 - INFO - allennlp.common.params - trainer.optimizer.lr = 0.1
2019-05-25 17:13:18,487 - INFO - allennlp.common.params - trainer.num_serialized_models_to_keep = 20
2019-05-25 17:13:18,487 - INFO - allennlp.common.params - trainer.keep_serialized_model_every_num_seconds = None
2019-05-25 17:13:18,487 - INFO - allennlp.common.params - trainer.model_save_interval = None
2019-05-25 17:13:18,487 - INFO - allennlp.common.params - trainer.summary_interval = 100
2019-05-25 17:13:18,487 - INFO - allennlp.common.params - trainer.histogram_interval = None
2019-05-25 17:13:18,487 - INFO - allennlp.common.params - trainer.should_log_parameter_statistics = True
2019-05-25 17:13:18,487 - INFO - allennlp.common.params - trainer.should_log_learning_rate = False
2019-05-25 17:13:18,487 - INFO - allennlp.common.params - trainer.log_batch_size_period = None
2019-05-25 17:13:18,489 - INFO - allennlp.training.trainer - Beginning training.
2019-05-25 17:13:18,489 - INFO - allennlp.training.trainer - Epoch 0/99
2019-05-25 17:13:18,489 - INFO - allennlp.training.trainer - Peak CPU memory usage MB: 224.206848
2019-05-25 17:13:18,495 - INFO - allennlp.training.trainer - Training
2019-05-25 17:14:00,150 - INFO - allennlp.training.trainer - Validating
2019-05-25 17:14:04,023 - INFO - allennlp.training.tensorboard_writer -                   Training |  Validation
2019-05-25 17:14:04,023 - INFO - allennlp.training.tensorboard_writer - loss          |    25.861  |    23.107
2019-05-25 17:14:04,024 - INFO - allennlp.training.tensorboard_writer - cpu_memory_MB |   224.207  |       N/A
2019-05-25 17:14:04,024 - INFO - allennlp.training.tensorboard_writer - accuracy      |     0.343  |     0.349
2019-05-25 17:14:04,024 - INFO - allennlp.training.tensorboard_writer - accuracy3     |     0.614  |     0.501
2019-05-25 17:14:04,025 - INFO - allennlp.training.tensorboard_writer - f1_macro      |     0.146  |     0.003
2019-05-25 17:14:04,027 - INFO - allennlp.training.checkpointer - Best validation performance so far. Copying weights to 'output/models/simple_lstm_characters_only/exists_ru/best.th'.
2019-05-25 17:14:04,028 - INFO - allennlp.training.trainer - Epoch duration: 00:00:45
2019-05-25 17:14:04,028 - INFO - allennlp.training.trainer - Estimated training time remaining: 1:15:08
2019-05-25 17:14:04,028 - INFO - allennlp.training.trainer - Epoch 1/99
2019-05-25 17:14:04,028 - INFO - allennlp.training.trainer - Peak CPU memory usage MB: 329.531392
2019-05-25 17:14:04,034 - INFO - allennlp.training.trainer - Training
2019-05-25 17:14:47,427 - INFO - allennlp.training.trainer - Validating
2019-05-25 17:14:51,424 - INFO - allennlp.training.tensorboard_writer -                   Training |  Validation
2019-05-25 17:14:51,425 - INFO - allennlp.training.tensorboard_writer - loss          |     2.925  |     5.007
2019-05-25 17:14:51,425 - INFO - allennlp.training.tensorboard_writer - cpu_memory_MB |   329.531  |       N/A
2019-05-25 17:14:51,425 - INFO - allennlp.training.tensorboard_writer - accuracy      |     0.425  |     0.350
2019-05-25 17:14:51,426 - INFO - allennlp.training.tensorboard_writer - accuracy3     |     0.693  |     0.503
2019-05-25 17:14:51,426 - INFO - allennlp.training.tensorboard_writer - f1_macro      |     0.102  |     0.007
2019-05-25 17:14:51,428 - INFO - allennlp.training.checkpointer - Best validation performance so far. Copying weights to 'output/models/simple_lstm_characters_only/exists_ru/best.th'.
2019-05-25 17:14:51,429 - INFO - allennlp.training.trainer - Epoch duration: 00:00:47
2019-05-25 17:14:51,429 - INFO - allennlp.training.trainer - Estimated training time remaining: 1:15:54
2019-05-25 17:14:51,429 - INFO - allennlp.training.trainer - Epoch 2/99
2019-05-25 17:14:51,429 - INFO - allennlp.training.trainer - Peak CPU memory usage MB: 332.709888
2019-05-25 17:14:51,436 - INFO - allennlp.training.trainer - Training
2019-05-25 17:15:37,373 - INFO - allennlp.training.trainer - Validating
2019-05-25 17:15:41,686 - INFO - allennlp.training.tensorboard_writer -                   Training |  Validation
2019-05-25 17:15:41,686 - INFO - allennlp.training.tensorboard_writer - loss          |     1.920  |     5.122
2019-05-25 17:15:41,686 - INFO - allennlp.training.tensorboard_writer - cpu_memory_MB |   332.710  |       N/A
2019-05-25 17:15:41,687 - INFO - allennlp.training.tensorboard_writer - accuracy      |     0.434  |     0.350
2019-05-25 17:15:41,687 - INFO - allennlp.training.tensorboard_writer - accuracy3     |     0.726  |     0.505
2019-05-25 17:15:41,687 - INFO - allennlp.training.tensorboard_writer - f1_macro      |     0.086  |     0.007
2019-05-25 17:15:41,690 - INFO - allennlp.training.trainer - Epoch duration: 00:00:50
2019-05-25 17:15:41,690 - INFO - allennlp.training.trainer - Estimated training time remaining: 1:17:10
2019-05-25 17:15:41,690 - INFO - allennlp.training.trainer - Epoch 3/99
2019-05-25 17:15:41,690 - INFO - allennlp.training.trainer - Peak CPU memory usage MB: 334.942208
2019-05-25 17:15:41,697 - INFO - allennlp.training.trainer - Training
2019-05-25 17:16:27,289 - INFO - allennlp.training.trainer - Validating
2019-05-25 17:16:31,559 - INFO - allennlp.training.tensorboard_writer -                   Training |  Validation
2019-05-25 17:16:31,559 - INFO - allennlp.training.tensorboard_writer - loss          |     1.725  |     4.612
2019-05-25 17:16:31,560 - INFO - allennlp.training.tensorboard_writer - cpu_memory_MB |   334.942  |       N/A
2019-05-25 17:16:31,560 - INFO - allennlp.training.tensorboard_writer - accuracy      |     0.478  |     0.373
2019-05-25 17:16:31,560 - INFO - allennlp.training.tensorboard_writer - accuracy3     |     0.756  |     0.516
2019-05-25 17:16:31,561 - INFO - allennlp.training.tensorboard_writer - f1_macro      |     0.119  |     0.023
2019-05-25 17:16:31,563 - INFO - allennlp.training.checkpointer - Best validation performance so far. Copying weights to 'output/models/simple_lstm_characters_only/exists_ru/best.th'.
2019-05-25 17:16:31,564 - INFO - allennlp.training.trainer - Epoch duration: 00:00:49
2019-05-25 17:16:31,574 - INFO - allennlp.training.trainer - Estimated training time remaining: 1:17:14
2019-05-25 17:16:31,574 - INFO - allennlp.training.trainer - Epoch 4/99
2019-05-25 17:16:31,574 - INFO - allennlp.training.trainer - Peak CPU memory usage MB: 337.08032
2019-05-25 17:16:31,582 - INFO - allennlp.training.trainer - Training
2019-05-25 17:17:16,863 - INFO - allennlp.training.trainer - Validating
2019-05-25 17:17:21,172 - INFO - allennlp.training.tensorboard_writer -                   Training |  Validation
2019-05-25 17:17:21,172 - INFO - allennlp.training.tensorboard_writer - loss          |     1.950  |     4.851
2019-05-25 17:17:21,172 - INFO - allennlp.training.tensorboard_writer - cpu_memory_MB |   337.080  |       N/A
2019-05-25 17:17:21,173 - INFO - allennlp.training.tensorboard_writer - accuracy      |     0.371  |     0.350
2019-05-25 17:17:21,173 - INFO - allennlp.training.tensorboard_writer - accuracy3     |     0.681  |     0.488
2019-05-25 17:17:21,173 - INFO - allennlp.training.tensorboard_writer - f1_macro      |     0.056  |     0.007
2019-05-25 17:17:21,176 - INFO - allennlp.training.trainer - Epoch duration: 00:00:49
2019-05-25 17:17:21,176 - INFO - allennlp.training.trainer - Estimated training time remaining: 1:16:51
2019-05-25 17:17:21,176 - INFO - allennlp.training.trainer - Epoch 5/99
2019-05-25 17:17:21,176 - INFO - allennlp.training.trainer - Peak CPU memory usage MB: 337.08032
2019-05-25 17:17:21,183 - INFO - allennlp.training.trainer - Training
2019-05-25 17:18:06,968 - INFO - allennlp.training.trainer - Validating
2019-05-25 17:18:11,227 - INFO - allennlp.training.tensorboard_writer -                   Training |  Validation
2019-05-25 17:18:11,227 - INFO - allennlp.training.tensorboard_writer - loss          |     1.919  |     4.140
2019-05-25 17:18:11,227 - INFO - allennlp.training.tensorboard_writer - cpu_memory_MB |   337.080  |       N/A
2019-05-25 17:18:11,228 - INFO - allennlp.training.tensorboard_writer - accuracy      |     0.412  |     0.349
2019-05-25 17:18:11,228 - INFO - allennlp.training.tensorboard_writer - accuracy3     |     0.698  |     0.505
2019-05-25 17:18:11,228 - INFO - allennlp.training.tensorboard_writer - f1_macro      |     0.073  |     0.003
2019-05-25 17:18:11,231 - INFO - allennlp.training.checkpointer - Best validation performance so far. Copying weights to 'output/models/simple_lstm_characters_only/exists_ru/best.th'.
2019-05-25 17:18:11,231 - INFO - allennlp.training.trainer - Epoch duration: 00:00:50
2019-05-25 17:18:11,232 - INFO - allennlp.training.trainer - Estimated training time remaining: 1:16:26
2019-05-25 17:18:11,232 - INFO - allennlp.training.trainer - Epoch 6/99
2019-05-25 17:18:11,232 - INFO - allennlp.training.trainer - Peak CPU memory usage MB: 337.08032
2019-05-25 17:18:11,239 - INFO - allennlp.training.trainer - Training
2019-05-25 17:18:56,570 - INFO - allennlp.training.trainer - Validating
2019-05-25 17:19:00,876 - INFO - allennlp.training.tensorboard_writer -                   Training |  Validation
2019-05-25 17:19:00,876 - INFO - allennlp.training.tensorboard_writer - loss          |     1.844  |     4.827
2019-05-25 17:19:00,877 - INFO - allennlp.training.tensorboard_writer - cpu_memory_MB |   337.080  |       N/A
2019-05-25 17:19:00,877 - INFO - allennlp.training.tensorboard_writer - accuracy      |     0.425  |     0.349
2019-05-25 17:19:00,877 - INFO - allennlp.training.tensorboard_writer - accuracy3     |     0.706  |     0.492
2019-05-25 17:19:00,878 - INFO - allennlp.training.tensorboard_writer - f1_macro      |     0.130  |     0.003
2019-05-25 17:19:00,881 - INFO - allennlp.training.trainer - Epoch duration: 00:00:49
2019-05-25 17:19:00,881 - INFO - allennlp.training.trainer - Estimated training time remaining: 1:15:48
2019-05-25 17:19:00,881 - INFO - allennlp.training.trainer - Epoch 7/99
2019-05-25 17:19:00,881 - INFO - allennlp.training.trainer - Peak CPU memory usage MB: 337.723392
2019-05-25 17:19:00,888 - INFO - allennlp.training.trainer - Training
2019-05-25 17:19:46,559 - INFO - allennlp.training.trainer - Validating
2019-05-25 17:19:50,731 - INFO - allennlp.training.tensorboard_writer -                   Training |  Validation
2019-05-25 17:19:50,731 - INFO - allennlp.training.tensorboard_writer - loss          |     1.970  |     3.848
2019-05-25 17:19:50,732 - INFO - allennlp.training.tensorboard_writer - cpu_memory_MB |   337.723  |       N/A
2019-05-25 17:19:50,732 - INFO - allennlp.training.tensorboard_writer - accuracy      |     0.371  |     0.349
2019-05-25 17:19:50,732 - INFO - allennlp.training.tensorboard_writer - accuracy3     |     0.676  |     0.505
2019-05-25 17:19:50,733 - INFO - allennlp.training.tensorboard_writer - f1_macro      |     0.053  |     0.003
2019-05-25 17:19:50,735 - INFO - allennlp.training.checkpointer - Best validation performance so far. Copying weights to 'output/models/simple_lstm_characters_only/exists_ru/best.th'.
2019-05-25 17:19:50,736 - INFO - allennlp.training.trainer - Epoch duration: 00:00:49
2019-05-25 17:19:50,736 - INFO - allennlp.training.trainer - Estimated training time remaining: 1:15:10
2019-05-25 17:19:50,736 - INFO - allennlp.training.trainer - Epoch 8/99
2019-05-25 17:19:50,736 - INFO - allennlp.training.trainer - Peak CPU memory usage MB: 337.723392
2019-05-25 17:19:50,743 - INFO - allennlp.training.trainer - Training
2019-05-25 17:20:35,764 - INFO - allennlp.training.trainer - Validating
2019-05-25 17:20:39,586 - INFO - allennlp.training.tensorboard_writer -                   Training |  Validation
2019-05-25 17:20:39,587 - INFO - allennlp.training.tensorboard_writer - loss          |     1.595  |     3.266
2019-05-25 17:20:39,587 - INFO - allennlp.training.tensorboard_writer - cpu_memory_MB |   337.723  |       N/A
2019-05-25 17:20:39,587 - INFO - allennlp.training.tensorboard_writer - accuracy      |     0.500  |     0.398
2019-05-25 17:20:39,588 - INFO - allennlp.training.tensorboard_writer - accuracy3     |     0.786  |     0.614
2019-05-25 17:20:39,588 - INFO - allennlp.training.tensorboard_writer - f1_macro      |     0.155  |     0.026
2019-05-25 17:20:39,590 - INFO - allennlp.training.checkpointer - Best validation performance so far. Copying weights to 'output/models/simple_lstm_characters_only/exists_ru/best.th'.
2019-05-25 17:20:39,591 - INFO - allennlp.training.trainer - Epoch duration: 00:00:48
2019-05-25 17:20:39,591 - INFO - allennlp.training.trainer - Estimated training time remaining: 1:14:20
2019-05-25 17:20:39,591 - INFO - allennlp.training.trainer - Epoch 9/99
2019-05-25 17:20:39,591 - INFO - allennlp.training.trainer - Peak CPU memory usage MB: 340.639744
2019-05-25 17:20:39,597 - INFO - allennlp.training.trainer - Training
2019-05-25 17:21:24,914 - INFO - allennlp.training.trainer - Validating
2019-05-25 17:21:29,594 - INFO - allennlp.training.tensorboard_writer -                   Training |  Validation
2019-05-25 17:21:29,594 - INFO - allennlp.training.tensorboard_writer - loss          |  1375.801  |  25714.700
2019-05-25 17:21:29,595 - INFO - allennlp.training.tensorboard_writer - cpu_memory_MB |   340.640  |       N/A
2019-05-25 17:21:29,595 - INFO - allennlp.training.tensorboard_writer - accuracy      |     0.264  |     0.352
2019-05-25 17:21:29,595 - INFO - allennlp.training.tensorboard_writer - accuracy3     |     0.500  |     0.498
2019-05-25 17:21:29,596 - INFO - allennlp.training.tensorboard_writer - f1_macro      |     0.100  |     0.005
2019-05-25 17:21:29,598 - INFO - allennlp.training.trainer - Epoch duration: 00:00:50
2019-05-25 17:21:29,598 - INFO - allennlp.training.trainer - Estimated training time remaining: 1:13:39
2019-05-25 17:21:29,599 - INFO - allennlp.training.trainer - Epoch 10/99
2019-05-25 17:21:29,599 - INFO - allennlp.training.trainer - Peak CPU memory usage MB: 340.639744
2019-05-25 17:21:29,606 - INFO - allennlp.training.trainer - Training
2019-05-25 17:22:17,855 - INFO - allennlp.training.trainer - Validating
2019-05-25 17:22:22,574 - INFO - allennlp.training.tensorboard_writer -                   Training |  Validation
2019-05-25 17:22:22,574 - INFO - allennlp.training.tensorboard_writer - loss          |  10319.727  |  20282.471
2019-05-25 17:22:22,575 - INFO - allennlp.training.tensorboard_writer - cpu_memory_MB |   340.640  |       N/A
2019-05-25 17:22:22,575 - INFO - allennlp.training.tensorboard_writer - accuracy      |     0.302  |     0.150
2019-05-25 17:22:22,575 - INFO - allennlp.training.tensorboard_writer - accuracy3     |     0.514  |     0.252
2019-05-25 17:22:22,576 - INFO - allennlp.training.tensorboard_writer - f1_macro      |     0.089  |     0.004
2019-05-25 17:22:22,579 - INFO - allennlp.training.trainer - Epoch duration: 00:00:52
2019-05-25 17:22:22,579 - INFO - allennlp.training.trainer - Estimated training time remaining: 1:13:22
2019-05-25 17:22:22,579 - INFO - allennlp.training.trainer - Epoch 11/99
2019-05-25 17:22:22,579 - INFO - allennlp.training.trainer - Peak CPU memory usage MB: 341.028864
2019-05-25 17:22:22,587 - INFO - allennlp.training.trainer - Training
2019-05-25 17:23:06,800 - INFO - allennlp.training.trainer - Validating
2019-05-25 17:23:10,968 - INFO - allennlp.training.tensorboard_writer -                   Training |  Validation
2019-05-25 17:23:10,968 - INFO - allennlp.training.tensorboard_writer - loss          |  3412.475  |  2501.203
2019-05-25 17:23:10,968 - INFO - allennlp.training.tensorboard_writer - cpu_memory_MB |   341.029  |       N/A
2019-05-25 17:23:10,969 - INFO - allennlp.training.tensorboard_writer - accuracy      |     0.267  |     0.331
2019-05-25 17:23:10,969 - INFO - allennlp.training.tensorboard_writer - accuracy3     |     0.481  |     0.448
2019-05-25 17:23:10,969 - INFO - allennlp.training.tensorboard_writer - f1_macro      |     0.073  |     0.004
2019-05-25 17:23:10,972 - INFO - allennlp.training.trainer - Epoch duration: 00:00:48
2019-05-25 17:23:10,972 - INFO - allennlp.training.trainer - Estimated training time remaining: 1:12:24
2019-05-25 17:23:10,972 - INFO - allennlp.training.trainer - Epoch 12/99
2019-05-25 17:23:10,980 - INFO - allennlp.training.trainer - Peak CPU memory usage MB: 341.393408
2019-05-25 17:23:10,987 - INFO - allennlp.training.trainer - Training
2019-05-25 17:23:57,828 - INFO - allennlp.training.trainer - Validating
2019-05-25 17:24:02,004 - INFO - allennlp.training.tensorboard_writer -                   Training |  Validation
2019-05-25 17:24:02,004 - INFO - allennlp.training.tensorboard_writer - loss          |  2197.904  |  1714.554
2019-05-25 17:24:02,005 - INFO - allennlp.training.tensorboard_writer - cpu_memory_MB |   341.393  |       N/A
2019-05-25 17:24:02,005 - INFO - allennlp.training.tensorboard_writer - accuracy      |     0.267  |     0.349
2019-05-25 17:24:02,005 - INFO - allennlp.training.tensorboard_writer - accuracy3     |     0.469  |     0.527
2019-05-25 17:24:02,006 - INFO - allennlp.training.tensorboard_writer - f1_macro      |     0.076  |     0.005
2019-05-25 17:24:02,008 - INFO - allennlp.training.trainer - Epoch duration: 00:00:51
2019-05-25 17:24:02,008 - INFO - allennlp.training.trainer - Estimated training time remaining: 1:11:46
2019-05-25 17:24:02,008 - INFO - allennlp.training.trainer - Epoch 13/99
2019-05-25 17:24:02,031 - INFO - allennlp.training.trainer - Peak CPU memory usage MB: 341.393408
2019-05-25 17:24:02,037 - INFO - allennlp.training.trainer - Training
2019-05-25 17:24:48,817 - INFO - allennlp.training.trainer - Validating
2019-05-25 17:24:52,983 - INFO - allennlp.training.tensorboard_writer -                   Training |  Validation
2019-05-25 17:24:52,984 - INFO - allennlp.training.tensorboard_writer - loss          |  1633.669  |   717.901
2019-05-25 17:24:52,984 - INFO - allennlp.training.tensorboard_writer - cpu_memory_MB |   341.393  |       N/A
2019-05-25 17:24:52,984 - INFO - allennlp.training.tensorboard_writer - accuracy      |     0.271  |     0.348
2019-05-25 17:24:52,985 - INFO - allennlp.training.tensorboard_writer - accuracy3     |     0.484  |     0.486
2019-05-25 17:24:52,985 - INFO - allennlp.training.tensorboard_writer - f1_macro      |     0.074  |     0.006
2019-05-25 17:24:52,988 - INFO - allennlp.training.trainer - Epoch duration: 00:00:50
2019-05-25 17:24:52,988 - INFO - allennlp.training.trainer - Estimated training time remaining: 1:11:06
2019-05-25 17:24:52,988 - INFO - allennlp.training.trainer - Epoch 14/99
2019-05-25 17:24:52,988 - INFO - allennlp.training.trainer - Peak CPU memory usage MB: 343.191552
2019-05-25 17:24:52,995 - INFO - allennlp.training.trainer - Training
2019-05-25 17:25:39,303 - INFO - allennlp.training.trainer - Validating
2019-05-25 17:25:43,908 - INFO - allennlp.training.tensorboard_writer -                   Training |  Validation
2019-05-25 17:25:43,908 - INFO - allennlp.training.tensorboard_writer - loss          |   399.101  |   961.073
2019-05-25 17:25:43,908 - INFO - allennlp.training.tensorboard_writer - cpu_memory_MB |   343.192  |       N/A
2019-05-25 17:25:43,909 - INFO - allennlp.training.tensorboard_writer - accuracy      |     0.277  |     0.193
2019-05-25 17:25:43,909 - INFO - allennlp.training.tensorboard_writer - accuracy3     |     0.521  |     0.299
2019-05-25 17:25:43,909 - INFO - allennlp.training.tensorboard_writer - f1_macro      |     0.083  |     0.013
2019-05-25 17:25:43,912 - INFO - allennlp.training.trainer - Epoch duration: 00:00:50
2019-05-25 17:25:43,912 - INFO - allennlp.training.trainer - Estimated training time remaining: 1:10:24
2019-05-25 17:25:43,912 - INFO - allennlp.training.trainer - Epoch 15/99
2019-05-25 17:25:43,932 - INFO - allennlp.training.trainer - Peak CPU memory usage MB: 343.191552
2019-05-25 17:25:43,939 - INFO - allennlp.training.trainer - Training
2019-05-25 17:26:29,239 - INFO - allennlp.training.trainer - Validating
2019-05-25 17:26:33,618 - INFO - allennlp.training.tensorboard_writer -                   Training |  Validation
2019-05-25 17:26:33,618 - INFO - allennlp.training.tensorboard_writer - loss          |   426.859  |   746.036
2019-05-25 17:26:33,619 - INFO - allennlp.training.tensorboard_writer - cpu_memory_MB |   343.192  |       N/A
2019-05-25 17:26:33,619 - INFO - allennlp.training.tensorboard_writer - accuracy      |     0.271  |     0.039
2019-05-25 17:26:33,619 - INFO - allennlp.training.tensorboard_writer - accuracy3     |     0.504  |     0.401
2019-05-25 17:26:33,620 - INFO - allennlp.training.tensorboard_writer - f1_macro      |     0.081  |     0.009
2019-05-25 17:26:33,622 - INFO - allennlp.training.trainer - Epoch duration: 00:00:49
2019-05-25 17:26:33,622 - INFO - allennlp.training.trainer - Estimated training time remaining: 1:09:34
2019-05-25 17:26:33,623 - INFO - allennlp.training.trainer - Epoch 16/99
2019-05-25 17:26:33,633 - INFO - allennlp.training.trainer - Peak CPU memory usage MB: 343.732224
2019-05-25 17:26:33,640 - INFO - allennlp.training.trainer - Training
2019-05-25 17:27:19,821 - INFO - allennlp.training.trainer - Validating
2019-05-25 17:27:23,878 - INFO - allennlp.training.tensorboard_writer -                   Training |  Validation
2019-05-25 17:27:23,878 - INFO - allennlp.training.tensorboard_writer - loss          |   141.233  |   150.074
2019-05-25 17:27:23,878 - INFO - allennlp.training.tensorboard_writer - cpu_memory_MB |   343.732  |       N/A
2019-05-25 17:27:23,878 - INFO - allennlp.training.tensorboard_writer - accuracy      |     0.279  |     0.196
2019-05-25 17:27:23,879 - INFO - allennlp.training.tensorboard_writer - accuracy3     |     0.535  |     0.299
2019-05-25 17:27:23,879 - INFO - allennlp.training.tensorboard_writer - f1_macro      |     0.085  |     0.015
2019-05-25 17:27:23,881 - INFO - allennlp.training.trainer - Epoch duration: 00:00:50
2019-05-25 17:27:23,882 - INFO - allennlp.training.trainer - Estimated training time remaining: 1:08:47
2019-05-25 17:27:23,882 - INFO - allennlp.training.trainer - Epoch 17/99
2019-05-25 17:27:23,884 - INFO - allennlp.training.trainer - Peak CPU memory usage MB: 344.686592
2019-05-25 17:27:23,891 - INFO - allennlp.training.trainer - Training
2019-05-25 17:28:07,746 - INFO - allennlp.training.trainer - Validating
2019-05-25 17:28:11,865 - INFO - allennlp.training.tensorboard_writer -                   Training |  Validation
2019-05-25 17:28:11,866 - INFO - allennlp.training.tensorboard_writer - loss          |   100.744  |    92.854
2019-05-25 17:28:11,866 - INFO - allennlp.training.tensorboard_writer - cpu_memory_MB |   344.687  |       N/A
2019-05-25 17:28:11,866 - INFO - allennlp.training.tensorboard_writer - accuracy      |     0.278  |     0.343
2019-05-25 17:28:11,866 - INFO - allennlp.training.tensorboard_writer - accuracy3     |     0.511  |     0.502
2019-05-25 17:28:11,867 - INFO - allennlp.training.tensorboard_writer - f1_macro      |     0.087  |     0.005
2019-05-25 17:28:11,869 - INFO - allennlp.training.trainer - Epoch duration: 00:00:47
2019-05-25 17:28:11,869 - INFO - allennlp.training.trainer - Estimated training time remaining: 1:07:49
2019-05-25 17:28:11,869 - INFO - allennlp.training.trainer - Epoch 18/99
2019-05-25 17:28:11,885 - INFO - allennlp.training.trainer - Peak CPU memory usage MB: 344.723456
2019-05-25 17:28:11,892 - INFO - allennlp.training.trainer - Training
2019-05-25 17:28:56,612 - INFO - allennlp.training.trainer - Validating
2019-05-25 17:29:00,984 - INFO - allennlp.training.trainer - Ran out of patience.  Stopping training.
2019-05-25 17:29:00,984 - INFO - allennlp.training.checkpointer - loading best weights
