2019-05-25 17:29:33,941 - INFO - allennlp.common.params - evaluate_on_test = False
2019-05-25 17:29:33,941 - INFO - allennlp.common.from_params - instantiating class <class 'allennlp.data.dataset_readers.dataset_reader.DatasetReader'> from params {'token_indexers': {'token_characters': {'type': 'characters'}}, 'type': 'custom-dataset-reader'} and extras set()
2019-05-25 17:29:33,941 - INFO - allennlp.common.params - dataset_reader.type = custom-dataset-reader
2019-05-25 17:29:33,941 - INFO - allennlp.common.from_params - instantiating class <class 'layers.utils.data_reader.CustomDataReader'> from params {'token_indexers': {'token_characters': {'type': 'characters'}}} and extras set()
2019-05-25 17:29:33,941 - INFO - allennlp.common.from_params - instantiating class <class 'allennlp.data.token_indexers.token_indexer.TokenIndexer'> from params {'type': 'characters'} and extras set()
2019-05-25 17:29:33,941 - INFO - allennlp.common.params - dataset_reader.token_indexers.token_characters.type = characters
2019-05-25 17:29:33,941 - INFO - allennlp.common.from_params - instantiating class <class 'allennlp.data.token_indexers.token_characters_indexer.TokenCharactersIndexer'> from params {} and extras set()
2019-05-25 17:29:33,942 - INFO - allennlp.common.params - dataset_reader.token_indexers.token_characters.namespace = token_characters
2019-05-25 17:29:33,942 - INFO - allennlp.common.params - dataset_reader.token_indexers.token_characters.start_tokens = None
2019-05-25 17:29:33,942 - INFO - allennlp.common.params - dataset_reader.token_indexers.token_characters.end_tokens = None
2019-05-25 17:29:33,942 - INFO - allennlp.common.params - dataset_reader.token_indexers.token_characters.min_padding_length = 0
2019-05-25 17:29:33,942 - INFO - allennlp.common.params - validation_dataset_reader = None
2019-05-25 17:29:33,942 - INFO - allennlp.common.params - train_data_path = temp/datasets/exists_ru/exists_ru_train.xlsx
2019-05-25 17:29:33,942 - INFO - allennlp.training.util - Reading training data from temp/datasets/exists_ru/exists_ru_train.xlsx
2019-05-25 17:29:33,942 - INFO - allennlp.common.params - validation_data_path = temp/datasets/exists_ru/exists_ru_test.xlsx
2019-05-25 17:29:33,942 - INFO - allennlp.training.util - Reading validation data from temp/datasets/exists_ru/exists_ru_test.xlsx
2019-05-25 17:29:33,942 - INFO - allennlp.common.params - test_data_path = None
2019-05-25 17:29:33,942 - INFO - allennlp.training.trainer - From dataset instances, validation, train will be considered for vocabulary creation.
2019-05-25 17:29:33,942 - INFO - allennlp.common.params - vocabulary.type = None
2019-05-25 17:29:33,943 - INFO - allennlp.common.params - vocabulary.extend = False
2019-05-25 17:29:33,943 - INFO - allennlp.common.params - vocabulary.directory_path = temp/datasets/exists_ru/simple_lstm_characters_only_bidir/vocabulary
2019-05-25 17:29:33,943 - INFO - allennlp.data.vocabulary - Loading Vocab from files instead of dataset.
2019-05-25 17:29:33,943 - INFO - allennlp.data.vocabulary - Loading token dictionary from temp/datasets/exists_ru/simple_lstm_characters_only_bidir/vocabulary.
2019-05-25 17:29:33,943 - INFO - allennlp.common.from_params - instantiating class <class 'allennlp.models.model.Model'> from params {'encoder': {'bidirectional': True, 'hidden_size': 50, 'input_size': 80, 'type': 'lstm'}, 'text_field_embedder': {'token_characters': {'embedding': {'embedding_dim': 10}, 'encoder': {'bidirectional': True, 'hidden_size': 40, 'input_size': 10, 'type': 'lstm'}, 'type': 'character_encoding'}}, 'type': 'simple_tagger_f1'} and extras {'vocab'}
2019-05-25 17:29:33,943 - INFO - allennlp.common.params - model.type = simple_tagger_f1
2019-05-25 17:29:33,943 - INFO - allennlp.common.from_params - instantiating class <class 'layers.taggers.simple_tagger_f1.SimpleTaggerF1'> from params {'encoder': {'bidirectional': True, 'hidden_size': 50, 'input_size': 80, 'type': 'lstm'}, 'text_field_embedder': {'token_characters': {'embedding': {'embedding_dim': 10}, 'encoder': {'bidirectional': True, 'hidden_size': 40, 'input_size': 10, 'type': 'lstm'}, 'type': 'character_encoding'}}} and extras {'vocab'}
2019-05-25 17:29:33,944 - INFO - allennlp.common.from_params - instantiating class <class 'allennlp.modules.text_field_embedders.text_field_embedder.TextFieldEmbedder'> from params {'token_characters': {'embedding': {'embedding_dim': 10}, 'encoder': {'bidirectional': True, 'hidden_size': 40, 'input_size': 10, 'type': 'lstm'}, 'type': 'character_encoding'}} and extras {'vocab'}
2019-05-25 17:29:33,944 - INFO - allennlp.common.params - model.text_field_embedder.type = basic
2019-05-25 17:29:33,944 - INFO - allennlp.common.params - model.text_field_embedder.embedder_to_indexer_map = None
2019-05-25 17:29:33,944 - INFO - allennlp.common.params - model.text_field_embedder.allow_unmatched_keys = False
2019-05-25 17:29:33,944 - INFO - allennlp.common.params - model.text_field_embedder.token_embedders = None
2019-05-25 17:29:33,944 - INFO - allennlp.common.from_params - instantiating class <class 'allennlp.modules.token_embedders.token_embedder.TokenEmbedder'> from params {'embedding': {'embedding_dim': 10}, 'encoder': {'bidirectional': True, 'hidden_size': 40, 'input_size': 10, 'type': 'lstm'}, 'type': 'character_encoding'} and extras {'vocab'}
2019-05-25 17:29:33,944 - INFO - allennlp.common.params - model.text_field_embedder.token_characters.type = character_encoding
2019-05-25 17:29:33,944 - INFO - allennlp.common.params - model.text_field_embedder.token_characters.embedding.num_embeddings = None
2019-05-25 17:29:33,944 - INFO - allennlp.common.params - model.text_field_embedder.token_characters.embedding.vocab_namespace = token_characters
2019-05-25 17:29:33,944 - INFO - allennlp.common.params - model.text_field_embedder.token_characters.embedding.embedding_dim = 10
2019-05-25 17:29:33,944 - INFO - allennlp.common.params - model.text_field_embedder.token_characters.embedding.pretrained_file = None
2019-05-25 17:29:33,944 - INFO - allennlp.common.params - model.text_field_embedder.token_characters.embedding.projection_dim = None
2019-05-25 17:29:33,944 - INFO - allennlp.common.params - model.text_field_embedder.token_characters.embedding.trainable = True
2019-05-25 17:29:33,944 - INFO - allennlp.common.params - model.text_field_embedder.token_characters.embedding.padding_index = None
2019-05-25 17:29:33,944 - INFO - allennlp.common.params - model.text_field_embedder.token_characters.embedding.max_norm = None
2019-05-25 17:29:33,945 - INFO - allennlp.common.params - model.text_field_embedder.token_characters.embedding.norm_type = 2.0
2019-05-25 17:29:33,945 - INFO - allennlp.common.params - model.text_field_embedder.token_characters.embedding.scale_grad_by_freq = False
2019-05-25 17:29:33,945 - INFO - allennlp.common.params - model.text_field_embedder.token_characters.embedding.sparse = False
2019-05-25 17:29:33,945 - INFO - allennlp.common.from_params - instantiating class <class 'allennlp.modules.seq2vec_encoders.seq2vec_encoder.Seq2VecEncoder'> from params {'bidirectional': True, 'hidden_size': 40, 'input_size': 10, 'type': 'lstm'} and extras set()
2019-05-25 17:29:33,945 - INFO - allennlp.common.params - model.text_field_embedder.token_characters.encoder.type = lstm
2019-05-25 17:29:33,945 - INFO - allennlp.common.params - model.text_field_embedder.token_characters.encoder.batch_first = True
2019-05-25 17:29:33,945 - INFO - allennlp.common.params - Converting Params object to dict; logging of default values will not occur when dictionary parameters are used subsequently.
2019-05-25 17:29:33,945 - INFO - allennlp.common.params - CURRENTLY DEFINED PARAMETERS: 
2019-05-25 17:29:33,945 - INFO - allennlp.common.params - model.text_field_embedder.token_characters.encoder.bidirectional = True
2019-05-25 17:29:33,945 - INFO - allennlp.common.params - model.text_field_embedder.token_characters.encoder.hidden_size = 40
2019-05-25 17:29:33,945 - INFO - allennlp.common.params - model.text_field_embedder.token_characters.encoder.input_size = 10
2019-05-25 17:29:33,946 - INFO - allennlp.common.params - model.text_field_embedder.token_characters.encoder.batch_first = True
2019-05-25 17:29:33,946 - INFO - allennlp.common.params - model.text_field_embedder.token_characters.dropout = 0.0
2019-05-25 17:29:33,946 - INFO - allennlp.common.from_params - instantiating class <class 'allennlp.modules.seq2seq_encoders.seq2seq_encoder.Seq2SeqEncoder'> from params {'bidirectional': True, 'hidden_size': 50, 'input_size': 80, 'type': 'lstm'} and extras {'vocab'}
2019-05-25 17:29:33,946 - INFO - allennlp.common.params - model.encoder.type = lstm
2019-05-25 17:29:33,946 - INFO - allennlp.common.params - model.encoder.batch_first = True
2019-05-25 17:29:33,946 - INFO - allennlp.common.params - model.encoder.stateful = False
2019-05-25 17:29:33,946 - INFO - allennlp.common.params - Converting Params object to dict; logging of default values will not occur when dictionary parameters are used subsequently.
2019-05-25 17:29:33,947 - INFO - allennlp.common.params - CURRENTLY DEFINED PARAMETERS: 
2019-05-25 17:29:33,947 - INFO - allennlp.common.params - model.encoder.bidirectional = True
2019-05-25 17:29:33,947 - INFO - allennlp.common.params - model.encoder.hidden_size = 50
2019-05-25 17:29:33,947 - INFO - allennlp.common.params - model.encoder.input_size = 80
2019-05-25 17:29:33,947 - INFO - allennlp.common.params - model.encoder.batch_first = True
2019-05-25 17:29:33,947 - INFO - allennlp.common.params - model.verbose_metrics = False
2019-05-25 17:29:33,948 - INFO - allennlp.nn.initializers - Initializing parameters
2019-05-25 17:29:33,948 - INFO - allennlp.nn.initializers - Done initializing parameters; the following parameters are using their default initialization from their code
2019-05-25 17:29:33,948 - INFO - allennlp.nn.initializers -    encoder._module.bias_hh_l0
2019-05-25 17:29:33,948 - INFO - allennlp.nn.initializers -    encoder._module.bias_hh_l0_reverse
2019-05-25 17:29:33,948 - INFO - allennlp.nn.initializers -    encoder._module.bias_ih_l0
2019-05-25 17:29:33,948 - INFO - allennlp.nn.initializers -    encoder._module.bias_ih_l0_reverse
2019-05-25 17:29:33,948 - INFO - allennlp.nn.initializers -    encoder._module.weight_hh_l0
2019-05-25 17:29:33,948 - INFO - allennlp.nn.initializers -    encoder._module.weight_hh_l0_reverse
2019-05-25 17:29:33,948 - INFO - allennlp.nn.initializers -    encoder._module.weight_ih_l0
2019-05-25 17:29:33,948 - INFO - allennlp.nn.initializers -    encoder._module.weight_ih_l0_reverse
2019-05-25 17:29:33,948 - INFO - allennlp.nn.initializers -    tag_projection_layer._module.bias
2019-05-25 17:29:33,948 - INFO - allennlp.nn.initializers -    tag_projection_layer._module.weight
2019-05-25 17:29:33,948 - INFO - allennlp.nn.initializers -    text_field_embedder.token_embedder_token_characters._embedding._module.weight
2019-05-25 17:29:33,948 - INFO - allennlp.nn.initializers -    text_field_embedder.token_embedder_token_characters._encoder._module._module.bias_hh_l0
2019-05-25 17:29:33,948 - INFO - allennlp.nn.initializers -    text_field_embedder.token_embedder_token_characters._encoder._module._module.bias_hh_l0_reverse
2019-05-25 17:29:33,948 - INFO - allennlp.nn.initializers -    text_field_embedder.token_embedder_token_characters._encoder._module._module.bias_ih_l0
2019-05-25 17:29:33,948 - INFO - allennlp.nn.initializers -    text_field_embedder.token_embedder_token_characters._encoder._module._module.bias_ih_l0_reverse
2019-05-25 17:29:33,948 - INFO - allennlp.nn.initializers -    text_field_embedder.token_embedder_token_characters._encoder._module._module.weight_hh_l0
2019-05-25 17:29:33,949 - INFO - allennlp.nn.initializers -    text_field_embedder.token_embedder_token_characters._encoder._module._module.weight_hh_l0_reverse
2019-05-25 17:29:33,949 - INFO - allennlp.nn.initializers -    text_field_embedder.token_embedder_token_characters._encoder._module._module.weight_ih_l0
2019-05-25 17:29:33,949 - INFO - allennlp.nn.initializers -    text_field_embedder.token_embedder_token_characters._encoder._module._module.weight_ih_l0_reverse
2019-05-25 17:29:33,950 - INFO - allennlp.common.from_params - instantiating class <class 'allennlp.data.iterators.data_iterator.DataIterator'> from params {'batch_size': 100, 'type': 'basic'} and extras set()
2019-05-25 17:29:33,950 - INFO - allennlp.common.params - iterator.type = basic
2019-05-25 17:29:33,950 - INFO - allennlp.common.from_params - instantiating class <class 'allennlp.data.iterators.basic_iterator.BasicIterator'> from params {'batch_size': 100} and extras set()
2019-05-25 17:29:33,950 - INFO - allennlp.common.params - iterator.batch_size = 100
2019-05-25 17:29:33,950 - INFO - allennlp.common.params - iterator.instances_per_epoch = None
2019-05-25 17:29:33,950 - INFO - allennlp.common.params - iterator.max_instances_in_memory = None
2019-05-25 17:29:33,950 - INFO - allennlp.common.params - iterator.cache_instances = False
2019-05-25 17:29:33,950 - INFO - allennlp.common.params - iterator.track_epoch = False
2019-05-25 17:29:33,950 - INFO - allennlp.common.params - iterator.maximum_samples_per_batch = None
2019-05-25 17:29:33,950 - INFO - allennlp.common.params - validation_iterator = None
2019-05-25 17:29:33,950 - INFO - allennlp.common.params - trainer.no_grad = ()
2019-05-25 17:29:33,950 - INFO - allennlp.training.trainer - Following parameters are Frozen  (without gradient):
2019-05-25 17:29:33,951 - INFO - allennlp.training.trainer - Following parameters are Tunable (with gradient):
2019-05-25 17:29:33,951 - INFO - allennlp.training.trainer - text_field_embedder.token_embedder_token_characters._embedding._module.weight
2019-05-25 17:29:33,951 - INFO - allennlp.training.trainer - text_field_embedder.token_embedder_token_characters._encoder._module._module.weight_ih_l0
2019-05-25 17:29:33,951 - INFO - allennlp.training.trainer - text_field_embedder.token_embedder_token_characters._encoder._module._module.weight_hh_l0
2019-05-25 17:29:33,951 - INFO - allennlp.training.trainer - text_field_embedder.token_embedder_token_characters._encoder._module._module.bias_ih_l0
2019-05-25 17:29:33,951 - INFO - allennlp.training.trainer - text_field_embedder.token_embedder_token_characters._encoder._module._module.bias_hh_l0
2019-05-25 17:29:33,951 - INFO - allennlp.training.trainer - text_field_embedder.token_embedder_token_characters._encoder._module._module.weight_ih_l0_reverse
2019-05-25 17:29:33,951 - INFO - allennlp.training.trainer - text_field_embedder.token_embedder_token_characters._encoder._module._module.weight_hh_l0_reverse
2019-05-25 17:29:33,951 - INFO - allennlp.training.trainer - text_field_embedder.token_embedder_token_characters._encoder._module._module.bias_ih_l0_reverse
2019-05-25 17:29:33,951 - INFO - allennlp.training.trainer - text_field_embedder.token_embedder_token_characters._encoder._module._module.bias_hh_l0_reverse
2019-05-25 17:29:33,951 - INFO - allennlp.training.trainer - encoder._module.weight_ih_l0
2019-05-25 17:29:33,951 - INFO - allennlp.training.trainer - encoder._module.weight_hh_l0
2019-05-25 17:29:33,951 - INFO - allennlp.training.trainer - encoder._module.bias_ih_l0
2019-05-25 17:29:33,951 - INFO - allennlp.training.trainer - encoder._module.bias_hh_l0
2019-05-25 17:29:33,951 - INFO - allennlp.training.trainer - encoder._module.weight_ih_l0_reverse
2019-05-25 17:29:33,951 - INFO - allennlp.training.trainer - encoder._module.weight_hh_l0_reverse
2019-05-25 17:29:33,951 - INFO - allennlp.training.trainer - encoder._module.bias_ih_l0_reverse
2019-05-25 17:29:33,951 - INFO - allennlp.training.trainer - encoder._module.bias_hh_l0_reverse
2019-05-25 17:29:33,951 - INFO - allennlp.training.trainer - tag_projection_layer._module.weight
2019-05-25 17:29:33,951 - INFO - allennlp.training.trainer - tag_projection_layer._module.bias
2019-05-25 17:29:33,952 - INFO - allennlp.common.params - trainer.patience = 10
2019-05-25 17:29:33,952 - INFO - allennlp.common.params - trainer.validation_metric = -loss
2019-05-25 17:29:33,952 - INFO - allennlp.common.params - trainer.shuffle = True
2019-05-25 17:29:33,952 - INFO - allennlp.common.params - trainer.num_epochs = 100
2019-05-25 17:29:33,952 - INFO - allennlp.common.params - trainer.cuda_device = -1
2019-05-25 17:29:33,952 - INFO - allennlp.common.params - trainer.grad_norm = None
2019-05-25 17:29:33,952 - INFO - allennlp.common.params - trainer.grad_clipping = None
2019-05-25 17:29:33,952 - INFO - allennlp.common.params - trainer.learning_rate_scheduler = None
2019-05-25 17:29:33,952 - INFO - allennlp.common.params - trainer.momentum_scheduler = None
2019-05-25 17:29:33,952 - INFO - allennlp.common.params - trainer.optimizer.type = adam
2019-05-25 17:29:33,952 - INFO - allennlp.common.params - trainer.optimizer.parameter_groups = None
2019-05-25 17:29:33,952 - INFO - allennlp.training.optimizers - Number of trainable parameters: 72209
2019-05-25 17:29:33,952 - INFO - allennlp.common.params - trainer.optimizer.infer_type_and_cast = True
2019-05-25 17:29:33,952 - INFO - allennlp.common.params - Converting Params object to dict; logging of default values will not occur when dictionary parameters are used subsequently.
2019-05-25 17:29:33,953 - INFO - allennlp.common.params - CURRENTLY DEFINED PARAMETERS: 
2019-05-25 17:29:33,953 - INFO - allennlp.common.params - trainer.optimizer.lr = 0.1
2019-05-25 17:29:33,953 - INFO - allennlp.common.params - trainer.num_serialized_models_to_keep = 20
2019-05-25 17:29:33,953 - INFO - allennlp.common.params - trainer.keep_serialized_model_every_num_seconds = None
2019-05-25 17:29:33,953 - INFO - allennlp.common.params - trainer.model_save_interval = None
2019-05-25 17:29:33,953 - INFO - allennlp.common.params - trainer.summary_interval = 100
2019-05-25 17:29:33,953 - INFO - allennlp.common.params - trainer.histogram_interval = None
2019-05-25 17:29:33,953 - INFO - allennlp.common.params - trainer.should_log_parameter_statistics = True
2019-05-25 17:29:33,986 - INFO - allennlp.common.params - trainer.should_log_learning_rate = False
2019-05-25 17:29:33,987 - INFO - allennlp.common.params - trainer.log_batch_size_period = None
2019-05-25 17:29:33,990 - INFO - allennlp.training.trainer - Beginning training.
2019-05-25 17:29:33,991 - INFO - allennlp.training.trainer - Epoch 0/99
2019-05-25 17:29:33,991 - INFO - allennlp.training.trainer - Peak CPU memory usage MB: 226.267136
2019-05-25 17:29:33,998 - INFO - allennlp.training.trainer - Training
2019-05-25 17:30:30,091 - INFO - allennlp.training.trainer - Validating
2019-05-25 17:30:35,465 - INFO - allennlp.training.tensorboard_writer -                   Training |  Validation
2019-05-25 17:30:35,465 - INFO - allennlp.training.tensorboard_writer - f1_macro      |     0.706  |     0.293
2019-05-25 17:30:35,466 - INFO - allennlp.training.tensorboard_writer - accuracy      |     0.916  |     0.648
2019-05-25 17:30:35,466 - INFO - allennlp.training.tensorboard_writer - loss          |     0.391  |     3.473
2019-05-25 17:30:35,467 - INFO - allennlp.training.tensorboard_writer - cpu_memory_MB |   226.267  |       N/A
2019-05-25 17:30:35,467 - INFO - allennlp.training.tensorboard_writer - accuracy3     |     0.964  |     0.743
2019-05-25 17:30:35,471 - INFO - allennlp.training.checkpointer - Best validation performance so far. Copying weights to 'output/models/simple_lstm_characters_only_bidir/exists_ru/best.th'.
2019-05-25 17:30:35,471 - INFO - allennlp.training.trainer - Epoch duration: 00:01:01
2019-05-25 17:30:35,487 - INFO - allennlp.training.trainer - Estimated training time remaining: 1:41:28
2019-05-25 17:30:35,487 - INFO - allennlp.training.trainer - Epoch 1/99
2019-05-25 17:30:35,487 - INFO - allennlp.training.trainer - Peak CPU memory usage MB: 406.970368
2019-05-25 17:30:35,495 - INFO - allennlp.training.trainer - Training
2019-05-25 17:31:34,195 - INFO - allennlp.training.trainer - Validating
2019-05-25 17:31:39,434 - INFO - allennlp.training.tensorboard_writer -                   Training |  Validation
2019-05-25 17:31:39,434 - INFO - allennlp.training.tensorboard_writer - f1_macro      |     0.743  |     0.286
2019-05-25 17:31:39,434 - INFO - allennlp.training.tensorboard_writer - accuracy      |     0.951  |     0.638
2019-05-25 17:31:39,435 - INFO - allennlp.training.tensorboard_writer - loss          |     0.304  |     3.934
2019-05-25 17:31:39,435 - INFO - allennlp.training.tensorboard_writer - cpu_memory_MB |   406.970  |       N/A
2019-05-25 17:31:39,435 - INFO - allennlp.training.tensorboard_writer - accuracy3     |     0.981  |     0.741
2019-05-25 17:31:39,439 - INFO - allennlp.training.trainer - Epoch duration: 00:01:03
2019-05-25 17:31:39,439 - INFO - allennlp.training.trainer - Estimated training time remaining: 1:42:26
2019-05-25 17:31:39,439 - INFO - allennlp.training.trainer - Epoch 2/99
2019-05-25 17:31:39,439 - INFO - allennlp.training.trainer - Peak CPU memory usage MB: 411.918336
2019-05-25 17:31:39,446 - INFO - allennlp.training.trainer - Training
2019-05-25 17:32:38,826 - INFO - allennlp.training.trainer - Validating
2019-05-25 17:32:44,335 - INFO - allennlp.training.tensorboard_writer -                   Training |  Validation
2019-05-25 17:32:44,335 - INFO - allennlp.training.tensorboard_writer - f1_macro      |     0.724  |     0.286
2019-05-25 17:32:44,336 - INFO - allennlp.training.tensorboard_writer - accuracy      |     0.942  |     0.622
2019-05-25 17:32:44,336 - INFO - allennlp.training.tensorboard_writer - loss          |     0.461  |     5.578
2019-05-25 17:32:44,336 - INFO - allennlp.training.tensorboard_writer - cpu_memory_MB |   411.918  |       N/A
2019-05-25 17:32:44,337 - INFO - allennlp.training.tensorboard_writer - accuracy3     |     0.976  |     0.717
2019-05-25 17:32:44,340 - INFO - allennlp.training.trainer - Epoch duration: 00:01:04
2019-05-25 17:32:44,340 - INFO - allennlp.training.trainer - Estimated training time remaining: 1:42:34
2019-05-25 17:32:44,340 - INFO - allennlp.training.trainer - Epoch 3/99
2019-05-25 17:32:44,341 - INFO - allennlp.training.trainer - Peak CPU memory usage MB: 414.068736
2019-05-25 17:32:44,347 - INFO - allennlp.training.trainer - Training
2019-05-25 17:33:46,787 - INFO - allennlp.training.trainer - Validating
2019-05-25 17:33:52,095 - INFO - allennlp.training.tensorboard_writer -                   Training |  Validation
2019-05-25 17:33:52,095 - INFO - allennlp.training.tensorboard_writer - f1_macro      |     0.725  |     0.262
2019-05-25 17:33:52,096 - INFO - allennlp.training.tensorboard_writer - accuracy      |     0.939  |     0.624
2019-05-25 17:33:52,096 - INFO - allennlp.training.tensorboard_writer - loss          |     0.508  |     5.860
2019-05-25 17:33:52,096 - INFO - allennlp.training.tensorboard_writer - cpu_memory_MB |   414.069  |       N/A
2019-05-25 17:33:52,097 - INFO - allennlp.training.tensorboard_writer - accuracy3     |     0.975  |     0.703
2019-05-25 17:33:52,100 - INFO - allennlp.training.trainer - Epoch duration: 00:01:07
2019-05-25 17:33:52,100 - INFO - allennlp.training.trainer - Estimated training time remaining: 1:43:14
2019-05-25 17:33:52,100 - INFO - allennlp.training.trainer - Epoch 4/99
2019-05-25 17:33:52,100 - INFO - allennlp.training.trainer - Peak CPU memory usage MB: 414.068736
2019-05-25 17:33:52,107 - INFO - allennlp.training.trainer - Training
2019-05-25 17:34:56,666 - INFO - allennlp.training.trainer - Validating
2019-05-25 17:35:02,407 - INFO - allennlp.training.tensorboard_writer -                   Training |  Validation
2019-05-25 17:35:02,408 - INFO - allennlp.training.tensorboard_writer - f1_macro      |     0.731  |     0.326
2019-05-25 17:35:02,408 - INFO - allennlp.training.tensorboard_writer - accuracy      |     0.939  |     0.668
2019-05-25 17:35:02,408 - INFO - allennlp.training.tensorboard_writer - loss          |     0.508  |     4.129
2019-05-25 17:35:02,409 - INFO - allennlp.training.tensorboard_writer - cpu_memory_MB |   414.069  |       N/A
2019-05-25 17:35:02,409 - INFO - allennlp.training.tensorboard_writer - accuracy3     |     0.973  |     0.767
2019-05-25 17:35:02,413 - INFO - allennlp.training.trainer - Epoch duration: 00:01:10
2019-05-25 17:35:02,413 - INFO - allennlp.training.trainer - Estimated training time remaining: 1:44:00
2019-05-25 17:35:02,413 - INFO - allennlp.training.trainer - Epoch 5/99
2019-05-25 17:35:02,434 - INFO - allennlp.training.trainer - Peak CPU memory usage MB: 420.974592
2019-05-25 17:35:02,441 - INFO - allennlp.training.trainer - Training
2019-05-25 17:36:08,309 - INFO - allennlp.training.trainer - Validating
2019-05-25 17:36:14,007 - INFO - allennlp.training.tensorboard_writer -                   Training |  Validation
2019-05-25 17:36:14,007 - INFO - allennlp.training.tensorboard_writer - f1_macro      |     0.731  |     0.286
2019-05-25 17:36:14,008 - INFO - allennlp.training.tensorboard_writer - accuracy      |     0.938  |     0.638
2019-05-25 17:36:14,008 - INFO - allennlp.training.tensorboard_writer - loss          |     0.418  |     3.401
2019-05-25 17:36:14,008 - INFO - allennlp.training.tensorboard_writer - cpu_memory_MB |   420.975  |       N/A
2019-05-25 17:36:14,009 - INFO - allennlp.training.tensorboard_writer - accuracy3     |     0.976  |     0.787
2019-05-25 17:36:14,013 - INFO - allennlp.training.checkpointer - Best validation performance so far. Copying weights to 'output/models/simple_lstm_characters_only_bidir/exists_ru/best.th'.
2019-05-25 17:36:14,013 - INFO - allennlp.training.trainer - Epoch duration: 00:01:11
2019-05-25 17:36:14,035 - INFO - allennlp.training.trainer - Estimated training time remaining: 1:44:27
2019-05-25 17:36:14,035 - INFO - allennlp.training.trainer - Epoch 6/99
2019-05-25 17:36:14,035 - INFO - allennlp.training.trainer - Peak CPU memory usage MB: 428.83072
2019-05-25 17:36:14,043 - INFO - allennlp.training.trainer - Training
2019-05-25 17:37:21,418 - INFO - allennlp.training.trainer - Validating
2019-05-25 17:37:26,856 - INFO - allennlp.training.tensorboard_writer -                   Training |  Validation
2019-05-25 17:37:26,856 - INFO - allennlp.training.tensorboard_writer - f1_macro      |     0.737  |     0.425
2019-05-25 17:37:26,857 - INFO - allennlp.training.tensorboard_writer - accuracy      |     0.950  |     0.741
2019-05-25 17:37:26,857 - INFO - allennlp.training.tensorboard_writer - loss          |     0.301  |     2.165
2019-05-25 17:37:26,857 - INFO - allennlp.training.tensorboard_writer - cpu_memory_MB |   428.831  |       N/A
2019-05-25 17:37:26,857 - INFO - allennlp.training.tensorboard_writer - accuracy3     |     0.984  |     0.868
2019-05-25 17:37:26,861 - INFO - allennlp.training.checkpointer - Best validation performance so far. Copying weights to 'output/models/simple_lstm_characters_only_bidir/exists_ru/best.th'.
2019-05-25 17:37:26,861 - INFO - allennlp.training.trainer - Epoch duration: 00:01:12
2019-05-25 17:37:26,886 - INFO - allennlp.training.trainer - Estimated training time remaining: 1:44:42
2019-05-25 17:37:26,886 - INFO - allennlp.training.trainer - Epoch 7/99
2019-05-25 17:37:26,886 - INFO - allennlp.training.trainer - Peak CPU memory usage MB: 428.83072
2019-05-25 17:37:26,893 - INFO - allennlp.training.trainer - Training
2019-05-25 17:38:29,403 - INFO - allennlp.training.trainer - Validating
2019-05-25 17:38:34,815 - INFO - allennlp.training.tensorboard_writer -                   Training |  Validation
2019-05-25 17:38:34,815 - INFO - allennlp.training.tensorboard_writer - f1_macro      |     0.772  |     0.775
2019-05-25 17:38:34,816 - INFO - allennlp.training.tensorboard_writer - accuracy      |     0.964  |     0.923
2019-05-25 17:38:34,816 - INFO - allennlp.training.tensorboard_writer - loss          |     0.182  |     0.371
2019-05-25 17:38:34,816 - INFO - allennlp.training.tensorboard_writer - cpu_memory_MB |   428.831  |       N/A
2019-05-25 17:38:34,817 - INFO - allennlp.training.tensorboard_writer - accuracy3     |     0.991  |     0.983
2019-05-25 17:38:34,820 - INFO - allennlp.training.checkpointer - Best validation performance so far. Copying weights to 'output/models/simple_lstm_characters_only_bidir/exists_ru/best.th'.
2019-05-25 17:38:34,821 - INFO - allennlp.training.trainer - Epoch duration: 00:01:07
2019-05-25 17:38:34,837 - INFO - allennlp.training.trainer - Estimated training time remaining: 1:43:39
2019-05-25 17:38:34,837 - INFO - allennlp.training.trainer - Epoch 8/99
2019-05-25 17:38:34,837 - INFO - allennlp.training.trainer - Peak CPU memory usage MB: 433.803264
2019-05-25 17:38:34,844 - INFO - allennlp.training.trainer - Training
2019-05-25 17:39:38,538 - INFO - allennlp.training.trainer - Validating
2019-05-25 17:39:43,822 - INFO - allennlp.training.tensorboard_writer -                   Training |  Validation
2019-05-25 17:39:43,822 - INFO - allennlp.training.tensorboard_writer - f1_macro      |     0.802  |     0.824
2019-05-25 17:39:43,822 - INFO - allennlp.training.tensorboard_writer - accuracy      |     0.981  |     0.968
2019-05-25 17:39:43,823 - INFO - allennlp.training.tensorboard_writer - loss          |     0.088  |     0.141
2019-05-25 17:39:43,823 - INFO - allennlp.training.tensorboard_writer - cpu_memory_MB |   433.803  |       N/A
2019-05-25 17:39:43,823 - INFO - allennlp.training.tensorboard_writer - accuracy3     |     0.997  |     0.997
2019-05-25 17:39:43,826 - INFO - allennlp.training.checkpointer - Best validation performance so far. Copying weights to 'output/models/simple_lstm_characters_only_bidir/exists_ru/best.th'.
2019-05-25 17:39:43,827 - INFO - allennlp.training.trainer - Epoch duration: 00:01:08
2019-05-25 17:39:43,838 - INFO - allennlp.training.trainer - Estimated training time remaining: 1:42:46
2019-05-25 17:39:43,838 - INFO - allennlp.training.trainer - Epoch 9/99
2019-05-25 17:39:43,838 - INFO - allennlp.training.trainer - Peak CPU memory usage MB: 434.515968
2019-05-25 17:39:43,845 - INFO - allennlp.training.trainer - Training
2019-05-25 17:40:47,871 - INFO - allennlp.training.trainer - Validating
2019-05-25 17:40:53,323 - INFO - allennlp.training.tensorboard_writer -                   Training |  Validation
2019-05-25 17:40:53,323 - INFO - allennlp.training.tensorboard_writer - f1_macro      |     0.838  |     0.837
2019-05-25 17:40:53,323 - INFO - allennlp.training.tensorboard_writer - accuracy      |     0.987  |     0.985
2019-05-25 17:40:53,324 - INFO - allennlp.training.tensorboard_writer - loss          |     0.060  |     0.078
2019-05-25 17:40:53,324 - INFO - allennlp.training.tensorboard_writer - cpu_memory_MB |   434.516  |       N/A
2019-05-25 17:40:53,324 - INFO - allennlp.training.tensorboard_writer - accuracy3     |     0.998  |     0.999
2019-05-25 17:40:53,327 - INFO - allennlp.training.checkpointer - Best validation performance so far. Copying weights to 'output/models/simple_lstm_characters_only_bidir/exists_ru/best.th'.
2019-05-25 17:40:53,328 - INFO - allennlp.training.trainer - Epoch duration: 00:01:09
2019-05-25 17:40:53,339 - INFO - allennlp.training.trainer - Estimated training time remaining: 1:41:54
2019-05-25 17:40:53,339 - INFO - allennlp.training.trainer - Epoch 10/99
2019-05-25 17:40:53,339 - INFO - allennlp.training.trainer - Peak CPU memory usage MB: 434.515968
2019-05-25 17:40:53,346 - INFO - allennlp.training.trainer - Training
2019-05-25 17:41:57,562 - INFO - allennlp.training.trainer - Validating
2019-05-25 17:42:02,986 - INFO - allennlp.training.tensorboard_writer -                   Training |  Validation
2019-05-25 17:42:02,986 - INFO - allennlp.training.tensorboard_writer - f1_macro      |     0.827  |     0.855
2019-05-25 17:42:02,987 - INFO - allennlp.training.tensorboard_writer - accuracy      |     0.988  |     0.983
2019-05-25 17:42:02,987 - INFO - allennlp.training.tensorboard_writer - loss          |     0.050  |     0.082
2019-05-25 17:42:02,987 - INFO - allennlp.training.tensorboard_writer - cpu_memory_MB |   434.516  |       N/A
2019-05-25 17:42:02,988 - INFO - allennlp.training.tensorboard_writer - accuracy3     |     0.999  |     0.998
2019-05-25 17:42:02,991 - INFO - allennlp.training.trainer - Epoch duration: 00:01:09
2019-05-25 17:42:02,991 - INFO - allennlp.training.trainer - Estimated training time remaining: 1:41:00
2019-05-25 17:42:02,991 - INFO - allennlp.training.trainer - Epoch 11/99
2019-05-25 17:42:02,991 - INFO - allennlp.training.trainer - Peak CPU memory usage MB: 438.345728
2019-05-25 17:42:02,998 - INFO - allennlp.training.trainer - Training
2019-05-25 17:43:07,112 - INFO - allennlp.training.trainer - Validating
2019-05-25 17:43:12,421 - INFO - allennlp.training.tensorboard_writer -                   Training |  Validation
2019-05-25 17:43:12,421 - INFO - allennlp.training.tensorboard_writer - f1_macro      |     0.871  |     0.867
2019-05-25 17:43:12,422 - INFO - allennlp.training.tensorboard_writer - accuracy      |     0.991  |     0.969
2019-05-25 17:43:12,422 - INFO - allennlp.training.tensorboard_writer - loss          |     0.041  |     0.147
2019-05-25 17:43:12,422 - INFO - allennlp.training.tensorboard_writer - cpu_memory_MB |   438.346  |       N/A
2019-05-25 17:43:12,422 - INFO - allennlp.training.tensorboard_writer - accuracy3     |     0.999  |     0.997
2019-05-25 17:43:12,426 - INFO - allennlp.training.trainer - Epoch duration: 00:01:09
2019-05-25 17:43:12,426 - INFO - allennlp.training.trainer - Estimated training time remaining: 1:40:01
2019-05-25 17:43:12,426 - INFO - allennlp.training.trainer - Epoch 12/99
2019-05-25 17:43:12,441 - INFO - allennlp.training.trainer - Peak CPU memory usage MB: 439.250944
2019-05-25 17:43:12,448 - INFO - allennlp.training.trainer - Training
2019-05-25 17:44:16,975 - INFO - allennlp.training.trainer - Validating
2019-05-25 17:44:22,386 - INFO - allennlp.training.tensorboard_writer -                   Training |  Validation
2019-05-25 17:44:22,386 - INFO - allennlp.training.tensorboard_writer - f1_macro      |     0.885  |     0.912
2019-05-25 17:44:22,386 - INFO - allennlp.training.tensorboard_writer - accuracy      |     0.992  |     0.989
2019-05-25 17:44:22,387 - INFO - allennlp.training.tensorboard_writer - loss          |     0.035  |     0.054
2019-05-25 17:44:22,387 - INFO - allennlp.training.tensorboard_writer - cpu_memory_MB |   439.251  |       N/A
2019-05-25 17:44:22,387 - INFO - allennlp.training.tensorboard_writer - accuracy3     |     0.999  |     0.999
2019-05-25 17:44:22,390 - INFO - allennlp.training.checkpointer - Best validation performance so far. Copying weights to 'output/models/simple_lstm_characters_only_bidir/exists_ru/best.th'.
2019-05-25 17:44:22,391 - INFO - allennlp.training.trainer - Epoch duration: 00:01:09
2019-05-25 17:44:22,392 - INFO - allennlp.training.trainer - Estimated training time remaining: 1:39:05
2019-05-25 17:44:22,392 - INFO - allennlp.training.trainer - Epoch 13/99
2019-05-25 17:44:22,393 - INFO - allennlp.training.trainer - Peak CPU memory usage MB: 440.385536
2019-05-25 17:44:22,399 - INFO - allennlp.training.trainer - Training
2019-05-25 17:45:34,375 - INFO - allennlp.training.trainer - Validating
2019-05-25 17:45:40,759 - INFO - allennlp.training.tensorboard_writer -                   Training |  Validation
2019-05-25 17:45:40,759 - INFO - allennlp.training.tensorboard_writer - f1_macro      |     0.861  |     0.890
2019-05-25 17:45:40,760 - INFO - allennlp.training.tensorboard_writer - accuracy      |     0.993  |     0.986
2019-05-25 17:45:40,760 - INFO - allennlp.training.tensorboard_writer - loss          |     0.031  |     0.064
2019-05-25 17:45:40,760 - INFO - allennlp.training.tensorboard_writer - cpu_memory_MB |   440.386  |       N/A
2019-05-25 17:45:40,761 - INFO - allennlp.training.tensorboard_writer - accuracy3     |     1.000  |     0.999
2019-05-25 17:45:40,764 - INFO - allennlp.training.trainer - Epoch duration: 00:01:18
2019-05-25 17:45:40,765 - INFO - allennlp.training.trainer - Estimated training time remaining: 1:38:58
2019-05-25 17:45:40,765 - INFO - allennlp.training.trainer - Epoch 14/99
2019-05-25 17:45:40,765 - INFO - allennlp.training.trainer - Peak CPU memory usage MB: 440.385536
2019-05-25 17:45:40,771 - INFO - allennlp.training.trainer - Training
2019-05-25 17:46:52,499 - INFO - allennlp.training.trainer - Validating
2019-05-25 17:46:58,700 - INFO - allennlp.training.tensorboard_writer -                   Training |  Validation
2019-05-25 17:46:58,701 - INFO - allennlp.training.tensorboard_writer - f1_macro      |     0.902  |     0.910
2019-05-25 17:46:58,701 - INFO - allennlp.training.tensorboard_writer - accuracy      |     0.993  |     0.980
2019-05-25 17:46:58,702 - INFO - allennlp.training.tensorboard_writer - loss          |     0.029  |     0.084
2019-05-25 17:46:58,702 - INFO - allennlp.training.tensorboard_writer - cpu_memory_MB |   440.386  |       N/A
2019-05-25 17:46:58,702 - INFO - allennlp.training.tensorboard_writer - accuracy3     |     1.000  |     1.000
2019-05-25 17:46:58,706 - INFO - allennlp.training.trainer - Epoch duration: 00:01:17
2019-05-25 17:46:58,706 - INFO - allennlp.training.trainer - Estimated training time remaining: 1:38:40
2019-05-25 17:46:58,706 - INFO - allennlp.training.trainer - Epoch 15/99
2019-05-25 17:46:58,706 - INFO - allennlp.training.trainer - Peak CPU memory usage MB: 440.385536
2019-05-25 17:46:58,713 - INFO - allennlp.training.trainer - Training
2019-05-25 17:48:04,292 - INFO - allennlp.training.trainer - Validating
2019-05-25 17:48:09,681 - INFO - allennlp.training.tensorboard_writer -                   Training |  Validation
2019-05-25 17:48:09,681 - INFO - allennlp.training.tensorboard_writer - f1_macro      |     0.920  |     0.883
2019-05-25 17:48:09,682 - INFO - allennlp.training.tensorboard_writer - accuracy      |     0.994  |     0.973
2019-05-25 17:48:09,682 - INFO - allennlp.training.tensorboard_writer - loss          |     0.026  |     0.094
2019-05-25 17:48:09,682 - INFO - allennlp.training.tensorboard_writer - cpu_memory_MB |   440.386  |       N/A
2019-05-25 17:48:09,683 - INFO - allennlp.training.tensorboard_writer - accuracy3     |     1.000  |     1.000
2019-05-25 17:48:09,686 - INFO - allennlp.training.trainer - Epoch duration: 00:01:10
2019-05-25 17:48:09,686 - INFO - allennlp.training.trainer - Estimated training time remaining: 1:37:37
2019-05-25 17:48:09,686 - INFO - allennlp.training.trainer - Epoch 16/99
2019-05-25 17:48:09,696 - INFO - allennlp.training.trainer - Peak CPU memory usage MB: 440.385536
2019-05-25 17:48:09,702 - INFO - allennlp.training.trainer - Training
2019-05-25 17:49:13,962 - INFO - allennlp.training.trainer - Validating
2019-05-25 17:49:19,386 - INFO - allennlp.training.tensorboard_writer -                   Training |  Validation
2019-05-25 17:49:19,386 - INFO - allennlp.training.tensorboard_writer - f1_macro      |     0.898  |     0.886
2019-05-25 17:49:19,387 - INFO - allennlp.training.tensorboard_writer - accuracy      |     0.993  |     0.983
2019-05-25 17:49:19,387 - INFO - allennlp.training.tensorboard_writer - loss          |     0.028  |     0.060
2019-05-25 17:49:19,387 - INFO - allennlp.training.tensorboard_writer - cpu_memory_MB |   440.386  |       N/A
2019-05-25 17:49:19,388 - INFO - allennlp.training.tensorboard_writer - accuracy3     |     1.000  |     0.999
2019-05-25 17:49:19,391 - INFO - allennlp.training.trainer - Epoch duration: 00:01:09
2019-05-25 17:49:19,391 - INFO - allennlp.training.trainer - Estimated training time remaining: 1:36:27
2019-05-25 17:49:19,391 - INFO - allennlp.training.trainer - Epoch 17/99
2019-05-25 17:49:19,397 - INFO - allennlp.training.trainer - Peak CPU memory usage MB: 440.385536
2019-05-25 17:49:19,403 - INFO - allennlp.training.trainer - Training
2019-05-25 17:50:23,941 - INFO - allennlp.training.trainer - Validating
2019-05-25 17:50:29,367 - INFO - allennlp.training.tensorboard_writer -                   Training |  Validation
2019-05-25 17:50:29,367 - INFO - allennlp.training.tensorboard_writer - f1_macro      |     0.863  |     0.900
2019-05-25 17:50:29,368 - INFO - allennlp.training.tensorboard_writer - accuracy      |     0.992  |     0.990
2019-05-25 17:50:29,368 - INFO - allennlp.training.tensorboard_writer - loss          |     0.036  |     0.055
2019-05-25 17:50:29,368 - INFO - allennlp.training.tensorboard_writer - cpu_memory_MB |   440.386  |       N/A
2019-05-25 17:50:29,369 - INFO - allennlp.training.tensorboard_writer - accuracy3     |     0.999  |     0.999
2019-05-25 17:50:29,372 - INFO - allennlp.training.trainer - Epoch duration: 00:01:09
2019-05-25 17:50:29,372 - INFO - allennlp.training.trainer - Estimated training time remaining: 1:35:18
2019-05-25 17:50:29,372 - INFO - allennlp.training.trainer - Epoch 18/99
2019-05-25 17:50:29,398 - INFO - allennlp.training.trainer - Peak CPU memory usage MB: 440.385536
2019-05-25 17:50:29,405 - INFO - allennlp.training.trainer - Training
2019-05-25 17:51:33,882 - INFO - allennlp.training.trainer - Validating
2019-05-25 17:51:39,332 - INFO - allennlp.training.tensorboard_writer -                   Training |  Validation
2019-05-25 17:51:39,333 - INFO - allennlp.training.tensorboard_writer - f1_macro      |     0.895  |     0.850
2019-05-25 17:51:39,333 - INFO - allennlp.training.tensorboard_writer - accuracy      |     0.993  |     0.989
2019-05-25 17:51:39,333 - INFO - allennlp.training.tensorboard_writer - loss          |     0.030  |     0.047
2019-05-25 17:51:39,334 - INFO - allennlp.training.tensorboard_writer - cpu_memory_MB |   440.386  |       N/A
2019-05-25 17:51:39,334 - INFO - allennlp.training.tensorboard_writer - accuracy3     |     1.000  |     0.999
2019-05-25 17:51:39,337 - INFO - allennlp.training.checkpointer - Best validation performance so far. Copying weights to 'output/models/simple_lstm_characters_only_bidir/exists_ru/best.th'.
2019-05-25 17:51:39,338 - INFO - allennlp.training.trainer - Epoch duration: 00:01:09
2019-05-25 17:51:39,349 - INFO - allennlp.training.trainer - Estimated training time remaining: 1:34:10
2019-05-25 17:51:39,349 - INFO - allennlp.training.trainer - Epoch 19/99
2019-05-25 17:51:39,349 - INFO - allennlp.training.trainer - Peak CPU memory usage MB: 441.245696
2019-05-25 17:51:39,356 - INFO - allennlp.training.trainer - Training
2019-05-25 17:52:44,047 - INFO - allennlp.training.trainer - Validating
2019-05-25 17:52:49,497 - INFO - allennlp.training.tensorboard_writer -                   Training |  Validation
2019-05-25 17:52:49,498 - INFO - allennlp.training.tensorboard_writer - f1_macro      |     0.932  |     0.905
2019-05-25 17:52:49,498 - INFO - allennlp.training.tensorboard_writer - accuracy      |     0.993  |     0.979
2019-05-25 17:52:49,498 - INFO - allennlp.training.tensorboard_writer - loss          |     0.028  |     0.114
2019-05-25 17:52:49,499 - INFO - allennlp.training.tensorboard_writer - cpu_memory_MB |   441.246  |       N/A
2019-05-25 17:52:49,499 - INFO - allennlp.training.tensorboard_writer - accuracy3     |     1.000  |     0.997
2019-05-25 17:52:49,502 - INFO - allennlp.training.trainer - Epoch duration: 00:01:10
2019-05-25 17:52:49,502 - INFO - allennlp.training.trainer - Estimated training time remaining: 1:33:02
2019-05-25 17:52:49,502 - INFO - allennlp.training.trainer - Epoch 20/99
2019-05-25 17:52:49,502 - INFO - allennlp.training.trainer - Peak CPU memory usage MB: 441.892864
2019-05-25 17:52:49,509 - INFO - allennlp.training.trainer - Training
2019-05-25 17:53:54,310 - INFO - allennlp.training.trainer - Validating
2019-05-25 17:53:59,756 - INFO - allennlp.training.tensorboard_writer -                   Training |  Validation
2019-05-25 17:53:59,757 - INFO - allennlp.training.tensorboard_writer - f1_macro      |     0.860  |     0.870
2019-05-25 17:53:59,757 - INFO - allennlp.training.tensorboard_writer - accuracy      |     0.991  |     0.966
2019-05-25 17:53:59,758 - INFO - allennlp.training.tensorboard_writer - loss          |     0.037  |     0.138
2019-05-25 17:53:59,758 - INFO - allennlp.training.tensorboard_writer - cpu_memory_MB |   441.893  |       N/A
2019-05-25 17:53:59,758 - INFO - allennlp.training.tensorboard_writer - accuracy3     |     0.999  |     0.997
2019-05-25 17:53:59,762 - INFO - allennlp.training.trainer - Epoch duration: 00:01:10
2019-05-25 17:53:59,762 - INFO - allennlp.training.trainer - Estimated training time remaining: 1:31:54
2019-05-25 17:53:59,762 - INFO - allennlp.training.trainer - Epoch 21/99
2019-05-25 17:53:59,762 - INFO - allennlp.training.trainer - Peak CPU memory usage MB: 441.892864
2019-05-25 17:53:59,768 - INFO - allennlp.training.trainer - Training
2019-05-25 17:55:04,325 - INFO - allennlp.training.trainer - Validating
2019-05-25 17:55:09,774 - INFO - allennlp.training.tensorboard_writer -                   Training |  Validation
2019-05-25 17:55:09,774 - INFO - allennlp.training.tensorboard_writer - f1_macro      |     0.822  |     0.752
2019-05-25 17:55:09,774 - INFO - allennlp.training.tensorboard_writer - accuracy      |     0.987  |     0.933
2019-05-25 17:55:09,775 - INFO - allennlp.training.tensorboard_writer - loss          |     0.064  |     0.276
2019-05-25 17:55:09,775 - INFO - allennlp.training.tensorboard_writer - cpu_memory_MB |   441.893  |       N/A
2019-05-25 17:55:09,775 - INFO - allennlp.training.tensorboard_writer - accuracy3     |     0.998  |     0.989
2019-05-25 17:55:09,779 - INFO - allennlp.training.trainer - Epoch duration: 00:01:10
2019-05-25 17:55:09,779 - INFO - allennlp.training.trainer - Estimated training time remaining: 1:30:45
2019-05-25 17:55:09,779 - INFO - allennlp.training.trainer - Epoch 22/99
2019-05-25 17:55:09,802 - INFO - allennlp.training.trainer - Peak CPU memory usage MB: 442.73664
2019-05-25 17:55:09,809 - INFO - allennlp.training.trainer - Training
2019-05-25 17:56:14,470 - INFO - allennlp.training.trainer - Validating
2019-05-25 17:56:19,921 - INFO - allennlp.training.tensorboard_writer -                   Training |  Validation
2019-05-25 17:56:19,921 - INFO - allennlp.training.tensorboard_writer - f1_macro      |     0.854  |     0.667
2019-05-25 17:56:19,922 - INFO - allennlp.training.tensorboard_writer - accuracy      |     0.981  |     0.849
2019-05-25 17:56:19,922 - INFO - allennlp.training.tensorboard_writer - loss          |     0.097  |     0.919
2019-05-25 17:56:19,923 - INFO - allennlp.training.tensorboard_writer - cpu_memory_MB |   442.737  |       N/A
2019-05-25 17:56:19,923 - INFO - allennlp.training.tensorboard_writer - accuracy3     |     0.997  |     0.979
2019-05-25 17:56:19,926 - INFO - allennlp.training.trainer - Epoch duration: 00:01:10
2019-05-25 17:56:19,926 - INFO - allennlp.training.trainer - Estimated training time remaining: 1:29:36
2019-05-25 17:56:19,926 - INFO - allennlp.training.trainer - Epoch 23/99
2019-05-25 17:56:19,953 - INFO - allennlp.training.trainer - Peak CPU memory usage MB: 444.633088
2019-05-25 17:56:19,960 - INFO - allennlp.training.trainer - Training
2019-05-25 17:57:24,836 - INFO - allennlp.training.trainer - Validating
2019-05-25 17:57:30,257 - INFO - allennlp.training.tensorboard_writer -                   Training |  Validation
2019-05-25 17:57:30,257 - INFO - allennlp.training.tensorboard_writer - f1_macro      |     0.805  |     0.725
2019-05-25 17:57:30,258 - INFO - allennlp.training.tensorboard_writer - accuracy      |     0.976  |     0.893
2019-05-25 17:57:30,258 - INFO - allennlp.training.tensorboard_writer - loss          |     0.118  |     0.784
2019-05-25 17:57:30,259 - INFO - allennlp.training.tensorboard_writer - cpu_memory_MB |   444.633  |       N/A
2019-05-25 17:57:30,259 - INFO - allennlp.training.tensorboard_writer - accuracy3     |     0.997  |     0.962
2019-05-25 17:57:30,262 - INFO - allennlp.training.trainer - Epoch duration: 00:01:10
2019-05-25 17:57:30,262 - INFO - allennlp.training.trainer - Estimated training time remaining: 1:28:28
2019-05-25 17:57:30,263 - INFO - allennlp.training.trainer - Epoch 24/99
2019-05-25 17:57:30,263 - INFO - allennlp.training.trainer - Peak CPU memory usage MB: 444.633088
2019-05-25 17:57:30,269 - INFO - allennlp.training.trainer - Training
2019-05-25 17:58:33,727 - INFO - allennlp.training.trainer - Validating
2019-05-25 17:58:39,147 - INFO - allennlp.training.tensorboard_writer -                   Training |  Validation
2019-05-25 17:58:39,148 - INFO - allennlp.training.tensorboard_writer - f1_macro      |     0.818  |     0.711
2019-05-25 17:58:39,148 - INFO - allennlp.training.tensorboard_writer - accuracy      |     0.974  |     0.884
2019-05-25 17:58:39,148 - INFO - allennlp.training.tensorboard_writer - loss          |     0.132  |     0.782
2019-05-25 17:58:39,149 - INFO - allennlp.training.tensorboard_writer - cpu_memory_MB |   444.633  |       N/A
2019-05-25 17:58:39,149 - INFO - allennlp.training.tensorboard_writer - accuracy3     |     0.996  |     0.971
2019-05-25 17:58:39,152 - INFO - allennlp.training.trainer - Epoch duration: 00:01:08
2019-05-25 17:58:39,153 - INFO - allennlp.training.trainer - Estimated training time remaining: 1:27:15
2019-05-25 17:58:39,153 - INFO - allennlp.training.trainer - Epoch 25/99
2019-05-25 17:58:39,156 - INFO - allennlp.training.trainer - Peak CPU memory usage MB: 444.633088
2019-05-25 17:58:39,162 - INFO - allennlp.training.trainer - Training
2019-05-25 17:59:42,615 - INFO - allennlp.training.trainer - Validating
2019-05-25 17:59:47,997 - INFO - allennlp.training.tensorboard_writer -                   Training |  Validation
2019-05-25 17:59:47,997 - INFO - allennlp.training.tensorboard_writer - f1_macro      |     0.809  |     0.739
2019-05-25 17:59:47,998 - INFO - allennlp.training.tensorboard_writer - accuracy      |     0.976  |     0.907
2019-05-25 17:59:47,998 - INFO - allennlp.training.tensorboard_writer - loss          |     0.131  |     0.535
2019-05-25 17:59:47,998 - INFO - allennlp.training.tensorboard_writer - cpu_memory_MB |   444.633  |       N/A
2019-05-25 17:59:47,999 - INFO - allennlp.training.tensorboard_writer - accuracy3     |     0.996  |     0.976
2019-05-25 17:59:48,002 - INFO - allennlp.training.trainer - Epoch duration: 00:01:08
2019-05-25 17:59:48,003 - INFO - allennlp.training.trainer - Estimated training time remaining: 1:26:02
2019-05-25 17:59:48,003 - INFO - allennlp.training.trainer - Epoch 26/99
2019-05-25 17:59:48,007 - INFO - allennlp.training.trainer - Peak CPU memory usage MB: 445.427712
2019-05-25 17:59:48,014 - INFO - allennlp.training.trainer - Training
2019-05-25 18:00:51,970 - INFO - allennlp.training.trainer - Validating
2019-05-25 18:00:57,435 - INFO - allennlp.training.tensorboard_writer -                   Training |  Validation
2019-05-25 18:00:57,436 - INFO - allennlp.training.tensorboard_writer - f1_macro      |     0.826  |     0.773
2019-05-25 18:00:57,436 - INFO - allennlp.training.tensorboard_writer - accuracy      |     0.980  |     0.936
2019-05-25 18:00:57,436 - INFO - allennlp.training.tensorboard_writer - loss          |     0.096  |     0.390
2019-05-25 18:00:57,437 - INFO - allennlp.training.tensorboard_writer - cpu_memory_MB |   445.428  |       N/A
2019-05-25 18:00:57,437 - INFO - allennlp.training.tensorboard_writer - accuracy3     |     0.998  |     0.985
2019-05-25 18:00:57,440 - INFO - allennlp.training.trainer - Epoch duration: 00:01:09
2019-05-25 18:00:57,440 - INFO - allennlp.training.trainer - Estimated training time remaining: 1:24:52
2019-05-25 18:00:57,441 - INFO - allennlp.training.trainer - Epoch 27/99
2019-05-25 18:00:57,458 - INFO - allennlp.training.trainer - Peak CPU memory usage MB: 446.476288
2019-05-25 18:00:57,464 - INFO - allennlp.training.trainer - Training
2019-05-25 18:02:01,151 - INFO - allennlp.training.trainer - Validating
2019-05-25 18:02:06,622 - INFO - allennlp.training.tensorboard_writer -                   Training |  Validation
2019-05-25 18:02:06,623 - INFO - allennlp.training.tensorboard_writer - f1_macro      |     0.830  |     0.878
2019-05-25 18:02:06,623 - INFO - allennlp.training.tensorboard_writer - accuracy      |     0.982  |     0.969
2019-05-25 18:02:06,623 - INFO - allennlp.training.tensorboard_writer - loss          |     0.084  |     0.123
2019-05-25 18:02:06,624 - INFO - allennlp.training.tensorboard_writer - cpu_memory_MB |   446.476  |       N/A
2019-05-25 18:02:06,624 - INFO - allennlp.training.tensorboard_writer - accuracy3     |     0.998  |     0.997
2019-05-25 18:02:06,627 - INFO - allennlp.training.trainer - Epoch duration: 00:01:09
2019-05-25 18:02:06,628 - INFO - allennlp.training.trainer - Estimated training time remaining: 1:23:41
2019-05-25 18:02:06,628 - INFO - allennlp.training.trainer - Epoch 28/99
2019-05-25 18:02:06,652 - INFO - allennlp.training.trainer - Peak CPU memory usage MB: 446.836736
2019-05-25 18:02:06,659 - INFO - allennlp.training.trainer - Training
2019-05-25 18:03:11,910 - INFO - allennlp.training.trainer - Validating
2019-05-25 18:03:17,842 - INFO - allennlp.training.trainer - Ran out of patience.  Stopping training.
2019-05-25 18:03:17,842 - INFO - allennlp.training.checkpointer - loading best weights
