2019-05-26 22:23:08,842 - INFO - allennlp.common.params - evaluate_on_test = False
2019-05-26 22:23:08,842 - INFO - allennlp.common.from_params - instantiating class <class 'allennlp.data.dataset_readers.dataset_reader.DatasetReader'> from params {'token_indexers': {'token_characters': {'min_padding_length': 3, 'type': 'characters'}}, 'type': 'custom-dataset-reader'} and extras set()
2019-05-26 22:23:08,842 - INFO - allennlp.common.params - dataset_reader.type = custom-dataset-reader
2019-05-26 22:23:08,843 - INFO - allennlp.common.from_params - instantiating class <class 'layers.utils.data_reader.CustomDataReader'> from params {'token_indexers': {'token_characters': {'min_padding_length': 3, 'type': 'characters'}}} and extras set()
2019-05-26 22:23:08,843 - INFO - allennlp.common.from_params - instantiating class <class 'allennlp.data.token_indexers.token_indexer.TokenIndexer'> from params {'min_padding_length': 3, 'type': 'characters'} and extras set()
2019-05-26 22:23:08,843 - INFO - allennlp.common.params - dataset_reader.token_indexers.token_characters.type = characters
2019-05-26 22:23:08,843 - INFO - allennlp.common.from_params - instantiating class <class 'allennlp.data.token_indexers.token_characters_indexer.TokenCharactersIndexer'> from params {'min_padding_length': 3} and extras set()
2019-05-26 22:23:08,843 - INFO - allennlp.common.params - dataset_reader.token_indexers.token_characters.namespace = token_characters
2019-05-26 22:23:08,844 - INFO - allennlp.common.params - dataset_reader.token_indexers.token_characters.start_tokens = None
2019-05-26 22:23:08,844 - INFO - allennlp.common.params - dataset_reader.token_indexers.token_characters.end_tokens = None
2019-05-26 22:23:08,844 - INFO - allennlp.common.params - dataset_reader.token_indexers.token_characters.min_padding_length = 3
2019-05-26 22:23:08,844 - INFO - allennlp.common.params - validation_dataset_reader = None
2019-05-26 22:23:08,844 - INFO - allennlp.common.params - train_data_path = temp/datasets/exists_ru/exists_ru_train.xlsx
2019-05-26 22:23:08,844 - INFO - allennlp.training.util - Reading training data from temp/datasets/exists_ru/exists_ru_train.xlsx
2019-05-26 22:23:08,844 - INFO - allennlp.common.params - validation_data_path = temp/datasets/exists_ru/exists_ru_test.xlsx
2019-05-26 22:23:08,844 - INFO - allennlp.training.util - Reading validation data from temp/datasets/exists_ru/exists_ru_test.xlsx
2019-05-26 22:23:08,845 - INFO - allennlp.common.params - test_data_path = None
2019-05-26 22:23:08,845 - INFO - allennlp.training.trainer - From dataset instances, validation, train will be considered for vocabulary creation.
2019-05-26 22:23:08,845 - INFO - allennlp.common.params - vocabulary.type = None
2019-05-26 22:23:08,845 - INFO - allennlp.common.params - vocabulary.extend = False
2019-05-26 22:23:08,845 - INFO - allennlp.common.params - vocabulary.directory_path = temp/datasets/exists_ru/cnn_lstm_crf/vocabulary
2019-05-26 22:23:08,845 - INFO - allennlp.data.vocabulary - Loading Vocab from files instead of dataset.
2019-05-26 22:23:08,845 - INFO - allennlp.data.vocabulary - Loading token dictionary from temp/datasets/exists_ru/cnn_lstm_crf/vocabulary.
2019-05-26 22:23:08,846 - INFO - allennlp.common.from_params - instantiating class <class 'allennlp.models.model.Model'> from params {'encoder': {'bidirectional': True, 'hidden_size': 100, 'input_size': 40, 'type': 'lstm'}, 'text_field_embedder': {'token_characters': {'embedding': {'embedding_dim': 20}, 'encoder': {'embedding_dim': 20, 'ngram_filter_sizes': [2, 3], 'num_filters': 20, 'output_dim': 40, 'type': 'cnn'}, 'type': 'character_encoding'}}, 'type': 'crf_tagger_f1'} and extras {'vocab'}
2019-05-26 22:23:08,846 - INFO - allennlp.common.params - model.type = crf_tagger_f1
2019-05-26 22:23:08,846 - INFO - allennlp.common.from_params - instantiating class <class 'layers.taggers.crf_with_f1.CrfTaggerWithMetric'> from params {'encoder': {'bidirectional': True, 'hidden_size': 100, 'input_size': 40, 'type': 'lstm'}, 'text_field_embedder': {'token_characters': {'embedding': {'embedding_dim': 20}, 'encoder': {'embedding_dim': 20, 'ngram_filter_sizes': [2, 3], 'num_filters': 20, 'output_dim': 40, 'type': 'cnn'}, 'type': 'character_encoding'}}} and extras {'vocab'}
2019-05-26 22:23:08,846 - INFO - allennlp.common.from_params - instantiating class <class 'allennlp.modules.text_field_embedders.text_field_embedder.TextFieldEmbedder'> from params {'token_characters': {'embedding': {'embedding_dim': 20}, 'encoder': {'embedding_dim': 20, 'ngram_filter_sizes': [2, 3], 'num_filters': 20, 'output_dim': 40, 'type': 'cnn'}, 'type': 'character_encoding'}} and extras {'vocab'}
2019-05-26 22:23:08,847 - INFO - allennlp.common.params - model.text_field_embedder.type = basic
2019-05-26 22:23:08,847 - INFO - allennlp.common.params - model.text_field_embedder.embedder_to_indexer_map = None
2019-05-26 22:23:08,847 - INFO - allennlp.common.params - model.text_field_embedder.allow_unmatched_keys = False
2019-05-26 22:23:08,847 - INFO - allennlp.common.params - model.text_field_embedder.token_embedders = None
2019-05-26 22:23:08,847 - INFO - allennlp.common.from_params - instantiating class <class 'allennlp.modules.token_embedders.token_embedder.TokenEmbedder'> from params {'embedding': {'embedding_dim': 20}, 'encoder': {'embedding_dim': 20, 'ngram_filter_sizes': [2, 3], 'num_filters': 20, 'output_dim': 40, 'type': 'cnn'}, 'type': 'character_encoding'} and extras {'vocab'}
2019-05-26 22:23:08,847 - INFO - allennlp.common.params - model.text_field_embedder.token_characters.type = character_encoding
2019-05-26 22:23:08,847 - INFO - allennlp.common.params - model.text_field_embedder.token_characters.embedding.num_embeddings = None
2019-05-26 22:23:08,847 - INFO - allennlp.common.params - model.text_field_embedder.token_characters.embedding.vocab_namespace = token_characters
2019-05-26 22:23:08,847 - INFO - allennlp.common.params - model.text_field_embedder.token_characters.embedding.embedding_dim = 20
2019-05-26 22:23:08,848 - INFO - allennlp.common.params - model.text_field_embedder.token_characters.embedding.pretrained_file = None
2019-05-26 22:23:08,848 - INFO - allennlp.common.params - model.text_field_embedder.token_characters.embedding.projection_dim = None
2019-05-26 22:23:08,848 - INFO - allennlp.common.params - model.text_field_embedder.token_characters.embedding.trainable = True
2019-05-26 22:23:08,848 - INFO - allennlp.common.params - model.text_field_embedder.token_characters.embedding.padding_index = None
2019-05-26 22:23:08,881 - INFO - allennlp.common.params - model.text_field_embedder.token_characters.embedding.max_norm = None
2019-05-26 22:23:08,882 - INFO - allennlp.common.params - model.text_field_embedder.token_characters.embedding.norm_type = 2.0
2019-05-26 22:23:08,882 - INFO - allennlp.common.params - model.text_field_embedder.token_characters.embedding.scale_grad_by_freq = False
2019-05-26 22:23:08,882 - INFO - allennlp.common.params - model.text_field_embedder.token_characters.embedding.sparse = False
2019-05-26 22:23:08,883 - INFO - allennlp.common.from_params - instantiating class <class 'allennlp.modules.seq2vec_encoders.seq2vec_encoder.Seq2VecEncoder'> from params {'embedding_dim': 20, 'ngram_filter_sizes': [2, 3], 'num_filters': 20, 'output_dim': 40, 'type': 'cnn'} and extras set()
2019-05-26 22:23:08,883 - INFO - allennlp.common.params - model.text_field_embedder.token_characters.encoder.type = cnn
2019-05-26 22:23:08,883 - INFO - allennlp.common.from_params - instantiating class <class 'allennlp.modules.seq2vec_encoders.cnn_encoder.CnnEncoder'> from params {'embedding_dim': 20, 'ngram_filter_sizes': [2, 3], 'num_filters': 20, 'output_dim': 40} and extras set()
2019-05-26 22:23:08,884 - INFO - allennlp.common.params - model.text_field_embedder.token_characters.encoder.embedding_dim = 20
2019-05-26 22:23:08,884 - INFO - allennlp.common.params - model.text_field_embedder.token_characters.encoder.num_filters = 20
2019-05-26 22:23:08,884 - INFO - allennlp.common.params - model.text_field_embedder.token_characters.encoder.ngram_filter_sizes = [2, 3]
2019-05-26 22:23:08,884 - INFO - allennlp.common.params - model.text_field_embedder.token_characters.encoder.output_dim = 40
2019-05-26 22:23:08,886 - INFO - allennlp.common.params - model.text_field_embedder.token_characters.dropout = 0.0
2019-05-26 22:23:08,886 - INFO - allennlp.common.from_params - instantiating class <class 'allennlp.modules.seq2seq_encoders.seq2seq_encoder.Seq2SeqEncoder'> from params {'bidirectional': True, 'hidden_size': 100, 'input_size': 40, 'type': 'lstm'} and extras {'vocab'}
2019-05-26 22:23:08,886 - INFO - allennlp.common.params - model.encoder.type = lstm
2019-05-26 22:23:08,886 - INFO - allennlp.common.params - model.encoder.batch_first = True
2019-05-26 22:23:08,886 - INFO - allennlp.common.params - model.encoder.stateful = False
2019-05-26 22:23:08,886 - INFO - allennlp.common.params - Converting Params object to dict; logging of default values will not occur when dictionary parameters are used subsequently.
2019-05-26 22:23:08,887 - INFO - allennlp.common.params - CURRENTLY DEFINED PARAMETERS: 
2019-05-26 22:23:08,887 - INFO - allennlp.common.params - model.encoder.bidirectional = True
2019-05-26 22:23:08,887 - INFO - allennlp.common.params - model.encoder.hidden_size = 100
2019-05-26 22:23:08,887 - INFO - allennlp.common.params - model.encoder.input_size = 40
2019-05-26 22:23:08,887 - INFO - allennlp.common.params - model.encoder.batch_first = True
2019-05-26 22:23:08,888 - INFO - allennlp.common.params - model.label_namespace = labels
2019-05-26 22:23:08,888 - INFO - allennlp.common.params - model.label_encoding = None
2019-05-26 22:23:08,888 - INFO - allennlp.common.params - model.include_start_end_transitions = True
2019-05-26 22:23:08,889 - INFO - allennlp.common.params - model.constrain_crf_decoding = None
2019-05-26 22:23:08,889 - INFO - allennlp.common.params - model.calculate_span_f1 = None
2019-05-26 22:23:08,889 - INFO - allennlp.common.params - model.dropout = None
2019-05-26 22:23:08,889 - INFO - allennlp.common.params - model.verbose_metrics = False
2019-05-26 22:23:08,889 - INFO - allennlp.nn.initializers - Initializing parameters
2019-05-26 22:23:08,890 - INFO - allennlp.nn.initializers - Done initializing parameters; the following parameters are using their default initialization from their code
2019-05-26 22:23:08,890 - INFO - allennlp.nn.initializers -    crf._constraint_mask
2019-05-26 22:23:08,890 - INFO - allennlp.nn.initializers -    crf.end_transitions
2019-05-26 22:23:08,890 - INFO - allennlp.nn.initializers -    crf.start_transitions
2019-05-26 22:23:08,890 - INFO - allennlp.nn.initializers -    crf.transitions
2019-05-26 22:23:08,890 - INFO - allennlp.nn.initializers -    encoder._module.bias_hh_l0
2019-05-26 22:23:08,890 - INFO - allennlp.nn.initializers -    encoder._module.bias_hh_l0_reverse
2019-05-26 22:23:08,890 - INFO - allennlp.nn.initializers -    encoder._module.bias_ih_l0
2019-05-26 22:23:08,890 - INFO - allennlp.nn.initializers -    encoder._module.bias_ih_l0_reverse
2019-05-26 22:23:08,890 - INFO - allennlp.nn.initializers -    encoder._module.weight_hh_l0
2019-05-26 22:23:08,890 - INFO - allennlp.nn.initializers -    encoder._module.weight_hh_l0_reverse
2019-05-26 22:23:08,890 - INFO - allennlp.nn.initializers -    encoder._module.weight_ih_l0
2019-05-26 22:23:08,890 - INFO - allennlp.nn.initializers -    encoder._module.weight_ih_l0_reverse
2019-05-26 22:23:08,891 - INFO - allennlp.nn.initializers -    tag_projection_layer._module.bias
2019-05-26 22:23:08,891 - INFO - allennlp.nn.initializers -    tag_projection_layer._module.weight
2019-05-26 22:23:08,891 - INFO - allennlp.nn.initializers -    text_field_embedder.token_embedder_token_characters._embedding._module.weight
2019-05-26 22:23:08,891 - INFO - allennlp.nn.initializers -    text_field_embedder.token_embedder_token_characters._encoder._module.conv_layer_0.bias
2019-05-26 22:23:08,891 - INFO - allennlp.nn.initializers -    text_field_embedder.token_embedder_token_characters._encoder._module.conv_layer_0.weight
2019-05-26 22:23:08,891 - INFO - allennlp.nn.initializers -    text_field_embedder.token_embedder_token_characters._encoder._module.conv_layer_1.bias
2019-05-26 22:23:08,891 - INFO - allennlp.nn.initializers -    text_field_embedder.token_embedder_token_characters._encoder._module.conv_layer_1.weight
2019-05-26 22:23:08,891 - INFO - allennlp.nn.initializers -    text_field_embedder.token_embedder_token_characters._encoder._module.projection_layer.bias
2019-05-26 22:23:08,891 - INFO - allennlp.nn.initializers -    text_field_embedder.token_embedder_token_characters._encoder._module.projection_layer.weight
2019-05-26 22:23:08,892 - INFO - allennlp.common.from_params - instantiating class <class 'allennlp.data.iterators.data_iterator.DataIterator'> from params {'batch_size': 100, 'type': 'basic'} and extras set()
2019-05-26 22:23:08,892 - INFO - allennlp.common.params - iterator.type = basic
2019-05-26 22:23:08,893 - INFO - allennlp.common.from_params - instantiating class <class 'allennlp.data.iterators.basic_iterator.BasicIterator'> from params {'batch_size': 100} and extras set()
2019-05-26 22:23:08,893 - INFO - allennlp.common.params - iterator.batch_size = 100
2019-05-26 22:23:08,893 - INFO - allennlp.common.params - iterator.instances_per_epoch = None
2019-05-26 22:23:08,893 - INFO - allennlp.common.params - iterator.max_instances_in_memory = None
2019-05-26 22:23:08,893 - INFO - allennlp.common.params - iterator.cache_instances = False
2019-05-26 22:23:08,893 - INFO - allennlp.common.params - iterator.track_epoch = False
2019-05-26 22:23:08,893 - INFO - allennlp.common.params - iterator.maximum_samples_per_batch = None
2019-05-26 22:23:08,893 - INFO - allennlp.common.params - validation_iterator = None
2019-05-26 22:23:08,893 - INFO - allennlp.common.params - trainer.no_grad = ()
2019-05-26 22:23:08,893 - INFO - allennlp.training.trainer - Following parameters are Frozen  (without gradient):
2019-05-26 22:23:08,894 - INFO - allennlp.training.trainer - crf._constraint_mask
2019-05-26 22:23:08,894 - INFO - allennlp.training.trainer - Following parameters are Tunable (with gradient):
2019-05-26 22:23:08,894 - INFO - allennlp.training.trainer - text_field_embedder.token_embedder_token_characters._embedding._module.weight
2019-05-26 22:23:08,894 - INFO - allennlp.training.trainer - text_field_embedder.token_embedder_token_characters._encoder._module.conv_layer_0.weight
2019-05-26 22:23:08,894 - INFO - allennlp.training.trainer - text_field_embedder.token_embedder_token_characters._encoder._module.conv_layer_0.bias
2019-05-26 22:23:08,894 - INFO - allennlp.training.trainer - text_field_embedder.token_embedder_token_characters._encoder._module.conv_layer_1.weight
2019-05-26 22:23:08,894 - INFO - allennlp.training.trainer - text_field_embedder.token_embedder_token_characters._encoder._module.conv_layer_1.bias
2019-05-26 22:23:08,894 - INFO - allennlp.training.trainer - text_field_embedder.token_embedder_token_characters._encoder._module.projection_layer.weight
2019-05-26 22:23:08,894 - INFO - allennlp.training.trainer - text_field_embedder.token_embedder_token_characters._encoder._module.projection_layer.bias
2019-05-26 22:23:08,894 - INFO - allennlp.training.trainer - encoder._module.weight_ih_l0
2019-05-26 22:23:08,894 - INFO - allennlp.training.trainer - encoder._module.weight_hh_l0
2019-05-26 22:23:08,894 - INFO - allennlp.training.trainer - encoder._module.bias_ih_l0
2019-05-26 22:23:08,894 - INFO - allennlp.training.trainer - encoder._module.bias_hh_l0
2019-05-26 22:23:08,894 - INFO - allennlp.training.trainer - encoder._module.weight_ih_l0_reverse
2019-05-26 22:23:08,894 - INFO - allennlp.training.trainer - encoder._module.weight_hh_l0_reverse
2019-05-26 22:23:08,894 - INFO - allennlp.training.trainer - encoder._module.bias_ih_l0_reverse
2019-05-26 22:23:08,894 - INFO - allennlp.training.trainer - encoder._module.bias_hh_l0_reverse
2019-05-26 22:23:08,895 - INFO - allennlp.training.trainer - tag_projection_layer._module.weight
2019-05-26 22:23:08,895 - INFO - allennlp.training.trainer - tag_projection_layer._module.bias
2019-05-26 22:23:08,895 - INFO - allennlp.training.trainer - crf.transitions
2019-05-26 22:23:08,895 - INFO - allennlp.training.trainer - crf.start_transitions
2019-05-26 22:23:08,895 - INFO - allennlp.training.trainer - crf.end_transitions
2019-05-26 22:23:08,895 - INFO - allennlp.common.params - trainer.patience = 10
2019-05-26 22:23:08,895 - INFO - allennlp.common.params - trainer.validation_metric = +f1_macro
2019-05-26 22:23:08,895 - INFO - allennlp.common.params - trainer.shuffle = True
2019-05-26 22:23:08,895 - INFO - allennlp.common.params - trainer.num_epochs = 40
2019-05-26 22:23:08,895 - INFO - allennlp.common.params - trainer.cuda_device = -1
2019-05-26 22:23:08,895 - INFO - allennlp.common.params - trainer.grad_norm = None
2019-05-26 22:23:08,895 - INFO - allennlp.common.params - trainer.grad_clipping = None
2019-05-26 22:23:08,895 - INFO - allennlp.common.params - trainer.learning_rate_scheduler = None
2019-05-26 22:23:08,895 - INFO - allennlp.common.params - trainer.momentum_scheduler = None
2019-05-26 22:23:08,895 - INFO - allennlp.common.params - trainer.optimizer.type = adam
2019-05-26 22:23:08,896 - INFO - allennlp.common.params - trainer.optimizer.parameter_groups = None
2019-05-26 22:23:08,896 - INFO - allennlp.training.optimizers - Number of trainable parameters: 123198
2019-05-26 22:23:08,896 - INFO - allennlp.common.params - trainer.optimizer.infer_type_and_cast = True
2019-05-26 22:23:08,896 - INFO - allennlp.common.params - Converting Params object to dict; logging of default values will not occur when dictionary parameters are used subsequently.
2019-05-26 22:23:08,896 - INFO - allennlp.common.params - CURRENTLY DEFINED PARAMETERS: 
2019-05-26 22:23:08,896 - INFO - allennlp.common.params - trainer.optimizer.lr = 0.01
2019-05-26 22:23:08,896 - INFO - allennlp.common.params - trainer.num_serialized_models_to_keep = 20
2019-05-26 22:23:08,896 - INFO - allennlp.common.params - trainer.keep_serialized_model_every_num_seconds = None
2019-05-26 22:23:08,896 - INFO - allennlp.common.params - trainer.model_save_interval = None
2019-05-26 22:23:08,896 - INFO - allennlp.common.params - trainer.summary_interval = 100
2019-05-26 22:23:08,896 - INFO - allennlp.common.params - trainer.histogram_interval = None
2019-05-26 22:23:08,896 - INFO - allennlp.common.params - trainer.should_log_parameter_statistics = True
2019-05-26 22:23:08,896 - INFO - allennlp.common.params - trainer.should_log_learning_rate = False
2019-05-26 22:23:08,896 - INFO - allennlp.common.params - trainer.log_batch_size_period = None
2019-05-26 22:23:08,898 - INFO - allennlp.training.trainer - Beginning training.
2019-05-26 22:23:08,898 - INFO - allennlp.training.trainer - Epoch 0/39
2019-05-26 22:23:08,898 - INFO - allennlp.training.trainer - Peak CPU memory usage MB: 225.1776
2019-05-26 22:23:08,904 - INFO - allennlp.training.trainer - Training
2019-05-26 22:24:32,745 - INFO - allennlp.training.trainer - Validating
2019-05-26 22:24:42,084 - INFO - allennlp.training.tensorboard_writer -                   Training |  Validation
2019-05-26 22:24:42,085 - INFO - allennlp.training.tensorboard_writer - f1_macro      |     0.686  |     0.922
2019-05-26 22:24:42,085 - INFO - allennlp.training.tensorboard_writer - accuracy      |     0.907  |     0.994
2019-05-26 22:24:42,085 - INFO - allennlp.training.tensorboard_writer - cpu_memory_MB |   225.178  |       N/A
2019-05-26 22:24:42,086 - INFO - allennlp.training.tensorboard_writer - accuracy3     |     0.914  |     0.994
2019-05-26 22:24:42,086 - INFO - allennlp.training.tensorboard_writer - loss          |   485.008  |    36.855
2019-05-26 22:24:42,090 - INFO - allennlp.training.checkpointer - Best validation performance so far. Copying weights to 'output/models/cnn_lstm_crf/exists_ru/best.th'.
2019-05-26 22:24:42,091 - INFO - allennlp.training.trainer - Epoch duration: 00:01:33
2019-05-26 22:24:42,091 - INFO - allennlp.training.trainer - Estimated training time remaining: 1:00:34
2019-05-26 22:24:42,091 - INFO - allennlp.training.trainer - Epoch 1/39
2019-05-26 22:24:42,091 - INFO - allennlp.training.trainer - Peak CPU memory usage MB: 458.350592
2019-05-26 22:24:42,098 - INFO - allennlp.training.trainer - Training
2019-05-26 22:26:07,016 - INFO - allennlp.training.trainer - Validating
2019-05-26 22:26:16,352 - INFO - allennlp.training.tensorboard_writer -                   Training |  Validation
2019-05-26 22:26:16,352 - INFO - allennlp.training.tensorboard_writer - f1_macro      |     0.948  |     0.965
2019-05-26 22:26:16,353 - INFO - allennlp.training.tensorboard_writer - accuracy      |     0.996  |     0.997
2019-05-26 22:26:16,353 - INFO - allennlp.training.tensorboard_writer - cpu_memory_MB |   458.351  |       N/A
2019-05-26 22:26:16,353 - INFO - allennlp.training.tensorboard_writer - accuracy3     |     0.996  |     0.997
2019-05-26 22:26:16,353 - INFO - allennlp.training.tensorboard_writer - loss          |    25.507  |    18.592
2019-05-26 22:26:16,357 - INFO - allennlp.training.checkpointer - Best validation performance so far. Copying weights to 'output/models/cnn_lstm_crf/exists_ru/best.th'.
2019-05-26 22:26:16,358 - INFO - allennlp.training.trainer - Epoch duration: 00:01:34
2019-05-26 22:26:16,383 - INFO - allennlp.training.trainer - Estimated training time remaining: 0:59:22
2019-05-26 22:26:16,383 - INFO - allennlp.training.trainer - Epoch 2/39
2019-05-26 22:26:16,383 - INFO - allennlp.training.trainer - Peak CPU memory usage MB: 465.555456
2019-05-26 22:26:16,390 - INFO - allennlp.training.trainer - Training
2019-05-26 22:27:41,614 - INFO - allennlp.training.trainer - Validating
2019-05-26 22:27:50,946 - INFO - allennlp.training.tensorboard_writer -                   Training |  Validation
2019-05-26 22:27:50,946 - INFO - allennlp.training.tensorboard_writer - f1_macro      |     0.971  |     0.965
2019-05-26 22:27:50,947 - INFO - allennlp.training.tensorboard_writer - accuracy      |     0.997  |     0.997
2019-05-26 22:27:50,947 - INFO - allennlp.training.tensorboard_writer - cpu_memory_MB |   465.555  |       N/A
2019-05-26 22:27:50,947 - INFO - allennlp.training.tensorboard_writer - accuracy3     |     0.997  |     0.997
2019-05-26 22:27:50,948 - INFO - allennlp.training.tensorboard_writer - loss          |    16.574  |    15.490
2019-05-26 22:27:50,951 - INFO - allennlp.training.checkpointer - Best validation performance so far. Copying weights to 'output/models/cnn_lstm_crf/exists_ru/best.th'.
2019-05-26 22:27:50,952 - INFO - allennlp.training.trainer - Epoch duration: 00:01:34
2019-05-26 22:27:50,952 - INFO - allennlp.training.trainer - Estimated training time remaining: 0:57:58
2019-05-26 22:27:50,952 - INFO - allennlp.training.trainer - Epoch 3/39
2019-05-26 22:27:50,952 - INFO - allennlp.training.trainer - Peak CPU memory usage MB: 466.939904
2019-05-26 22:27:50,960 - INFO - allennlp.training.trainer - Training
2019-05-26 22:29:15,967 - INFO - allennlp.training.trainer - Validating
2019-05-26 22:29:25,322 - INFO - allennlp.training.tensorboard_writer -                   Training |  Validation
2019-05-26 22:29:25,323 - INFO - allennlp.training.tensorboard_writer - f1_macro      |     0.978  |     0.978
2019-05-26 22:29:25,323 - INFO - allennlp.training.tensorboard_writer - accuracy      |     0.998  |     0.998
2019-05-26 22:29:25,323 - INFO - allennlp.training.tensorboard_writer - cpu_memory_MB |   466.940  |       N/A
2019-05-26 22:29:25,324 - INFO - allennlp.training.tensorboard_writer - accuracy3     |     0.998  |     0.998
2019-05-26 22:29:25,324 - INFO - allennlp.training.tensorboard_writer - loss          |    12.508  |    14.239
2019-05-26 22:29:25,327 - INFO - allennlp.training.checkpointer - Best validation performance so far. Copying weights to 'output/models/cnn_lstm_crf/exists_ru/best.th'.
2019-05-26 22:29:25,328 - INFO - allennlp.training.trainer - Epoch duration: 00:01:34
2019-05-26 22:29:25,335 - INFO - allennlp.training.trainer - Estimated training time remaining: 0:56:27
2019-05-26 22:29:25,335 - INFO - allennlp.training.trainer - Epoch 4/39
2019-05-26 22:29:25,336 - INFO - allennlp.training.trainer - Peak CPU memory usage MB: 468.000768
2019-05-26 22:29:25,342 - INFO - allennlp.training.trainer - Training
2019-05-26 22:30:50,520 - INFO - allennlp.training.trainer - Validating
2019-05-26 22:30:59,874 - INFO - allennlp.training.tensorboard_writer -                   Training |  Validation
2019-05-26 22:30:59,874 - INFO - allennlp.training.tensorboard_writer - f1_macro      |     0.981  |     0.988
2019-05-26 22:30:59,874 - INFO - allennlp.training.tensorboard_writer - accuracy      |     0.998  |     0.998
2019-05-26 22:30:59,875 - INFO - allennlp.training.tensorboard_writer - cpu_memory_MB |   468.001  |       N/A
2019-05-26 22:30:59,875 - INFO - allennlp.training.tensorboard_writer - accuracy3     |     0.998  |     0.998
2019-05-26 22:30:59,875 - INFO - allennlp.training.tensorboard_writer - loss          |    10.713  |    11.259
2019-05-26 22:30:59,879 - INFO - allennlp.training.checkpointer - Best validation performance so far. Copying weights to 'output/models/cnn_lstm_crf/exists_ru/best.th'.
2019-05-26 22:30:59,879 - INFO - allennlp.training.trainer - Epoch duration: 00:01:34
2019-05-26 22:30:59,886 - INFO - allennlp.training.trainer - Estimated training time remaining: 0:54:56
2019-05-26 22:30:59,887 - INFO - allennlp.training.trainer - Epoch 5/39
2019-05-26 22:30:59,887 - INFO - allennlp.training.trainer - Peak CPU memory usage MB: 469.106688
2019-05-26 22:30:59,894 - INFO - allennlp.training.trainer - Training
2019-05-26 22:32:25,082 - INFO - allennlp.training.trainer - Validating
2019-05-26 22:32:34,340 - INFO - allennlp.training.tensorboard_writer -                   Training |  Validation
2019-05-26 22:32:34,340 - INFO - allennlp.training.tensorboard_writer - f1_macro      |     0.983  |     0.987
2019-05-26 22:32:34,341 - INFO - allennlp.training.tensorboard_writer - accuracy      |     0.998  |     0.998
2019-05-26 22:32:34,341 - INFO - allennlp.training.tensorboard_writer - cpu_memory_MB |   469.107  |       N/A
2019-05-26 22:32:34,341 - INFO - allennlp.training.tensorboard_writer - accuracy3     |     0.998  |     0.998
2019-05-26 22:32:34,342 - INFO - allennlp.training.tensorboard_writer - loss          |    10.373  |    10.596
2019-05-26 22:32:34,345 - INFO - allennlp.training.trainer - Epoch duration: 00:01:34
2019-05-26 22:32:34,345 - INFO - allennlp.training.trainer - Estimated training time remaining: 0:53:24
2019-05-26 22:32:34,345 - INFO - allennlp.training.trainer - Epoch 6/39
2019-05-26 22:32:34,345 - INFO - allennlp.training.trainer - Peak CPU memory usage MB: 470.274048
2019-05-26 22:32:34,352 - INFO - allennlp.training.trainer - Training
2019-05-26 22:33:59,277 - INFO - allennlp.training.trainer - Validating
2019-05-26 22:34:08,592 - INFO - allennlp.training.tensorboard_writer -                   Training |  Validation
2019-05-26 22:34:08,593 - INFO - allennlp.training.tensorboard_writer - f1_macro      |     0.977  |     0.987
2019-05-26 22:34:08,593 - INFO - allennlp.training.tensorboard_writer - accuracy      |     0.998  |     0.998
2019-05-26 22:34:08,593 - INFO - allennlp.training.tensorboard_writer - cpu_memory_MB |   470.274  |       N/A
2019-05-26 22:34:08,594 - INFO - allennlp.training.tensorboard_writer - accuracy3     |     0.998  |     0.998
2019-05-26 22:34:08,594 - INFO - allennlp.training.tensorboard_writer - loss          |    11.482  |    12.272
2019-05-26 22:34:08,598 - INFO - allennlp.training.trainer - Epoch duration: 00:01:34
2019-05-26 22:34:08,598 - INFO - allennlp.training.trainer - Estimated training time remaining: 0:51:50
2019-05-26 22:34:08,598 - INFO - allennlp.training.trainer - Epoch 7/39
2019-05-26 22:34:08,598 - INFO - allennlp.training.trainer - Peak CPU memory usage MB: 472.608768
2019-05-26 22:34:08,605 - INFO - allennlp.training.trainer - Training
2019-05-26 22:35:33,579 - INFO - allennlp.training.trainer - Validating
2019-05-26 22:35:42,933 - INFO - allennlp.training.tensorboard_writer -                   Training |  Validation
2019-05-26 22:35:42,933 - INFO - allennlp.training.tensorboard_writer - f1_macro      |     0.982  |     0.985
2019-05-26 22:35:42,933 - INFO - allennlp.training.tensorboard_writer - accuracy      |     0.998  |     0.998
2019-05-26 22:35:42,934 - INFO - allennlp.training.tensorboard_writer - cpu_memory_MB |   472.609  |       N/A
2019-05-26 22:35:42,934 - INFO - allennlp.training.tensorboard_writer - accuracy3     |     0.998  |     0.998
2019-05-26 22:35:42,934 - INFO - allennlp.training.tensorboard_writer - loss          |     9.414  |     9.941
2019-05-26 22:35:42,938 - INFO - allennlp.training.trainer - Epoch duration: 00:01:34
2019-05-26 22:35:42,938 - INFO - allennlp.training.trainer - Estimated training time remaining: 0:50:16
2019-05-26 22:35:42,938 - INFO - allennlp.training.trainer - Epoch 8/39
2019-05-26 22:35:42,940 - INFO - allennlp.training.trainer - Peak CPU memory usage MB: 472.932352
2019-05-26 22:35:42,947 - INFO - allennlp.training.trainer - Training
2019-05-26 22:37:08,191 - INFO - allennlp.training.trainer - Validating
2019-05-26 22:37:17,587 - INFO - allennlp.training.tensorboard_writer -                   Training |  Validation
2019-05-26 22:37:17,587 - INFO - allennlp.training.tensorboard_writer - f1_macro      |     0.988  |     0.986
2019-05-26 22:37:17,587 - INFO - allennlp.training.tensorboard_writer - accuracy      |     0.998  |     0.998
2019-05-26 22:37:17,588 - INFO - allennlp.training.tensorboard_writer - cpu_memory_MB |   472.932  |       N/A
2019-05-26 22:37:17,588 - INFO - allennlp.training.tensorboard_writer - accuracy3     |     0.998  |     0.998
2019-05-26 22:37:17,588 - INFO - allennlp.training.tensorboard_writer - loss          |     8.134  |     9.740
2019-05-26 22:37:17,593 - INFO - allennlp.training.trainer - Epoch duration: 00:01:34
2019-05-26 22:37:17,593 - INFO - allennlp.training.trainer - Estimated training time remaining: 0:48:43
2019-05-26 22:37:17,593 - INFO - allennlp.training.trainer - Epoch 9/39
2019-05-26 22:37:17,593 - INFO - allennlp.training.trainer - Peak CPU memory usage MB: 472.932352
2019-05-26 22:37:17,600 - INFO - allennlp.training.trainer - Training
2019-05-26 22:38:42,754 - INFO - allennlp.training.trainer - Validating
2019-05-26 22:38:52,058 - INFO - allennlp.training.tensorboard_writer -                   Training |  Validation
2019-05-26 22:38:52,058 - INFO - allennlp.training.tensorboard_writer - f1_macro      |     0.989  |     0.986
2019-05-26 22:38:52,058 - INFO - allennlp.training.tensorboard_writer - accuracy      |     0.998  |     0.998
2019-05-26 22:38:52,059 - INFO - allennlp.training.tensorboard_writer - cpu_memory_MB |   472.932  |       N/A
2019-05-26 22:38:52,059 - INFO - allennlp.training.tensorboard_writer - accuracy3     |     0.998  |     0.998
2019-05-26 22:38:52,059 - INFO - allennlp.training.tensorboard_writer - loss          |     7.554  |     8.277
2019-05-26 22:38:52,064 - INFO - allennlp.training.trainer - Epoch duration: 00:01:34
2019-05-26 22:38:52,064 - INFO - allennlp.training.trainer - Estimated training time remaining: 0:47:09
2019-05-26 22:38:52,064 - INFO - allennlp.training.trainer - Epoch 10/39
2019-05-26 22:38:52,064 - INFO - allennlp.training.trainer - Peak CPU memory usage MB: 473.37472
2019-05-26 22:38:52,071 - INFO - allennlp.training.trainer - Training
2019-05-26 22:40:17,423 - INFO - allennlp.training.trainer - Validating
2019-05-26 22:40:26,748 - INFO - allennlp.training.tensorboard_writer -                   Training |  Validation
2019-05-26 22:40:26,748 - INFO - allennlp.training.tensorboard_writer - f1_macro      |     0.989  |     0.984
2019-05-26 22:40:26,749 - INFO - allennlp.training.tensorboard_writer - accuracy      |     0.999  |     0.998
2019-05-26 22:40:26,749 - INFO - allennlp.training.tensorboard_writer - cpu_memory_MB |   473.375  |       N/A
2019-05-26 22:40:26,749 - INFO - allennlp.training.tensorboard_writer - accuracy3     |     0.999  |     0.998
2019-05-26 22:40:26,750 - INFO - allennlp.training.tensorboard_writer - loss          |     7.154  |     9.739
2019-05-26 22:40:26,755 - INFO - allennlp.training.trainer - Epoch duration: 00:01:34
2019-05-26 22:40:26,755 - INFO - allennlp.training.trainer - Estimated training time remaining: 0:45:36
2019-05-26 22:40:26,755 - INFO - allennlp.training.trainer - Epoch 11/39
2019-05-26 22:40:26,755 - INFO - allennlp.training.trainer - Peak CPU memory usage MB: 473.407488
2019-05-26 22:40:26,762 - INFO - allennlp.training.trainer - Training
2019-05-26 22:41:52,169 - INFO - allennlp.training.trainer - Validating
2019-05-26 22:42:01,495 - INFO - allennlp.training.tensorboard_writer -                   Training |  Validation
2019-05-26 22:42:01,496 - INFO - allennlp.training.tensorboard_writer - f1_macro      |     0.990  |     0.985
2019-05-26 22:42:01,496 - INFO - allennlp.training.tensorboard_writer - accuracy      |     0.999  |     0.998
2019-05-26 22:42:01,496 - INFO - allennlp.training.tensorboard_writer - cpu_memory_MB |   473.407  |       N/A
2019-05-26 22:42:01,497 - INFO - allennlp.training.tensorboard_writer - accuracy3     |     0.999  |     0.998
2019-05-26 22:42:01,497 - INFO - allennlp.training.tensorboard_writer - loss          |     6.781  |     8.317
2019-05-26 22:42:01,502 - INFO - allennlp.training.trainer - Epoch duration: 00:01:34
2019-05-26 22:42:01,502 - INFO - allennlp.training.trainer - Estimated training time remaining: 0:44:02
2019-05-26 22:42:01,502 - INFO - allennlp.training.trainer - Epoch 12/39
2019-05-26 22:42:01,502 - INFO - allennlp.training.trainer - Peak CPU memory usage MB: 473.407488
2019-05-26 22:42:01,509 - INFO - allennlp.training.trainer - Training
2019-05-26 22:43:27,272 - INFO - allennlp.training.trainer - Validating
2019-05-26 22:43:36,600 - INFO - allennlp.training.tensorboard_writer -                   Training |  Validation
2019-05-26 22:43:36,600 - INFO - allennlp.training.tensorboard_writer - f1_macro      |     0.986  |     0.986
2019-05-26 22:43:36,600 - INFO - allennlp.training.tensorboard_writer - accuracy      |     0.999  |     0.999
2019-05-26 22:43:36,601 - INFO - allennlp.training.tensorboard_writer - cpu_memory_MB |   473.407  |       N/A
2019-05-26 22:43:36,601 - INFO - allennlp.training.tensorboard_writer - accuracy3     |     0.999  |     0.999
2019-05-26 22:43:36,601 - INFO - allennlp.training.tensorboard_writer - loss          |     6.358  |     7.967
2019-05-26 22:43:36,606 - INFO - allennlp.training.trainer - Epoch duration: 00:01:35
2019-05-26 22:43:36,606 - INFO - allennlp.training.trainer - Estimated training time remaining: 0:42:29
2019-05-26 22:43:36,606 - INFO - allennlp.training.trainer - Epoch 13/39
2019-05-26 22:43:36,606 - INFO - allennlp.training.trainer - Peak CPU memory usage MB: 473.563136
2019-05-26 22:43:36,614 - INFO - allennlp.training.trainer - Training
2019-05-26 22:45:01,839 - INFO - allennlp.training.trainer - Validating
2019-05-26 22:45:11,107 - INFO - allennlp.training.tensorboard_writer -                   Training |  Validation
2019-05-26 22:45:11,108 - INFO - allennlp.training.tensorboard_writer - f1_macro      |     0.991  |     0.983
2019-05-26 22:45:11,108 - INFO - allennlp.training.tensorboard_writer - accuracy      |     0.999  |     0.998
2019-05-26 22:45:11,108 - INFO - allennlp.training.tensorboard_writer - cpu_memory_MB |   473.563  |       N/A
2019-05-26 22:45:11,109 - INFO - allennlp.training.tensorboard_writer - accuracy3     |     0.999  |     0.998
2019-05-26 22:45:11,109 - INFO - allennlp.training.tensorboard_writer - loss          |     5.895  |     8.829
2019-05-26 22:45:11,112 - INFO - allennlp.training.trainer - Epoch duration: 00:01:34
2019-05-26 22:45:11,113 - INFO - allennlp.training.trainer - Estimated training time remaining: 0:40:55
2019-05-26 22:45:11,113 - INFO - allennlp.training.trainer - Epoch 14/39
2019-05-26 22:45:11,113 - INFO - allennlp.training.trainer - Peak CPU memory usage MB: 474.54208
2019-05-26 22:45:11,120 - INFO - allennlp.training.trainer - Training
2019-05-26 22:46:36,881 - INFO - allennlp.training.trainer - Validating
2019-05-26 22:46:46,204 - INFO - allennlp.training.trainer - Ran out of patience.  Stopping training.
2019-05-26 22:46:46,204 - INFO - allennlp.training.checkpointer - loading best weights
