2019-05-26 23:44:10,914 - INFO - allennlp.common.params - evaluate_on_test = False
2019-05-26 23:44:10,914 - INFO - allennlp.common.from_params - instantiating class <class 'allennlp.data.dataset_readers.dataset_reader.DatasetReader'> from params {'token_indexers': {'token_characters': {'type': 'characters'}}, 'type': 'custom-dataset-reader'} and extras set()
2019-05-26 23:44:10,914 - INFO - allennlp.common.params - dataset_reader.type = custom-dataset-reader
2019-05-26 23:44:10,914 - INFO - allennlp.common.from_params - instantiating class <class 'layers.utils.data_reader.CustomDataReader'> from params {'token_indexers': {'token_characters': {'type': 'characters'}}} and extras set()
2019-05-26 23:44:10,914 - INFO - allennlp.common.from_params - instantiating class <class 'allennlp.data.token_indexers.token_indexer.TokenIndexer'> from params {'type': 'characters'} and extras set()
2019-05-26 23:44:10,935 - INFO - allennlp.common.params - dataset_reader.token_indexers.token_characters.type = characters
2019-05-26 23:44:10,935 - INFO - allennlp.common.from_params - instantiating class <class 'allennlp.data.token_indexers.token_characters_indexer.TokenCharactersIndexer'> from params {} and extras set()
2019-05-26 23:44:10,935 - INFO - allennlp.common.params - dataset_reader.token_indexers.token_characters.namespace = token_characters
2019-05-26 23:44:10,936 - INFO - allennlp.common.params - dataset_reader.token_indexers.token_characters.start_tokens = None
2019-05-26 23:44:10,936 - INFO - allennlp.common.params - dataset_reader.token_indexers.token_characters.end_tokens = None
2019-05-26 23:44:10,936 - INFO - allennlp.common.params - dataset_reader.token_indexers.token_characters.min_padding_length = 0
2019-05-26 23:44:10,937 - INFO - allennlp.common.params - validation_dataset_reader = None
2019-05-26 23:44:10,937 - INFO - allennlp.common.params - train_data_path = temp/datasets/exists_ru/exists_ru_train.xlsx
2019-05-26 23:44:10,937 - INFO - allennlp.training.util - Reading training data from temp/datasets/exists_ru/exists_ru_train.xlsx
2019-05-26 23:44:10,937 - INFO - allennlp.common.params - validation_data_path = temp/datasets/exists_ru/exists_ru_test.xlsx
2019-05-26 23:44:10,937 - INFO - allennlp.training.util - Reading validation data from temp/datasets/exists_ru/exists_ru_test.xlsx
2019-05-26 23:44:10,937 - INFO - allennlp.common.params - test_data_path = None
2019-05-26 23:44:10,937 - INFO - allennlp.training.trainer - From dataset instances, train, validation will be considered for vocabulary creation.
2019-05-26 23:44:10,938 - INFO - allennlp.common.params - vocabulary.type = None
2019-05-26 23:44:10,938 - INFO - allennlp.common.params - vocabulary.extend = False
2019-05-26 23:44:10,938 - INFO - allennlp.common.params - vocabulary.directory_path = temp/datasets/exists_ru/lstm_lstm_crf/vocabulary
2019-05-26 23:44:10,938 - INFO - allennlp.data.vocabulary - Loading Vocab from files instead of dataset.
2019-05-26 23:44:10,938 - INFO - allennlp.data.vocabulary - Loading token dictionary from temp/datasets/exists_ru/lstm_lstm_crf/vocabulary.
2019-05-26 23:44:10,939 - INFO - allennlp.common.from_params - instantiating class <class 'allennlp.models.model.Model'> from params {'encoder': {'bidirectional': True, 'hidden_size': 100, 'input_size': 40, 'type': 'lstm'}, 'text_field_embedder': {'token_characters': {'embedding': {'embedding_dim': 20}, 'encoder': {'bidirectional': True, 'hidden_size': 20, 'input_size': 20, 'type': 'lstm'}, 'type': 'character_encoding'}}, 'type': 'crf_tagger_f1'} and extras {'vocab'}
2019-05-26 23:44:10,939 - INFO - allennlp.common.params - model.type = crf_tagger_f1
2019-05-26 23:44:10,939 - INFO - allennlp.common.from_params - instantiating class <class 'layers.taggers.crf_with_f1.CrfTaggerWithMetric'> from params {'encoder': {'bidirectional': True, 'hidden_size': 100, 'input_size': 40, 'type': 'lstm'}, 'text_field_embedder': {'token_characters': {'embedding': {'embedding_dim': 20}, 'encoder': {'bidirectional': True, 'hidden_size': 20, 'input_size': 20, 'type': 'lstm'}, 'type': 'character_encoding'}}} and extras {'vocab'}
2019-05-26 23:44:10,939 - INFO - allennlp.common.from_params - instantiating class <class 'allennlp.modules.text_field_embedders.text_field_embedder.TextFieldEmbedder'> from params {'token_characters': {'embedding': {'embedding_dim': 20}, 'encoder': {'bidirectional': True, 'hidden_size': 20, 'input_size': 20, 'type': 'lstm'}, 'type': 'character_encoding'}} and extras {'vocab'}
2019-05-26 23:44:10,940 - INFO - allennlp.common.params - model.text_field_embedder.type = basic
2019-05-26 23:44:10,940 - INFO - allennlp.common.params - model.text_field_embedder.embedder_to_indexer_map = None
2019-05-26 23:44:10,940 - INFO - allennlp.common.params - model.text_field_embedder.allow_unmatched_keys = False
2019-05-26 23:44:10,940 - INFO - allennlp.common.params - model.text_field_embedder.token_embedders = None
2019-05-26 23:44:10,940 - INFO - allennlp.common.from_params - instantiating class <class 'allennlp.modules.token_embedders.token_embedder.TokenEmbedder'> from params {'embedding': {'embedding_dim': 20}, 'encoder': {'bidirectional': True, 'hidden_size': 20, 'input_size': 20, 'type': 'lstm'}, 'type': 'character_encoding'} and extras {'vocab'}
2019-05-26 23:44:10,940 - INFO - allennlp.common.params - model.text_field_embedder.token_characters.type = character_encoding
2019-05-26 23:44:10,940 - INFO - allennlp.common.params - model.text_field_embedder.token_characters.embedding.num_embeddings = None
2019-05-26 23:44:10,941 - INFO - allennlp.common.params - model.text_field_embedder.token_characters.embedding.vocab_namespace = token_characters
2019-05-26 23:44:10,941 - INFO - allennlp.common.params - model.text_field_embedder.token_characters.embedding.embedding_dim = 20
2019-05-26 23:44:10,941 - INFO - allennlp.common.params - model.text_field_embedder.token_characters.embedding.pretrained_file = None
2019-05-26 23:44:10,941 - INFO - allennlp.common.params - model.text_field_embedder.token_characters.embedding.projection_dim = None
2019-05-26 23:44:10,941 - INFO - allennlp.common.params - model.text_field_embedder.token_characters.embedding.trainable = True
2019-05-26 23:44:10,941 - INFO - allennlp.common.params - model.text_field_embedder.token_characters.embedding.padding_index = None
2019-05-26 23:44:10,941 - INFO - allennlp.common.params - model.text_field_embedder.token_characters.embedding.max_norm = None
2019-05-26 23:44:10,941 - INFO - allennlp.common.params - model.text_field_embedder.token_characters.embedding.norm_type = 2.0
2019-05-26 23:44:10,941 - INFO - allennlp.common.params - model.text_field_embedder.token_characters.embedding.scale_grad_by_freq = False
2019-05-26 23:44:10,941 - INFO - allennlp.common.params - model.text_field_embedder.token_characters.embedding.sparse = False
2019-05-26 23:44:10,942 - INFO - allennlp.common.from_params - instantiating class <class 'allennlp.modules.seq2vec_encoders.seq2vec_encoder.Seq2VecEncoder'> from params {'bidirectional': True, 'hidden_size': 20, 'input_size': 20, 'type': 'lstm'} and extras set()
2019-05-26 23:44:10,942 - INFO - allennlp.common.params - model.text_field_embedder.token_characters.encoder.type = lstm
2019-05-26 23:44:10,942 - INFO - allennlp.common.params - model.text_field_embedder.token_characters.encoder.batch_first = True
2019-05-26 23:44:10,942 - INFO - allennlp.common.params - Converting Params object to dict; logging of default values will not occur when dictionary parameters are used subsequently.
2019-05-26 23:44:10,942 - INFO - allennlp.common.params - CURRENTLY DEFINED PARAMETERS: 
2019-05-26 23:44:10,942 - INFO - allennlp.common.params - model.text_field_embedder.token_characters.encoder.bidirectional = True
2019-05-26 23:44:10,942 - INFO - allennlp.common.params - model.text_field_embedder.token_characters.encoder.hidden_size = 20
2019-05-26 23:44:10,943 - INFO - allennlp.common.params - model.text_field_embedder.token_characters.encoder.input_size = 20
2019-05-26 23:44:10,943 - INFO - allennlp.common.params - model.text_field_embedder.token_characters.encoder.batch_first = True
2019-05-26 23:44:10,943 - INFO - allennlp.common.params - model.text_field_embedder.token_characters.dropout = 0.0
2019-05-26 23:44:10,943 - INFO - allennlp.common.from_params - instantiating class <class 'allennlp.modules.seq2seq_encoders.seq2seq_encoder.Seq2SeqEncoder'> from params {'bidirectional': True, 'hidden_size': 100, 'input_size': 40, 'type': 'lstm'} and extras {'vocab'}
2019-05-26 23:44:10,943 - INFO - allennlp.common.params - model.encoder.type = lstm
2019-05-26 23:44:10,944 - INFO - allennlp.common.params - model.encoder.batch_first = True
2019-05-26 23:44:10,944 - INFO - allennlp.common.params - model.encoder.stateful = False
2019-05-26 23:44:10,944 - INFO - allennlp.common.params - Converting Params object to dict; logging of default values will not occur when dictionary parameters are used subsequently.
2019-05-26 23:44:10,944 - INFO - allennlp.common.params - CURRENTLY DEFINED PARAMETERS: 
2019-05-26 23:44:10,944 - INFO - allennlp.common.params - model.encoder.bidirectional = True
2019-05-26 23:44:10,944 - INFO - allennlp.common.params - model.encoder.hidden_size = 100
2019-05-26 23:44:10,944 - INFO - allennlp.common.params - model.encoder.input_size = 40
2019-05-26 23:44:10,944 - INFO - allennlp.common.params - model.encoder.batch_first = True
2019-05-26 23:44:10,945 - INFO - allennlp.common.params - model.label_namespace = labels
2019-05-26 23:44:10,945 - INFO - allennlp.common.params - model.label_encoding = None
2019-05-26 23:44:10,946 - INFO - allennlp.common.params - model.include_start_end_transitions = True
2019-05-26 23:44:10,946 - INFO - allennlp.common.params - model.constrain_crf_decoding = None
2019-05-26 23:44:10,946 - INFO - allennlp.common.params - model.calculate_span_f1 = None
2019-05-26 23:44:10,946 - INFO - allennlp.common.params - model.dropout = None
2019-05-26 23:44:10,946 - INFO - allennlp.common.params - model.verbose_metrics = False
2019-05-26 23:44:10,946 - INFO - allennlp.nn.initializers - Initializing parameters
2019-05-26 23:44:10,947 - INFO - allennlp.nn.initializers - Done initializing parameters; the following parameters are using their default initialization from their code
2019-05-26 23:44:10,947 - INFO - allennlp.nn.initializers -    crf._constraint_mask
2019-05-26 23:44:10,947 - INFO - allennlp.nn.initializers -    crf.end_transitions
2019-05-26 23:44:10,947 - INFO - allennlp.nn.initializers -    crf.start_transitions
2019-05-26 23:44:10,947 - INFO - allennlp.nn.initializers -    crf.transitions
2019-05-26 23:44:10,947 - INFO - allennlp.nn.initializers -    encoder._module.bias_hh_l0
2019-05-26 23:44:10,947 - INFO - allennlp.nn.initializers -    encoder._module.bias_hh_l0_reverse
2019-05-26 23:44:10,947 - INFO - allennlp.nn.initializers -    encoder._module.bias_ih_l0
2019-05-26 23:44:10,947 - INFO - allennlp.nn.initializers -    encoder._module.bias_ih_l0_reverse
2019-05-26 23:44:10,947 - INFO - allennlp.nn.initializers -    encoder._module.weight_hh_l0
2019-05-26 23:44:10,947 - INFO - allennlp.nn.initializers -    encoder._module.weight_hh_l0_reverse
2019-05-26 23:44:10,947 - INFO - allennlp.nn.initializers -    encoder._module.weight_ih_l0
2019-05-26 23:44:10,947 - INFO - allennlp.nn.initializers -    encoder._module.weight_ih_l0_reverse
2019-05-26 23:44:10,948 - INFO - allennlp.nn.initializers -    tag_projection_layer._module.bias
2019-05-26 23:44:10,948 - INFO - allennlp.nn.initializers -    tag_projection_layer._module.weight
2019-05-26 23:44:10,948 - INFO - allennlp.nn.initializers -    text_field_embedder.token_embedder_token_characters._embedding._module.weight
2019-05-26 23:44:10,948 - INFO - allennlp.nn.initializers -    text_field_embedder.token_embedder_token_characters._encoder._module._module.bias_hh_l0
2019-05-26 23:44:10,948 - INFO - allennlp.nn.initializers -    text_field_embedder.token_embedder_token_characters._encoder._module._module.bias_hh_l0_reverse
2019-05-26 23:44:10,948 - INFO - allennlp.nn.initializers -    text_field_embedder.token_embedder_token_characters._encoder._module._module.bias_ih_l0
2019-05-26 23:44:10,948 - INFO - allennlp.nn.initializers -    text_field_embedder.token_embedder_token_characters._encoder._module._module.bias_ih_l0_reverse
2019-05-26 23:44:10,948 - INFO - allennlp.nn.initializers -    text_field_embedder.token_embedder_token_characters._encoder._module._module.weight_hh_l0
2019-05-26 23:44:10,948 - INFO - allennlp.nn.initializers -    text_field_embedder.token_embedder_token_characters._encoder._module._module.weight_hh_l0_reverse
2019-05-26 23:44:10,948 - INFO - allennlp.nn.initializers -    text_field_embedder.token_embedder_token_characters._encoder._module._module.weight_ih_l0
2019-05-26 23:44:10,948 - INFO - allennlp.nn.initializers -    text_field_embedder.token_embedder_token_characters._encoder._module._module.weight_ih_l0_reverse
2019-05-26 23:44:10,949 - INFO - allennlp.common.from_params - instantiating class <class 'allennlp.data.iterators.data_iterator.DataIterator'> from params {'batch_size': 100, 'type': 'basic'} and extras set()
2019-05-26 23:44:10,949 - INFO - allennlp.common.params - iterator.type = basic
2019-05-26 23:44:10,949 - INFO - allennlp.common.from_params - instantiating class <class 'allennlp.data.iterators.basic_iterator.BasicIterator'> from params {'batch_size': 100} and extras set()
2019-05-26 23:44:10,949 - INFO - allennlp.common.params - iterator.batch_size = 100
2019-05-26 23:44:10,950 - INFO - allennlp.common.params - iterator.instances_per_epoch = None
2019-05-26 23:44:10,950 - INFO - allennlp.common.params - iterator.max_instances_in_memory = None
2019-05-26 23:44:10,950 - INFO - allennlp.common.params - iterator.cache_instances = False
2019-05-26 23:44:10,950 - INFO - allennlp.common.params - iterator.track_epoch = False
2019-05-26 23:44:10,950 - INFO - allennlp.common.params - iterator.maximum_samples_per_batch = None
2019-05-26 23:44:10,950 - INFO - allennlp.common.params - validation_iterator = None
2019-05-26 23:44:10,950 - INFO - allennlp.common.params - trainer.no_grad = ()
2019-05-26 23:44:10,950 - INFO - allennlp.training.trainer - Following parameters are Frozen  (without gradient):
2019-05-26 23:44:10,950 - INFO - allennlp.training.trainer - crf._constraint_mask
2019-05-26 23:44:10,950 - INFO - allennlp.training.trainer - Following parameters are Tunable (with gradient):
2019-05-26 23:44:10,950 - INFO - allennlp.training.trainer - text_field_embedder.token_embedder_token_characters._embedding._module.weight
2019-05-26 23:44:10,950 - INFO - allennlp.training.trainer - text_field_embedder.token_embedder_token_characters._encoder._module._module.weight_ih_l0
2019-05-26 23:44:10,951 - INFO - allennlp.training.trainer - text_field_embedder.token_embedder_token_characters._encoder._module._module.weight_hh_l0
2019-05-26 23:44:10,951 - INFO - allennlp.training.trainer - text_field_embedder.token_embedder_token_characters._encoder._module._module.bias_ih_l0
2019-05-26 23:44:10,951 - INFO - allennlp.training.trainer - text_field_embedder.token_embedder_token_characters._encoder._module._module.bias_hh_l0
2019-05-26 23:44:10,951 - INFO - allennlp.training.trainer - text_field_embedder.token_embedder_token_characters._encoder._module._module.weight_ih_l0_reverse
2019-05-26 23:44:10,951 - INFO - allennlp.training.trainer - text_field_embedder.token_embedder_token_characters._encoder._module._module.weight_hh_l0_reverse
2019-05-26 23:44:10,951 - INFO - allennlp.training.trainer - text_field_embedder.token_embedder_token_characters._encoder._module._module.bias_ih_l0_reverse
2019-05-26 23:44:10,951 - INFO - allennlp.training.trainer - text_field_embedder.token_embedder_token_characters._encoder._module._module.bias_hh_l0_reverse
2019-05-26 23:44:10,951 - INFO - allennlp.training.trainer - encoder._module.weight_ih_l0
2019-05-26 23:44:10,985 - INFO - allennlp.training.trainer - encoder._module.weight_hh_l0
2019-05-26 23:44:10,985 - INFO - allennlp.training.trainer - encoder._module.bias_ih_l0
2019-05-26 23:44:10,985 - INFO - allennlp.training.trainer - encoder._module.bias_hh_l0
2019-05-26 23:44:10,985 - INFO - allennlp.training.trainer - encoder._module.weight_ih_l0_reverse
2019-05-26 23:44:10,985 - INFO - allennlp.training.trainer - encoder._module.weight_hh_l0_reverse
2019-05-26 23:44:10,985 - INFO - allennlp.training.trainer - encoder._module.bias_ih_l0_reverse
2019-05-26 23:44:10,986 - INFO - allennlp.training.trainer - encoder._module.bias_hh_l0_reverse
2019-05-26 23:44:10,986 - INFO - allennlp.training.trainer - tag_projection_layer._module.weight
2019-05-26 23:44:10,986 - INFO - allennlp.training.trainer - tag_projection_layer._module.bias
2019-05-26 23:44:10,986 - INFO - allennlp.training.trainer - crf.transitions
2019-05-26 23:44:10,986 - INFO - allennlp.training.trainer - crf.start_transitions
2019-05-26 23:44:10,986 - INFO - allennlp.training.trainer - crf.end_transitions
2019-05-26 23:44:10,986 - INFO - allennlp.common.params - trainer.patience = 10
2019-05-26 23:44:10,986 - INFO - allennlp.common.params - trainer.validation_metric = +f1_macro
2019-05-26 23:44:10,986 - INFO - allennlp.common.params - trainer.shuffle = True
2019-05-26 23:44:10,987 - INFO - allennlp.common.params - trainer.num_epochs = 80
2019-05-26 23:44:10,987 - INFO - allennlp.common.params - trainer.cuda_device = -1
2019-05-26 23:44:10,987 - INFO - allennlp.common.params - trainer.grad_norm = None
2019-05-26 23:44:10,987 - INFO - allennlp.common.params - trainer.grad_clipping = None
2019-05-26 23:44:10,987 - INFO - allennlp.common.params - trainer.learning_rate_scheduler = None
2019-05-26 23:44:10,987 - INFO - allennlp.common.params - trainer.momentum_scheduler = None
2019-05-26 23:44:10,987 - INFO - allennlp.common.params - trainer.optimizer.type = adam
2019-05-26 23:44:10,988 - INFO - allennlp.common.params - trainer.optimizer.parameter_groups = None
2019-05-26 23:44:10,988 - INFO - allennlp.training.optimizers - Number of trainable parameters: 126238
2019-05-26 23:44:10,988 - INFO - allennlp.common.params - trainer.optimizer.infer_type_and_cast = True
2019-05-26 23:44:10,988 - INFO - allennlp.common.params - Converting Params object to dict; logging of default values will not occur when dictionary parameters are used subsequently.
2019-05-26 23:44:10,988 - INFO - allennlp.common.params - CURRENTLY DEFINED PARAMETERS: 
2019-05-26 23:44:10,988 - INFO - allennlp.common.params - trainer.optimizer.lr = 0.01
2019-05-26 23:44:10,988 - INFO - allennlp.common.params - trainer.num_serialized_models_to_keep = 20
2019-05-26 23:44:10,989 - INFO - allennlp.common.params - trainer.keep_serialized_model_every_num_seconds = None
2019-05-26 23:44:10,989 - INFO - allennlp.common.params - trainer.model_save_interval = None
2019-05-26 23:44:10,989 - INFO - allennlp.common.params - trainer.summary_interval = 100
2019-05-26 23:44:10,989 - INFO - allennlp.common.params - trainer.histogram_interval = None
2019-05-26 23:44:10,989 - INFO - allennlp.common.params - trainer.should_log_parameter_statistics = True
2019-05-26 23:44:10,989 - INFO - allennlp.common.params - trainer.should_log_learning_rate = False
2019-05-26 23:44:10,989 - INFO - allennlp.common.params - trainer.log_batch_size_period = None
2019-05-26 23:44:10,991 - INFO - allennlp.training.trainer - Beginning training.
2019-05-26 23:44:10,991 - INFO - allennlp.training.trainer - Epoch 0/79
2019-05-26 23:44:10,992 - INFO - allennlp.training.trainer - Peak CPU memory usage MB: 225.251328
2019-05-26 23:44:10,998 - INFO - allennlp.training.trainer - Training
2019-05-26 23:45:39,293 - INFO - allennlp.training.trainer - Validating
2019-05-26 23:45:49,013 - INFO - allennlp.training.tensorboard_writer -                   Training |  Validation
2019-05-26 23:45:49,013 - INFO - allennlp.training.tensorboard_writer - accuracy3     |     0.890  |     0.990
2019-05-26 23:45:49,014 - INFO - allennlp.training.tensorboard_writer - cpu_memory_MB |   225.251  |       N/A
2019-05-26 23:45:49,014 - INFO - allennlp.training.tensorboard_writer - accuracy      |     0.883  |     0.990
2019-05-26 23:45:49,014 - INFO - allennlp.training.tensorboard_writer - f1_macro      |     0.721  |     0.905
2019-05-26 23:45:49,015 - INFO - allennlp.training.tensorboard_writer - loss          |   593.869  |    52.344
2019-05-26 23:45:49,019 - INFO - allennlp.training.checkpointer - Best validation performance so far. Copying weights to 'output/models/lstm_lstm_crf/exists_ru/best.th'.
2019-05-26 23:45:49,020 - INFO - allennlp.training.trainer - Epoch duration: 00:01:38
2019-05-26 23:45:49,020 - INFO - allennlp.training.trainer - Estimated training time remaining: 2:09:04
2019-05-26 23:45:49,020 - INFO - allennlp.training.trainer - Epoch 1/79
2019-05-26 23:45:49,020 - INFO - allennlp.training.trainer - Peak CPU memory usage MB: 410.005504
2019-05-26 23:45:49,027 - INFO - allennlp.training.trainer - Training
2019-05-26 23:47:19,408 - INFO - allennlp.training.trainer - Validating
2019-05-26 23:47:29,340 - INFO - allennlp.training.tensorboard_writer -                   Training |  Validation
2019-05-26 23:47:29,340 - INFO - allennlp.training.tensorboard_writer - accuracy3     |     0.995  |     0.996
2019-05-26 23:47:29,340 - INFO - allennlp.training.tensorboard_writer - cpu_memory_MB |   410.006  |       N/A
2019-05-26 23:47:29,341 - INFO - allennlp.training.tensorboard_writer - accuracy      |     0.995  |     0.996
2019-05-26 23:47:29,341 - INFO - allennlp.training.tensorboard_writer - f1_macro      |     0.929  |     0.942
2019-05-26 23:47:29,341 - INFO - allennlp.training.tensorboard_writer - loss          |    31.631  |    23.349
2019-05-26 23:47:29,345 - INFO - allennlp.training.checkpointer - Best validation performance so far. Copying weights to 'output/models/lstm_lstm_crf/exists_ru/best.th'.
2019-05-26 23:47:29,346 - INFO - allennlp.training.trainer - Epoch duration: 00:01:40
2019-05-26 23:47:29,346 - INFO - allennlp.training.trainer - Estimated training time remaining: 2:08:55
2019-05-26 23:47:29,346 - INFO - allennlp.training.trainer - Epoch 2/79
2019-05-26 23:47:29,346 - INFO - allennlp.training.trainer - Peak CPU memory usage MB: 415.510528
2019-05-26 23:47:29,353 - INFO - allennlp.training.trainer - Training
2019-05-26 23:48:57,275 - INFO - allennlp.training.trainer - Validating
2019-05-26 23:49:06,901 - INFO - allennlp.training.tensorboard_writer -                   Training |  Validation
2019-05-26 23:49:06,901 - INFO - allennlp.training.tensorboard_writer - accuracy3     |     0.997  |     0.997
2019-05-26 23:49:06,902 - INFO - allennlp.training.tensorboard_writer - cpu_memory_MB |   415.511  |       N/A
2019-05-26 23:49:06,902 - INFO - allennlp.training.tensorboard_writer - accuracy      |     0.997  |     0.997
2019-05-26 23:49:06,902 - INFO - allennlp.training.tensorboard_writer - f1_macro      |     0.958  |     0.949
2019-05-26 23:49:06,903 - INFO - allennlp.training.tensorboard_writer - loss          |    17.645  |    16.483
2019-05-26 23:49:06,906 - INFO - allennlp.training.checkpointer - Best validation performance so far. Copying weights to 'output/models/lstm_lstm_crf/exists_ru/best.th'.
2019-05-26 23:49:06,907 - INFO - allennlp.training.trainer - Epoch duration: 00:01:37
2019-05-26 23:49:06,907 - INFO - allennlp.training.trainer - Estimated training time remaining: 2:06:35
2019-05-26 23:49:06,907 - INFO - allennlp.training.trainer - Epoch 3/79
2019-05-26 23:49:06,907 - INFO - allennlp.training.trainer - Peak CPU memory usage MB: 419.28704
2019-05-26 23:49:06,914 - INFO - allennlp.training.trainer - Training
2019-05-26 23:50:33,925 - INFO - allennlp.training.trainer - Validating
2019-05-26 23:50:43,546 - INFO - allennlp.training.tensorboard_writer -                   Training |  Validation
2019-05-26 23:50:43,546 - INFO - allennlp.training.tensorboard_writer - accuracy3     |     0.998  |     0.998
2019-05-26 23:50:43,547 - INFO - allennlp.training.tensorboard_writer - cpu_memory_MB |   419.287  |       N/A
2019-05-26 23:50:43,547 - INFO - allennlp.training.tensorboard_writer - accuracy      |     0.998  |     0.998
2019-05-26 23:50:43,548 - INFO - allennlp.training.tensorboard_writer - f1_macro      |     0.966  |     0.962
2019-05-26 23:50:43,548 - INFO - allennlp.training.tensorboard_writer - loss          |    13.085  |    12.204
2019-05-26 23:50:43,552 - INFO - allennlp.training.checkpointer - Best validation performance so far. Copying weights to 'output/models/lstm_lstm_crf/exists_ru/best.th'.
2019-05-26 23:50:43,552 - INFO - allennlp.training.trainer - Epoch duration: 00:01:36
2019-05-26 23:50:43,553 - INFO - allennlp.training.trainer - Estimated training time remaining: 2:04:18
2019-05-26 23:50:43,553 - INFO - allennlp.training.trainer - Epoch 4/79
2019-05-26 23:50:43,553 - INFO - allennlp.training.trainer - Peak CPU memory usage MB: 420.589568
2019-05-26 23:50:43,559 - INFO - allennlp.training.trainer - Training
2019-05-26 23:52:10,908 - INFO - allennlp.training.trainer - Validating
2019-05-26 23:52:20,559 - INFO - allennlp.training.tensorboard_writer -                   Training |  Validation
2019-05-26 23:52:20,559 - INFO - allennlp.training.tensorboard_writer - accuracy3     |     0.998  |     0.998
2019-05-26 23:52:20,559 - INFO - allennlp.training.tensorboard_writer - cpu_memory_MB |   420.590  |       N/A
2019-05-26 23:52:20,560 - INFO - allennlp.training.tensorboard_writer - accuracy      |     0.998  |     0.998
2019-05-26 23:52:20,560 - INFO - allennlp.training.tensorboard_writer - f1_macro      |     0.985  |     0.982
2019-05-26 23:52:20,560 - INFO - allennlp.training.tensorboard_writer - loss          |     9.740  |    10.250
2019-05-26 23:52:20,564 - INFO - allennlp.training.checkpointer - Best validation performance so far. Copying weights to 'output/models/lstm_lstm_crf/exists_ru/best.th'.
2019-05-26 23:52:20,565 - INFO - allennlp.training.trainer - Epoch duration: 00:01:37
2019-05-26 23:52:20,589 - INFO - allennlp.training.trainer - Estimated training time remaining: 2:02:23
2019-05-26 23:52:20,590 - INFO - allennlp.training.trainer - Epoch 5/79
2019-05-26 23:52:20,590 - INFO - allennlp.training.trainer - Peak CPU memory usage MB: 428.76928
2019-05-26 23:52:20,597 - INFO - allennlp.training.trainer - Training
2019-05-26 23:53:47,661 - INFO - allennlp.training.trainer - Validating
2019-05-26 23:53:57,311 - INFO - allennlp.training.tensorboard_writer -                   Training |  Validation
2019-05-26 23:53:57,311 - INFO - allennlp.training.tensorboard_writer - accuracy3     |     0.999  |     0.998
2019-05-26 23:53:57,312 - INFO - allennlp.training.tensorboard_writer - cpu_memory_MB |   428.769  |       N/A
2019-05-26 23:53:57,312 - INFO - allennlp.training.tensorboard_writer - accuracy      |     0.999  |     0.998
2019-05-26 23:53:57,312 - INFO - allennlp.training.tensorboard_writer - f1_macro      |     0.987  |     0.983
2019-05-26 23:53:57,313 - INFO - allennlp.training.tensorboard_writer - loss          |     8.200  |     9.482
2019-05-26 23:53:57,316 - INFO - allennlp.training.checkpointer - Best validation performance so far. Copying weights to 'output/models/lstm_lstm_crf/exists_ru/best.th'.
2019-05-26 23:53:57,317 - INFO - allennlp.training.trainer - Epoch duration: 00:01:36
2019-05-26 23:53:57,341 - INFO - allennlp.training.trainer - Estimated training time remaining: 2:00:31
2019-05-26 23:53:57,341 - INFO - allennlp.training.trainer - Epoch 6/79
2019-05-26 23:53:57,341 - INFO - allennlp.training.trainer - Peak CPU memory usage MB: 434.843648
2019-05-26 23:53:57,347 - INFO - allennlp.training.trainer - Training
2019-05-26 23:55:24,131 - INFO - allennlp.training.trainer - Validating
2019-05-26 23:55:33,794 - INFO - allennlp.training.tensorboard_writer -                   Training |  Validation
2019-05-26 23:55:33,795 - INFO - allennlp.training.tensorboard_writer - accuracy3     |     0.999  |     0.998
2019-05-26 23:55:33,795 - INFO - allennlp.training.tensorboard_writer - cpu_memory_MB |   434.844  |       N/A
2019-05-26 23:55:33,795 - INFO - allennlp.training.tensorboard_writer - accuracy      |     0.999  |     0.998
2019-05-26 23:55:33,796 - INFO - allennlp.training.tensorboard_writer - f1_macro      |     0.989  |     0.981
2019-05-26 23:55:33,796 - INFO - allennlp.training.tensorboard_writer - loss          |     7.118  |     9.439
2019-05-26 23:55:33,801 - INFO - allennlp.training.trainer - Epoch duration: 00:01:36
2019-05-26 23:55:33,801 - INFO - allennlp.training.trainer - Estimated training time remaining: 1:58:40
2019-05-26 23:55:33,802 - INFO - allennlp.training.trainer - Epoch 7/79
2019-05-26 23:55:33,802 - INFO - allennlp.training.trainer - Peak CPU memory usage MB: 434.843648
2019-05-26 23:55:33,808 - INFO - allennlp.training.trainer - Training
2019-05-26 23:57:01,114 - INFO - allennlp.training.trainer - Validating
2019-05-26 23:57:10,786 - INFO - allennlp.training.tensorboard_writer -                   Training |  Validation
2019-05-26 23:57:10,786 - INFO - allennlp.training.tensorboard_writer - accuracy3     |     0.999  |     0.998
2019-05-26 23:57:10,787 - INFO - allennlp.training.tensorboard_writer - cpu_memory_MB |   434.844  |       N/A
2019-05-26 23:57:10,787 - INFO - allennlp.training.tensorboard_writer - accuracy      |     0.999  |     0.998
2019-05-26 23:57:10,787 - INFO - allennlp.training.tensorboard_writer - f1_macro      |     0.990  |     0.983
2019-05-26 23:57:10,788 - INFO - allennlp.training.tensorboard_writer - loss          |     6.037  |    10.934
2019-05-26 23:57:10,791 - INFO - allennlp.training.trainer - Epoch duration: 00:01:36
2019-05-26 23:57:10,791 - INFO - allennlp.training.trainer - Estimated training time remaining: 1:56:58
2019-05-26 23:57:10,791 - INFO - allennlp.training.trainer - Epoch 8/79
2019-05-26 23:57:10,793 - INFO - allennlp.training.trainer - Peak CPU memory usage MB: 434.843648
2019-05-26 23:57:10,800 - INFO - allennlp.training.trainer - Training
2019-05-26 23:58:37,562 - INFO - allennlp.training.trainer - Validating
2019-05-26 23:58:47,278 - INFO - allennlp.training.tensorboard_writer -                   Training |  Validation
2019-05-26 23:58:47,278 - INFO - allennlp.training.tensorboard_writer - accuracy3     |     0.999  |     0.998
2019-05-26 23:58:47,279 - INFO - allennlp.training.tensorboard_writer - cpu_memory_MB |   434.844  |       N/A
2019-05-26 23:58:47,279 - INFO - allennlp.training.tensorboard_writer - accuracy      |     0.999  |     0.998
2019-05-26 23:58:47,279 - INFO - allennlp.training.tensorboard_writer - f1_macro      |     0.991  |     0.980
2019-05-26 23:58:47,279 - INFO - allennlp.training.tensorboard_writer - loss          |     5.968  |     9.874
2019-05-26 23:58:47,285 - INFO - allennlp.training.trainer - Epoch duration: 00:01:36
2019-05-26 23:58:47,285 - INFO - allennlp.training.trainer - Estimated training time remaining: 1:55:12
2019-05-26 23:58:47,285 - INFO - allennlp.training.trainer - Epoch 9/79
2019-05-26 23:58:47,294 - INFO - allennlp.training.trainer - Peak CPU memory usage MB: 436.043776
2019-05-26 23:58:47,301 - INFO - allennlp.training.trainer - Training
2019-05-27 00:00:14,150 - INFO - allennlp.training.trainer - Validating
2019-05-27 00:00:23,808 - INFO - allennlp.training.tensorboard_writer -                   Training |  Validation
2019-05-27 00:00:23,809 - INFO - allennlp.training.tensorboard_writer - accuracy3     |     0.999  |     0.998
2019-05-27 00:00:23,809 - INFO - allennlp.training.tensorboard_writer - cpu_memory_MB |   436.044  |       N/A
2019-05-27 00:00:23,809 - INFO - allennlp.training.tensorboard_writer - accuracy      |     0.999  |     0.998
2019-05-27 00:00:23,810 - INFO - allennlp.training.tensorboard_writer - f1_macro      |     0.992  |     0.981
2019-05-27 00:00:23,810 - INFO - allennlp.training.tensorboard_writer - loss          |     5.340  |     8.066
2019-05-27 00:00:23,815 - INFO - allennlp.training.trainer - Epoch duration: 00:01:36
2019-05-27 00:00:23,815 - INFO - allennlp.training.trainer - Estimated training time remaining: 1:53:29
2019-05-27 00:00:23,815 - INFO - allennlp.training.trainer - Epoch 10/79
2019-05-27 00:00:23,815 - INFO - allennlp.training.trainer - Peak CPU memory usage MB: 436.043776
2019-05-27 00:00:23,823 - INFO - allennlp.training.trainer - Training
2019-05-27 00:01:50,691 - INFO - allennlp.training.trainer - Validating
2019-05-27 00:02:00,388 - INFO - allennlp.training.tensorboard_writer -                   Training |  Validation
2019-05-27 00:02:00,389 - INFO - allennlp.training.tensorboard_writer - accuracy3     |     0.999  |     0.998
2019-05-27 00:02:00,389 - INFO - allennlp.training.tensorboard_writer - cpu_memory_MB |   436.044  |       N/A
2019-05-27 00:02:00,390 - INFO - allennlp.training.tensorboard_writer - accuracy      |     0.999  |     0.998
2019-05-27 00:02:00,390 - INFO - allennlp.training.tensorboard_writer - f1_macro      |     0.992  |     0.981
2019-05-27 00:02:00,390 - INFO - allennlp.training.tensorboard_writer - loss          |     4.687  |     8.024
2019-05-27 00:02:00,396 - INFO - allennlp.training.trainer - Epoch duration: 00:01:36
2019-05-27 00:02:00,396 - INFO - allennlp.training.trainer - Estimated training time remaining: 1:51:48
2019-05-27 00:02:00,396 - INFO - allennlp.training.trainer - Epoch 11/79
2019-05-27 00:02:00,396 - INFO - allennlp.training.trainer - Peak CPU memory usage MB: 436.682752
2019-05-27 00:02:00,403 - INFO - allennlp.training.trainer - Training
2019-05-27 00:03:27,375 - INFO - allennlp.training.trainer - Validating
2019-05-27 00:03:37,060 - INFO - allennlp.training.tensorboard_writer -                   Training |  Validation
2019-05-27 00:03:37,060 - INFO - allennlp.training.tensorboard_writer - accuracy3     |     0.999  |     0.998
2019-05-27 00:03:37,061 - INFO - allennlp.training.tensorboard_writer - cpu_memory_MB |   436.683  |       N/A
2019-05-27 00:03:37,061 - INFO - allennlp.training.tensorboard_writer - accuracy      |     0.999  |     0.998
2019-05-27 00:03:37,061 - INFO - allennlp.training.tensorboard_writer - f1_macro      |     0.984  |     0.960
2019-05-27 00:03:37,062 - INFO - allennlp.training.tensorboard_writer - loss          |     6.029  |    11.020
2019-05-27 00:03:37,067 - INFO - allennlp.training.trainer - Epoch duration: 00:01:36
2019-05-27 00:03:37,067 - INFO - allennlp.training.trainer - Estimated training time remaining: 1:50:07
2019-05-27 00:03:37,067 - INFO - allennlp.training.trainer - Epoch 12/79
2019-05-27 00:03:37,067 - INFO - allennlp.training.trainer - Peak CPU memory usage MB: 436.682752
2019-05-27 00:03:37,074 - INFO - allennlp.training.trainer - Training
2019-05-27 00:05:03,749 - INFO - allennlp.training.trainer - Validating
2019-05-27 00:05:13,387 - INFO - allennlp.training.tensorboard_writer -                   Training |  Validation
2019-05-27 00:05:13,387 - INFO - allennlp.training.tensorboard_writer - accuracy3     |     0.999  |     0.998
2019-05-27 00:05:13,387 - INFO - allennlp.training.tensorboard_writer - cpu_memory_MB |   436.683  |       N/A
2019-05-27 00:05:13,388 - INFO - allennlp.training.tensorboard_writer - accuracy      |     0.999  |     0.998
2019-05-27 00:05:13,388 - INFO - allennlp.training.tensorboard_writer - f1_macro      |     0.986  |     0.984
2019-05-27 00:05:13,388 - INFO - allennlp.training.tensorboard_writer - loss          |     6.264  |     7.814
2019-05-27 00:05:13,394 - INFO - allennlp.training.checkpointer - Best validation performance so far. Copying weights to 'output/models/lstm_lstm_crf/exists_ru/best.th'.
2019-05-27 00:05:13,395 - INFO - allennlp.training.trainer - Epoch duration: 00:01:36
2019-05-27 00:05:13,398 - INFO - allennlp.training.trainer - Estimated training time remaining: 1:48:26
2019-05-27 00:05:13,398 - INFO - allennlp.training.trainer - Epoch 13/79
2019-05-27 00:05:13,398 - INFO - allennlp.training.trainer - Peak CPU memory usage MB: 439.599104
2019-05-27 00:05:13,405 - INFO - allennlp.training.trainer - Training
2019-05-27 00:06:40,331 - INFO - allennlp.training.trainer - Validating
2019-05-27 00:06:49,991 - INFO - allennlp.training.tensorboard_writer -                   Training |  Validation
2019-05-27 00:06:49,992 - INFO - allennlp.training.tensorboard_writer - accuracy3     |     0.999  |     0.999
2019-05-27 00:06:49,992 - INFO - allennlp.training.tensorboard_writer - cpu_memory_MB |   439.599  |       N/A
2019-05-27 00:06:49,992 - INFO - allennlp.training.tensorboard_writer - accuracy      |     0.999  |     0.999
2019-05-27 00:06:49,992 - INFO - allennlp.training.tensorboard_writer - f1_macro      |     0.994  |     0.985
2019-05-27 00:06:49,993 - INFO - allennlp.training.tensorboard_writer - loss          |     3.984  |     6.174
2019-05-27 00:06:49,998 - INFO - allennlp.training.checkpointer - Best validation performance so far. Copying weights to 'output/models/lstm_lstm_crf/exists_ru/best.th'.
2019-05-27 00:06:49,999 - INFO - allennlp.training.trainer - Epoch duration: 00:01:36
2019-05-27 00:06:49,999 - INFO - allennlp.training.trainer - Estimated training time remaining: 1:46:46
2019-05-27 00:06:49,999 - INFO - allennlp.training.trainer - Epoch 14/79
2019-05-27 00:06:49,999 - INFO - allennlp.training.trainer - Peak CPU memory usage MB: 443.629568
2019-05-27 00:06:50,006 - INFO - allennlp.training.trainer - Training
2019-05-27 00:08:17,094 - INFO - allennlp.training.trainer - Validating
2019-05-27 00:08:26,748 - INFO - allennlp.training.tensorboard_writer -                   Training |  Validation
2019-05-27 00:08:26,749 - INFO - allennlp.training.tensorboard_writer - accuracy3     |     0.999  |     0.999
2019-05-27 00:08:26,749 - INFO - allennlp.training.tensorboard_writer - cpu_memory_MB |   443.630  |       N/A
2019-05-27 00:08:26,749 - INFO - allennlp.training.tensorboard_writer - accuracy      |     0.999  |     0.999
2019-05-27 00:08:26,750 - INFO - allennlp.training.tensorboard_writer - f1_macro      |     0.993  |     0.987
2019-05-27 00:08:26,750 - INFO - allennlp.training.tensorboard_writer - loss          |     3.511  |     6.240
2019-05-27 00:08:26,755 - INFO - allennlp.training.checkpointer - Best validation performance so far. Copying weights to 'output/models/lstm_lstm_crf/exists_ru/best.th'.
2019-05-27 00:08:26,756 - INFO - allennlp.training.trainer - Epoch duration: 00:01:36
2019-05-27 00:08:26,756 - INFO - allennlp.training.trainer - Estimated training time remaining: 1:45:08
2019-05-27 00:08:26,756 - INFO - allennlp.training.trainer - Epoch 15/79
2019-05-27 00:08:26,756 - INFO - allennlp.training.trainer - Peak CPU memory usage MB: 443.641856
2019-05-27 00:08:26,764 - INFO - allennlp.training.trainer - Training
2019-05-27 00:09:53,849 - INFO - allennlp.training.trainer - Validating
2019-05-27 00:10:03,491 - INFO - allennlp.training.tensorboard_writer -                   Training |  Validation
2019-05-27 00:10:03,491 - INFO - allennlp.training.tensorboard_writer - accuracy3     |     0.999  |     0.999
2019-05-27 00:10:03,492 - INFO - allennlp.training.tensorboard_writer - cpu_memory_MB |   443.642  |       N/A
2019-05-27 00:10:03,492 - INFO - allennlp.training.tensorboard_writer - accuracy      |     0.999  |     0.999
2019-05-27 00:10:03,492 - INFO - allennlp.training.tensorboard_writer - f1_macro      |     0.992  |     0.986
2019-05-27 00:10:03,493 - INFO - allennlp.training.tensorboard_writer - loss          |     2.813  |     5.807
2019-05-27 00:10:03,496 - INFO - allennlp.training.trainer - Epoch duration: 00:01:36
2019-05-27 00:10:03,496 - INFO - allennlp.training.trainer - Estimated training time remaining: 1:43:30
2019-05-27 00:10:03,496 - INFO - allennlp.training.trainer - Epoch 16/79
2019-05-27 00:10:03,502 - INFO - allennlp.training.trainer - Peak CPU memory usage MB: 443.641856
2019-05-27 00:10:03,510 - INFO - allennlp.training.trainer - Training
2019-05-27 00:11:30,787 - INFO - allennlp.training.trainer - Validating
2019-05-27 00:11:40,384 - INFO - allennlp.training.tensorboard_writer -                   Training |  Validation
2019-05-27 00:11:40,385 - INFO - allennlp.training.tensorboard_writer - accuracy3     |     0.999  |     0.999
2019-05-27 00:11:40,385 - INFO - allennlp.training.tensorboard_writer - cpu_memory_MB |   443.642  |       N/A
2019-05-27 00:11:40,385 - INFO - allennlp.training.tensorboard_writer - accuracy      |     0.999  |     0.999
2019-05-27 00:11:40,386 - INFO - allennlp.training.tensorboard_writer - f1_macro      |     0.993  |     0.986
2019-05-27 00:11:40,386 - INFO - allennlp.training.tensorboard_writer - loss          |     2.384  |     6.283
2019-05-27 00:11:40,392 - INFO - allennlp.training.trainer - Epoch duration: 00:01:36
2019-05-27 00:11:40,392 - INFO - allennlp.training.trainer - Estimated training time remaining: 1:41:52
2019-05-27 00:11:40,392 - INFO - allennlp.training.trainer - Epoch 17/79
2019-05-27 00:11:40,403 - INFO - allennlp.training.trainer - Peak CPU memory usage MB: 443.641856
2019-05-27 00:11:40,409 - INFO - allennlp.training.trainer - Training
2019-05-27 00:13:07,832 - INFO - allennlp.training.trainer - Validating
2019-05-27 00:13:17,476 - INFO - allennlp.training.tensorboard_writer -                   Training |  Validation
2019-05-27 00:13:17,476 - INFO - allennlp.training.tensorboard_writer - accuracy3     |     0.999  |     0.998
2019-05-27 00:13:17,476 - INFO - allennlp.training.tensorboard_writer - cpu_memory_MB |   443.642  |       N/A
2019-05-27 00:13:17,477 - INFO - allennlp.training.tensorboard_writer - accuracy      |     0.999  |     0.998
2019-05-27 00:13:17,477 - INFO - allennlp.training.tensorboard_writer - f1_macro      |     0.993  |     0.986
2019-05-27 00:13:17,477 - INFO - allennlp.training.tensorboard_writer - loss          |     2.165  |     6.259
2019-05-27 00:13:17,482 - INFO - allennlp.training.trainer - Epoch duration: 00:01:37
2019-05-27 00:13:17,482 - INFO - allennlp.training.trainer - Estimated training time remaining: 1:40:15
2019-05-27 00:13:17,482 - INFO - allennlp.training.trainer - Epoch 18/79
2019-05-27 00:13:17,504 - INFO - allennlp.training.trainer - Peak CPU memory usage MB: 444.137472
2019-05-27 00:13:17,511 - INFO - allennlp.training.trainer - Training
2019-05-27 00:14:44,834 - INFO - allennlp.training.trainer - Validating
2019-05-27 00:14:54,654 - INFO - allennlp.training.tensorboard_writer -                   Training |  Validation
2019-05-27 00:14:54,654 - INFO - allennlp.training.tensorboard_writer - accuracy3     |     0.999  |     0.998
2019-05-27 00:14:54,655 - INFO - allennlp.training.tensorboard_writer - cpu_memory_MB |   444.137  |       N/A
2019-05-27 00:14:54,655 - INFO - allennlp.training.tensorboard_writer - accuracy      |     0.999  |     0.998
2019-05-27 00:14:54,655 - INFO - allennlp.training.tensorboard_writer - f1_macro      |     0.993  |     0.985
2019-05-27 00:14:54,656 - INFO - allennlp.training.tensorboard_writer - loss          |     2.021  |     6.279
2019-05-27 00:14:54,661 - INFO - allennlp.training.trainer - Epoch duration: 00:01:37
2019-05-27 00:14:54,661 - INFO - allennlp.training.trainer - Estimated training time remaining: 1:38:39
2019-05-27 00:14:54,661 - INFO - allennlp.training.trainer - Epoch 19/79
2019-05-27 00:14:54,661 - INFO - allennlp.training.trainer - Peak CPU memory usage MB: 444.690432
2019-05-27 00:14:54,669 - INFO - allennlp.training.trainer - Training
2019-05-27 00:16:22,145 - INFO - allennlp.training.trainer - Validating
2019-05-27 00:16:31,723 - INFO - allennlp.training.tensorboard_writer -                   Training |  Validation
2019-05-27 00:16:31,723 - INFO - allennlp.training.tensorboard_writer - accuracy3     |     0.999  |     0.998
2019-05-27 00:16:31,724 - INFO - allennlp.training.tensorboard_writer - cpu_memory_MB |   444.690  |       N/A
2019-05-27 00:16:31,724 - INFO - allennlp.training.tensorboard_writer - accuracy      |     0.999  |     0.998
2019-05-27 00:16:31,724 - INFO - allennlp.training.tensorboard_writer - f1_macro      |     0.993  |     0.986
2019-05-27 00:16:31,725 - INFO - allennlp.training.tensorboard_writer - loss          |     2.021  |     6.404
2019-05-27 00:16:31,730 - INFO - allennlp.training.trainer - Epoch duration: 00:01:37
2019-05-27 00:16:31,731 - INFO - allennlp.training.trainer - Estimated training time remaining: 1:37:02
2019-05-27 00:16:31,731 - INFO - allennlp.training.trainer - Epoch 20/79
2019-05-27 00:16:31,731 - INFO - allennlp.training.trainer - Peak CPU memory usage MB: 444.928
2019-05-27 00:16:31,762 - INFO - allennlp.training.trainer - Training
2019-05-27 00:17:59,336 - INFO - allennlp.training.trainer - Validating
2019-05-27 00:18:08,914 - INFO - allennlp.training.tensorboard_writer -                   Training |  Validation
2019-05-27 00:18:08,914 - INFO - allennlp.training.tensorboard_writer - accuracy3     |     0.999  |     0.999
2019-05-27 00:18:08,915 - INFO - allennlp.training.tensorboard_writer - cpu_memory_MB |   444.928  |       N/A
2019-05-27 00:18:08,915 - INFO - allennlp.training.tensorboard_writer - accuracy      |     0.999  |     0.999
2019-05-27 00:18:08,915 - INFO - allennlp.training.tensorboard_writer - f1_macro      |     0.993  |     0.986
2019-05-27 00:18:08,916 - INFO - allennlp.training.tensorboard_writer - loss          |     2.005  |     5.918
2019-05-27 00:18:08,922 - INFO - allennlp.training.trainer - Epoch duration: 00:01:37
2019-05-27 00:18:08,923 - INFO - allennlp.training.trainer - Estimated training time remaining: 1:35:25
2019-05-27 00:18:08,923 - INFO - allennlp.training.trainer - Epoch 21/79
2019-05-27 00:18:08,923 - INFO - allennlp.training.trainer - Peak CPU memory usage MB: 444.928
2019-05-27 00:18:08,930 - INFO - allennlp.training.trainer - Training
2019-05-27 00:19:36,289 - INFO - allennlp.training.trainer - Validating
2019-05-27 00:19:45,968 - INFO - allennlp.training.tensorboard_writer -                   Training |  Validation
2019-05-27 00:19:45,968 - INFO - allennlp.training.tensorboard_writer - accuracy3     |     0.999  |     0.998
2019-05-27 00:19:45,968 - INFO - allennlp.training.tensorboard_writer - cpu_memory_MB |   444.928  |       N/A
2019-05-27 00:19:45,969 - INFO - allennlp.training.tensorboard_writer - accuracy      |     0.999  |     0.998
2019-05-27 00:19:45,969 - INFO - allennlp.training.tensorboard_writer - f1_macro      |     0.989  |     0.977
2019-05-27 00:19:45,969 - INFO - allennlp.training.tensorboard_writer - loss          |     3.267  |    11.109
2019-05-27 00:19:45,976 - INFO - allennlp.training.trainer - Epoch duration: 00:01:37
2019-05-27 00:19:45,976 - INFO - allennlp.training.trainer - Estimated training time remaining: 1:33:48
2019-05-27 00:19:45,976 - INFO - allennlp.training.trainer - Epoch 22/79
2019-05-27 00:19:45,976 - INFO - allennlp.training.trainer - Peak CPU memory usage MB: 444.928
2019-05-27 00:19:45,983 - INFO - allennlp.training.trainer - Training
2019-05-27 00:21:13,357 - INFO - allennlp.training.trainer - Validating
2019-05-27 00:21:23,064 - INFO - allennlp.training.tensorboard_writer -                   Training |  Validation
2019-05-27 00:21:23,064 - INFO - allennlp.training.tensorboard_writer - accuracy3     |     0.998  |     0.998
2019-05-27 00:21:23,065 - INFO - allennlp.training.tensorboard_writer - cpu_memory_MB |   444.928  |       N/A
2019-05-27 00:21:23,065 - INFO - allennlp.training.tensorboard_writer - accuracy      |     0.998  |     0.998
2019-05-27 00:21:23,065 - INFO - allennlp.training.tensorboard_writer - f1_macro      |     0.972  |     0.979
2019-05-27 00:21:23,066 - INFO - allennlp.training.tensorboard_writer - loss          |     8.825  |     9.263
2019-05-27 00:21:23,072 - INFO - allennlp.training.trainer - Epoch duration: 00:01:37
2019-05-27 00:21:23,073 - INFO - allennlp.training.trainer - Estimated training time remaining: 1:32:11
2019-05-27 00:21:23,073 - INFO - allennlp.training.trainer - Epoch 23/79
2019-05-27 00:21:23,073 - INFO - allennlp.training.trainer - Peak CPU memory usage MB: 446.418944
2019-05-27 00:21:23,080 - INFO - allennlp.training.trainer - Training
2019-05-27 00:22:50,178 - INFO - allennlp.training.trainer - Validating
2019-05-27 00:23:00,026 - INFO - allennlp.training.tensorboard_writer -                   Training |  Validation
2019-05-27 00:23:00,027 - INFO - allennlp.training.tensorboard_writer - accuracy3     |     0.999  |     0.998
2019-05-27 00:23:00,027 - INFO - allennlp.training.tensorboard_writer - cpu_memory_MB |   446.419  |       N/A
2019-05-27 00:23:00,027 - INFO - allennlp.training.tensorboard_writer - accuracy      |     0.999  |     0.998
2019-05-27 00:23:00,027 - INFO - allennlp.training.tensorboard_writer - f1_macro      |     0.988  |     0.986
2019-05-27 00:23:00,028 - INFO - allennlp.training.tensorboard_writer - loss          |     5.786  |     8.529
2019-05-27 00:23:00,032 - INFO - allennlp.training.trainer - Epoch duration: 00:01:36
2019-05-27 00:23:00,032 - INFO - allennlp.training.trainer - Estimated training time remaining: 1:30:34
2019-05-27 00:23:00,032 - INFO - allennlp.training.trainer - Epoch 24/79
2019-05-27 00:23:00,032 - INFO - allennlp.training.trainer - Peak CPU memory usage MB: 446.418944
2019-05-27 00:23:00,069 - INFO - allennlp.training.trainer - Training
2019-05-27 00:24:27,455 - INFO - allennlp.training.trainer - Validating
2019-05-27 00:24:37,114 - INFO - allennlp.training.tensorboard_writer -                   Training |  Validation
2019-05-27 00:24:37,114 - INFO - allennlp.training.tensorboard_writer - accuracy3     |     0.999  |     0.998
2019-05-27 00:24:37,114 - INFO - allennlp.training.tensorboard_writer - cpu_memory_MB |   446.419  |       N/A
2019-05-27 00:24:37,115 - INFO - allennlp.training.tensorboard_writer - accuracy      |     0.999  |     0.998
2019-05-27 00:24:37,115 - INFO - allennlp.training.tensorboard_writer - f1_macro      |     0.992  |     0.988
2019-05-27 00:24:37,115 - INFO - allennlp.training.tensorboard_writer - loss          |     3.998  |     6.065
2019-05-27 00:24:37,119 - INFO - allennlp.training.checkpointer - Best validation performance so far. Copying weights to 'output/models/lstm_lstm_crf/exists_ru/best.th'.
2019-05-27 00:24:37,121 - INFO - allennlp.training.trainer - Epoch duration: 00:01:37
2019-05-27 00:24:37,121 - INFO - allennlp.training.trainer - Estimated training time remaining: 1:28:57
2019-05-27 00:24:37,121 - INFO - allennlp.training.trainer - Epoch 25/79
2019-05-27 00:24:37,121 - INFO - allennlp.training.trainer - Peak CPU memory usage MB: 446.418944
2019-05-27 00:24:37,128 - INFO - allennlp.training.trainer - Training
2019-05-27 00:26:04,686 - INFO - allennlp.training.trainer - Validating
2019-05-27 00:26:14,322 - INFO - allennlp.training.tensorboard_writer -                   Training |  Validation
2019-05-27 00:26:14,322 - INFO - allennlp.training.tensorboard_writer - accuracy3     |     0.999  |     0.998
2019-05-27 00:26:14,323 - INFO - allennlp.training.tensorboard_writer - cpu_memory_MB |   446.419  |       N/A
2019-05-27 00:26:14,323 - INFO - allennlp.training.tensorboard_writer - accuracy      |     0.999  |     0.998
2019-05-27 00:26:14,323 - INFO - allennlp.training.tensorboard_writer - f1_macro      |     0.993  |     0.990
2019-05-27 00:26:14,324 - INFO - allennlp.training.tensorboard_writer - loss          |     2.591  |     5.967
2019-05-27 00:26:14,327 - INFO - allennlp.training.checkpointer - Best validation performance so far. Copying weights to 'output/models/lstm_lstm_crf/exists_ru/best.th'.
2019-05-27 00:26:14,329 - INFO - allennlp.training.trainer - Epoch duration: 00:01:37
2019-05-27 00:26:14,329 - INFO - allennlp.training.trainer - Estimated training time remaining: 1:27:20
2019-05-27 00:26:14,329 - INFO - allennlp.training.trainer - Epoch 26/79
2019-05-27 00:26:14,329 - INFO - allennlp.training.trainer - Peak CPU memory usage MB: 446.439424
2019-05-27 00:26:14,336 - INFO - allennlp.training.trainer - Training
2019-05-27 00:27:41,769 - INFO - allennlp.training.trainer - Validating
2019-05-27 00:27:51,383 - INFO - allennlp.training.tensorboard_writer -                   Training |  Validation
2019-05-27 00:27:51,383 - INFO - allennlp.training.tensorboard_writer - accuracy3     |     0.999  |     0.998
2019-05-27 00:27:51,384 - INFO - allennlp.training.tensorboard_writer - cpu_memory_MB |   446.439  |       N/A
2019-05-27 00:27:51,384 - INFO - allennlp.training.tensorboard_writer - accuracy      |     0.999  |     0.998
2019-05-27 00:27:51,384 - INFO - allennlp.training.tensorboard_writer - f1_macro      |     0.993  |     0.990
2019-05-27 00:27:51,385 - INFO - allennlp.training.tensorboard_writer - loss          |     1.959  |     5.821
2019-05-27 00:27:51,388 - INFO - allennlp.training.checkpointer - Best validation performance so far. Copying weights to 'output/models/lstm_lstm_crf/exists_ru/best.th'.
2019-05-27 00:27:51,390 - INFO - allennlp.training.trainer - Epoch duration: 00:01:37
2019-05-27 00:27:51,413 - INFO - allennlp.training.trainer - Estimated training time remaining: 1:25:43
2019-05-27 00:27:51,413 - INFO - allennlp.training.trainer - Epoch 27/79
2019-05-27 00:27:51,413 - INFO - allennlp.training.trainer - Peak CPU memory usage MB: 446.439424
2019-05-27 00:27:51,420 - INFO - allennlp.training.trainer - Training
2019-05-27 00:29:18,916 - INFO - allennlp.training.trainer - Validating
2019-05-27 00:29:28,559 - INFO - allennlp.training.tensorboard_writer -                   Training |  Validation
2019-05-27 00:29:28,559 - INFO - allennlp.training.tensorboard_writer - accuracy3     |     0.999  |     0.998
2019-05-27 00:29:28,559 - INFO - allennlp.training.tensorboard_writer - cpu_memory_MB |   446.439  |       N/A
2019-05-27 00:29:28,560 - INFO - allennlp.training.tensorboard_writer - accuracy      |     0.999  |     0.998
2019-05-27 00:29:28,560 - INFO - allennlp.training.tensorboard_writer - f1_macro      |     0.993  |     0.990
2019-05-27 00:29:28,560 - INFO - allennlp.training.tensorboard_writer - loss          |     1.721  |     5.498
2019-05-27 00:29:28,565 - INFO - allennlp.training.trainer - Epoch duration: 00:01:37
2019-05-27 00:29:28,565 - INFO - allennlp.training.trainer - Estimated training time remaining: 1:24:06
2019-05-27 00:29:28,565 - INFO - allennlp.training.trainer - Epoch 28/79
2019-05-27 00:29:28,565 - INFO - allennlp.training.trainer - Peak CPU memory usage MB: 446.439424
2019-05-27 00:29:28,572 - INFO - allennlp.training.trainer - Training
2019-05-27 00:30:56,163 - INFO - allennlp.training.trainer - Validating
2019-05-27 00:31:05,830 - INFO - allennlp.training.tensorboard_writer -                   Training |  Validation
2019-05-27 00:31:05,831 - INFO - allennlp.training.tensorboard_writer - accuracy3     |     1.000  |     0.998
2019-05-27 00:31:05,831 - INFO - allennlp.training.tensorboard_writer - cpu_memory_MB |   446.439  |       N/A
2019-05-27 00:31:05,831 - INFO - allennlp.training.tensorboard_writer - accuracy      |     1.000  |     0.998
2019-05-27 00:31:05,832 - INFO - allennlp.training.tensorboard_writer - f1_macro      |     0.993  |     0.991
2019-05-27 00:31:05,832 - INFO - allennlp.training.tensorboard_writer - loss          |     1.514  |     6.037
2019-05-27 00:31:05,836 - INFO - allennlp.training.checkpointer - Best validation performance so far. Copying weights to 'output/models/lstm_lstm_crf/exists_ru/best.th'.
2019-05-27 00:31:05,838 - INFO - allennlp.training.trainer - Epoch duration: 00:01:37
2019-05-27 00:31:05,838 - INFO - allennlp.training.trainer - Estimated training time remaining: 1:22:30
2019-05-27 00:31:05,838 - INFO - allennlp.training.trainer - Epoch 29/79
2019-05-27 00:31:05,838 - INFO - allennlp.training.trainer - Peak CPU memory usage MB: 446.439424
2019-05-27 00:31:05,845 - INFO - allennlp.training.trainer - Training
2019-05-27 00:32:33,125 - INFO - allennlp.training.trainer - Validating
2019-05-27 00:32:42,758 - INFO - allennlp.training.tensorboard_writer -                   Training |  Validation
2019-05-27 00:32:42,759 - INFO - allennlp.training.tensorboard_writer - accuracy3     |     1.000  |     0.998
2019-05-27 00:32:42,759 - INFO - allennlp.training.tensorboard_writer - cpu_memory_MB |   446.439  |       N/A
2019-05-27 00:32:42,759 - INFO - allennlp.training.tensorboard_writer - accuracy      |     1.000  |     0.998
2019-05-27 00:32:42,760 - INFO - allennlp.training.tensorboard_writer - f1_macro      |     0.993  |     0.991
2019-05-27 00:32:42,760 - INFO - allennlp.training.tensorboard_writer - loss          |     1.349  |     6.285
2019-05-27 00:32:42,764 - INFO - allennlp.training.trainer - Epoch duration: 00:01:36
2019-05-27 00:32:42,764 - INFO - allennlp.training.trainer - Estimated training time remaining: 1:20:52
2019-05-27 00:32:42,764 - INFO - allennlp.training.trainer - Epoch 30/79
2019-05-27 00:32:42,766 - INFO - allennlp.training.trainer - Peak CPU memory usage MB: 446.439424
2019-05-27 00:32:42,773 - INFO - allennlp.training.trainer - Training
2019-05-27 00:34:10,272 - INFO - allennlp.training.trainer - Validating
2019-05-27 00:34:20,145 - INFO - allennlp.training.tensorboard_writer -                   Training |  Validation
2019-05-27 00:34:20,145 - INFO - allennlp.training.tensorboard_writer - accuracy3     |     1.000  |     0.998
2019-05-27 00:34:20,146 - INFO - allennlp.training.tensorboard_writer - cpu_memory_MB |   446.439  |       N/A
2019-05-27 00:34:20,146 - INFO - allennlp.training.tensorboard_writer - accuracy      |     1.000  |     0.998
2019-05-27 00:34:20,146 - INFO - allennlp.training.tensorboard_writer - f1_macro      |     0.993  |     0.987
2019-05-27 00:34:20,147 - INFO - allennlp.training.tensorboard_writer - loss          |     1.260  |     7.006
2019-05-27 00:34:20,151 - INFO - allennlp.training.trainer - Epoch duration: 00:01:37
2019-05-27 00:34:20,152 - INFO - allennlp.training.trainer - Estimated training time remaining: 1:19:16
2019-05-27 00:34:20,152 - INFO - allennlp.training.trainer - Epoch 31/79
2019-05-27 00:34:20,167 - INFO - allennlp.training.trainer - Peak CPU memory usage MB: 446.799872
2019-05-27 00:34:20,174 - INFO - allennlp.training.trainer - Training
2019-05-27 00:35:47,557 - INFO - allennlp.training.trainer - Validating
2019-05-27 00:35:57,243 - INFO - allennlp.training.tensorboard_writer -                   Training |  Validation
2019-05-27 00:35:57,244 - INFO - allennlp.training.tensorboard_writer - accuracy3     |     1.000  |     0.998
2019-05-27 00:35:57,244 - INFO - allennlp.training.tensorboard_writer - cpu_memory_MB |   446.800  |       N/A
2019-05-27 00:35:57,244 - INFO - allennlp.training.tensorboard_writer - accuracy      |     1.000  |     0.998
2019-05-27 00:35:57,245 - INFO - allennlp.training.tensorboard_writer - f1_macro      |     0.993  |     0.989
2019-05-27 00:35:57,245 - INFO - allennlp.training.tensorboard_writer - loss          |     1.268  |     6.333
2019-05-27 00:35:57,249 - INFO - allennlp.training.trainer - Epoch duration: 00:01:37
2019-05-27 00:35:57,250 - INFO - allennlp.training.trainer - Estimated training time remaining: 1:17:39
2019-05-27 00:35:57,250 - INFO - allennlp.training.trainer - Epoch 32/79
2019-05-27 00:35:57,268 - INFO - allennlp.training.trainer - Peak CPU memory usage MB: 446.799872
2019-05-27 00:35:57,276 - INFO - allennlp.training.trainer - Training
2019-05-27 00:37:24,443 - INFO - allennlp.training.trainer - Validating
2019-05-27 00:37:34,298 - INFO - allennlp.training.tensorboard_writer -                   Training |  Validation
2019-05-27 00:37:34,298 - INFO - allennlp.training.tensorboard_writer - accuracy3     |     1.000  |     0.998
2019-05-27 00:37:34,298 - INFO - allennlp.training.tensorboard_writer - cpu_memory_MB |   446.800  |       N/A
2019-05-27 00:37:34,298 - INFO - allennlp.training.tensorboard_writer - accuracy      |     1.000  |     0.998
2019-05-27 00:37:34,299 - INFO - allennlp.training.tensorboard_writer - f1_macro      |     0.993  |     0.987
2019-05-27 00:37:34,299 - INFO - allennlp.training.tensorboard_writer - loss          |     1.177  |     7.189
2019-05-27 00:37:34,304 - INFO - allennlp.training.trainer - Epoch duration: 00:01:37
2019-05-27 00:37:34,304 - INFO - allennlp.training.trainer - Estimated training time remaining: 1:16:02
2019-05-27 00:37:34,304 - INFO - allennlp.training.trainer - Epoch 33/79
2019-05-27 00:37:34,319 - INFO - allennlp.training.trainer - Peak CPU memory usage MB: 446.799872
2019-05-27 00:37:34,326 - INFO - allennlp.training.trainer - Training
2019-05-27 00:39:01,643 - INFO - allennlp.training.trainer - Validating
2019-05-27 00:39:11,277 - INFO - allennlp.training.tensorboard_writer -                   Training |  Validation
2019-05-27 00:39:11,277 - INFO - allennlp.training.tensorboard_writer - accuracy3     |     1.000  |     0.999
2019-05-27 00:39:11,277 - INFO - allennlp.training.tensorboard_writer - cpu_memory_MB |   446.800  |       N/A
2019-05-27 00:39:11,278 - INFO - allennlp.training.tensorboard_writer - accuracy      |     1.000  |     0.999
2019-05-27 00:39:11,278 - INFO - allennlp.training.tensorboard_writer - f1_macro      |     0.993  |     0.989
2019-05-27 00:39:11,278 - INFO - allennlp.training.tensorboard_writer - loss          |     1.300  |     6.074
2019-05-27 00:39:11,283 - INFO - allennlp.training.trainer - Epoch duration: 00:01:36
2019-05-27 00:39:11,283 - INFO - allennlp.training.trainer - Estimated training time remaining: 1:14:25
2019-05-27 00:39:11,283 - INFO - allennlp.training.trainer - Epoch 34/79
2019-05-27 00:39:11,283 - INFO - allennlp.training.trainer - Peak CPU memory usage MB: 446.799872
2019-05-27 00:39:11,290 - INFO - allennlp.training.trainer - Training
2019-05-27 00:40:38,596 - INFO - allennlp.training.trainer - Validating
2019-05-27 00:40:48,265 - INFO - allennlp.training.tensorboard_writer -                   Training |  Validation
2019-05-27 00:40:48,266 - INFO - allennlp.training.tensorboard_writer - accuracy3     |     1.000  |     0.998
2019-05-27 00:40:48,266 - INFO - allennlp.training.tensorboard_writer - cpu_memory_MB |   446.800  |       N/A
2019-05-27 00:40:48,266 - INFO - allennlp.training.tensorboard_writer - accuracy      |     1.000  |     0.998
2019-05-27 00:40:48,267 - INFO - allennlp.training.tensorboard_writer - f1_macro      |     0.994  |     0.987
2019-05-27 00:40:48,267 - INFO - allennlp.training.tensorboard_writer - loss          |     1.254  |     6.486
2019-05-27 00:40:48,271 - INFO - allennlp.training.trainer - Epoch duration: 00:01:36
2019-05-27 00:40:48,272 - INFO - allennlp.training.trainer - Estimated training time remaining: 1:12:47
2019-05-27 00:40:48,272 - INFO - allennlp.training.trainer - Epoch 35/79
2019-05-27 00:40:48,272 - INFO - allennlp.training.trainer - Peak CPU memory usage MB: 446.799872
2019-05-27 00:40:48,278 - INFO - allennlp.training.trainer - Training
2019-05-27 00:42:15,640 - INFO - allennlp.training.trainer - Validating
2019-05-27 00:42:25,376 - INFO - allennlp.training.tensorboard_writer -                   Training |  Validation
2019-05-27 00:42:25,376 - INFO - allennlp.training.tensorboard_writer - accuracy3     |     1.000  |     0.998
2019-05-27 00:42:25,377 - INFO - allennlp.training.tensorboard_writer - cpu_memory_MB |   446.800  |       N/A
2019-05-27 00:42:25,377 - INFO - allennlp.training.tensorboard_writer - accuracy      |     1.000  |     0.998
2019-05-27 00:42:25,378 - INFO - allennlp.training.tensorboard_writer - f1_macro      |     0.993  |     0.987
2019-05-27 00:42:25,378 - INFO - allennlp.training.tensorboard_writer - loss          |     1.200  |     6.963
2019-05-27 00:42:25,382 - INFO - allennlp.training.trainer - Epoch duration: 00:01:37
2019-05-27 00:42:25,382 - INFO - allennlp.training.trainer - Estimated training time remaining: 1:11:10
2019-05-27 00:42:25,382 - INFO - allennlp.training.trainer - Epoch 36/79
2019-05-27 00:42:25,382 - INFO - allennlp.training.trainer - Peak CPU memory usage MB: 447.729664
2019-05-27 00:42:25,389 - INFO - allennlp.training.trainer - Training
2019-05-27 00:43:53,160 - INFO - allennlp.training.trainer - Validating
2019-05-27 00:44:02,984 - INFO - allennlp.training.tensorboard_writer -                   Training |  Validation
2019-05-27 00:44:02,985 - INFO - allennlp.training.tensorboard_writer - accuracy3     |     0.998  |     0.997
2019-05-27 00:44:02,985 - INFO - allennlp.training.tensorboard_writer - cpu_memory_MB |   447.730  |       N/A
2019-05-27 00:44:02,985 - INFO - allennlp.training.tensorboard_writer - accuracy      |     0.998  |     0.997
2019-05-27 00:44:02,986 - INFO - allennlp.training.tensorboard_writer - f1_macro      |     0.980  |     0.977
2019-05-27 00:44:02,986 - INFO - allennlp.training.tensorboard_writer - loss          |     7.777  |    15.477
2019-05-27 00:44:02,992 - INFO - allennlp.training.trainer - Epoch duration: 00:01:37
2019-05-27 00:44:02,992 - INFO - allennlp.training.trainer - Estimated training time remaining: 1:09:34
2019-05-27 00:44:02,993 - INFO - allennlp.training.trainer - Epoch 37/79
2019-05-27 00:44:02,993 - INFO - allennlp.training.trainer - Peak CPU memory usage MB: 447.729664
2019-05-27 00:44:02,999 - INFO - allennlp.training.trainer - Training
2019-05-27 00:45:30,577 - INFO - allennlp.training.trainer - Validating
2019-05-27 00:45:40,349 - INFO - allennlp.training.tensorboard_writer -                   Training |  Validation
2019-05-27 00:45:40,350 - INFO - allennlp.training.tensorboard_writer - accuracy3     |     0.998  |     0.998
2019-05-27 00:45:40,350 - INFO - allennlp.training.tensorboard_writer - cpu_memory_MB |   447.730  |       N/A
2019-05-27 00:45:40,350 - INFO - allennlp.training.tensorboard_writer - accuracy      |     0.998  |     0.998
2019-05-27 00:45:40,351 - INFO - allennlp.training.tensorboard_writer - f1_macro      |     0.982  |     0.979
2019-05-27 00:45:40,351 - INFO - allennlp.training.tensorboard_writer - loss          |     8.941  |    10.118
2019-05-27 00:45:40,356 - INFO - allennlp.training.trainer - Epoch duration: 00:01:37
2019-05-27 00:45:40,356 - INFO - allennlp.training.trainer - Estimated training time remaining: 1:07:57
2019-05-27 00:45:40,356 - INFO - allennlp.training.trainer - Epoch 38/79
2019-05-27 00:45:40,375 - INFO - allennlp.training.trainer - Peak CPU memory usage MB: 447.729664
2019-05-27 00:45:40,383 - INFO - allennlp.training.trainer - Training
2019-05-27 00:47:08,019 - INFO - allennlp.training.trainer - Validating
2019-05-27 00:47:17,659 - INFO - allennlp.training.trainer - Ran out of patience.  Stopping training.
2019-05-27 00:47:17,659 - INFO - allennlp.training.checkpointer - loading best weights
