2019-05-26 20:12:37,527 - INFO - allennlp.common.params - evaluate_on_test = False
2019-05-26 20:12:37,527 - INFO - allennlp.common.from_params - instantiating class <class 'allennlp.data.dataset_readers.dataset_reader.DatasetReader'> from params {'token_indexers': {'token_characters': {'min_padding_length': 3, 'type': 'characters'}}, 'type': 'custom-dataset-reader'} and extras set()
2019-05-26 20:12:37,527 - INFO - allennlp.common.params - dataset_reader.type = custom-dataset-reader
2019-05-26 20:12:37,527 - INFO - allennlp.common.from_params - instantiating class <class 'layers.utils.data_reader.CustomDataReader'> from params {'token_indexers': {'token_characters': {'min_padding_length': 3, 'type': 'characters'}}} and extras set()
2019-05-26 20:12:37,527 - INFO - allennlp.common.from_params - instantiating class <class 'allennlp.data.token_indexers.token_indexer.TokenIndexer'> from params {'min_padding_length': 3, 'type': 'characters'} and extras set()
2019-05-26 20:12:37,528 - INFO - allennlp.common.params - dataset_reader.token_indexers.token_characters.type = characters
2019-05-26 20:12:37,528 - INFO - allennlp.common.from_params - instantiating class <class 'allennlp.data.token_indexers.token_characters_indexer.TokenCharactersIndexer'> from params {'min_padding_length': 3} and extras set()
2019-05-26 20:12:37,528 - INFO - allennlp.common.params - dataset_reader.token_indexers.token_characters.namespace = token_characters
2019-05-26 20:12:37,528 - INFO - allennlp.common.params - dataset_reader.token_indexers.token_characters.start_tokens = None
2019-05-26 20:12:37,528 - INFO - allennlp.common.params - dataset_reader.token_indexers.token_characters.end_tokens = None
2019-05-26 20:12:37,528 - INFO - allennlp.common.params - dataset_reader.token_indexers.token_characters.min_padding_length = 3
2019-05-26 20:12:37,528 - INFO - allennlp.common.params - validation_dataset_reader = None
2019-05-26 20:12:37,528 - INFO - allennlp.common.params - train_data_path = temp/datasets/exists_ru/exists_ru_train.xlsx
2019-05-26 20:12:37,529 - INFO - allennlp.training.util - Reading training data from temp/datasets/exists_ru/exists_ru_train.xlsx
2019-05-26 20:12:37,529 - INFO - allennlp.common.params - validation_data_path = temp/datasets/exists_ru/exists_ru_test.xlsx
2019-05-26 20:12:37,529 - INFO - allennlp.training.util - Reading validation data from temp/datasets/exists_ru/exists_ru_test.xlsx
2019-05-26 20:12:37,529 - INFO - allennlp.common.params - test_data_path = None
2019-05-26 20:12:37,529 - INFO - allennlp.training.trainer - From dataset instances, validation, train will be considered for vocabulary creation.
2019-05-26 20:12:37,529 - INFO - allennlp.common.params - vocabulary.type = None
2019-05-26 20:12:37,529 - INFO - allennlp.common.params - vocabulary.extend = False
2019-05-26 20:12:37,529 - INFO - allennlp.common.params - vocabulary.directory_path = temp/datasets/exists_ru/cnn_pt_crf/vocabulary
2019-05-26 20:12:37,529 - INFO - allennlp.data.vocabulary - Loading Vocab from files instead of dataset.
2019-05-26 20:12:37,529 - INFO - allennlp.data.vocabulary - Loading token dictionary from temp/datasets/exists_ru/cnn_pt_crf/vocabulary.
2019-05-26 20:12:37,530 - INFO - allennlp.common.from_params - instantiating class <class 'allennlp.models.model.Model'> from params {'encoder': {'input_dim': 40, 'type': 'pass_through'}, 'text_field_embedder': {'token_characters': {'embedding': {'embedding_dim': 20}, 'encoder': {'embedding_dim': 20, 'ngram_filter_sizes': [2, 3], 'num_filters': 20, 'output_dim': 40, 'type': 'cnn'}, 'type': 'character_encoding'}}, 'type': 'crf_tagger_f1'} and extras {'vocab'}
2019-05-26 20:12:37,530 - INFO - allennlp.common.params - model.type = crf_tagger_f1
2019-05-26 20:12:37,530 - INFO - allennlp.common.from_params - instantiating class <class 'layers.taggers.crf_with_f1.CrfTaggerWithMetric'> from params {'encoder': {'input_dim': 40, 'type': 'pass_through'}, 'text_field_embedder': {'token_characters': {'embedding': {'embedding_dim': 20}, 'encoder': {'embedding_dim': 20, 'ngram_filter_sizes': [2, 3], 'num_filters': 20, 'output_dim': 40, 'type': 'cnn'}, 'type': 'character_encoding'}}} and extras {'vocab'}
2019-05-26 20:12:37,530 - INFO - allennlp.common.from_params - instantiating class <class 'allennlp.modules.text_field_embedders.text_field_embedder.TextFieldEmbedder'> from params {'token_characters': {'embedding': {'embedding_dim': 20}, 'encoder': {'embedding_dim': 20, 'ngram_filter_sizes': [2, 3], 'num_filters': 20, 'output_dim': 40, 'type': 'cnn'}, 'type': 'character_encoding'}} and extras {'vocab'}
2019-05-26 20:12:37,530 - INFO - allennlp.common.params - model.text_field_embedder.type = basic
2019-05-26 20:12:37,530 - INFO - allennlp.common.params - model.text_field_embedder.embedder_to_indexer_map = None
2019-05-26 20:12:37,531 - INFO - allennlp.common.params - model.text_field_embedder.allow_unmatched_keys = False
2019-05-26 20:12:37,531 - INFO - allennlp.common.params - model.text_field_embedder.token_embedders = None
2019-05-26 20:12:37,531 - INFO - allennlp.common.from_params - instantiating class <class 'allennlp.modules.token_embedders.token_embedder.TokenEmbedder'> from params {'embedding': {'embedding_dim': 20}, 'encoder': {'embedding_dim': 20, 'ngram_filter_sizes': [2, 3], 'num_filters': 20, 'output_dim': 40, 'type': 'cnn'}, 'type': 'character_encoding'} and extras {'vocab'}
2019-05-26 20:12:37,531 - INFO - allennlp.common.params - model.text_field_embedder.token_characters.type = character_encoding
2019-05-26 20:12:37,531 - INFO - allennlp.common.params - model.text_field_embedder.token_characters.embedding.num_embeddings = None
2019-05-26 20:12:37,531 - INFO - allennlp.common.params - model.text_field_embedder.token_characters.embedding.vocab_namespace = token_characters
2019-05-26 20:12:37,531 - INFO - allennlp.common.params - model.text_field_embedder.token_characters.embedding.embedding_dim = 20
2019-05-26 20:12:37,531 - INFO - allennlp.common.params - model.text_field_embedder.token_characters.embedding.pretrained_file = None
2019-05-26 20:12:37,531 - INFO - allennlp.common.params - model.text_field_embedder.token_characters.embedding.projection_dim = None
2019-05-26 20:12:37,531 - INFO - allennlp.common.params - model.text_field_embedder.token_characters.embedding.trainable = True
2019-05-26 20:12:37,531 - INFO - allennlp.common.params - model.text_field_embedder.token_characters.embedding.padding_index = None
2019-05-26 20:12:37,531 - INFO - allennlp.common.params - model.text_field_embedder.token_characters.embedding.max_norm = None
2019-05-26 20:12:37,531 - INFO - allennlp.common.params - model.text_field_embedder.token_characters.embedding.norm_type = 2.0
2019-05-26 20:12:37,532 - INFO - allennlp.common.params - model.text_field_embedder.token_characters.embedding.scale_grad_by_freq = False
2019-05-26 20:12:37,532 - INFO - allennlp.common.params - model.text_field_embedder.token_characters.embedding.sparse = False
2019-05-26 20:12:37,532 - INFO - allennlp.common.from_params - instantiating class <class 'allennlp.modules.seq2vec_encoders.seq2vec_encoder.Seq2VecEncoder'> from params {'embedding_dim': 20, 'ngram_filter_sizes': [2, 3], 'num_filters': 20, 'output_dim': 40, 'type': 'cnn'} and extras set()
2019-05-26 20:12:37,532 - INFO - allennlp.common.params - model.text_field_embedder.token_characters.encoder.type = cnn
2019-05-26 20:12:37,532 - INFO - allennlp.common.from_params - instantiating class <class 'allennlp.modules.seq2vec_encoders.cnn_encoder.CnnEncoder'> from params {'embedding_dim': 20, 'ngram_filter_sizes': [2, 3], 'num_filters': 20, 'output_dim': 40} and extras set()
2019-05-26 20:12:37,532 - INFO - allennlp.common.params - model.text_field_embedder.token_characters.encoder.embedding_dim = 20
2019-05-26 20:12:37,532 - INFO - allennlp.common.params - model.text_field_embedder.token_characters.encoder.num_filters = 20
2019-05-26 20:12:37,533 - INFO - allennlp.common.params - model.text_field_embedder.token_characters.encoder.ngram_filter_sizes = [2, 3]
2019-05-26 20:12:37,533 - INFO - allennlp.common.params - model.text_field_embedder.token_characters.encoder.output_dim = 40
2019-05-26 20:12:37,533 - INFO - allennlp.common.params - model.text_field_embedder.token_characters.dropout = 0.0
2019-05-26 20:12:37,534 - INFO - allennlp.common.from_params - instantiating class <class 'allennlp.modules.seq2seq_encoders.seq2seq_encoder.Seq2SeqEncoder'> from params {'input_dim': 40, 'type': 'pass_through'} and extras {'vocab'}
2019-05-26 20:12:37,534 - INFO - allennlp.common.params - model.encoder.type = pass_through
2019-05-26 20:12:37,534 - INFO - allennlp.common.from_params - instantiating class <class 'allennlp.modules.seq2seq_encoders.pass_through_encoder.PassThroughEncoder'> from params {'input_dim': 40} and extras {'vocab'}
2019-05-26 20:12:37,534 - INFO - allennlp.common.params - model.encoder.input_dim = 40
2019-05-26 20:12:37,534 - INFO - allennlp.common.params - model.label_namespace = labels
2019-05-26 20:12:37,534 - INFO - allennlp.common.params - model.label_encoding = None
2019-05-26 20:12:37,534 - INFO - allennlp.common.params - model.include_start_end_transitions = True
2019-05-26 20:12:37,534 - INFO - allennlp.common.params - model.constrain_crf_decoding = None
2019-05-26 20:12:37,534 - INFO - allennlp.common.params - model.calculate_span_f1 = None
2019-05-26 20:12:37,534 - INFO - allennlp.common.params - model.dropout = None
2019-05-26 20:12:37,534 - INFO - allennlp.common.params - model.verbose_metrics = False
2019-05-26 20:12:37,535 - INFO - allennlp.nn.initializers - Initializing parameters
2019-05-26 20:12:37,535 - INFO - allennlp.nn.initializers - Done initializing parameters; the following parameters are using their default initialization from their code
2019-05-26 20:12:37,535 - INFO - allennlp.nn.initializers -    crf._constraint_mask
2019-05-26 20:12:37,535 - INFO - allennlp.nn.initializers -    crf.end_transitions
2019-05-26 20:12:37,535 - INFO - allennlp.nn.initializers -    crf.start_transitions
2019-05-26 20:12:37,535 - INFO - allennlp.nn.initializers -    crf.transitions
2019-05-26 20:12:37,535 - INFO - allennlp.nn.initializers -    tag_projection_layer._module.bias
2019-05-26 20:12:37,535 - INFO - allennlp.nn.initializers -    tag_projection_layer._module.weight
2019-05-26 20:12:37,535 - INFO - allennlp.nn.initializers -    text_field_embedder.token_embedder_token_characters._embedding._module.weight
2019-05-26 20:12:37,535 - INFO - allennlp.nn.initializers -    text_field_embedder.token_embedder_token_characters._encoder._module.conv_layer_0.bias
2019-05-26 20:12:37,535 - INFO - allennlp.nn.initializers -    text_field_embedder.token_embedder_token_characters._encoder._module.conv_layer_0.weight
2019-05-26 20:12:37,536 - INFO - allennlp.nn.initializers -    text_field_embedder.token_embedder_token_characters._encoder._module.conv_layer_1.bias
2019-05-26 20:12:37,536 - INFO - allennlp.nn.initializers -    text_field_embedder.token_embedder_token_characters._encoder._module.conv_layer_1.weight
2019-05-26 20:12:37,536 - INFO - allennlp.nn.initializers -    text_field_embedder.token_embedder_token_characters._encoder._module.projection_layer.bias
2019-05-26 20:12:37,536 - INFO - allennlp.nn.initializers -    text_field_embedder.token_embedder_token_characters._encoder._module.projection_layer.weight
2019-05-26 20:12:37,536 - INFO - allennlp.common.from_params - instantiating class <class 'allennlp.data.iterators.data_iterator.DataIterator'> from params {'batch_size': 100, 'type': 'basic'} and extras set()
2019-05-26 20:12:37,537 - INFO - allennlp.common.params - iterator.type = basic
2019-05-26 20:12:37,537 - INFO - allennlp.common.from_params - instantiating class <class 'allennlp.data.iterators.basic_iterator.BasicIterator'> from params {'batch_size': 100} and extras set()
2019-05-26 20:12:37,537 - INFO - allennlp.common.params - iterator.batch_size = 100
2019-05-26 20:12:37,537 - INFO - allennlp.common.params - iterator.instances_per_epoch = None
2019-05-26 20:12:37,537 - INFO - allennlp.common.params - iterator.max_instances_in_memory = None
2019-05-26 20:12:37,537 - INFO - allennlp.common.params - iterator.cache_instances = False
2019-05-26 20:12:37,537 - INFO - allennlp.common.params - iterator.track_epoch = False
2019-05-26 20:12:37,537 - INFO - allennlp.common.params - iterator.maximum_samples_per_batch = None
2019-05-26 20:12:37,537 - INFO - allennlp.common.params - validation_iterator = None
2019-05-26 20:12:37,537 - INFO - allennlp.common.params - trainer.no_grad = ()
2019-05-26 20:12:37,538 - INFO - allennlp.training.trainer - Following parameters are Frozen  (without gradient):
2019-05-26 20:12:37,538 - INFO - allennlp.training.trainer - crf._constraint_mask
2019-05-26 20:12:37,538 - INFO - allennlp.training.trainer - Following parameters are Tunable (with gradient):
2019-05-26 20:12:37,538 - INFO - allennlp.training.trainer - text_field_embedder.token_embedder_token_characters._embedding._module.weight
2019-05-26 20:12:37,538 - INFO - allennlp.training.trainer - text_field_embedder.token_embedder_token_characters._encoder._module.conv_layer_0.weight
2019-05-26 20:12:37,538 - INFO - allennlp.training.trainer - text_field_embedder.token_embedder_token_characters._encoder._module.conv_layer_0.bias
2019-05-26 20:12:37,538 - INFO - allennlp.training.trainer - text_field_embedder.token_embedder_token_characters._encoder._module.conv_layer_1.weight
2019-05-26 20:12:37,538 - INFO - allennlp.training.trainer - text_field_embedder.token_embedder_token_characters._encoder._module.conv_layer_1.bias
2019-05-26 20:12:37,538 - INFO - allennlp.training.trainer - text_field_embedder.token_embedder_token_characters._encoder._module.projection_layer.weight
2019-05-26 20:12:37,538 - INFO - allennlp.training.trainer - text_field_embedder.token_embedder_token_characters._encoder._module.projection_layer.bias
2019-05-26 20:12:37,538 - INFO - allennlp.training.trainer - tag_projection_layer._module.weight
2019-05-26 20:12:37,538 - INFO - allennlp.training.trainer - tag_projection_layer._module.bias
2019-05-26 20:12:37,538 - INFO - allennlp.training.trainer - crf.transitions
2019-05-26 20:12:37,538 - INFO - allennlp.training.trainer - crf.start_transitions
2019-05-26 20:12:37,538 - INFO - allennlp.training.trainer - crf.end_transitions
2019-05-26 20:12:37,538 - INFO - allennlp.common.params - trainer.patience = 10
2019-05-26 20:12:37,538 - INFO - allennlp.common.params - trainer.validation_metric = -loss
2019-05-26 20:12:37,539 - INFO - allennlp.common.params - trainer.shuffle = True
2019-05-26 20:12:37,539 - INFO - allennlp.common.params - trainer.num_epochs = 500
2019-05-26 20:12:37,539 - INFO - allennlp.common.params - trainer.cuda_device = -1
2019-05-26 20:12:37,539 - INFO - allennlp.common.params - trainer.grad_norm = None
2019-05-26 20:12:37,539 - INFO - allennlp.common.params - trainer.grad_clipping = None
2019-05-26 20:12:37,539 - INFO - allennlp.common.params - trainer.learning_rate_scheduler = None
2019-05-26 20:12:37,539 - INFO - allennlp.common.params - trainer.momentum_scheduler = None
2019-05-26 20:12:37,539 - INFO - allennlp.common.params - trainer.optimizer.type = adam
2019-05-26 20:12:37,539 - INFO - allennlp.common.params - trainer.optimizer.parameter_groups = None
2019-05-26 20:12:37,539 - INFO - allennlp.training.optimizers - Number of trainable parameters: 6558
2019-05-26 20:12:37,539 - INFO - allennlp.common.params - trainer.optimizer.infer_type_and_cast = True
2019-05-26 20:12:37,539 - INFO - allennlp.common.params - Converting Params object to dict; logging of default values will not occur when dictionary parameters are used subsequently.
2019-05-26 20:12:37,539 - INFO - allennlp.common.params - CURRENTLY DEFINED PARAMETERS: 
2019-05-26 20:12:37,539 - INFO - allennlp.common.params - trainer.optimizer.lr = 0.01
2019-05-26 20:12:37,539 - INFO - allennlp.common.params - trainer.num_serialized_models_to_keep = 20
2019-05-26 20:12:37,540 - INFO - allennlp.common.params - trainer.keep_serialized_model_every_num_seconds = None
2019-05-26 20:12:37,540 - INFO - allennlp.common.params - trainer.model_save_interval = None
2019-05-26 20:12:37,540 - INFO - allennlp.common.params - trainer.summary_interval = 100
2019-05-26 20:12:37,540 - INFO - allennlp.common.params - trainer.histogram_interval = None
2019-05-26 20:12:37,540 - INFO - allennlp.common.params - trainer.should_log_parameter_statistics = True
2019-05-26 20:12:37,540 - INFO - allennlp.common.params - trainer.should_log_learning_rate = False
2019-05-26 20:12:37,540 - INFO - allennlp.common.params - trainer.log_batch_size_period = None
2019-05-26 20:12:37,541 - INFO - allennlp.training.trainer - Beginning training.
2019-05-26 20:12:37,541 - INFO - allennlp.training.trainer - Epoch 0/499
2019-05-26 20:12:37,541 - INFO - allennlp.training.trainer - Peak CPU memory usage MB: 224.825344
2019-05-26 20:12:37,547 - INFO - allennlp.training.trainer - Training
2019-05-26 20:13:51,848 - INFO - allennlp.training.trainer - Validating
2019-05-26 20:14:00,704 - INFO - allennlp.training.tensorboard_writer -                   Training |  Validation
2019-05-26 20:14:00,704 - INFO - allennlp.training.tensorboard_writer - accuracy3     |     0.868  |     0.983
2019-05-26 20:14:00,705 - INFO - allennlp.training.tensorboard_writer - f1_macro      |     0.692  |     0.889
2019-05-26 20:14:00,705 - INFO - allennlp.training.tensorboard_writer - loss          |   870.065  |   146.308
2019-05-26 20:14:00,705 - INFO - allennlp.training.tensorboard_writer - cpu_memory_MB |   224.825  |       N/A
2019-05-26 20:14:00,706 - INFO - allennlp.training.tensorboard_writer - accuracy      |     0.849  |     0.979
2019-05-26 20:14:00,708 - INFO - allennlp.training.checkpointer - Best validation performance so far. Copying weights to 'output/models/cnn_pt_crf/exists_ru/best.th'.
2019-05-26 20:14:00,709 - INFO - allennlp.training.trainer - Epoch duration: 00:01:23
2019-05-26 20:14:00,709 - INFO - allennlp.training.trainer - Estimated training time remaining: 11:31:40
2019-05-26 20:14:00,709 - INFO - allennlp.training.trainer - Epoch 1/499
2019-05-26 20:14:00,709 - INFO - allennlp.training.trainer - Peak CPU memory usage MB: 392.66304
2019-05-26 20:14:00,716 - INFO - allennlp.training.trainer - Training
2019-05-26 20:15:15,690 - INFO - allennlp.training.trainer - Validating
2019-05-26 20:15:24,989 - INFO - allennlp.training.tensorboard_writer -                   Training |  Validation
2019-05-26 20:15:24,989 - INFO - allennlp.training.tensorboard_writer - accuracy3     |     0.987  |     0.989
2019-05-26 20:15:24,990 - INFO - allennlp.training.tensorboard_writer - f1_macro      |     0.909  |     0.927
2019-05-26 20:15:24,990 - INFO - allennlp.training.tensorboard_writer - loss          |   110.793  |    92.688
2019-05-26 20:15:24,991 - INFO - allennlp.training.tensorboard_writer - cpu_memory_MB |   392.663  |       N/A
2019-05-26 20:15:24,991 - INFO - allennlp.training.tensorboard_writer - accuracy      |     0.985  |     0.986
2019-05-26 20:15:24,993 - INFO - allennlp.training.checkpointer - Best validation performance so far. Copying weights to 'output/models/cnn_pt_crf/exists_ru/best.th'.
2019-05-26 20:15:24,994 - INFO - allennlp.training.trainer - Epoch duration: 00:01:24
2019-05-26 20:15:24,994 - INFO - allennlp.training.trainer - Estimated training time remaining: 11:34:55
2019-05-26 20:15:24,994 - INFO - allennlp.training.trainer - Epoch 2/499
2019-05-26 20:15:24,994 - INFO - allennlp.training.trainer - Peak CPU memory usage MB: 396.1856
2019-05-26 20:15:25,000 - INFO - allennlp.training.trainer - Training
2019-05-26 20:16:43,546 - INFO - allennlp.training.trainer - Validating
2019-05-26 20:16:52,962 - INFO - allennlp.training.tensorboard_writer -                   Training |  Validation
2019-05-26 20:16:52,962 - INFO - allennlp.training.tensorboard_writer - accuracy3     |     0.991  |     0.991
2019-05-26 20:16:52,962 - INFO - allennlp.training.tensorboard_writer - f1_macro      |     0.941  |     0.929
2019-05-26 20:16:52,963 - INFO - allennlp.training.tensorboard_writer - loss          |    77.758  |    75.780
2019-05-26 20:16:52,963 - INFO - allennlp.training.tensorboard_writer - cpu_memory_MB |   396.186  |       N/A
2019-05-26 20:16:52,963 - INFO - allennlp.training.tensorboard_writer - accuracy      |     0.988  |     0.988
2019-05-26 20:16:52,966 - INFO - allennlp.training.checkpointer - Best validation performance so far. Copying weights to 'output/models/cnn_pt_crf/exists_ru/best.th'.
2019-05-26 20:16:52,966 - INFO - allennlp.training.trainer - Epoch duration: 00:01:27
2019-05-26 20:16:52,966 - INFO - allennlp.training.trainer - Estimated training time remaining: 11:45:15
2019-05-26 20:16:52,966 - INFO - allennlp.training.trainer - Epoch 3/499
2019-05-26 20:16:52,966 - INFO - allennlp.training.trainer - Peak CPU memory usage MB: 398.897152
2019-05-26 20:16:52,973 - INFO - allennlp.training.trainer - Training
2019-05-26 20:18:09,943 - INFO - allennlp.training.trainer - Validating
2019-05-26 20:18:19,792 - INFO - allennlp.training.tensorboard_writer -                   Training |  Validation
2019-05-26 20:18:19,792 - INFO - allennlp.training.tensorboard_writer - accuracy3     |     0.992  |     0.993
2019-05-26 20:18:19,793 - INFO - allennlp.training.tensorboard_writer - f1_macro      |     0.945  |     0.937
2019-05-26 20:18:19,793 - INFO - allennlp.training.tensorboard_writer - loss          |    64.232  |    63.313
2019-05-26 20:18:19,793 - INFO - allennlp.training.tensorboard_writer - cpu_memory_MB |   398.897  |       N/A
2019-05-26 20:18:19,794 - INFO - allennlp.training.tensorboard_writer - accuracy      |     0.990  |     0.990
2019-05-26 20:18:19,796 - INFO - allennlp.training.checkpointer - Best validation performance so far. Copying weights to 'output/models/cnn_pt_crf/exists_ru/best.th'.
2019-05-26 20:18:19,797 - INFO - allennlp.training.trainer - Epoch duration: 00:01:26
2019-05-26 20:18:19,797 - INFO - allennlp.training.trainer - Estimated training time remaining: 11:47:19
2019-05-26 20:18:19,797 - INFO - allennlp.training.trainer - Epoch 4/499
2019-05-26 20:18:19,797 - INFO - allennlp.training.trainer - Peak CPU memory usage MB: 401.403904
2019-05-26 20:18:19,804 - INFO - allennlp.training.trainer - Training
2019-05-26 20:19:35,147 - INFO - allennlp.training.trainer - Validating
2019-05-26 20:19:44,562 - INFO - allennlp.training.tensorboard_writer -                   Training |  Validation
2019-05-26 20:19:44,563 - INFO - allennlp.training.tensorboard_writer - accuracy3     |     0.994  |     0.994
2019-05-26 20:19:44,563 - INFO - allennlp.training.tensorboard_writer - f1_macro      |     0.954  |     0.940
2019-05-26 20:19:44,563 - INFO - allennlp.training.tensorboard_writer - loss          |    56.406  |    57.735
2019-05-26 20:19:44,564 - INFO - allennlp.training.tensorboard_writer - cpu_memory_MB |   401.404  |       N/A
2019-05-26 20:19:44,564 - INFO - allennlp.training.tensorboard_writer - accuracy      |     0.991  |     0.991
2019-05-26 20:19:44,567 - INFO - allennlp.training.checkpointer - Best validation performance so far. Copying weights to 'output/models/cnn_pt_crf/exists_ru/best.th'.
2019-05-26 20:19:44,567 - INFO - allennlp.training.trainer - Epoch duration: 00:01:24
2019-05-26 20:19:44,567 - INFO - allennlp.training.trainer - Estimated training time remaining: 11:44:35
2019-05-26 20:19:44,567 - INFO - allennlp.training.trainer - Epoch 5/499
2019-05-26 20:19:44,567 - INFO - allennlp.training.trainer - Peak CPU memory usage MB: 404.484096
2019-05-26 20:19:44,575 - INFO - allennlp.training.trainer - Training
2019-05-26 20:21:02,487 - INFO - allennlp.training.trainer - Validating
2019-05-26 20:21:11,468 - INFO - allennlp.training.tensorboard_writer -                   Training |  Validation
2019-05-26 20:21:11,468 - INFO - allennlp.training.tensorboard_writer - accuracy3     |     0.994  |     0.993
2019-05-26 20:21:11,468 - INFO - allennlp.training.tensorboard_writer - f1_macro      |     0.958  |     0.939
2019-05-26 20:21:11,469 - INFO - allennlp.training.tensorboard_writer - loss          |    51.922  |    55.077
2019-05-26 20:21:11,469 - INFO - allennlp.training.tensorboard_writer - cpu_memory_MB |   404.484  |       N/A
2019-05-26 20:21:11,469 - INFO - allennlp.training.tensorboard_writer - accuracy      |     0.992  |     0.990
2019-05-26 20:21:11,472 - INFO - allennlp.training.checkpointer - Best validation performance so far. Copying weights to 'output/models/cnn_pt_crf/exists_ru/best.th'.
2019-05-26 20:21:11,472 - INFO - allennlp.training.trainer - Epoch duration: 00:01:26
2019-05-26 20:21:11,472 - INFO - allennlp.training.trainer - Estimated training time remaining: 11:45:13
2019-05-26 20:21:11,472 - INFO - allennlp.training.trainer - Epoch 6/499
2019-05-26 20:21:11,472 - INFO - allennlp.training.trainer - Peak CPU memory usage MB: 405.692416
2019-05-26 20:21:11,479 - INFO - allennlp.training.trainer - Training
2019-05-26 20:22:28,293 - INFO - allennlp.training.trainer - Validating
2019-05-26 20:22:37,247 - INFO - allennlp.training.tensorboard_writer -                   Training |  Validation
2019-05-26 20:22:37,247 - INFO - allennlp.training.tensorboard_writer - accuracy3     |     0.995  |     0.993
2019-05-26 20:22:37,248 - INFO - allennlp.training.tensorboard_writer - f1_macro      |     0.958  |     0.941
2019-05-26 20:22:37,248 - INFO - allennlp.training.tensorboard_writer - loss          |    48.808  |    51.231
2019-05-26 20:22:37,248 - INFO - allennlp.training.tensorboard_writer - cpu_memory_MB |   405.692  |       N/A
2019-05-26 20:22:37,249 - INFO - allennlp.training.tensorboard_writer - accuracy      |     0.992  |     0.991
2019-05-26 20:22:37,251 - INFO - allennlp.training.checkpointer - Best validation performance so far. Copying weights to 'output/models/cnn_pt_crf/exists_ru/best.th'.
2019-05-26 20:22:37,252 - INFO - allennlp.training.trainer - Epoch duration: 00:01:25
2019-05-26 20:22:37,252 - INFO - allennlp.training.trainer - Estimated training time remaining: 11:43:56
2019-05-26 20:22:37,252 - INFO - allennlp.training.trainer - Epoch 7/499
2019-05-26 20:22:37,252 - INFO - allennlp.training.trainer - Peak CPU memory usage MB: 405.692416
2019-05-26 20:22:37,259 - INFO - allennlp.training.trainer - Training
2019-05-26 20:23:54,748 - INFO - allennlp.training.trainer - Validating
2019-05-26 20:24:03,758 - INFO - allennlp.training.tensorboard_writer -                   Training |  Validation
2019-05-26 20:24:03,759 - INFO - allennlp.training.tensorboard_writer - accuracy3     |     0.995  |     0.994
2019-05-26 20:24:03,759 - INFO - allennlp.training.tensorboard_writer - f1_macro      |     0.959  |     0.950
2019-05-26 20:24:03,760 - INFO - allennlp.training.tensorboard_writer - loss          |    46.519  |    50.111
2019-05-26 20:24:03,760 - INFO - allennlp.training.tensorboard_writer - cpu_memory_MB |   405.692  |       N/A
2019-05-26 20:24:03,760 - INFO - allennlp.training.tensorboard_writer - accuracy      |     0.992  |     0.991
2019-05-26 20:24:03,763 - INFO - allennlp.training.checkpointer - Best validation performance so far. Copying weights to 'output/models/cnn_pt_crf/exists_ru/best.th'.
2019-05-26 20:24:03,763 - INFO - allennlp.training.trainer - Epoch duration: 00:01:26
2019-05-26 20:24:03,763 - INFO - allennlp.training.trainer - Estimated training time remaining: 11:43:22
2019-05-26 20:24:03,763 - INFO - allennlp.training.trainer - Epoch 8/499
2019-05-26 20:24:03,763 - INFO - allennlp.training.trainer - Peak CPU memory usage MB: 406.253568
2019-05-26 20:24:03,770 - INFO - allennlp.training.trainer - Training
2019-05-26 20:25:20,400 - INFO - allennlp.training.trainer - Validating
2019-05-26 20:25:30,220 - INFO - allennlp.training.tensorboard_writer -                   Training |  Validation
2019-05-26 20:25:30,220 - INFO - allennlp.training.tensorboard_writer - accuracy3     |     0.995  |     0.994
2019-05-26 20:25:30,220 - INFO - allennlp.training.tensorboard_writer - f1_macro      |     0.962  |     0.948
2019-05-26 20:25:30,221 - INFO - allennlp.training.tensorboard_writer - loss          |    44.647  |    49.502
2019-05-26 20:25:30,221 - INFO - allennlp.training.tensorboard_writer - cpu_memory_MB |   406.254  |       N/A
2019-05-26 20:25:30,221 - INFO - allennlp.training.tensorboard_writer - accuracy      |     0.993  |     0.991
2019-05-26 20:25:30,224 - INFO - allennlp.training.checkpointer - Best validation performance so far. Copying weights to 'output/models/cnn_pt_crf/exists_ru/best.th'.
2019-05-26 20:25:30,224 - INFO - allennlp.training.trainer - Epoch duration: 00:01:26
2019-05-26 20:25:30,224 - INFO - allennlp.training.trainer - Estimated training time remaining: 11:42:34
2019-05-26 20:25:30,225 - INFO - allennlp.training.trainer - Epoch 9/499
2019-05-26 20:25:30,225 - INFO - allennlp.training.trainer - Peak CPU memory usage MB: 406.253568
2019-05-26 20:25:30,232 - INFO - allennlp.training.trainer - Training
2019-05-26 20:26:48,286 - INFO - allennlp.training.trainer - Validating
2019-05-26 20:26:57,779 - INFO - allennlp.training.tensorboard_writer -                   Training |  Validation
2019-05-26 20:26:57,780 - INFO - allennlp.training.tensorboard_writer - accuracy3     |     0.995  |     0.994
2019-05-26 20:26:57,780 - INFO - allennlp.training.tensorboard_writer - f1_macro      |     0.961  |     0.954
2019-05-26 20:26:57,780 - INFO - allennlp.training.tensorboard_writer - loss          |    43.013  |    47.921
2019-05-26 20:26:57,781 - INFO - allennlp.training.tensorboard_writer - cpu_memory_MB |   406.254  |       N/A
2019-05-26 20:26:57,781 - INFO - allennlp.training.tensorboard_writer - accuracy      |     0.993  |     0.991
2019-05-26 20:26:57,784 - INFO - allennlp.training.checkpointer - Best validation performance so far. Copying weights to 'output/models/cnn_pt_crf/exists_ru/best.th'.
2019-05-26 20:26:57,784 - INFO - allennlp.training.trainer - Epoch duration: 00:01:27
2019-05-26 20:26:57,784 - INFO - allennlp.training.trainer - Estimated training time remaining: 11:42:31
2019-05-26 20:26:57,784 - INFO - allennlp.training.trainer - Epoch 10/499
2019-05-26 20:26:57,784 - INFO - allennlp.training.trainer - Peak CPU memory usage MB: 407.072768
2019-05-26 20:26:57,792 - INFO - allennlp.training.trainer - Training
2019-05-26 20:28:13,328 - INFO - allennlp.training.trainer - Validating
2019-05-26 20:28:22,153 - INFO - allennlp.training.tensorboard_writer -                   Training |  Validation
2019-05-26 20:28:22,153 - INFO - allennlp.training.tensorboard_writer - accuracy3     |     0.996  |     0.994
2019-05-26 20:28:22,153 - INFO - allennlp.training.tensorboard_writer - f1_macro      |     0.961  |     0.949
2019-05-26 20:28:22,154 - INFO - allennlp.training.tensorboard_writer - loss          |    41.860  |    47.139
2019-05-26 20:28:22,154 - INFO - allennlp.training.tensorboard_writer - cpu_memory_MB |   407.073  |       N/A
2019-05-26 20:28:22,154 - INFO - allennlp.training.tensorboard_writer - accuracy      |     0.993  |     0.991
2019-05-26 20:28:22,156 - INFO - allennlp.training.checkpointer - Best validation performance so far. Copying weights to 'output/models/cnn_pt_crf/exists_ru/best.th'.
2019-05-26 20:28:22,157 - INFO - allennlp.training.trainer - Epoch duration: 00:01:24
2019-05-26 20:28:22,157 - INFO - allennlp.training.trainer - Estimated training time remaining: 11:39:52
2019-05-26 20:28:22,157 - INFO - allennlp.training.trainer - Epoch 11/499
2019-05-26 20:28:22,157 - INFO - allennlp.training.trainer - Peak CPU memory usage MB: 407.072768
2019-05-26 20:28:22,164 - INFO - allennlp.training.trainer - Training
2019-05-26 20:29:38,274 - INFO - allennlp.training.trainer - Validating
2019-05-26 20:29:47,695 - INFO - allennlp.training.tensorboard_writer -                   Training |  Validation
2019-05-26 20:29:47,695 - INFO - allennlp.training.tensorboard_writer - accuracy3     |     0.996  |     0.994
2019-05-26 20:29:47,695 - INFO - allennlp.training.tensorboard_writer - f1_macro      |     0.963  |     0.943
2019-05-26 20:29:47,696 - INFO - allennlp.training.tensorboard_writer - loss          |    40.929  |    47.337
2019-05-26 20:29:47,696 - INFO - allennlp.training.tensorboard_writer - cpu_memory_MB |   407.073  |       N/A
2019-05-26 20:29:47,696 - INFO - allennlp.training.tensorboard_writer - accuracy      |     0.993  |     0.991
2019-05-26 20:29:47,699 - INFO - allennlp.training.trainer - Epoch duration: 00:01:25
2019-05-26 20:29:47,699 - INFO - allennlp.training.trainer - Estimated training time remaining: 11:38:13
2019-05-26 20:29:47,699 - INFO - allennlp.training.trainer - Epoch 12/499
2019-05-26 20:29:47,699 - INFO - allennlp.training.trainer - Peak CPU memory usage MB: 407.072768
2019-05-26 20:29:47,706 - INFO - allennlp.training.trainer - Training
2019-05-26 20:31:03,785 - INFO - allennlp.training.trainer - Validating
2019-05-26 20:31:13,026 - INFO - allennlp.training.tensorboard_writer -                   Training |  Validation
2019-05-26 20:31:13,026 - INFO - allennlp.training.tensorboard_writer - accuracy3     |     0.996  |     0.994
2019-05-26 20:31:13,026 - INFO - allennlp.training.tensorboard_writer - f1_macro      |     0.963  |     0.956
2019-05-26 20:31:13,027 - INFO - allennlp.training.tensorboard_writer - loss          |    40.109  |    45.931
2019-05-26 20:31:13,027 - INFO - allennlp.training.tensorboard_writer - cpu_memory_MB |   407.073  |       N/A
2019-05-26 20:31:13,027 - INFO - allennlp.training.tensorboard_writer - accuracy      |     0.993  |     0.991
2019-05-26 20:31:13,030 - INFO - allennlp.training.checkpointer - Best validation performance so far. Copying weights to 'output/models/cnn_pt_crf/exists_ru/best.th'.
2019-05-26 20:31:13,030 - INFO - allennlp.training.trainer - Epoch duration: 00:01:25
2019-05-26 20:31:13,030 - INFO - allennlp.training.trainer - Estimated training time remaining: 11:36:27
2019-05-26 20:31:13,030 - INFO - allennlp.training.trainer - Epoch 13/499
2019-05-26 20:31:13,031 - INFO - allennlp.training.trainer - Peak CPU memory usage MB: 407.072768
2019-05-26 20:31:13,038 - INFO - allennlp.training.trainer - Training
2019-05-26 20:31:27,297 - INFO - root - Training interrupted by the user. Attempting to create a model archive using the current best epoch weights.
2019-05-26 20:31:27,298 - INFO - allennlp.models.archival - archiving weights and vocabulary to output/models/cnn_pt_crf/exists_ru/model.tar.gz
