2019-05-26 13:10:51,118 - INFO - allennlp.common.params - evaluate_on_test = False
2019-05-26 13:10:51,119 - INFO - allennlp.common.from_params - instantiating class <class 'allennlp.data.dataset_readers.dataset_reader.DatasetReader'> from params {'token_indexers': {'token_characters': {'type': 'characters'}}, 'type': 'custom-dataset-reader'} and extras set()
2019-05-26 13:10:51,119 - INFO - allennlp.common.params - dataset_reader.type = custom-dataset-reader
2019-05-26 13:10:51,119 - INFO - allennlp.common.from_params - instantiating class <class 'layers.utils.data_reader.CustomDataReader'> from params {'token_indexers': {'token_characters': {'type': 'characters'}}} and extras set()
2019-05-26 13:10:51,119 - INFO - allennlp.common.from_params - instantiating class <class 'allennlp.data.token_indexers.token_indexer.TokenIndexer'> from params {'type': 'characters'} and extras set()
2019-05-26 13:10:51,119 - INFO - allennlp.common.params - dataset_reader.token_indexers.token_characters.type = characters
2019-05-26 13:10:51,119 - INFO - allennlp.common.from_params - instantiating class <class 'allennlp.data.token_indexers.token_characters_indexer.TokenCharactersIndexer'> from params {} and extras set()
2019-05-26 13:10:51,119 - INFO - allennlp.common.params - dataset_reader.token_indexers.token_characters.namespace = token_characters
2019-05-26 13:10:51,119 - INFO - allennlp.common.params - dataset_reader.token_indexers.token_characters.start_tokens = None
2019-05-26 13:10:51,119 - INFO - allennlp.common.params - dataset_reader.token_indexers.token_characters.end_tokens = None
2019-05-26 13:10:51,119 - INFO - allennlp.common.params - dataset_reader.token_indexers.token_characters.min_padding_length = 0
2019-05-26 13:10:51,120 - INFO - allennlp.common.params - validation_dataset_reader = None
2019-05-26 13:10:51,120 - INFO - allennlp.common.params - train_data_path = temp/datasets/exists_ru/exists_ru_train.xlsx
2019-05-26 13:10:51,120 - INFO - allennlp.training.util - Reading training data from temp/datasets/exists_ru/exists_ru_train.xlsx
2019-05-26 13:10:51,120 - INFO - allennlp.common.params - validation_data_path = temp/datasets/exists_ru/exists_ru_test.xlsx
2019-05-26 13:10:51,120 - INFO - allennlp.training.util - Reading validation data from temp/datasets/exists_ru/exists_ru_test.xlsx
2019-05-26 13:10:51,120 - INFO - allennlp.common.params - test_data_path = None
2019-05-26 13:10:51,120 - INFO - allennlp.training.trainer - From dataset instances, validation, train will be considered for vocabulary creation.
2019-05-26 13:10:51,120 - INFO - allennlp.common.params - vocabulary.type = None
2019-05-26 13:10:51,120 - INFO - allennlp.common.params - vocabulary.extend = False
2019-05-26 13:10:51,120 - INFO - allennlp.common.params - vocabulary.directory_path = temp/datasets/exists_ru/lstm_pt_crf/vocabulary
2019-05-26 13:10:51,120 - INFO - allennlp.data.vocabulary - Loading Vocab from files instead of dataset.
2019-05-26 13:10:51,120 - INFO - allennlp.data.vocabulary - Loading token dictionary from temp/datasets/exists_ru/lstm_pt_crf/vocabulary.
2019-05-26 13:10:51,121 - INFO - allennlp.common.from_params - instantiating class <class 'allennlp.models.model.Model'> from params {'encoder': {'input_dim': 40, 'type': 'pass_through'}, 'text_field_embedder': {'token_characters': {'embedding': {'embedding_dim': 20}, 'encoder': {'bidirectional': True, 'hidden_size': 20, 'input_size': 20, 'type': 'lstm'}, 'type': 'character_encoding'}}, 'type': 'crf_tagger_f1'} and extras {'vocab'}
2019-05-26 13:10:51,121 - INFO - allennlp.common.params - model.type = crf_tagger_f1
2019-05-26 13:10:51,121 - INFO - allennlp.common.from_params - instantiating class <class 'layers.taggers.crf_with_f1.CrfTaggerWithMetric'> from params {'encoder': {'input_dim': 40, 'type': 'pass_through'}, 'text_field_embedder': {'token_characters': {'embedding': {'embedding_dim': 20}, 'encoder': {'bidirectional': True, 'hidden_size': 20, 'input_size': 20, 'type': 'lstm'}, 'type': 'character_encoding'}}} and extras {'vocab'}
2019-05-26 13:10:51,121 - INFO - allennlp.common.from_params - instantiating class <class 'allennlp.modules.text_field_embedders.text_field_embedder.TextFieldEmbedder'> from params {'token_characters': {'embedding': {'embedding_dim': 20}, 'encoder': {'bidirectional': True, 'hidden_size': 20, 'input_size': 20, 'type': 'lstm'}, 'type': 'character_encoding'}} and extras {'vocab'}
2019-05-26 13:10:51,121 - INFO - allennlp.common.params - model.text_field_embedder.type = basic
2019-05-26 13:10:51,121 - INFO - allennlp.common.params - model.text_field_embedder.embedder_to_indexer_map = None
2019-05-26 13:10:51,121 - INFO - allennlp.common.params - model.text_field_embedder.allow_unmatched_keys = False
2019-05-26 13:10:51,122 - INFO - allennlp.common.params - model.text_field_embedder.token_embedders = None
2019-05-26 13:10:51,122 - INFO - allennlp.common.from_params - instantiating class <class 'allennlp.modules.token_embedders.token_embedder.TokenEmbedder'> from params {'embedding': {'embedding_dim': 20}, 'encoder': {'bidirectional': True, 'hidden_size': 20, 'input_size': 20, 'type': 'lstm'}, 'type': 'character_encoding'} and extras {'vocab'}
2019-05-26 13:10:51,122 - INFO - allennlp.common.params - model.text_field_embedder.token_characters.type = character_encoding
2019-05-26 13:10:51,122 - INFO - allennlp.common.params - model.text_field_embedder.token_characters.embedding.num_embeddings = None
2019-05-26 13:10:51,122 - INFO - allennlp.common.params - model.text_field_embedder.token_characters.embedding.vocab_namespace = token_characters
2019-05-26 13:10:51,122 - INFO - allennlp.common.params - model.text_field_embedder.token_characters.embedding.embedding_dim = 20
2019-05-26 13:10:51,122 - INFO - allennlp.common.params - model.text_field_embedder.token_characters.embedding.pretrained_file = None
2019-05-26 13:10:51,122 - INFO - allennlp.common.params - model.text_field_embedder.token_characters.embedding.projection_dim = None
2019-05-26 13:10:51,122 - INFO - allennlp.common.params - model.text_field_embedder.token_characters.embedding.trainable = True
2019-05-26 13:10:51,122 - INFO - allennlp.common.params - model.text_field_embedder.token_characters.embedding.padding_index = None
2019-05-26 13:10:51,122 - INFO - allennlp.common.params - model.text_field_embedder.token_characters.embedding.max_norm = None
2019-05-26 13:10:51,122 - INFO - allennlp.common.params - model.text_field_embedder.token_characters.embedding.norm_type = 2.0
2019-05-26 13:10:51,122 - INFO - allennlp.common.params - model.text_field_embedder.token_characters.embedding.scale_grad_by_freq = False
2019-05-26 13:10:51,122 - INFO - allennlp.common.params - model.text_field_embedder.token_characters.embedding.sparse = False
2019-05-26 13:10:51,123 - INFO - allennlp.common.from_params - instantiating class <class 'allennlp.modules.seq2vec_encoders.seq2vec_encoder.Seq2VecEncoder'> from params {'bidirectional': True, 'hidden_size': 20, 'input_size': 20, 'type': 'lstm'} and extras set()
2019-05-26 13:10:51,123 - INFO - allennlp.common.params - model.text_field_embedder.token_characters.encoder.type = lstm
2019-05-26 13:10:51,123 - INFO - allennlp.common.params - model.text_field_embedder.token_characters.encoder.batch_first = True
2019-05-26 13:10:51,123 - INFO - allennlp.common.params - Converting Params object to dict; logging of default values will not occur when dictionary parameters are used subsequently.
2019-05-26 13:10:51,123 - INFO - allennlp.common.params - CURRENTLY DEFINED PARAMETERS: 
2019-05-26 13:10:51,123 - INFO - allennlp.common.params - model.text_field_embedder.token_characters.encoder.bidirectional = True
2019-05-26 13:10:51,123 - INFO - allennlp.common.params - model.text_field_embedder.token_characters.encoder.hidden_size = 20
2019-05-26 13:10:51,123 - INFO - allennlp.common.params - model.text_field_embedder.token_characters.encoder.input_size = 20
2019-05-26 13:10:51,123 - INFO - allennlp.common.params - model.text_field_embedder.token_characters.encoder.batch_first = True
2019-05-26 13:10:51,124 - INFO - allennlp.common.params - model.text_field_embedder.token_characters.dropout = 0.0
2019-05-26 13:10:51,124 - INFO - allennlp.common.from_params - instantiating class <class 'allennlp.modules.seq2seq_encoders.seq2seq_encoder.Seq2SeqEncoder'> from params {'input_dim': 40, 'type': 'pass_through'} and extras {'vocab'}
2019-05-26 13:10:51,124 - INFO - allennlp.common.params - model.encoder.type = pass_through
2019-05-26 13:10:51,124 - INFO - allennlp.common.from_params - instantiating class <class 'allennlp.modules.seq2seq_encoders.pass_through_encoder.PassThroughEncoder'> from params {'input_dim': 40} and extras {'vocab'}
2019-05-26 13:10:51,125 - INFO - allennlp.common.params - model.encoder.input_dim = 40
2019-05-26 13:10:51,125 - INFO - allennlp.common.params - model.label_namespace = labels
2019-05-26 13:10:51,125 - INFO - allennlp.common.params - model.label_encoding = None
2019-05-26 13:10:51,125 - INFO - allennlp.common.params - model.include_start_end_transitions = True
2019-05-26 13:10:51,125 - INFO - allennlp.common.params - model.constrain_crf_decoding = None
2019-05-26 13:10:51,125 - INFO - allennlp.common.params - model.calculate_span_f1 = None
2019-05-26 13:10:51,125 - INFO - allennlp.common.params - model.dropout = None
2019-05-26 13:10:51,125 - INFO - allennlp.common.params - model.verbose_metrics = False
2019-05-26 13:10:51,125 - INFO - allennlp.nn.initializers - Initializing parameters
2019-05-26 13:10:51,126 - INFO - allennlp.nn.initializers - Done initializing parameters; the following parameters are using their default initialization from their code
2019-05-26 13:10:51,126 - INFO - allennlp.nn.initializers -    crf._constraint_mask
2019-05-26 13:10:51,126 - INFO - allennlp.nn.initializers -    crf.end_transitions
2019-05-26 13:10:51,126 - INFO - allennlp.nn.initializers -    crf.start_transitions
2019-05-26 13:10:51,126 - INFO - allennlp.nn.initializers -    crf.transitions
2019-05-26 13:10:51,126 - INFO - allennlp.nn.initializers -    tag_projection_layer._module.bias
2019-05-26 13:10:51,126 - INFO - allennlp.nn.initializers -    tag_projection_layer._module.weight
2019-05-26 13:10:51,126 - INFO - allennlp.nn.initializers -    text_field_embedder.token_embedder_token_characters._embedding._module.weight
2019-05-26 13:10:51,126 - INFO - allennlp.nn.initializers -    text_field_embedder.token_embedder_token_characters._encoder._module._module.bias_hh_l0
2019-05-26 13:10:51,126 - INFO - allennlp.nn.initializers -    text_field_embedder.token_embedder_token_characters._encoder._module._module.bias_hh_l0_reverse
2019-05-26 13:10:51,126 - INFO - allennlp.nn.initializers -    text_field_embedder.token_embedder_token_characters._encoder._module._module.bias_ih_l0
2019-05-26 13:10:51,126 - INFO - allennlp.nn.initializers -    text_field_embedder.token_embedder_token_characters._encoder._module._module.bias_ih_l0_reverse
2019-05-26 13:10:51,126 - INFO - allennlp.nn.initializers -    text_field_embedder.token_embedder_token_characters._encoder._module._module.weight_hh_l0
2019-05-26 13:10:51,126 - INFO - allennlp.nn.initializers -    text_field_embedder.token_embedder_token_characters._encoder._module._module.weight_hh_l0_reverse
2019-05-26 13:10:51,126 - INFO - allennlp.nn.initializers -    text_field_embedder.token_embedder_token_characters._encoder._module._module.weight_ih_l0
2019-05-26 13:10:51,126 - INFO - allennlp.nn.initializers -    text_field_embedder.token_embedder_token_characters._encoder._module._module.weight_ih_l0_reverse
2019-05-26 13:10:51,127 - INFO - allennlp.common.from_params - instantiating class <class 'allennlp.data.iterators.data_iterator.DataIterator'> from params {'batch_size': 100, 'type': 'basic'} and extras set()
2019-05-26 13:10:51,128 - INFO - allennlp.common.params - iterator.type = basic
2019-05-26 13:10:51,128 - INFO - allennlp.common.from_params - instantiating class <class 'allennlp.data.iterators.basic_iterator.BasicIterator'> from params {'batch_size': 100} and extras set()
2019-05-26 13:10:51,128 - INFO - allennlp.common.params - iterator.batch_size = 100
2019-05-26 13:10:51,128 - INFO - allennlp.common.params - iterator.instances_per_epoch = None
2019-05-26 13:10:51,128 - INFO - allennlp.common.params - iterator.max_instances_in_memory = None
2019-05-26 13:10:51,128 - INFO - allennlp.common.params - iterator.cache_instances = False
2019-05-26 13:10:51,128 - INFO - allennlp.common.params - iterator.track_epoch = False
2019-05-26 13:10:51,128 - INFO - allennlp.common.params - iterator.maximum_samples_per_batch = None
2019-05-26 13:10:51,128 - INFO - allennlp.common.params - validation_iterator = None
2019-05-26 13:10:51,128 - INFO - allennlp.common.params - trainer.no_grad = ()
2019-05-26 13:10:51,128 - INFO - allennlp.training.trainer - Following parameters are Frozen  (without gradient):
2019-05-26 13:10:51,128 - INFO - allennlp.training.trainer - crf._constraint_mask
2019-05-26 13:10:51,128 - INFO - allennlp.training.trainer - Following parameters are Tunable (with gradient):
2019-05-26 13:10:51,129 - INFO - allennlp.training.trainer - text_field_embedder.token_embedder_token_characters._embedding._module.weight
2019-05-26 13:10:51,129 - INFO - allennlp.training.trainer - text_field_embedder.token_embedder_token_characters._encoder._module._module.weight_ih_l0
2019-05-26 13:10:51,129 - INFO - allennlp.training.trainer - text_field_embedder.token_embedder_token_characters._encoder._module._module.weight_hh_l0
2019-05-26 13:10:51,129 - INFO - allennlp.training.trainer - text_field_embedder.token_embedder_token_characters._encoder._module._module.bias_ih_l0
2019-05-26 13:10:51,129 - INFO - allennlp.training.trainer - text_field_embedder.token_embedder_token_characters._encoder._module._module.bias_hh_l0
2019-05-26 13:10:51,129 - INFO - allennlp.training.trainer - text_field_embedder.token_embedder_token_characters._encoder._module._module.weight_ih_l0_reverse
2019-05-26 13:10:51,129 - INFO - allennlp.training.trainer - text_field_embedder.token_embedder_token_characters._encoder._module._module.weight_hh_l0_reverse
2019-05-26 13:10:51,129 - INFO - allennlp.training.trainer - text_field_embedder.token_embedder_token_characters._encoder._module._module.bias_ih_l0_reverse
2019-05-26 13:10:51,129 - INFO - allennlp.training.trainer - text_field_embedder.token_embedder_token_characters._encoder._module._module.bias_hh_l0_reverse
2019-05-26 13:10:51,129 - INFO - allennlp.training.trainer - tag_projection_layer._module.weight
2019-05-26 13:10:51,129 - INFO - allennlp.training.trainer - tag_projection_layer._module.bias
2019-05-26 13:10:51,129 - INFO - allennlp.training.trainer - crf.transitions
2019-05-26 13:10:51,129 - INFO - allennlp.training.trainer - crf.start_transitions
2019-05-26 13:10:51,129 - INFO - allennlp.training.trainer - crf.end_transitions
2019-05-26 13:10:51,129 - INFO - allennlp.common.params - trainer.patience = 10
2019-05-26 13:10:51,130 - INFO - allennlp.common.params - trainer.validation_metric = -loss
2019-05-26 13:10:51,130 - INFO - allennlp.common.params - trainer.shuffle = True
2019-05-26 13:10:51,130 - INFO - allennlp.common.params - trainer.num_epochs = 500
2019-05-26 13:10:51,130 - INFO - allennlp.common.params - trainer.cuda_device = -1
2019-05-26 13:10:51,130 - INFO - allennlp.common.params - trainer.grad_norm = None
2019-05-26 13:10:51,130 - INFO - allennlp.common.params - trainer.grad_clipping = None
2019-05-26 13:10:51,130 - INFO - allennlp.common.params - trainer.learning_rate_scheduler = None
2019-05-26 13:10:51,130 - INFO - allennlp.common.params - trainer.momentum_scheduler = None
2019-05-26 13:10:51,130 - INFO - allennlp.common.params - trainer.optimizer.type = sgd
2019-05-26 13:10:51,130 - INFO - allennlp.common.params - trainer.optimizer.parameter_groups = None
2019-05-26 13:10:51,130 - INFO - allennlp.training.optimizers - Number of trainable parameters: 9598
2019-05-26 13:10:51,130 - INFO - allennlp.common.params - trainer.optimizer.infer_type_and_cast = True
2019-05-26 13:10:51,131 - INFO - allennlp.common.params - Converting Params object to dict; logging of default values will not occur when dictionary parameters are used subsequently.
2019-05-26 13:10:51,131 - INFO - allennlp.common.params - CURRENTLY DEFINED PARAMETERS: 
2019-05-26 13:10:51,131 - INFO - allennlp.common.params - trainer.optimizer.lr = 0.1
2019-05-26 13:10:51,131 - INFO - allennlp.common.params - trainer.num_serialized_models_to_keep = 20
2019-05-26 13:10:51,131 - INFO - allennlp.common.params - trainer.keep_serialized_model_every_num_seconds = None
2019-05-26 13:10:51,131 - INFO - allennlp.common.params - trainer.model_save_interval = None
2019-05-26 13:10:51,131 - INFO - allennlp.common.params - trainer.summary_interval = 100
2019-05-26 13:10:51,131 - INFO - allennlp.common.params - trainer.histogram_interval = None
2019-05-26 13:10:51,131 - INFO - allennlp.common.params - trainer.should_log_parameter_statistics = True
2019-05-26 13:10:51,131 - INFO - allennlp.common.params - trainer.should_log_learning_rate = False
2019-05-26 13:10:51,131 - INFO - allennlp.common.params - trainer.log_batch_size_period = None
2019-05-26 13:10:51,133 - INFO - allennlp.training.trainer - Beginning training.
2019-05-26 13:10:51,133 - INFO - allennlp.training.trainer - Epoch 0/499
2019-05-26 13:10:51,133 - INFO - allennlp.training.trainer - Peak CPU memory usage MB: 224.239616
2019-05-26 13:10:51,140 - INFO - allennlp.training.trainer - Training
2019-05-26 13:12:03,298 - INFO - allennlp.training.trainer - Validating
2019-05-26 13:12:13,220 - INFO - allennlp.training.tensorboard_writer -                   Training |  Validation
2019-05-26 13:12:13,220 - INFO - allennlp.training.tensorboard_writer - accuracy3     |     0.824  |     0.645
2019-05-26 13:12:13,220 - INFO - allennlp.training.tensorboard_writer - loss          |  26581.474  |  45555.334
2019-05-26 13:12:13,221 - INFO - allennlp.training.tensorboard_writer - cpu_memory_MB |   224.240  |       N/A
2019-05-26 13:12:13,221 - INFO - allennlp.training.tensorboard_writer - accuracy      |     0.812  |     0.586
2019-05-26 13:12:13,221 - INFO - allennlp.training.tensorboard_writer - f1_macro      |     0.605  |     0.245
2019-05-26 13:12:13,224 - INFO - allennlp.training.checkpointer - Best validation performance so far. Copying weights to 'output/models/lstm_pt_crf/exists_ru/best.th'.
2019-05-26 13:12:13,224 - INFO - allennlp.training.trainer - Epoch duration: 00:01:22
2019-05-26 13:12:13,233 - INFO - allennlp.training.trainer - Estimated training time remaining: 11:22:47
2019-05-26 13:12:13,233 - INFO - allennlp.training.trainer - Epoch 1/499
2019-05-26 13:12:13,233 - INFO - allennlp.training.trainer - Peak CPU memory usage MB: 385.093632
2019-05-26 13:12:13,241 - INFO - allennlp.training.trainer - Training
2019-05-26 13:13:25,056 - INFO - allennlp.training.trainer - Validating
2019-05-26 13:13:34,507 - INFO - allennlp.training.tensorboard_writer -                   Training |  Validation
2019-05-26 13:13:34,507 - INFO - allennlp.training.tensorboard_writer - accuracy3     |     0.917  |     0.661
2019-05-26 13:13:34,507 - INFO - allennlp.training.tensorboard_writer - loss          |  7599.269  |  24443.148
2019-05-26 13:13:34,508 - INFO - allennlp.training.tensorboard_writer - cpu_memory_MB |   385.094  |       N/A
2019-05-26 13:13:34,508 - INFO - allennlp.training.tensorboard_writer - accuracy      |     0.910  |     0.609
2019-05-26 13:13:34,508 - INFO - allennlp.training.tensorboard_writer - f1_macro      |     0.701  |     0.352
2019-05-26 13:13:34,510 - INFO - allennlp.training.checkpointer - Best validation performance so far. Copying weights to 'output/models/lstm_pt_crf/exists_ru/best.th'.
2019-05-26 13:13:34,511 - INFO - allennlp.training.trainer - Epoch duration: 00:01:21
2019-05-26 13:13:34,534 - INFO - allennlp.training.trainer - Estimated training time remaining: 11:18:06
2019-05-26 13:13:34,534 - INFO - allennlp.training.trainer - Epoch 2/499
2019-05-26 13:13:34,534 - INFO - allennlp.training.trainer - Peak CPU memory usage MB: 390.987776
2019-05-26 13:13:34,541 - INFO - allennlp.training.trainer - Training
2019-05-26 13:14:46,644 - INFO - allennlp.training.trainer - Validating
2019-05-26 13:14:56,336 - INFO - allennlp.training.tensorboard_writer -                   Training |  Validation
2019-05-26 13:14:56,336 - INFO - allennlp.training.tensorboard_writer - accuracy3     |     0.929  |     0.782
2019-05-26 13:14:56,337 - INFO - allennlp.training.tensorboard_writer - loss          |  5240.616  |  7711.526
2019-05-26 13:14:56,337 - INFO - allennlp.training.tensorboard_writer - cpu_memory_MB |   390.988  |       N/A
2019-05-26 13:14:56,337 - INFO - allennlp.training.tensorboard_writer - accuracy      |     0.925  |     0.760
2019-05-26 13:14:56,338 - INFO - allennlp.training.tensorboard_writer - f1_macro      |     0.737  |     0.595
2019-05-26 13:14:56,340 - INFO - allennlp.training.checkpointer - Best validation performance so far. Copying weights to 'output/models/lstm_pt_crf/exists_ru/best.th'.
2019-05-26 13:14:56,340 - INFO - allennlp.training.trainer - Epoch duration: 00:01:21
2019-05-26 13:14:56,340 - INFO - allennlp.training.trainer - Estimated training time remaining: 11:17:02
2019-05-26 13:14:56,340 - INFO - allennlp.training.trainer - Epoch 3/499
2019-05-26 13:14:56,340 - INFO - allennlp.training.trainer - Peak CPU memory usage MB: 395.210752
2019-05-26 13:14:56,347 - INFO - allennlp.training.trainer - Training
2019-05-26 13:16:09,814 - INFO - allennlp.training.trainer - Validating
2019-05-26 13:16:19,459 - INFO - allennlp.training.tensorboard_writer -                   Training |  Validation
2019-05-26 13:16:19,459 - INFO - allennlp.training.tensorboard_writer - accuracy3     |     0.939  |     0.779
2019-05-26 13:16:19,459 - INFO - allennlp.training.tensorboard_writer - loss          |  4413.977  |  9429.708
2019-05-26 13:16:19,460 - INFO - allennlp.training.tensorboard_writer - cpu_memory_MB |   395.211  |       N/A
2019-05-26 13:16:19,460 - INFO - allennlp.training.tensorboard_writer - accuracy      |     0.935  |     0.762
2019-05-26 13:16:19,460 - INFO - allennlp.training.tensorboard_writer - f1_macro      |     0.753  |     0.606
2019-05-26 13:16:19,462 - INFO - allennlp.training.trainer - Epoch duration: 00:01:23
2019-05-26 13:16:19,462 - INFO - allennlp.training.trainer - Estimated training time remaining: 11:18:32
2019-05-26 13:16:19,462 - INFO - allennlp.training.trainer - Epoch 4/499
2019-05-26 13:16:19,462 - INFO - allennlp.training.trainer - Peak CPU memory usage MB: 398.659584
2019-05-26 13:16:19,469 - INFO - allennlp.training.trainer - Training
2019-05-26 13:17:31,089 - INFO - allennlp.training.trainer - Validating
2019-05-26 13:17:40,515 - INFO - allennlp.training.tensorboard_writer -                   Training |  Validation
2019-05-26 13:17:40,516 - INFO - allennlp.training.tensorboard_writer - accuracy3     |     0.938  |     0.819
2019-05-26 13:17:40,516 - INFO - allennlp.training.tensorboard_writer - loss          |  4381.282  |  7826.199
2019-05-26 13:17:40,516 - INFO - allennlp.training.tensorboard_writer - cpu_memory_MB |   398.660  |       N/A
2019-05-26 13:17:40,517 - INFO - allennlp.training.tensorboard_writer - accuracy      |     0.934  |     0.799
2019-05-26 13:17:40,517 - INFO - allennlp.training.tensorboard_writer - f1_macro      |     0.759  |     0.612
2019-05-26 13:17:40,519 - INFO - allennlp.training.trainer - Epoch duration: 00:01:21
2019-05-26 13:17:40,519 - INFO - allennlp.training.trainer - Estimated training time remaining: 11:15:29
2019-05-26 13:17:40,519 - INFO - allennlp.training.trainer - Epoch 5/499
2019-05-26 13:17:40,519 - INFO - allennlp.training.trainer - Peak CPU memory usage MB: 404.918272
2019-05-26 13:17:40,526 - INFO - allennlp.training.trainer - Training
2019-05-26 13:18:52,236 - INFO - allennlp.training.trainer - Validating
2019-05-26 13:19:01,532 - INFO - allennlp.training.tensorboard_writer -                   Training |  Validation
2019-05-26 13:19:01,532 - INFO - allennlp.training.tensorboard_writer - accuracy3     |     0.949  |     0.770
2019-05-26 13:19:01,533 - INFO - allennlp.training.tensorboard_writer - loss          |  3474.019  |  7149.507
2019-05-26 13:19:01,533 - INFO - allennlp.training.tensorboard_writer - cpu_memory_MB |   404.918  |       N/A
2019-05-26 13:19:01,533 - INFO - allennlp.training.tensorboard_writer - accuracy      |     0.945  |     0.759
2019-05-26 13:19:01,534 - INFO - allennlp.training.tensorboard_writer - f1_macro      |     0.772  |     0.604
2019-05-26 13:19:01,536 - INFO - allennlp.training.checkpointer - Best validation performance so far. Copying weights to 'output/models/lstm_pt_crf/exists_ru/best.th'.
2019-05-26 13:19:01,536 - INFO - allennlp.training.trainer - Epoch duration: 00:01:21
2019-05-26 13:19:01,536 - INFO - allennlp.training.trainer - Estimated training time remaining: 11:12:56
2019-05-26 13:19:01,536 - INFO - allennlp.training.trainer - Epoch 6/499
2019-05-26 13:19:01,536 - INFO - allennlp.training.trainer - Peak CPU memory usage MB: 404.918272
2019-05-26 13:19:01,543 - INFO - allennlp.training.trainer - Training
2019-05-26 13:20:09,846 - INFO - allennlp.training.trainer - Validating
2019-05-26 13:20:19,057 - INFO - allennlp.training.tensorboard_writer -                   Training |  Validation
2019-05-26 13:20:19,057 - INFO - allennlp.training.tensorboard_writer - accuracy3     |     0.948  |     0.833
2019-05-26 13:20:19,058 - INFO - allennlp.training.tensorboard_writer - loss          |  3714.699  |  7519.624
2019-05-26 13:20:19,058 - INFO - allennlp.training.tensorboard_writer - cpu_memory_MB |   404.918  |       N/A
2019-05-26 13:20:19,058 - INFO - allennlp.training.tensorboard_writer - accuracy      |     0.944  |     0.825
2019-05-26 13:20:19,059 - INFO - allennlp.training.tensorboard_writer - f1_macro      |     0.766  |     0.672
2019-05-26 13:20:19,060 - INFO - allennlp.training.trainer - Epoch duration: 00:01:17
2019-05-26 13:20:19,060 - INFO - allennlp.training.trainer - Estimated training time remaining: 11:06:38
2019-05-26 13:20:19,061 - INFO - allennlp.training.trainer - Epoch 7/499
2019-05-26 13:20:19,061 - INFO - allennlp.training.trainer - Peak CPU memory usage MB: 408.117248
2019-05-26 13:20:19,096 - INFO - allennlp.training.trainer - Training
2019-05-26 13:21:27,798 - INFO - allennlp.training.trainer - Validating
2019-05-26 13:21:37,077 - INFO - allennlp.training.tensorboard_writer -                   Training |  Validation
2019-05-26 13:21:37,078 - INFO - allennlp.training.tensorboard_writer - accuracy3     |     0.956  |     0.841
2019-05-26 13:21:37,078 - INFO - allennlp.training.tensorboard_writer - loss          |  2879.637  |  6807.500
2019-05-26 13:21:37,078 - INFO - allennlp.training.tensorboard_writer - cpu_memory_MB |   408.117  |       N/A
2019-05-26 13:21:37,079 - INFO - allennlp.training.tensorboard_writer - accuracy      |     0.953  |     0.833
2019-05-26 13:21:37,079 - INFO - allennlp.training.tensorboard_writer - f1_macro      |     0.780  |     0.674
2019-05-26 13:21:37,081 - INFO - allennlp.training.checkpointer - Best validation performance so far. Copying weights to 'output/models/lstm_pt_crf/exists_ru/best.th'.
2019-05-26 13:21:37,081 - INFO - allennlp.training.trainer - Epoch duration: 00:01:18
2019-05-26 13:21:37,091 - INFO - allennlp.training.trainer - Estimated training time remaining: 11:02:06
2019-05-26 13:21:37,091 - INFO - allennlp.training.trainer - Epoch 8/499
2019-05-26 13:21:37,091 - INFO - allennlp.training.trainer - Peak CPU memory usage MB: 414.183424
2019-05-26 13:21:37,098 - INFO - allennlp.training.trainer - Training
2019-05-26 13:22:46,085 - INFO - allennlp.training.trainer - Validating
2019-05-26 13:22:55,328 - INFO - allennlp.training.tensorboard_writer -                   Training |  Validation
2019-05-26 13:22:55,328 - INFO - allennlp.training.tensorboard_writer - accuracy3     |     0.949  |     0.863
2019-05-26 13:22:55,329 - INFO - allennlp.training.tensorboard_writer - loss          |  3666.184  |  5841.699
2019-05-26 13:22:55,329 - INFO - allennlp.training.tensorboard_writer - cpu_memory_MB |   414.183  |       N/A
2019-05-26 13:22:55,329 - INFO - allennlp.training.tensorboard_writer - accuracy      |     0.945  |     0.855
2019-05-26 13:22:55,330 - INFO - allennlp.training.tensorboard_writer - f1_macro      |     0.772  |     0.713
2019-05-26 13:22:55,331 - INFO - allennlp.training.checkpointer - Best validation performance so far. Copying weights to 'output/models/lstm_pt_crf/exists_ru/best.th'.
2019-05-26 13:22:55,332 - INFO - allennlp.training.trainer - Epoch duration: 00:01:18
2019-05-26 13:22:55,342 - INFO - allennlp.training.trainer - Estimated training time remaining: 10:58:29
2019-05-26 13:22:55,342 - INFO - allennlp.training.trainer - Epoch 9/499
2019-05-26 13:22:55,342 - INFO - allennlp.training.trainer - Peak CPU memory usage MB: 414.183424
2019-05-26 13:22:55,349 - INFO - allennlp.training.trainer - Training
2019-05-26 13:24:04,089 - INFO - allennlp.training.trainer - Validating
2019-05-26 13:24:13,259 - INFO - allennlp.training.tensorboard_writer -                   Training |  Validation
2019-05-26 13:24:13,260 - INFO - allennlp.training.tensorboard_writer - accuracy3     |     0.955  |     0.846
2019-05-26 13:24:13,260 - INFO - allennlp.training.tensorboard_writer - loss          |  2966.425  |  7201.511
2019-05-26 13:24:13,260 - INFO - allennlp.training.tensorboard_writer - cpu_memory_MB |   414.183  |       N/A
2019-05-26 13:24:13,261 - INFO - allennlp.training.tensorboard_writer - accuracy      |     0.951  |     0.836
2019-05-26 13:24:13,261 - INFO - allennlp.training.tensorboard_writer - f1_macro      |     0.784  |     0.668
2019-05-26 13:24:13,263 - INFO - allennlp.training.trainer - Epoch duration: 00:01:17
2019-05-26 13:24:13,263 - INFO - allennlp.training.trainer - Estimated training time remaining: 10:55:04
2019-05-26 13:24:13,263 - INFO - allennlp.training.trainer - Epoch 10/499
2019-05-26 13:24:13,263 - INFO - allennlp.training.trainer - Peak CPU memory usage MB: 416.571392
2019-05-26 13:24:13,300 - INFO - allennlp.training.trainer - Training
2019-05-26 13:25:22,023 - INFO - allennlp.training.trainer - Validating
2019-05-26 13:25:31,260 - INFO - allennlp.training.tensorboard_writer -                   Training |  Validation
2019-05-26 13:25:31,261 - INFO - allennlp.training.tensorboard_writer - accuracy3     |     0.950  |     0.838
2019-05-26 13:25:31,261 - INFO - allennlp.training.tensorboard_writer - loss          |  3138.244  |  7189.450
2019-05-26 13:25:31,261 - INFO - allennlp.training.tensorboard_writer - cpu_memory_MB |   416.571  |       N/A
2019-05-26 13:25:31,262 - INFO - allennlp.training.tensorboard_writer - accuracy      |     0.947  |     0.832
2019-05-26 13:25:31,262 - INFO - allennlp.training.tensorboard_writer - f1_macro      |     0.778  |     0.685
2019-05-26 13:25:31,264 - INFO - allennlp.training.trainer - Epoch duration: 00:01:18
2019-05-26 13:25:31,264 - INFO - allennlp.training.trainer - Estimated training time remaining: 10:52:05
2019-05-26 13:25:31,264 - INFO - allennlp.training.trainer - Epoch 11/499
2019-05-26 13:25:31,264 - INFO - allennlp.training.trainer - Peak CPU memory usage MB: 416.571392
2019-05-26 13:25:31,300 - INFO - allennlp.training.trainer - Training
2019-05-26 13:26:40,025 - INFO - allennlp.training.trainer - Validating
2019-05-26 13:26:49,414 - INFO - allennlp.training.tensorboard_writer -                   Training |  Validation
2019-05-26 13:26:49,415 - INFO - allennlp.training.tensorboard_writer - accuracy3     |     0.964  |     0.896
2019-05-26 13:26:49,415 - INFO - allennlp.training.tensorboard_writer - loss          |  2454.472  |  3718.830
2019-05-26 13:26:49,415 - INFO - allennlp.training.tensorboard_writer - cpu_memory_MB |   416.571  |       N/A
2019-05-26 13:26:49,416 - INFO - allennlp.training.tensorboard_writer - accuracy      |     0.960  |     0.891
2019-05-26 13:26:49,416 - INFO - allennlp.training.tensorboard_writer - f1_macro      |     0.809  |     0.735
2019-05-26 13:26:49,418 - INFO - allennlp.training.checkpointer - Best validation performance so far. Copying weights to 'output/models/lstm_pt_crf/exists_ru/best.th'.
2019-05-26 13:26:49,418 - INFO - allennlp.training.trainer - Epoch duration: 00:01:18
2019-05-26 13:26:49,445 - INFO - allennlp.training.trainer - Estimated training time remaining: 10:49:31
2019-05-26 13:26:49,445 - INFO - allennlp.training.trainer - Epoch 12/499
2019-05-26 13:26:49,445 - INFO - allennlp.training.trainer - Peak CPU memory usage MB: 417.81248
2019-05-26 13:26:49,452 - INFO - allennlp.training.trainer - Training
2019-05-26 13:27:58,843 - INFO - allennlp.training.trainer - Validating
2019-05-26 13:28:08,175 - INFO - allennlp.training.tensorboard_writer -                   Training |  Validation
2019-05-26 13:28:08,176 - INFO - allennlp.training.tensorboard_writer - accuracy3     |     0.941  |     0.854
2019-05-26 13:28:08,176 - INFO - allennlp.training.tensorboard_writer - loss          |  5926.118  |  8862.570
2019-05-26 13:28:08,176 - INFO - allennlp.training.tensorboard_writer - cpu_memory_MB |   417.812  |       N/A
2019-05-26 13:28:08,177 - INFO - allennlp.training.tensorboard_writer - accuracy      |     0.938  |     0.840
2019-05-26 13:28:08,177 - INFO - allennlp.training.tensorboard_writer - f1_macro      |     0.785  |     0.687
2019-05-26 13:28:08,179 - INFO - allennlp.training.trainer - Epoch duration: 00:01:18
2019-05-26 13:28:08,179 - INFO - allennlp.training.trainer - Estimated training time remaining: 10:47:29
2019-05-26 13:28:08,179 - INFO - allennlp.training.trainer - Epoch 13/499
2019-05-26 13:28:08,196 - INFO - allennlp.training.trainer - Peak CPU memory usage MB: 419.913728
2019-05-26 13:28:08,203 - INFO - allennlp.training.trainer - Training
2019-05-26 13:29:17,721 - INFO - allennlp.training.trainer - Validating
2019-05-26 13:29:27,970 - INFO - allennlp.training.tensorboard_writer -                   Training |  Validation
2019-05-26 13:29:27,971 - INFO - allennlp.training.tensorboard_writer - accuracy3     |     0.959  |     0.878
2019-05-26 13:29:27,971 - INFO - allennlp.training.tensorboard_writer - loss          |  2736.406  |  4655.761
2019-05-26 13:29:27,971 - INFO - allennlp.training.tensorboard_writer - cpu_memory_MB |   419.914  |       N/A
2019-05-26 13:29:27,972 - INFO - allennlp.training.tensorboard_writer - accuracy      |     0.956  |     0.873
2019-05-26 13:29:27,972 - INFO - allennlp.training.tensorboard_writer - f1_macro      |     0.794  |     0.720
2019-05-26 13:29:27,974 - INFO - allennlp.training.trainer - Epoch duration: 00:01:19
2019-05-26 13:29:27,974 - INFO - allennlp.training.trainer - Estimated training time remaining: 10:46:10
2019-05-26 13:29:27,974 - INFO - allennlp.training.trainer - Epoch 14/499
2019-05-26 13:29:27,997 - INFO - allennlp.training.trainer - Peak CPU memory usage MB: 420.438016
2019-05-26 13:29:28,004 - INFO - allennlp.training.trainer - Training
2019-05-26 13:30:39,958 - INFO - allennlp.training.trainer - Validating
2019-05-26 13:30:49,302 - INFO - allennlp.training.tensorboard_writer -                   Training |  Validation
2019-05-26 13:30:49,302 - INFO - allennlp.training.tensorboard_writer - accuracy3     |     0.961  |     0.905
2019-05-26 13:30:49,303 - INFO - allennlp.training.tensorboard_writer - loss          |  2409.323  |  4514.768
2019-05-26 13:30:49,303 - INFO - allennlp.training.tensorboard_writer - cpu_memory_MB |   420.438  |       N/A
2019-05-26 13:30:49,303 - INFO - allennlp.training.tensorboard_writer - accuracy      |     0.958  |     0.902
2019-05-26 13:30:49,304 - INFO - allennlp.training.tensorboard_writer - f1_macro      |     0.812  |     0.771
2019-05-26 13:30:49,305 - INFO - allennlp.training.trainer - Epoch duration: 00:01:21
2019-05-26 13:30:49,305 - INFO - allennlp.training.trainer - Estimated training time remaining: 10:45:40
2019-05-26 13:30:49,305 - INFO - allennlp.training.trainer - Epoch 15/499
2019-05-26 13:30:49,305 - INFO - allennlp.training.trainer - Peak CPU memory usage MB: 420.438016
2019-05-26 13:30:49,312 - INFO - allennlp.training.trainer - Training
2019-05-26 13:32:00,020 - INFO - allennlp.training.trainer - Validating
2019-05-26 13:32:09,523 - INFO - allennlp.training.tensorboard_writer -                   Training |  Validation
2019-05-26 13:32:09,524 - INFO - allennlp.training.tensorboard_writer - accuracy3     |     0.962  |     0.910
2019-05-26 13:32:09,524 - INFO - allennlp.training.tensorboard_writer - loss          |  2351.011  |  3708.772
2019-05-26 13:32:09,524 - INFO - allennlp.training.tensorboard_writer - cpu_memory_MB |   420.438  |       N/A
2019-05-26 13:32:09,525 - INFO - allennlp.training.tensorboard_writer - accuracy      |     0.959  |     0.906
2019-05-26 13:32:09,525 - INFO - allennlp.training.tensorboard_writer - f1_macro      |     0.816  |     0.764
2019-05-26 13:32:09,527 - INFO - allennlp.training.checkpointer - Best validation performance so far. Copying weights to 'output/models/lstm_pt_crf/exists_ru/best.th'.
2019-05-26 13:32:09,527 - INFO - allennlp.training.trainer - Epoch duration: 00:01:20
2019-05-26 13:32:09,549 - INFO - allennlp.training.trainer - Estimated training time remaining: 10:44:32
2019-05-26 13:32:09,549 - INFO - allennlp.training.trainer - Epoch 16/499
2019-05-26 13:32:09,549 - INFO - allennlp.training.trainer - Peak CPU memory usage MB: 420.438016
2019-05-26 13:32:09,556 - INFO - allennlp.training.trainer - Training
2019-05-26 13:33:20,793 - INFO - allennlp.training.trainer - Validating
2019-05-26 13:33:30,330 - INFO - allennlp.training.tensorboard_writer -                   Training |  Validation
2019-05-26 13:33:30,330 - INFO - allennlp.training.tensorboard_writer - accuracy3     |     0.957  |     0.892
2019-05-26 13:33:30,331 - INFO - allennlp.training.tensorboard_writer - loss          |  2984.540  |  4454.864
2019-05-26 13:33:30,331 - INFO - allennlp.training.tensorboard_writer - cpu_memory_MB |   420.438  |       N/A
2019-05-26 13:33:30,331 - INFO - allennlp.training.tensorboard_writer - accuracy      |     0.953  |     0.888
2019-05-26 13:33:30,332 - INFO - allennlp.training.tensorboard_writer - f1_macro      |     0.805  |     0.761
2019-05-26 13:33:30,333 - INFO - allennlp.training.trainer - Epoch duration: 00:01:20
2019-05-26 13:33:30,333 - INFO - allennlp.training.trainer - Estimated training time remaining: 10:43:37
2019-05-26 13:33:30,333 - INFO - allennlp.training.trainer - Epoch 17/499
2019-05-26 13:33:30,347 - INFO - allennlp.training.trainer - Peak CPU memory usage MB: 420.438016
2019-05-26 13:33:30,353 - INFO - allennlp.training.trainer - Training
2019-05-26 13:34:41,181 - INFO - allennlp.training.trainer - Validating
2019-05-26 13:34:50,578 - INFO - allennlp.training.tensorboard_writer -                   Training |  Validation
2019-05-26 13:34:50,578 - INFO - allennlp.training.tensorboard_writer - accuracy3     |     0.966  |     0.847
2019-05-26 13:34:50,579 - INFO - allennlp.training.tensorboard_writer - loss          |  2158.477  |  6984.867
2019-05-26 13:34:50,579 - INFO - allennlp.training.tensorboard_writer - cpu_memory_MB |   420.438  |       N/A
2019-05-26 13:34:50,579 - INFO - allennlp.training.tensorboard_writer - accuracy      |     0.963  |     0.840
2019-05-26 13:34:50,580 - INFO - allennlp.training.tensorboard_writer - f1_macro      |     0.815  |     0.670
2019-05-26 13:34:50,581 - INFO - allennlp.training.trainer - Epoch duration: 00:01:20
2019-05-26 13:34:50,581 - INFO - allennlp.training.trainer - Estimated training time remaining: 10:42:25
2019-05-26 13:34:50,581 - INFO - allennlp.training.trainer - Epoch 18/499
2019-05-26 13:34:50,595 - INFO - allennlp.training.trainer - Peak CPU memory usage MB: 420.438016
2019-05-26 13:34:50,602 - INFO - allennlp.training.trainer - Training
2019-05-26 13:36:01,881 - INFO - allennlp.training.trainer - Validating
2019-05-26 13:36:11,283 - INFO - allennlp.training.tensorboard_writer -                   Training |  Validation
2019-05-26 13:36:11,283 - INFO - allennlp.training.tensorboard_writer - accuracy3     |     0.963  |     0.872
2019-05-26 13:36:11,284 - INFO - allennlp.training.tensorboard_writer - loss          |  2406.738  |  5388.439
2019-05-26 13:36:11,284 - INFO - allennlp.training.tensorboard_writer - cpu_memory_MB |   420.438  |       N/A
2019-05-26 13:36:11,284 - INFO - allennlp.training.tensorboard_writer - accuracy      |     0.960  |     0.868
2019-05-26 13:36:11,285 - INFO - allennlp.training.tensorboard_writer - f1_macro      |     0.807  |     0.715
2019-05-26 13:36:11,286 - INFO - allennlp.training.trainer - Epoch duration: 00:01:20
2019-05-26 13:36:11,286 - INFO - allennlp.training.trainer - Estimated training time remaining: 10:41:23
2019-05-26 13:36:11,286 - INFO - allennlp.training.trainer - Epoch 19/499
2019-05-26 13:36:11,296 - INFO - allennlp.training.trainer - Peak CPU memory usage MB: 420.438016
2019-05-26 13:36:11,303 - INFO - allennlp.training.trainer - Training
2019-05-26 13:37:22,011 - INFO - allennlp.training.trainer - Validating
2019-05-26 13:37:31,459 - INFO - allennlp.training.tensorboard_writer -                   Training |  Validation
2019-05-26 13:37:31,460 - INFO - allennlp.training.tensorboard_writer - accuracy3     |     0.965  |     0.885
2019-05-26 13:37:31,460 - INFO - allennlp.training.tensorboard_writer - loss          |  2121.771  |  4567.937
2019-05-26 13:37:31,461 - INFO - allennlp.training.tensorboard_writer - cpu_memory_MB |   420.438  |       N/A
2019-05-26 13:37:31,461 - INFO - allennlp.training.tensorboard_writer - accuracy      |     0.962  |     0.881
2019-05-26 13:37:31,461 - INFO - allennlp.training.tensorboard_writer - f1_macro      |     0.806  |     0.724
2019-05-26 13:37:31,464 - INFO - allennlp.training.trainer - Epoch duration: 00:01:20
2019-05-26 13:37:31,465 - INFO - allennlp.training.trainer - Estimated training time remaining: 10:40:07
2019-05-26 13:37:31,465 - INFO - allennlp.training.trainer - Epoch 20/499
2019-05-26 13:37:31,465 - INFO - allennlp.training.trainer - Peak CPU memory usage MB: 420.438016
2019-05-26 13:37:31,472 - INFO - allennlp.training.trainer - Training
2019-05-26 13:38:42,539 - INFO - allennlp.training.trainer - Validating
2019-05-26 13:38:52,168 - INFO - allennlp.training.tensorboard_writer -                   Training |  Validation
2019-05-26 13:38:52,169 - INFO - allennlp.training.tensorboard_writer - accuracy3     |     0.963  |     0.860
2019-05-26 13:38:52,169 - INFO - allennlp.training.tensorboard_writer - loss          |  2266.512  |  5471.673
2019-05-26 13:38:52,169 - INFO - allennlp.training.tensorboard_writer - cpu_memory_MB |   420.438  |       N/A
2019-05-26 13:38:52,170 - INFO - allennlp.training.tensorboard_writer - accuracy      |     0.960  |     0.856
2019-05-26 13:38:52,170 - INFO - allennlp.training.tensorboard_writer - f1_macro      |     0.804  |     0.710
2019-05-26 13:38:52,173 - INFO - allennlp.training.trainer - Epoch duration: 00:01:20
2019-05-26 13:38:52,174 - INFO - allennlp.training.trainer - Estimated training time remaining: 10:39:03
2019-05-26 13:38:52,174 - INFO - allennlp.training.trainer - Epoch 21/499
2019-05-26 13:38:52,199 - INFO - allennlp.training.trainer - Peak CPU memory usage MB: 420.438016
2019-05-26 13:38:52,206 - INFO - allennlp.training.trainer - Training
2019-05-26 13:40:04,328 - INFO - allennlp.training.trainer - Validating
2019-05-26 13:40:14,233 - INFO - allennlp.training.tensorboard_writer -                   Training |  Validation
2019-05-26 13:40:14,233 - INFO - allennlp.training.tensorboard_writer - accuracy3     |     0.955  |     0.887
2019-05-26 13:40:14,233 - INFO - allennlp.training.tensorboard_writer - loss          |  2888.973  |  4708.068
2019-05-26 13:40:14,234 - INFO - allennlp.training.tensorboard_writer - cpu_memory_MB |   420.438  |       N/A
2019-05-26 13:40:14,234 - INFO - allennlp.training.tensorboard_writer - accuracy      |     0.952  |     0.883
2019-05-26 13:40:14,234 - INFO - allennlp.training.tensorboard_writer - f1_macro      |     0.803  |     0.747
2019-05-26 13:40:14,239 - INFO - allennlp.training.trainer - Epoch duration: 00:01:22
2019-05-26 13:40:14,239 - INFO - allennlp.training.trainer - Estimated training time remaining: 10:38:27
2019-05-26 13:40:14,239 - INFO - allennlp.training.trainer - Epoch 22/499
2019-05-26 13:40:14,253 - INFO - allennlp.training.trainer - Peak CPU memory usage MB: 420.438016
2019-05-26 13:40:14,260 - INFO - allennlp.training.trainer - Training
2019-05-26 13:41:29,097 - INFO - allennlp.training.trainer - Validating
2019-05-26 13:41:38,733 - INFO - allennlp.training.tensorboard_writer -                   Training |  Validation
2019-05-26 13:41:38,734 - INFO - allennlp.training.tensorboard_writer - accuracy3     |     0.963  |     0.851
2019-05-26 13:41:38,734 - INFO - allennlp.training.tensorboard_writer - loss          |  2254.569  |  5178.284
2019-05-26 13:41:38,734 - INFO - allennlp.training.tensorboard_writer - cpu_memory_MB |   420.438  |       N/A
2019-05-26 13:41:38,735 - INFO - allennlp.training.tensorboard_writer - accuracy      |     0.960  |     0.846
2019-05-26 13:41:38,735 - INFO - allennlp.training.tensorboard_writer - f1_macro      |     0.801  |     0.731
2019-05-26 13:41:38,739 - INFO - allennlp.training.trainer - Epoch duration: 00:01:24
2019-05-26 13:41:38,740 - INFO - allennlp.training.trainer - Estimated training time remaining: 10:38:37
2019-05-26 13:41:38,740 - INFO - allennlp.training.trainer - Epoch 23/499
2019-05-26 13:41:38,751 - INFO - allennlp.training.trainer - Peak CPU memory usage MB: 420.438016
2019-05-26 13:41:38,758 - INFO - allennlp.training.trainer - Training
2019-05-26 13:42:50,636 - INFO - allennlp.training.trainer - Validating
2019-05-26 13:43:00,096 - INFO - allennlp.training.tensorboard_writer -                   Training |  Validation
2019-05-26 13:43:00,097 - INFO - allennlp.training.tensorboard_writer - accuracy3     |     0.962  |     0.876
2019-05-26 13:43:00,097 - INFO - allennlp.training.tensorboard_writer - loss          |  2466.580  |  4494.948
2019-05-26 13:43:00,097 - INFO - allennlp.training.tensorboard_writer - cpu_memory_MB |   420.438  |       N/A
2019-05-26 13:43:00,098 - INFO - allennlp.training.tensorboard_writer - accuracy      |     0.959  |     0.872
2019-05-26 13:43:00,098 - INFO - allennlp.training.tensorboard_writer - f1_macro      |     0.820  |     0.742
2019-05-26 13:43:00,102 - INFO - allennlp.training.trainer - Epoch duration: 00:01:21
2019-05-26 13:43:00,102 - INFO - allennlp.training.trainer - Estimated training time remaining: 10:37:37
2019-05-26 13:43:00,102 - INFO - allennlp.training.trainer - Epoch 24/499
2019-05-26 13:43:00,102 - INFO - allennlp.training.trainer - Peak CPU memory usage MB: 420.438016
2019-05-26 13:43:00,109 - INFO - allennlp.training.trainer - Training
2019-05-26 13:44:15,396 - INFO - allennlp.training.trainer - Validating
2019-05-26 13:44:25,158 - INFO - allennlp.training.tensorboard_writer -                   Training |  Validation
2019-05-26 13:44:25,158 - INFO - allennlp.training.tensorboard_writer - accuracy3     |     0.953  |     0.797
2019-05-26 13:44:25,159 - INFO - allennlp.training.tensorboard_writer - loss          |  2969.096  |  7450.117
2019-05-26 13:44:25,159 - INFO - allennlp.training.tensorboard_writer - cpu_memory_MB |   420.438  |       N/A
2019-05-26 13:44:25,160 - INFO - allennlp.training.tensorboard_writer - accuracy      |     0.950  |     0.774
2019-05-26 13:44:25,160 - INFO - allennlp.training.tensorboard_writer - f1_macro      |     0.806  |     0.650
2019-05-26 13:44:25,163 - INFO - allennlp.training.trainer - Epoch duration: 00:01:25
2019-05-26 13:44:25,163 - INFO - allennlp.training.trainer - Estimated training time remaining: 10:37:46
2019-05-26 13:44:25,163 - INFO - allennlp.training.trainer - Epoch 25/499
2019-05-26 13:44:25,163 - INFO - allennlp.training.trainer - Peak CPU memory usage MB: 420.72064
2019-05-26 13:44:25,170 - INFO - allennlp.training.trainer - Training
2019-05-26 13:45:39,381 - INFO - allennlp.training.trainer - Validating
2019-05-26 13:45:49,144 - INFO - allennlp.training.trainer - Ran out of patience.  Stopping training.
2019-05-26 13:45:49,144 - INFO - allennlp.training.checkpointer - loading best weights
