2019-05-26 21:12:07,828 - INFO - allennlp.common.params - evaluate_on_test = False
2019-05-26 21:12:07,828 - INFO - allennlp.common.from_params - instantiating class <class 'allennlp.data.dataset_readers.dataset_reader.DatasetReader'> from params {'token_indexers': {'token_characters': {'min_padding_length': 3, 'type': 'characters'}}, 'type': 'custom-dataset-reader'} and extras set()
2019-05-26 21:12:07,829 - INFO - allennlp.common.params - dataset_reader.type = custom-dataset-reader
2019-05-26 21:12:07,829 - INFO - allennlp.common.from_params - instantiating class <class 'layers.utils.data_reader.CustomDataReader'> from params {'token_indexers': {'token_characters': {'min_padding_length': 3, 'type': 'characters'}}} and extras set()
2019-05-26 21:12:07,833 - INFO - allennlp.common.from_params - instantiating class <class 'allennlp.data.token_indexers.token_indexer.TokenIndexer'> from params {'min_padding_length': 3, 'type': 'characters'} and extras set()
2019-05-26 21:12:07,834 - INFO - allennlp.common.params - dataset_reader.token_indexers.token_characters.type = characters
2019-05-26 21:12:07,834 - INFO - allennlp.common.from_params - instantiating class <class 'allennlp.data.token_indexers.token_characters_indexer.TokenCharactersIndexer'> from params {'min_padding_length': 3} and extras set()
2019-05-26 21:12:07,834 - INFO - allennlp.common.params - dataset_reader.token_indexers.token_characters.namespace = token_characters
2019-05-26 21:12:07,834 - INFO - allennlp.common.params - dataset_reader.token_indexers.token_characters.start_tokens = None
2019-05-26 21:12:07,835 - INFO - allennlp.common.params - dataset_reader.token_indexers.token_characters.end_tokens = None
2019-05-26 21:12:07,835 - INFO - allennlp.common.params - dataset_reader.token_indexers.token_characters.min_padding_length = 3
2019-05-26 21:12:07,835 - INFO - allennlp.common.params - validation_dataset_reader = None
2019-05-26 21:12:07,835 - INFO - allennlp.common.params - train_data_path = temp/datasets/exists_ru/exists_ru_train.xlsx
2019-05-26 21:12:07,835 - INFO - allennlp.training.util - Reading training data from temp/datasets/exists_ru/exists_ru_train.xlsx
2019-05-26 21:12:07,835 - INFO - allennlp.common.params - validation_data_path = temp/datasets/exists_ru/exists_ru_test.xlsx
2019-05-26 21:12:07,835 - INFO - allennlp.training.util - Reading validation data from temp/datasets/exists_ru/exists_ru_test.xlsx
2019-05-26 21:12:07,836 - INFO - allennlp.common.params - test_data_path = None
2019-05-26 21:12:07,836 - INFO - allennlp.training.trainer - From dataset instances, train, validation will be considered for vocabulary creation.
2019-05-26 21:12:07,836 - INFO - allennlp.common.params - vocabulary.type = None
2019-05-26 21:12:07,836 - INFO - allennlp.common.params - vocabulary.extend = False
2019-05-26 21:12:07,836 - INFO - allennlp.common.params - vocabulary.directory_path = temp/datasets/exists_ru/cnn_pt_crf/vocabulary
2019-05-26 21:12:07,836 - INFO - allennlp.data.vocabulary - Loading Vocab from files instead of dataset.
2019-05-26 21:12:07,836 - INFO - allennlp.data.vocabulary - Loading token dictionary from temp/datasets/exists_ru/cnn_pt_crf/vocabulary.
2019-05-26 21:12:07,837 - INFO - allennlp.common.from_params - instantiating class <class 'allennlp.models.model.Model'> from params {'encoder': {'input_dim': 40, 'type': 'pass_through'}, 'text_field_embedder': {'token_characters': {'embedding': {'embedding_dim': 20}, 'encoder': {'embedding_dim': 20, 'ngram_filter_sizes': [2, 3], 'num_filters': 20, 'output_dim': 40, 'type': 'cnn'}, 'type': 'character_encoding'}}, 'type': 'crf_tagger_f1'} and extras {'vocab'}
2019-05-26 21:12:07,837 - INFO - allennlp.common.params - model.type = crf_tagger_f1
2019-05-26 21:12:07,837 - INFO - allennlp.common.from_params - instantiating class <class 'layers.taggers.crf_with_f1.CrfTaggerWithMetric'> from params {'encoder': {'input_dim': 40, 'type': 'pass_through'}, 'text_field_embedder': {'token_characters': {'embedding': {'embedding_dim': 20}, 'encoder': {'embedding_dim': 20, 'ngram_filter_sizes': [2, 3], 'num_filters': 20, 'output_dim': 40, 'type': 'cnn'}, 'type': 'character_encoding'}}} and extras {'vocab'}
2019-05-26 21:12:07,838 - INFO - allennlp.common.from_params - instantiating class <class 'allennlp.modules.text_field_embedders.text_field_embedder.TextFieldEmbedder'> from params {'token_characters': {'embedding': {'embedding_dim': 20}, 'encoder': {'embedding_dim': 20, 'ngram_filter_sizes': [2, 3], 'num_filters': 20, 'output_dim': 40, 'type': 'cnn'}, 'type': 'character_encoding'}} and extras {'vocab'}
2019-05-26 21:12:07,838 - INFO - allennlp.common.params - model.text_field_embedder.type = basic
2019-05-26 21:12:07,838 - INFO - allennlp.common.params - model.text_field_embedder.embedder_to_indexer_map = None
2019-05-26 21:12:07,838 - INFO - allennlp.common.params - model.text_field_embedder.allow_unmatched_keys = False
2019-05-26 21:12:07,838 - INFO - allennlp.common.params - model.text_field_embedder.token_embedders = None
2019-05-26 21:12:07,839 - INFO - allennlp.common.from_params - instantiating class <class 'allennlp.modules.token_embedders.token_embedder.TokenEmbedder'> from params {'embedding': {'embedding_dim': 20}, 'encoder': {'embedding_dim': 20, 'ngram_filter_sizes': [2, 3], 'num_filters': 20, 'output_dim': 40, 'type': 'cnn'}, 'type': 'character_encoding'} and extras {'vocab'}
2019-05-26 21:12:07,839 - INFO - allennlp.common.params - model.text_field_embedder.token_characters.type = character_encoding
2019-05-26 21:12:07,839 - INFO - allennlp.common.params - model.text_field_embedder.token_characters.embedding.num_embeddings = None
2019-05-26 21:12:07,839 - INFO - allennlp.common.params - model.text_field_embedder.token_characters.embedding.vocab_namespace = token_characters
2019-05-26 21:12:07,839 - INFO - allennlp.common.params - model.text_field_embedder.token_characters.embedding.embedding_dim = 20
2019-05-26 21:12:07,839 - INFO - allennlp.common.params - model.text_field_embedder.token_characters.embedding.pretrained_file = None
2019-05-26 21:12:07,839 - INFO - allennlp.common.params - model.text_field_embedder.token_characters.embedding.projection_dim = None
2019-05-26 21:12:07,839 - INFO - allennlp.common.params - model.text_field_embedder.token_characters.embedding.trainable = True
2019-05-26 21:12:07,839 - INFO - allennlp.common.params - model.text_field_embedder.token_characters.embedding.padding_index = None
2019-05-26 21:12:07,839 - INFO - allennlp.common.params - model.text_field_embedder.token_characters.embedding.max_norm = None
2019-05-26 21:12:07,840 - INFO - allennlp.common.params - model.text_field_embedder.token_characters.embedding.norm_type = 2.0
2019-05-26 21:12:07,840 - INFO - allennlp.common.params - model.text_field_embedder.token_characters.embedding.scale_grad_by_freq = False
2019-05-26 21:12:07,840 - INFO - allennlp.common.params - model.text_field_embedder.token_characters.embedding.sparse = False
2019-05-26 21:12:07,840 - INFO - allennlp.common.from_params - instantiating class <class 'allennlp.modules.seq2vec_encoders.seq2vec_encoder.Seq2VecEncoder'> from params {'embedding_dim': 20, 'ngram_filter_sizes': [2, 3], 'num_filters': 20, 'output_dim': 40, 'type': 'cnn'} and extras set()
2019-05-26 21:12:07,840 - INFO - allennlp.common.params - model.text_field_embedder.token_characters.encoder.type = cnn
2019-05-26 21:12:07,841 - INFO - allennlp.common.from_params - instantiating class <class 'allennlp.modules.seq2vec_encoders.cnn_encoder.CnnEncoder'> from params {'embedding_dim': 20, 'ngram_filter_sizes': [2, 3], 'num_filters': 20, 'output_dim': 40} and extras set()
2019-05-26 21:12:07,841 - INFO - allennlp.common.params - model.text_field_embedder.token_characters.encoder.embedding_dim = 20
2019-05-26 21:12:07,841 - INFO - allennlp.common.params - model.text_field_embedder.token_characters.encoder.num_filters = 20
2019-05-26 21:12:07,841 - INFO - allennlp.common.params - model.text_field_embedder.token_characters.encoder.ngram_filter_sizes = [2, 3]
2019-05-26 21:12:07,841 - INFO - allennlp.common.params - model.text_field_embedder.token_characters.encoder.output_dim = 40
2019-05-26 21:12:07,842 - INFO - allennlp.common.params - model.text_field_embedder.token_characters.dropout = 0.0
2019-05-26 21:12:07,843 - INFO - allennlp.common.from_params - instantiating class <class 'allennlp.modules.seq2seq_encoders.seq2seq_encoder.Seq2SeqEncoder'> from params {'input_dim': 40, 'type': 'pass_through'} and extras {'vocab'}
2019-05-26 21:12:07,843 - INFO - allennlp.common.params - model.encoder.type = pass_through
2019-05-26 21:12:07,843 - INFO - allennlp.common.from_params - instantiating class <class 'allennlp.modules.seq2seq_encoders.pass_through_encoder.PassThroughEncoder'> from params {'input_dim': 40} and extras {'vocab'}
2019-05-26 21:12:07,843 - INFO - allennlp.common.params - model.encoder.input_dim = 40
2019-05-26 21:12:07,843 - INFO - allennlp.common.params - model.label_namespace = labels
2019-05-26 21:12:07,843 - INFO - allennlp.common.params - model.label_encoding = None
2019-05-26 21:12:07,843 - INFO - allennlp.common.params - model.include_start_end_transitions = True
2019-05-26 21:12:07,843 - INFO - allennlp.common.params - model.constrain_crf_decoding = None
2019-05-26 21:12:07,843 - INFO - allennlp.common.params - model.calculate_span_f1 = None
2019-05-26 21:12:07,844 - INFO - allennlp.common.params - model.dropout = None
2019-05-26 21:12:07,844 - INFO - allennlp.common.params - model.verbose_metrics = False
2019-05-26 21:12:07,844 - INFO - allennlp.nn.initializers - Initializing parameters
2019-05-26 21:12:07,844 - INFO - allennlp.nn.initializers - Done initializing parameters; the following parameters are using their default initialization from their code
2019-05-26 21:12:07,844 - INFO - allennlp.nn.initializers -    crf._constraint_mask
2019-05-26 21:12:07,845 - INFO - allennlp.nn.initializers -    crf.end_transitions
2019-05-26 21:12:07,845 - INFO - allennlp.nn.initializers -    crf.start_transitions
2019-05-26 21:12:07,845 - INFO - allennlp.nn.initializers -    crf.transitions
2019-05-26 21:12:07,845 - INFO - allennlp.nn.initializers -    tag_projection_layer._module.bias
2019-05-26 21:12:07,845 - INFO - allennlp.nn.initializers -    tag_projection_layer._module.weight
2019-05-26 21:12:07,845 - INFO - allennlp.nn.initializers -    text_field_embedder.token_embedder_token_characters._embedding._module.weight
2019-05-26 21:12:07,845 - INFO - allennlp.nn.initializers -    text_field_embedder.token_embedder_token_characters._encoder._module.conv_layer_0.bias
2019-05-26 21:12:07,845 - INFO - allennlp.nn.initializers -    text_field_embedder.token_embedder_token_characters._encoder._module.conv_layer_0.weight
2019-05-26 21:12:07,845 - INFO - allennlp.nn.initializers -    text_field_embedder.token_embedder_token_characters._encoder._module.conv_layer_1.bias
2019-05-26 21:12:07,845 - INFO - allennlp.nn.initializers -    text_field_embedder.token_embedder_token_characters._encoder._module.conv_layer_1.weight
2019-05-26 21:12:07,845 - INFO - allennlp.nn.initializers -    text_field_embedder.token_embedder_token_characters._encoder._module.projection_layer.bias
2019-05-26 21:12:07,845 - INFO - allennlp.nn.initializers -    text_field_embedder.token_embedder_token_characters._encoder._module.projection_layer.weight
2019-05-26 21:12:07,846 - INFO - allennlp.common.from_params - instantiating class <class 'allennlp.data.iterators.data_iterator.DataIterator'> from params {'batch_size': 100, 'type': 'basic'} and extras set()
2019-05-26 21:12:07,846 - INFO - allennlp.common.params - iterator.type = basic
2019-05-26 21:12:07,846 - INFO - allennlp.common.from_params - instantiating class <class 'allennlp.data.iterators.basic_iterator.BasicIterator'> from params {'batch_size': 100} and extras set()
2019-05-26 21:12:07,847 - INFO - allennlp.common.params - iterator.batch_size = 100
2019-05-26 21:12:07,847 - INFO - allennlp.common.params - iterator.instances_per_epoch = None
2019-05-26 21:12:07,847 - INFO - allennlp.common.params - iterator.max_instances_in_memory = None
2019-05-26 21:12:07,847 - INFO - allennlp.common.params - iterator.cache_instances = False
2019-05-26 21:12:07,847 - INFO - allennlp.common.params - iterator.track_epoch = False
2019-05-26 21:12:07,847 - INFO - allennlp.common.params - iterator.maximum_samples_per_batch = None
2019-05-26 21:12:07,847 - INFO - allennlp.common.params - validation_iterator = None
2019-05-26 21:12:07,847 - INFO - allennlp.common.params - trainer.no_grad = ()
2019-05-26 21:12:07,847 - INFO - allennlp.training.trainer - Following parameters are Frozen  (without gradient):
2019-05-26 21:12:07,847 - INFO - allennlp.training.trainer - crf._constraint_mask
2019-05-26 21:12:07,847 - INFO - allennlp.training.trainer - Following parameters are Tunable (with gradient):
2019-05-26 21:12:07,847 - INFO - allennlp.training.trainer - text_field_embedder.token_embedder_token_characters._embedding._module.weight
2019-05-26 21:12:07,848 - INFO - allennlp.training.trainer - text_field_embedder.token_embedder_token_characters._encoder._module.conv_layer_0.weight
2019-05-26 21:12:07,848 - INFO - allennlp.training.trainer - text_field_embedder.token_embedder_token_characters._encoder._module.conv_layer_0.bias
2019-05-26 21:12:07,848 - INFO - allennlp.training.trainer - text_field_embedder.token_embedder_token_characters._encoder._module.conv_layer_1.weight
2019-05-26 21:12:07,848 - INFO - allennlp.training.trainer - text_field_embedder.token_embedder_token_characters._encoder._module.conv_layer_1.bias
2019-05-26 21:12:07,848 - INFO - allennlp.training.trainer - text_field_embedder.token_embedder_token_characters._encoder._module.projection_layer.weight
2019-05-26 21:12:07,848 - INFO - allennlp.training.trainer - text_field_embedder.token_embedder_token_characters._encoder._module.projection_layer.bias
2019-05-26 21:12:07,848 - INFO - allennlp.training.trainer - tag_projection_layer._module.weight
2019-05-26 21:12:07,848 - INFO - allennlp.training.trainer - tag_projection_layer._module.bias
2019-05-26 21:12:07,848 - INFO - allennlp.training.trainer - crf.transitions
2019-05-26 21:12:07,848 - INFO - allennlp.training.trainer - crf.start_transitions
2019-05-26 21:12:07,848 - INFO - allennlp.training.trainer - crf.end_transitions
2019-05-26 21:12:07,848 - INFO - allennlp.common.params - trainer.patience = 10
2019-05-26 21:12:07,848 - INFO - allennlp.common.params - trainer.validation_metric = +f1_macro
2019-05-26 21:12:07,848 - INFO - allennlp.common.params - trainer.shuffle = True
2019-05-26 21:12:07,848 - INFO - allennlp.common.params - trainer.num_epochs = 40
2019-05-26 21:12:07,848 - INFO - allennlp.common.params - trainer.cuda_device = -1
2019-05-26 21:12:07,848 - INFO - allennlp.common.params - trainer.grad_norm = None
2019-05-26 21:12:07,849 - INFO - allennlp.common.params - trainer.grad_clipping = None
2019-05-26 21:12:07,849 - INFO - allennlp.common.params - trainer.learning_rate_scheduler = None
2019-05-26 21:12:07,849 - INFO - allennlp.common.params - trainer.momentum_scheduler = None
2019-05-26 21:12:07,849 - INFO - allennlp.common.params - trainer.optimizer.type = adam
2019-05-26 21:12:07,849 - INFO - allennlp.common.params - trainer.optimizer.parameter_groups = None
2019-05-26 21:12:07,849 - INFO - allennlp.training.optimizers - Number of trainable parameters: 6558
2019-05-26 21:12:07,849 - INFO - allennlp.common.params - trainer.optimizer.infer_type_and_cast = True
2019-05-26 21:12:07,849 - INFO - allennlp.common.params - Converting Params object to dict; logging of default values will not occur when dictionary parameters are used subsequently.
2019-05-26 21:12:07,849 - INFO - allennlp.common.params - CURRENTLY DEFINED PARAMETERS: 
2019-05-26 21:12:07,849 - INFO - allennlp.common.params - trainer.optimizer.lr = 0.01
2019-05-26 21:12:07,849 - INFO - allennlp.common.params - trainer.num_serialized_models_to_keep = 20
2019-05-26 21:12:07,849 - INFO - allennlp.common.params - trainer.keep_serialized_model_every_num_seconds = None
2019-05-26 21:12:07,849 - INFO - allennlp.common.params - trainer.model_save_interval = None
2019-05-26 21:12:07,849 - INFO - allennlp.common.params - trainer.summary_interval = 100
2019-05-26 21:12:07,850 - INFO - allennlp.common.params - trainer.histogram_interval = None
2019-05-26 21:12:07,850 - INFO - allennlp.common.params - trainer.should_log_parameter_statistics = True
2019-05-26 21:12:07,883 - INFO - allennlp.common.params - trainer.should_log_learning_rate = False
2019-05-26 21:12:07,883 - INFO - allennlp.common.params - trainer.log_batch_size_period = None
2019-05-26 21:12:07,886 - INFO - allennlp.training.trainer - Beginning training.
2019-05-26 21:12:07,887 - INFO - allennlp.training.trainer - Epoch 0/39
2019-05-26 21:12:07,887 - INFO - allennlp.training.trainer - Peak CPU memory usage MB: 225.910784
2019-05-26 21:12:07,894 - INFO - allennlp.training.trainer - Training
2019-05-26 21:13:19,757 - INFO - allennlp.training.trainer - Validating
2019-05-26 21:13:28,270 - INFO - allennlp.training.tensorboard_writer -                   Training |  Validation
2019-05-26 21:13:28,270 - INFO - allennlp.training.tensorboard_writer - cpu_memory_MB |   225.911  |       N/A
2019-05-26 21:13:28,270 - INFO - allennlp.training.tensorboard_writer - accuracy      |     0.849  |     0.979
2019-05-26 21:13:28,271 - INFO - allennlp.training.tensorboard_writer - loss          |   870.065  |   146.308
2019-05-26 21:13:28,271 - INFO - allennlp.training.tensorboard_writer - f1_macro      |     0.692  |     0.889
2019-05-26 21:13:28,271 - INFO - allennlp.training.tensorboard_writer - accuracy3     |     0.868  |     0.983
2019-05-26 21:13:28,274 - INFO - allennlp.training.checkpointer - Best validation performance so far. Copying weights to 'output/models/cnn_pt_crf/exists_ru/best.th'.
2019-05-26 21:13:28,274 - INFO - allennlp.training.trainer - Epoch duration: 00:01:20
2019-05-26 21:13:28,284 - INFO - allennlp.training.trainer - Estimated training time remaining: 0:52:15
2019-05-26 21:13:28,284 - INFO - allennlp.training.trainer - Epoch 1/39
2019-05-26 21:13:28,284 - INFO - allennlp.training.trainer - Peak CPU memory usage MB: 391.180288
2019-05-26 21:13:28,290 - INFO - allennlp.training.trainer - Training
2019-05-26 21:14:40,983 - INFO - allennlp.training.trainer - Validating
2019-05-26 21:14:49,467 - INFO - allennlp.training.tensorboard_writer -                   Training |  Validation
2019-05-26 21:14:49,467 - INFO - allennlp.training.tensorboard_writer - cpu_memory_MB |   391.180  |       N/A
2019-05-26 21:14:49,467 - INFO - allennlp.training.tensorboard_writer - accuracy      |     0.985  |     0.986
2019-05-26 21:14:49,468 - INFO - allennlp.training.tensorboard_writer - loss          |   110.793  |    92.688
2019-05-26 21:14:49,468 - INFO - allennlp.training.tensorboard_writer - f1_macro      |     0.909  |     0.927
2019-05-26 21:14:49,468 - INFO - allennlp.training.tensorboard_writer - accuracy3     |     0.987  |     0.989
2019-05-26 21:14:49,471 - INFO - allennlp.training.checkpointer - Best validation performance so far. Copying weights to 'output/models/cnn_pt_crf/exists_ru/best.th'.
2019-05-26 21:14:49,471 - INFO - allennlp.training.trainer - Epoch duration: 00:01:21
2019-05-26 21:14:49,485 - INFO - allennlp.training.trainer - Estimated training time remaining: 0:51:10
2019-05-26 21:14:49,485 - INFO - allennlp.training.trainer - Epoch 2/39
2019-05-26 21:14:49,485 - INFO - allennlp.training.trainer - Peak CPU memory usage MB: 396.193792
2019-05-26 21:14:49,492 - INFO - allennlp.training.trainer - Training
2019-05-26 21:16:02,320 - INFO - allennlp.training.trainer - Validating
2019-05-26 21:16:10,887 - INFO - allennlp.training.tensorboard_writer -                   Training |  Validation
2019-05-26 21:16:10,887 - INFO - allennlp.training.tensorboard_writer - cpu_memory_MB |   396.194  |       N/A
2019-05-26 21:16:10,887 - INFO - allennlp.training.tensorboard_writer - accuracy      |     0.988  |     0.988
2019-05-26 21:16:10,887 - INFO - allennlp.training.tensorboard_writer - loss          |    77.758  |    75.780
2019-05-26 21:16:10,888 - INFO - allennlp.training.tensorboard_writer - f1_macro      |     0.941  |     0.929
2019-05-26 21:16:10,888 - INFO - allennlp.training.tensorboard_writer - accuracy3     |     0.991  |     0.991
2019-05-26 21:16:10,890 - INFO - allennlp.training.checkpointer - Best validation performance so far. Copying weights to 'output/models/cnn_pt_crf/exists_ru/best.th'.
2019-05-26 21:16:10,891 - INFO - allennlp.training.trainer - Epoch duration: 00:01:21
2019-05-26 21:16:10,891 - INFO - allennlp.training.trainer - Estimated training time remaining: 0:49:57
2019-05-26 21:16:10,891 - INFO - allennlp.training.trainer - Epoch 3/39
2019-05-26 21:16:10,891 - INFO - allennlp.training.trainer - Peak CPU memory usage MB: 398.360576
2019-05-26 21:16:10,897 - INFO - allennlp.training.trainer - Training
2019-05-26 21:17:23,855 - INFO - allennlp.training.trainer - Validating
2019-05-26 21:17:32,326 - INFO - allennlp.training.tensorboard_writer -                   Training |  Validation
2019-05-26 21:17:32,326 - INFO - allennlp.training.tensorboard_writer - cpu_memory_MB |   398.361  |       N/A
2019-05-26 21:17:32,326 - INFO - allennlp.training.tensorboard_writer - accuracy      |     0.990  |     0.990
2019-05-26 21:17:32,327 - INFO - allennlp.training.tensorboard_writer - loss          |    64.232  |    63.313
2019-05-26 21:17:32,327 - INFO - allennlp.training.tensorboard_writer - f1_macro      |     0.945  |     0.937
2019-05-26 21:17:32,327 - INFO - allennlp.training.tensorboard_writer - accuracy3     |     0.992  |     0.993
2019-05-26 21:17:32,330 - INFO - allennlp.training.checkpointer - Best validation performance so far. Copying weights to 'output/models/cnn_pt_crf/exists_ru/best.th'.
2019-05-26 21:17:32,330 - INFO - allennlp.training.trainer - Epoch duration: 00:01:21
2019-05-26 21:17:32,337 - INFO - allennlp.training.trainer - Estimated training time remaining: 0:48:40
2019-05-26 21:17:32,338 - INFO - allennlp.training.trainer - Epoch 4/39
2019-05-26 21:17:32,338 - INFO - allennlp.training.trainer - Peak CPU memory usage MB: 401.313792
2019-05-26 21:17:32,344 - INFO - allennlp.training.trainer - Training
2019-05-26 21:18:45,251 - INFO - allennlp.training.trainer - Validating
2019-05-26 21:18:53,898 - INFO - allennlp.training.tensorboard_writer -                   Training |  Validation
2019-05-26 21:18:53,898 - INFO - allennlp.training.tensorboard_writer - cpu_memory_MB |   401.314  |       N/A
2019-05-26 21:18:53,898 - INFO - allennlp.training.tensorboard_writer - accuracy      |     0.991  |     0.991
2019-05-26 21:18:53,899 - INFO - allennlp.training.tensorboard_writer - loss          |    56.406  |    57.735
2019-05-26 21:18:53,899 - INFO - allennlp.training.tensorboard_writer - f1_macro      |     0.954  |     0.940
2019-05-26 21:18:53,899 - INFO - allennlp.training.tensorboard_writer - accuracy3     |     0.994  |     0.994
2019-05-26 21:18:53,902 - INFO - allennlp.training.checkpointer - Best validation performance so far. Copying weights to 'output/models/cnn_pt_crf/exists_ru/best.th'.
2019-05-26 21:18:53,902 - INFO - allennlp.training.trainer - Epoch duration: 00:01:21
2019-05-26 21:18:53,902 - INFO - allennlp.training.trainer - Estimated training time remaining: 0:47:22
2019-05-26 21:18:53,902 - INFO - allennlp.training.trainer - Epoch 5/39
2019-05-26 21:18:53,902 - INFO - allennlp.training.trainer - Peak CPU memory usage MB: 403.365888
2019-05-26 21:18:53,908 - INFO - allennlp.training.trainer - Training
2019-05-26 21:20:07,195 - INFO - allennlp.training.trainer - Validating
2019-05-26 21:20:15,713 - INFO - allennlp.training.tensorboard_writer -                   Training |  Validation
2019-05-26 21:20:15,714 - INFO - allennlp.training.tensorboard_writer - cpu_memory_MB |   403.366  |       N/A
2019-05-26 21:20:15,714 - INFO - allennlp.training.tensorboard_writer - accuracy      |     0.992  |     0.990
2019-05-26 21:20:15,714 - INFO - allennlp.training.tensorboard_writer - loss          |    51.922  |    55.077
2019-05-26 21:20:15,715 - INFO - allennlp.training.tensorboard_writer - f1_macro      |     0.958  |     0.939
2019-05-26 21:20:15,715 - INFO - allennlp.training.tensorboard_writer - accuracy3     |     0.994  |     0.993
2019-05-26 21:20:15,717 - INFO - allennlp.training.trainer - Epoch duration: 00:01:21
2019-05-26 21:20:15,717 - INFO - allennlp.training.trainer - Estimated training time remaining: 0:46:04
2019-05-26 21:20:15,717 - INFO - allennlp.training.trainer - Epoch 6/39
2019-05-26 21:20:15,740 - INFO - allennlp.training.trainer - Peak CPU memory usage MB: 403.88608
2019-05-26 21:20:15,746 - INFO - allennlp.training.trainer - Training
2019-05-26 21:21:28,510 - INFO - allennlp.training.trainer - Validating
2019-05-26 21:21:36,995 - INFO - allennlp.training.tensorboard_writer -                   Training |  Validation
2019-05-26 21:21:36,995 - INFO - allennlp.training.tensorboard_writer - cpu_memory_MB |   403.886  |       N/A
2019-05-26 21:21:36,995 - INFO - allennlp.training.tensorboard_writer - accuracy      |     0.992  |     0.991
2019-05-26 21:21:36,996 - INFO - allennlp.training.tensorboard_writer - loss          |    48.808  |    51.231
2019-05-26 21:21:36,996 - INFO - allennlp.training.tensorboard_writer - f1_macro      |     0.958  |     0.941
2019-05-26 21:21:36,996 - INFO - allennlp.training.tensorboard_writer - accuracy3     |     0.995  |     0.993
2019-05-26 21:21:36,999 - INFO - allennlp.training.checkpointer - Best validation performance so far. Copying weights to 'output/models/cnn_pt_crf/exists_ru/best.th'.
2019-05-26 21:21:36,999 - INFO - allennlp.training.trainer - Epoch duration: 00:01:21
2019-05-26 21:21:36,999 - INFO - allennlp.training.trainer - Estimated training time remaining: 0:44:42
2019-05-26 21:21:36,999 - INFO - allennlp.training.trainer - Epoch 7/39
2019-05-26 21:21:36,999 - INFO - allennlp.training.trainer - Peak CPU memory usage MB: 403.88608
2019-05-26 21:21:37,005 - INFO - allennlp.training.trainer - Training
2019-05-26 21:22:50,074 - INFO - allennlp.training.trainer - Validating
2019-05-26 21:22:58,644 - INFO - allennlp.training.tensorboard_writer -                   Training |  Validation
2019-05-26 21:22:58,644 - INFO - allennlp.training.tensorboard_writer - cpu_memory_MB |   403.886  |       N/A
2019-05-26 21:22:58,645 - INFO - allennlp.training.tensorboard_writer - accuracy      |     0.992  |     0.991
2019-05-26 21:22:58,645 - INFO - allennlp.training.tensorboard_writer - loss          |    46.519  |    50.111
2019-05-26 21:22:58,646 - INFO - allennlp.training.tensorboard_writer - f1_macro      |     0.959  |     0.950
2019-05-26 21:22:58,646 - INFO - allennlp.training.tensorboard_writer - accuracy3     |     0.995  |     0.994
2019-05-26 21:22:58,648 - INFO - allennlp.training.checkpointer - Best validation performance so far. Copying weights to 'output/models/cnn_pt_crf/exists_ru/best.th'.
2019-05-26 21:22:58,649 - INFO - allennlp.training.trainer - Epoch duration: 00:01:21
2019-05-26 21:22:58,649 - INFO - allennlp.training.trainer - Estimated training time remaining: 0:43:23
2019-05-26 21:22:58,649 - INFO - allennlp.training.trainer - Epoch 8/39
2019-05-26 21:22:58,649 - INFO - allennlp.training.trainer - Peak CPU memory usage MB: 406.99904
2019-05-26 21:22:58,655 - INFO - allennlp.training.trainer - Training
2019-05-26 21:24:11,548 - INFO - allennlp.training.trainer - Validating
2019-05-26 21:24:20,013 - INFO - allennlp.training.tensorboard_writer -                   Training |  Validation
2019-05-26 21:24:20,013 - INFO - allennlp.training.tensorboard_writer - cpu_memory_MB |   406.999  |       N/A
2019-05-26 21:24:20,013 - INFO - allennlp.training.tensorboard_writer - accuracy      |     0.993  |     0.991
2019-05-26 21:24:20,014 - INFO - allennlp.training.tensorboard_writer - loss          |    44.647  |    49.502
2019-05-26 21:24:20,014 - INFO - allennlp.training.tensorboard_writer - f1_macro      |     0.962  |     0.948
2019-05-26 21:24:20,014 - INFO - allennlp.training.tensorboard_writer - accuracy3     |     0.995  |     0.994
2019-05-26 21:24:20,017 - INFO - allennlp.training.trainer - Epoch duration: 00:01:21
2019-05-26 21:24:20,017 - INFO - allennlp.training.trainer - Estimated training time remaining: 0:42:01
2019-05-26 21:24:20,017 - INFO - allennlp.training.trainer - Epoch 9/39
2019-05-26 21:24:20,043 - INFO - allennlp.training.trainer - Peak CPU memory usage MB: 407.662592
2019-05-26 21:24:20,050 - INFO - allennlp.training.trainer - Training
2019-05-26 21:25:32,841 - INFO - allennlp.training.trainer - Validating
2019-05-26 21:25:41,385 - INFO - allennlp.training.tensorboard_writer -                   Training |  Validation
2019-05-26 21:25:41,386 - INFO - allennlp.training.tensorboard_writer - cpu_memory_MB |   407.663  |       N/A
2019-05-26 21:25:41,386 - INFO - allennlp.training.tensorboard_writer - accuracy      |     0.993  |     0.991
2019-05-26 21:25:41,386 - INFO - allennlp.training.tensorboard_writer - loss          |    43.013  |    47.921
2019-05-26 21:25:41,387 - INFO - allennlp.training.tensorboard_writer - f1_macro      |     0.961  |     0.954
2019-05-26 21:25:41,387 - INFO - allennlp.training.tensorboard_writer - accuracy3     |     0.995  |     0.994
2019-05-26 21:25:41,389 - INFO - allennlp.training.checkpointer - Best validation performance so far. Copying weights to 'output/models/cnn_pt_crf/exists_ru/best.th'.
2019-05-26 21:25:41,390 - INFO - allennlp.training.trainer - Epoch duration: 00:01:21
2019-05-26 21:25:41,395 - INFO - allennlp.training.trainer - Estimated training time remaining: 0:40:40
2019-05-26 21:25:41,395 - INFO - allennlp.training.trainer - Epoch 10/39
2019-05-26 21:25:41,395 - INFO - allennlp.training.trainer - Peak CPU memory usage MB: 407.662592
2019-05-26 21:25:41,401 - INFO - allennlp.training.trainer - Training
2019-05-26 21:26:54,002 - INFO - allennlp.training.trainer - Validating
2019-05-26 21:27:02,449 - INFO - allennlp.training.tensorboard_writer -                   Training |  Validation
2019-05-26 21:27:02,449 - INFO - allennlp.training.tensorboard_writer - cpu_memory_MB |   407.663  |       N/A
2019-05-26 21:27:02,449 - INFO - allennlp.training.tensorboard_writer - accuracy      |     0.993  |     0.991
2019-05-26 21:27:02,449 - INFO - allennlp.training.tensorboard_writer - loss          |    41.860  |    47.139
2019-05-26 21:27:02,450 - INFO - allennlp.training.tensorboard_writer - f1_macro      |     0.961  |     0.949
2019-05-26 21:27:02,450 - INFO - allennlp.training.tensorboard_writer - accuracy3     |     0.996  |     0.994
2019-05-26 21:27:02,453 - INFO - allennlp.training.trainer - Epoch duration: 00:01:21
2019-05-26 21:27:02,453 - INFO - allennlp.training.trainer - Estimated training time remaining: 0:39:18
2019-05-26 21:27:02,453 - INFO - allennlp.training.trainer - Epoch 11/39
2019-05-26 21:27:02,453 - INFO - allennlp.training.trainer - Peak CPU memory usage MB: 407.662592
2019-05-26 21:27:02,460 - INFO - allennlp.training.trainer - Training
2019-05-26 21:28:15,251 - INFO - allennlp.training.trainer - Validating
2019-05-26 21:28:23,730 - INFO - allennlp.training.tensorboard_writer -                   Training |  Validation
2019-05-26 21:28:23,730 - INFO - allennlp.training.tensorboard_writer - cpu_memory_MB |   407.663  |       N/A
2019-05-26 21:28:23,731 - INFO - allennlp.training.tensorboard_writer - accuracy      |     0.993  |     0.991
2019-05-26 21:28:23,731 - INFO - allennlp.training.tensorboard_writer - loss          |    40.929  |    47.337
2019-05-26 21:28:23,731 - INFO - allennlp.training.tensorboard_writer - f1_macro      |     0.963  |     0.943
2019-05-26 21:28:23,732 - INFO - allennlp.training.tensorboard_writer - accuracy3     |     0.996  |     0.994
2019-05-26 21:28:23,734 - INFO - allennlp.training.trainer - Epoch duration: 00:01:21
2019-05-26 21:28:23,734 - INFO - allennlp.training.trainer - Estimated training time remaining: 0:37:56
2019-05-26 21:28:23,734 - INFO - allennlp.training.trainer - Epoch 12/39
2019-05-26 21:28:23,747 - INFO - allennlp.training.trainer - Peak CPU memory usage MB: 407.883776
2019-05-26 21:28:23,753 - INFO - allennlp.training.trainer - Training
2019-05-26 21:29:36,716 - INFO - allennlp.training.trainer - Validating
2019-05-26 21:29:45,266 - INFO - allennlp.training.tensorboard_writer -                   Training |  Validation
2019-05-26 21:29:45,266 - INFO - allennlp.training.tensorboard_writer - cpu_memory_MB |   407.884  |       N/A
2019-05-26 21:29:45,266 - INFO - allennlp.training.tensorboard_writer - accuracy      |     0.993  |     0.991
2019-05-26 21:29:45,267 - INFO - allennlp.training.tensorboard_writer - loss          |    40.109  |    45.931
2019-05-26 21:29:45,267 - INFO - allennlp.training.tensorboard_writer - f1_macro      |     0.963  |     0.956
2019-05-26 21:29:45,267 - INFO - allennlp.training.tensorboard_writer - accuracy3     |     0.996  |     0.994
2019-05-26 21:29:45,270 - INFO - allennlp.training.checkpointer - Best validation performance so far. Copying weights to 'output/models/cnn_pt_crf/exists_ru/best.th'.
2019-05-26 21:29:45,270 - INFO - allennlp.training.trainer - Epoch duration: 00:01:21
2019-05-26 21:29:45,270 - INFO - allennlp.training.trainer - Estimated training time remaining: 0:36:36
2019-05-26 21:29:45,298 - INFO - allennlp.training.trainer - Epoch 13/39
2019-05-26 21:29:45,298 - INFO - allennlp.training.trainer - Peak CPU memory usage MB: 407.883776
2019-05-26 21:29:45,304 - INFO - allennlp.training.trainer - Training
2019-05-26 21:30:58,194 - INFO - allennlp.training.trainer - Validating
2019-05-26 21:31:06,678 - INFO - allennlp.training.tensorboard_writer -                   Training |  Validation
2019-05-26 21:31:06,678 - INFO - allennlp.training.tensorboard_writer - cpu_memory_MB |   407.884  |       N/A
2019-05-26 21:31:06,679 - INFO - allennlp.training.tensorboard_writer - accuracy      |     0.993  |     0.991
2019-05-26 21:31:06,679 - INFO - allennlp.training.tensorboard_writer - loss          |    39.483  |    45.426
2019-05-26 21:31:06,679 - INFO - allennlp.training.tensorboard_writer - f1_macro      |     0.962  |     0.952
2019-05-26 21:31:06,680 - INFO - allennlp.training.tensorboard_writer - accuracy3     |     0.996  |     0.994
2019-05-26 21:31:06,682 - INFO - allennlp.training.trainer - Epoch duration: 00:01:21
2019-05-26 21:31:06,682 - INFO - allennlp.training.trainer - Estimated training time remaining: 0:35:14
2019-05-26 21:31:06,682 - INFO - allennlp.training.trainer - Epoch 14/39
2019-05-26 21:31:06,699 - INFO - allennlp.training.trainer - Peak CPU memory usage MB: 408.498176
2019-05-26 21:31:06,705 - INFO - allennlp.training.trainer - Training
2019-05-26 21:32:19,465 - INFO - allennlp.training.trainer - Validating
2019-05-26 21:32:27,970 - INFO - allennlp.training.tensorboard_writer -                   Training |  Validation
2019-05-26 21:32:27,970 - INFO - allennlp.training.tensorboard_writer - cpu_memory_MB |   408.498  |       N/A
2019-05-26 21:32:27,970 - INFO - allennlp.training.tensorboard_writer - accuracy      |     0.993  |     0.991
2019-05-26 21:32:27,971 - INFO - allennlp.training.tensorboard_writer - loss          |    38.711  |    45.348
2019-05-26 21:32:27,971 - INFO - allennlp.training.tensorboard_writer - f1_macro      |     0.965  |     0.938
2019-05-26 21:32:27,971 - INFO - allennlp.training.tensorboard_writer - accuracy3     |     0.996  |     0.994
2019-05-26 21:32:27,974 - INFO - allennlp.training.trainer - Epoch duration: 00:01:21
2019-05-26 21:32:27,974 - INFO - allennlp.training.trainer - Estimated training time remaining: 0:33:53
2019-05-26 21:32:27,974 - INFO - allennlp.training.trainer - Epoch 15/39
2019-05-26 21:32:28,001 - INFO - allennlp.training.trainer - Peak CPU memory usage MB: 408.498176
2019-05-26 21:32:28,008 - INFO - allennlp.training.trainer - Training
2019-05-26 21:33:40,932 - INFO - allennlp.training.trainer - Validating
2019-05-26 21:33:49,472 - INFO - allennlp.training.tensorboard_writer -                   Training |  Validation
2019-05-26 21:33:49,472 - INFO - allennlp.training.tensorboard_writer - cpu_memory_MB |   408.498  |       N/A
2019-05-26 21:33:49,473 - INFO - allennlp.training.tensorboard_writer - accuracy      |     0.993  |     0.992
2019-05-26 21:33:49,473 - INFO - allennlp.training.tensorboard_writer - loss          |    38.365  |    44.536
2019-05-26 21:33:49,473 - INFO - allennlp.training.tensorboard_writer - f1_macro      |     0.965  |     0.949
2019-05-26 21:33:49,474 - INFO - allennlp.training.tensorboard_writer - accuracy3     |     0.996  |     0.994
2019-05-26 21:33:49,476 - INFO - allennlp.training.trainer - Epoch duration: 00:01:21
2019-05-26 21:33:49,476 - INFO - allennlp.training.trainer - Estimated training time remaining: 0:32:32
2019-05-26 21:33:49,476 - INFO - allennlp.training.trainer - Epoch 16/39
2019-05-26 21:33:49,502 - INFO - allennlp.training.trainer - Peak CPU memory usage MB: 408.498176
2019-05-26 21:33:49,508 - INFO - allennlp.training.trainer - Training
2019-05-26 21:35:02,342 - INFO - allennlp.training.trainer - Validating
2019-05-26 21:35:10,819 - INFO - allennlp.training.tensorboard_writer -                   Training |  Validation
2019-05-26 21:35:10,820 - INFO - allennlp.training.tensorboard_writer - cpu_memory_MB |   408.498  |       N/A
2019-05-26 21:35:10,820 - INFO - allennlp.training.tensorboard_writer - accuracy      |     0.994  |     0.992
2019-05-26 21:35:10,820 - INFO - allennlp.training.tensorboard_writer - loss          |    37.741  |    44.143
2019-05-26 21:35:10,821 - INFO - allennlp.training.tensorboard_writer - f1_macro      |     0.967  |     0.949
2019-05-26 21:35:10,821 - INFO - allennlp.training.tensorboard_writer - accuracy3     |     0.996  |     0.994
2019-05-26 21:35:10,824 - INFO - allennlp.training.trainer - Epoch duration: 00:01:21
2019-05-26 21:35:10,824 - INFO - allennlp.training.trainer - Estimated training time remaining: 0:31:11
2019-05-26 21:35:10,824 - INFO - allennlp.training.trainer - Epoch 17/39
2019-05-26 21:35:10,824 - INFO - allennlp.training.trainer - Peak CPU memory usage MB: 409.235456
2019-05-26 21:35:10,859 - INFO - allennlp.training.trainer - Training
2019-05-26 21:36:23,547 - INFO - allennlp.training.trainer - Validating
2019-05-26 21:36:32,013 - INFO - allennlp.training.tensorboard_writer -                   Training |  Validation
2019-05-26 21:36:32,013 - INFO - allennlp.training.tensorboard_writer - cpu_memory_MB |   409.235  |       N/A
2019-05-26 21:36:32,013 - INFO - allennlp.training.tensorboard_writer - accuracy      |     0.994  |     0.991
2019-05-26 21:36:32,014 - INFO - allennlp.training.tensorboard_writer - loss          |    37.371  |    43.209
2019-05-26 21:36:32,014 - INFO - allennlp.training.tensorboard_writer - f1_macro      |     0.967  |     0.963
2019-05-26 21:36:32,014 - INFO - allennlp.training.tensorboard_writer - accuracy3     |     0.996  |     0.994
2019-05-26 21:36:32,017 - INFO - allennlp.training.checkpointer - Best validation performance so far. Copying weights to 'output/models/cnn_pt_crf/exists_ru/best.th'.
2019-05-26 21:36:32,017 - INFO - allennlp.training.trainer - Epoch duration: 00:01:21
2019-05-26 21:36:32,017 - INFO - allennlp.training.trainer - Estimated training time remaining: 0:29:49
2019-05-26 21:36:32,017 - INFO - allennlp.training.trainer - Epoch 18/39
2019-05-26 21:36:32,017 - INFO - allennlp.training.trainer - Peak CPU memory usage MB: 409.546752
2019-05-26 21:36:32,024 - INFO - allennlp.training.trainer - Training
2019-05-26 21:37:44,784 - INFO - allennlp.training.trainer - Validating
2019-05-26 21:37:53,296 - INFO - allennlp.training.tensorboard_writer -                   Training |  Validation
2019-05-26 21:37:53,296 - INFO - allennlp.training.tensorboard_writer - cpu_memory_MB |   409.547  |       N/A
2019-05-26 21:37:53,296 - INFO - allennlp.training.tensorboard_writer - accuracy      |     0.994  |     0.992
2019-05-26 21:37:53,297 - INFO - allennlp.training.tensorboard_writer - loss          |    37.002  |    42.383
2019-05-26 21:37:53,297 - INFO - allennlp.training.tensorboard_writer - f1_macro      |     0.968  |     0.959
2019-05-26 21:37:53,297 - INFO - allennlp.training.tensorboard_writer - accuracy3     |     0.996  |     0.995
2019-05-26 21:37:53,300 - INFO - allennlp.training.trainer - Epoch duration: 00:01:21
2019-05-26 21:37:53,300 - INFO - allennlp.training.trainer - Estimated training time remaining: 0:28:28
2019-05-26 21:37:53,300 - INFO - allennlp.training.trainer - Epoch 19/39
2019-05-26 21:37:53,300 - INFO - allennlp.training.trainer - Peak CPU memory usage MB: 409.546752
2019-05-26 21:37:53,306 - INFO - allennlp.training.trainer - Training
2019-05-26 21:39:06,105 - INFO - allennlp.training.trainer - Validating
2019-05-26 21:39:14,665 - INFO - allennlp.training.tensorboard_writer -                   Training |  Validation
2019-05-26 21:39:14,665 - INFO - allennlp.training.tensorboard_writer - cpu_memory_MB |   409.547  |       N/A
2019-05-26 21:39:14,666 - INFO - allennlp.training.tensorboard_writer - accuracy      |     0.994  |     0.991
2019-05-26 21:39:14,666 - INFO - allennlp.training.tensorboard_writer - loss          |    36.454  |    43.146
2019-05-26 21:39:14,666 - INFO - allennlp.training.tensorboard_writer - f1_macro      |     0.969  |     0.943
2019-05-26 21:39:14,667 - INFO - allennlp.training.tensorboard_writer - accuracy3     |     0.996  |     0.994
2019-05-26 21:39:14,669 - INFO - allennlp.training.trainer - Epoch duration: 00:01:21
2019-05-26 21:39:14,669 - INFO - allennlp.training.trainer - Estimated training time remaining: 0:27:06
2019-05-26 21:39:14,669 - INFO - allennlp.training.trainer - Epoch 20/39
2019-05-26 21:39:14,669 - INFO - allennlp.training.trainer - Peak CPU memory usage MB: 410.435584
2019-05-26 21:39:14,676 - INFO - allennlp.training.trainer - Training
2019-05-26 21:40:27,494 - INFO - allennlp.training.trainer - Validating
2019-05-26 21:40:35,960 - INFO - allennlp.training.tensorboard_writer -                   Training |  Validation
2019-05-26 21:40:35,960 - INFO - allennlp.training.tensorboard_writer - cpu_memory_MB |   410.436  |       N/A
2019-05-26 21:40:35,961 - INFO - allennlp.training.tensorboard_writer - accuracy      |     0.994  |     0.992
2019-05-26 21:40:35,961 - INFO - allennlp.training.tensorboard_writer - loss          |    37.184  |    42.708
2019-05-26 21:40:35,961 - INFO - allennlp.training.tensorboard_writer - f1_macro      |     0.967  |     0.962
2019-05-26 21:40:35,962 - INFO - allennlp.training.tensorboard_writer - accuracy3     |     0.996  |     0.994
2019-05-26 21:40:35,965 - INFO - allennlp.training.trainer - Epoch duration: 00:01:21
2019-05-26 21:40:35,965 - INFO - allennlp.training.trainer - Estimated training time remaining: 0:25:45
2019-05-26 21:40:35,965 - INFO - allennlp.training.trainer - Epoch 21/39
2019-05-26 21:40:35,965 - INFO - allennlp.training.trainer - Peak CPU memory usage MB: 410.435584
2019-05-26 21:40:35,971 - INFO - allennlp.training.trainer - Training
2019-05-26 21:41:48,500 - INFO - allennlp.training.trainer - Validating
2019-05-26 21:41:56,999 - INFO - allennlp.training.tensorboard_writer -                   Training |  Validation
2019-05-26 21:41:56,999 - INFO - allennlp.training.tensorboard_writer - cpu_memory_MB |   410.436  |       N/A
2019-05-26 21:41:56,999 - INFO - allennlp.training.tensorboard_writer - accuracy      |     0.994  |     0.993
2019-05-26 21:41:57,000 - INFO - allennlp.training.tensorboard_writer - loss          |    36.916  |    41.915
2019-05-26 21:41:57,000 - INFO - allennlp.training.tensorboard_writer - f1_macro      |     0.972  |     0.965
2019-05-26 21:41:57,000 - INFO - allennlp.training.tensorboard_writer - accuracy3     |     0.996  |     0.995
2019-05-26 21:41:57,003 - INFO - allennlp.training.checkpointer - Best validation performance so far. Copying weights to 'output/models/cnn_pt_crf/exists_ru/best.th'.
2019-05-26 21:41:57,004 - INFO - allennlp.training.trainer - Epoch duration: 00:01:21
2019-05-26 21:41:57,004 - INFO - allennlp.training.trainer - Estimated training time remaining: 0:24:23
2019-05-26 21:41:57,004 - INFO - allennlp.training.trainer - Epoch 22/39
2019-05-26 21:41:57,004 - INFO - allennlp.training.trainer - Peak CPU memory usage MB: 410.435584
2019-05-26 21:41:57,010 - INFO - allennlp.training.trainer - Training
2019-05-26 21:43:09,624 - INFO - allennlp.training.trainer - Validating
2019-05-26 21:43:18,077 - INFO - allennlp.training.tensorboard_writer -                   Training |  Validation
2019-05-26 21:43:18,077 - INFO - allennlp.training.tensorboard_writer - cpu_memory_MB |   410.436  |       N/A
2019-05-26 21:43:18,077 - INFO - allennlp.training.tensorboard_writer - accuracy      |     0.994  |     0.993
2019-05-26 21:43:18,078 - INFO - allennlp.training.tensorboard_writer - loss          |    36.321  |    42.335
2019-05-26 21:43:18,078 - INFO - allennlp.training.tensorboard_writer - f1_macro      |     0.966  |     0.962
2019-05-26 21:43:18,078 - INFO - allennlp.training.tensorboard_writer - accuracy3     |     0.996  |     0.995
2019-05-26 21:43:18,081 - INFO - allennlp.training.trainer - Epoch duration: 00:01:21
2019-05-26 21:43:18,082 - INFO - allennlp.training.trainer - Estimated training time remaining: 0:23:02
2019-05-26 21:43:18,082 - INFO - allennlp.training.trainer - Epoch 23/39
2019-05-26 21:43:18,104 - INFO - allennlp.training.trainer - Peak CPU memory usage MB: 410.435584
2019-05-26 21:43:18,112 - INFO - allennlp.training.trainer - Training
2019-05-26 21:44:30,979 - INFO - allennlp.training.trainer - Validating
2019-05-26 21:44:39,483 - INFO - allennlp.training.tensorboard_writer -                   Training |  Validation
2019-05-26 21:44:39,483 - INFO - allennlp.training.tensorboard_writer - cpu_memory_MB |   410.436  |       N/A
2019-05-26 21:44:39,483 - INFO - allennlp.training.tensorboard_writer - accuracy      |     0.994  |     0.992
2019-05-26 21:44:39,483 - INFO - allennlp.training.tensorboard_writer - loss          |    35.982  |    42.350
2019-05-26 21:44:39,484 - INFO - allennlp.training.tensorboard_writer - f1_macro      |     0.968  |     0.947
2019-05-26 21:44:39,484 - INFO - allennlp.training.tensorboard_writer - accuracy3     |     0.996  |     0.995
2019-05-26 21:44:39,487 - INFO - allennlp.training.trainer - Epoch duration: 00:01:21
2019-05-26 21:44:39,487 - INFO - allennlp.training.trainer - Estimated training time remaining: 0:21:41
2019-05-26 21:44:39,487 - INFO - allennlp.training.trainer - Epoch 24/39
2019-05-26 21:44:39,505 - INFO - allennlp.training.trainer - Peak CPU memory usage MB: 410.857472
2019-05-26 21:44:39,511 - INFO - allennlp.training.trainer - Training
2019-05-26 21:45:52,357 - INFO - allennlp.training.trainer - Validating
2019-05-26 21:46:00,883 - INFO - allennlp.training.tensorboard_writer -                   Training |  Validation
2019-05-26 21:46:00,883 - INFO - allennlp.training.tensorboard_writer - cpu_memory_MB |   410.857  |       N/A
2019-05-26 21:46:00,884 - INFO - allennlp.training.tensorboard_writer - accuracy      |     0.994  |     0.992
2019-05-26 21:46:00,884 - INFO - allennlp.training.tensorboard_writer - loss          |    35.612  |    42.157
2019-05-26 21:46:00,884 - INFO - allennlp.training.tensorboard_writer - f1_macro      |     0.968  |     0.941
2019-05-26 21:46:00,885 - INFO - allennlp.training.tensorboard_writer - accuracy3     |     0.996  |     0.994
2019-05-26 21:46:00,887 - INFO - allennlp.training.trainer - Epoch duration: 00:01:21
2019-05-26 21:46:00,887 - INFO - allennlp.training.trainer - Estimated training time remaining: 0:20:19
2019-05-26 21:46:00,887 - INFO - allennlp.training.trainer - Epoch 25/39
2019-05-26 21:46:00,906 - INFO - allennlp.training.trainer - Peak CPU memory usage MB: 410.857472
2019-05-26 21:46:00,912 - INFO - allennlp.training.trainer - Training
2019-05-26 21:47:13,565 - INFO - allennlp.training.trainer - Validating
2019-05-26 21:47:22,056 - INFO - allennlp.training.tensorboard_writer -                   Training |  Validation
2019-05-26 21:47:22,057 - INFO - allennlp.training.tensorboard_writer - cpu_memory_MB |   410.857  |       N/A
2019-05-26 21:47:22,057 - INFO - allennlp.training.tensorboard_writer - accuracy      |     0.994  |     0.992
2019-05-26 21:47:22,057 - INFO - allennlp.training.tensorboard_writer - loss          |    35.018  |    42.394
2019-05-26 21:47:22,058 - INFO - allennlp.training.tensorboard_writer - f1_macro      |     0.975  |     0.949
2019-05-26 21:47:22,058 - INFO - allennlp.training.tensorboard_writer - accuracy3     |     0.996  |     0.995
2019-05-26 21:47:22,061 - INFO - allennlp.training.trainer - Epoch duration: 00:01:21
2019-05-26 21:47:22,061 - INFO - allennlp.training.trainer - Estimated training time remaining: 0:18:58
2019-05-26 21:47:22,061 - INFO - allennlp.training.trainer - Epoch 26/39
2019-05-26 21:47:22,061 - INFO - allennlp.training.trainer - Peak CPU memory usage MB: 410.857472
2019-05-26 21:47:22,068 - INFO - allennlp.training.trainer - Training
2019-05-26 21:48:35,014 - INFO - allennlp.training.trainer - Validating
2019-05-26 21:48:43,503 - INFO - allennlp.training.tensorboard_writer -                   Training |  Validation
2019-05-26 21:48:43,504 - INFO - allennlp.training.tensorboard_writer - cpu_memory_MB |   410.857  |       N/A
2019-05-26 21:48:43,504 - INFO - allennlp.training.tensorboard_writer - accuracy      |     0.994  |     0.992
2019-05-26 21:48:43,504 - INFO - allennlp.training.tensorboard_writer - loss          |    35.054  |    40.406
2019-05-26 21:48:43,505 - INFO - allennlp.training.tensorboard_writer - f1_macro      |     0.975  |     0.959
2019-05-26 21:48:43,505 - INFO - allennlp.training.tensorboard_writer - accuracy3     |     0.996  |     0.995
2019-05-26 21:48:43,508 - INFO - allennlp.training.trainer - Epoch duration: 00:01:21
2019-05-26 21:48:43,508 - INFO - allennlp.training.trainer - Estimated training time remaining: 0:17:37
2019-05-26 21:48:43,508 - INFO - allennlp.training.trainer - Epoch 27/39
2019-05-26 21:48:43,508 - INFO - allennlp.training.trainer - Peak CPU memory usage MB: 410.857472
2019-05-26 21:48:43,514 - INFO - allennlp.training.trainer - Training
2019-05-26 21:49:56,295 - INFO - allennlp.training.trainer - Validating
2019-05-26 21:50:04,771 - INFO - allennlp.training.tensorboard_writer -                   Training |  Validation
2019-05-26 21:50:04,771 - INFO - allennlp.training.tensorboard_writer - cpu_memory_MB |   410.857  |       N/A
2019-05-26 21:50:04,772 - INFO - allennlp.training.tensorboard_writer - accuracy      |     0.994  |     0.992
2019-05-26 21:50:04,772 - INFO - allennlp.training.tensorboard_writer - loss          |    35.130  |    41.106
2019-05-26 21:50:04,772 - INFO - allennlp.training.tensorboard_writer - f1_macro      |     0.972  |     0.965
2019-05-26 21:50:04,773 - INFO - allennlp.training.tensorboard_writer - accuracy3     |     0.996  |     0.995
2019-05-26 21:50:04,775 - INFO - allennlp.training.checkpointer - Best validation performance so far. Copying weights to 'output/models/cnn_pt_crf/exists_ru/best.th'.
2019-05-26 21:50:04,776 - INFO - allennlp.training.trainer - Epoch duration: 00:01:21
2019-05-26 21:50:04,776 - INFO - allennlp.training.trainer - Estimated training time remaining: 0:16:15
2019-05-26 21:50:04,776 - INFO - allennlp.training.trainer - Epoch 28/39
2019-05-26 21:50:04,776 - INFO - allennlp.training.trainer - Peak CPU memory usage MB: 410.95168
2019-05-26 21:50:04,783 - INFO - allennlp.training.trainer - Training
2019-05-26 21:51:17,654 - INFO - allennlp.training.trainer - Validating
2019-05-26 21:51:26,124 - INFO - allennlp.training.tensorboard_writer -                   Training |  Validation
2019-05-26 21:51:26,124 - INFO - allennlp.training.tensorboard_writer - cpu_memory_MB |   410.952  |       N/A
2019-05-26 21:51:26,124 - INFO - allennlp.training.tensorboard_writer - accuracy      |     0.994  |     0.992
2019-05-26 21:51:26,125 - INFO - allennlp.training.tensorboard_writer - loss          |    34.301  |    40.716
2019-05-26 21:51:26,125 - INFO - allennlp.training.tensorboard_writer - f1_macro      |     0.974  |     0.952
2019-05-26 21:51:26,126 - INFO - allennlp.training.tensorboard_writer - accuracy3     |     0.996  |     0.995
2019-05-26 21:51:26,129 - INFO - allennlp.training.trainer - Epoch duration: 00:01:21
2019-05-26 21:51:26,129 - INFO - allennlp.training.trainer - Estimated training time remaining: 0:14:54
2019-05-26 21:51:26,129 - INFO - allennlp.training.trainer - Epoch 29/39
2019-05-26 21:51:26,129 - INFO - allennlp.training.trainer - Peak CPU memory usage MB: 411.414528
2019-05-26 21:51:26,136 - INFO - allennlp.training.trainer - Training
2019-05-26 21:52:38,955 - INFO - allennlp.training.trainer - Validating
2019-05-26 21:52:47,581 - INFO - allennlp.training.tensorboard_writer -                   Training |  Validation
2019-05-26 21:52:47,581 - INFO - allennlp.training.tensorboard_writer - cpu_memory_MB |   411.415  |       N/A
2019-05-26 21:52:47,581 - INFO - allennlp.training.tensorboard_writer - accuracy      |     0.986  |     0.990
2019-05-26 21:52:47,582 - INFO - allennlp.training.tensorboard_writer - loss          |    98.882  |    55.102
2019-05-26 21:52:47,582 - INFO - allennlp.training.tensorboard_writer - f1_macro      |     0.908  |     0.950
2019-05-26 21:52:47,582 - INFO - allennlp.training.tensorboard_writer - accuracy3     |     0.989  |     0.993
2019-05-26 21:52:47,585 - INFO - allennlp.training.trainer - Epoch duration: 00:01:21
2019-05-26 21:52:47,585 - INFO - allennlp.training.trainer - Estimated training time remaining: 0:13:33
2019-05-26 21:52:47,585 - INFO - allennlp.training.trainer - Epoch 30/39
2019-05-26 21:52:47,611 - INFO - allennlp.training.trainer - Peak CPU memory usage MB: 411.414528
2019-05-26 21:52:47,618 - INFO - allennlp.training.trainer - Training
2019-05-26 21:54:00,390 - INFO - allennlp.training.trainer - Validating
2019-05-26 21:54:08,878 - INFO - allennlp.training.tensorboard_writer -                   Training |  Validation
2019-05-26 21:54:08,878 - INFO - allennlp.training.tensorboard_writer - cpu_memory_MB |   411.415  |       N/A
2019-05-26 21:54:08,879 - INFO - allennlp.training.tensorboard_writer - accuracy      |     0.992  |     0.992
2019-05-26 21:54:08,879 - INFO - allennlp.training.tensorboard_writer - loss          |    43.200  |    45.307
2019-05-26 21:54:08,879 - INFO - allennlp.training.tensorboard_writer - f1_macro      |     0.963  |     0.959
2019-05-26 21:54:08,880 - INFO - allennlp.training.tensorboard_writer - accuracy3     |     0.995  |     0.994
2019-05-26 21:54:08,884 - INFO - allennlp.training.trainer - Epoch duration: 00:01:21
2019-05-26 21:54:08,884 - INFO - allennlp.training.trainer - Estimated training time remaining: 0:12:11
2019-05-26 21:54:08,884 - INFO - allennlp.training.trainer - Epoch 31/39
2019-05-26 21:54:08,884 - INFO - allennlp.training.trainer - Peak CPU memory usage MB: 411.414528
2019-05-26 21:54:08,891 - INFO - allennlp.training.trainer - Training
2019-05-26 21:55:21,900 - INFO - allennlp.training.trainer - Validating
2019-05-26 21:55:30,313 - INFO - allennlp.training.tensorboard_writer -                   Training |  Validation
2019-05-26 21:55:30,314 - INFO - allennlp.training.tensorboard_writer - cpu_memory_MB |   411.415  |       N/A
2019-05-26 21:55:30,314 - INFO - allennlp.training.tensorboard_writer - accuracy      |     0.993  |     0.992
2019-05-26 21:55:30,314 - INFO - allennlp.training.tensorboard_writer - loss          |    36.093  |    43.981
2019-05-26 21:55:30,315 - INFO - allennlp.training.tensorboard_writer - f1_macro      |     0.972  |     0.969
2019-05-26 21:55:30,315 - INFO - allennlp.training.tensorboard_writer - accuracy3     |     0.996  |     0.995
2019-05-26 21:55:30,318 - INFO - allennlp.training.checkpointer - Best validation performance so far. Copying weights to 'output/models/cnn_pt_crf/exists_ru/best.th'.
2019-05-26 21:55:30,319 - INFO - allennlp.training.trainer - Epoch duration: 00:01:21
2019-05-26 21:55:30,319 - INFO - allennlp.training.trainer - Estimated training time remaining: 0:10:50
2019-05-26 21:55:30,319 - INFO - allennlp.training.trainer - Epoch 32/39
2019-05-26 21:55:30,319 - INFO - allennlp.training.trainer - Peak CPU memory usage MB: 411.46368
2019-05-26 21:55:30,325 - INFO - allennlp.training.trainer - Training
2019-05-26 21:56:43,383 - INFO - allennlp.training.trainer - Validating
2019-05-26 21:56:51,853 - INFO - allennlp.training.tensorboard_writer -                   Training |  Validation
2019-05-26 21:56:51,853 - INFO - allennlp.training.tensorboard_writer - cpu_memory_MB |   411.464  |       N/A
2019-05-26 21:56:51,854 - INFO - allennlp.training.tensorboard_writer - accuracy      |     0.994  |     0.992
2019-05-26 21:56:51,854 - INFO - allennlp.training.tensorboard_writer - loss          |    34.502  |    42.609
2019-05-26 21:56:51,854 - INFO - allennlp.training.tensorboard_writer - f1_macro      |     0.975  |     0.969
2019-05-26 21:56:51,855 - INFO - allennlp.training.tensorboard_writer - accuracy3     |     0.996  |     0.995
2019-05-26 21:56:51,857 - INFO - allennlp.training.checkpointer - Best validation performance so far. Copying weights to 'output/models/cnn_pt_crf/exists_ru/best.th'.
2019-05-26 21:56:51,858 - INFO - allennlp.training.trainer - Epoch duration: 00:01:21
2019-05-26 21:56:51,865 - INFO - allennlp.training.trainer - Estimated training time remaining: 0:09:29
2019-05-26 21:56:51,865 - INFO - allennlp.training.trainer - Epoch 33/39
2019-05-26 21:56:51,865 - INFO - allennlp.training.trainer - Peak CPU memory usage MB: 411.46368
2019-05-26 21:56:51,871 - INFO - allennlp.training.trainer - Training
2019-05-26 21:58:04,762 - INFO - allennlp.training.trainer - Validating
2019-05-26 21:58:13,284 - INFO - allennlp.training.tensorboard_writer -                   Training |  Validation
2019-05-26 21:58:13,284 - INFO - allennlp.training.tensorboard_writer - cpu_memory_MB |   411.464  |       N/A
2019-05-26 21:58:13,285 - INFO - allennlp.training.tensorboard_writer - accuracy      |     0.994  |     0.993
2019-05-26 21:58:13,285 - INFO - allennlp.training.tensorboard_writer - loss          |    33.846  |    41.591
2019-05-26 21:58:13,285 - INFO - allennlp.training.tensorboard_writer - f1_macro      |     0.975  |     0.969
2019-05-26 21:58:13,286 - INFO - allennlp.training.tensorboard_writer - accuracy3     |     0.996  |     0.995
2019-05-26 21:58:13,288 - INFO - allennlp.training.checkpointer - Best validation performance so far. Copying weights to 'output/models/cnn_pt_crf/exists_ru/best.th'.
2019-05-26 21:58:13,289 - INFO - allennlp.training.trainer - Epoch duration: 00:01:21
2019-05-26 21:58:13,316 - INFO - allennlp.training.trainer - Estimated training time remaining: 0:08:08
2019-05-26 21:58:13,316 - INFO - allennlp.training.trainer - Epoch 34/39
2019-05-26 21:58:13,316 - INFO - allennlp.training.trainer - Peak CPU memory usage MB: 411.46368
2019-05-26 21:58:13,322 - INFO - allennlp.training.trainer - Training
2019-05-26 21:59:25,841 - INFO - allennlp.training.trainer - Validating
2019-05-26 21:59:34,280 - INFO - allennlp.training.tensorboard_writer -                   Training |  Validation
2019-05-26 21:59:34,280 - INFO - allennlp.training.tensorboard_writer - cpu_memory_MB |   411.464  |       N/A
2019-05-26 21:59:34,280 - INFO - allennlp.training.tensorboard_writer - accuracy      |     0.994  |     0.992
2019-05-26 21:59:34,280 - INFO - allennlp.training.tensorboard_writer - loss          |    33.254  |    41.367
2019-05-26 21:59:34,281 - INFO - allennlp.training.tensorboard_writer - f1_macro      |     0.976  |     0.967
2019-05-26 21:59:34,281 - INFO - allennlp.training.tensorboard_writer - accuracy3     |     0.997  |     0.995
2019-05-26 21:59:34,284 - INFO - allennlp.training.trainer - Epoch duration: 00:01:20
2019-05-26 21:59:34,284 - INFO - allennlp.training.trainer - Estimated training time remaining: 0:06:46
2019-05-26 21:59:34,284 - INFO - allennlp.training.trainer - Epoch 35/39
2019-05-26 21:59:34,284 - INFO - allennlp.training.trainer - Peak CPU memory usage MB: 411.46368
2019-05-26 21:59:34,291 - INFO - allennlp.training.trainer - Training
2019-05-26 22:00:46,782 - INFO - allennlp.training.trainer - Validating
2019-05-26 22:00:55,239 - INFO - allennlp.training.tensorboard_writer -                   Training |  Validation
2019-05-26 22:00:55,240 - INFO - allennlp.training.tensorboard_writer - cpu_memory_MB |   411.464  |       N/A
2019-05-26 22:00:55,240 - INFO - allennlp.training.tensorboard_writer - accuracy      |     0.994  |     0.993
2019-05-26 22:00:55,240 - INFO - allennlp.training.tensorboard_writer - loss          |    32.903  |    40.218
2019-05-26 22:00:55,241 - INFO - allennlp.training.tensorboard_writer - f1_macro      |     0.976  |     0.968
2019-05-26 22:00:55,241 - INFO - allennlp.training.tensorboard_writer - accuracy3     |     0.997  |     0.995
2019-05-26 22:00:55,244 - INFO - allennlp.training.trainer - Epoch duration: 00:01:20
2019-05-26 22:00:55,244 - INFO - allennlp.training.trainer - Estimated training time remaining: 0:05:25
2019-05-26 22:00:55,244 - INFO - allennlp.training.trainer - Epoch 36/39
2019-05-26 22:00:55,268 - INFO - allennlp.training.trainer - Peak CPU memory usage MB: 411.549696
2019-05-26 22:00:55,274 - INFO - allennlp.training.trainer - Training
2019-05-26 22:02:09,190 - INFO - allennlp.training.trainer - Validating
2019-05-26 22:02:17,681 - INFO - allennlp.training.tensorboard_writer -                   Training |  Validation
2019-05-26 22:02:17,682 - INFO - allennlp.training.tensorboard_writer - cpu_memory_MB |   411.550  |       N/A
2019-05-26 22:02:17,682 - INFO - allennlp.training.tensorboard_writer - accuracy      |     0.994  |     0.993
2019-05-26 22:02:17,682 - INFO - allennlp.training.tensorboard_writer - loss          |    32.640  |    39.481
2019-05-26 22:02:17,683 - INFO - allennlp.training.tensorboard_writer - f1_macro      |     0.977  |     0.968
2019-05-26 22:02:17,683 - INFO - allennlp.training.tensorboard_writer - accuracy3     |     0.997  |     0.995
2019-05-26 22:02:17,685 - INFO - allennlp.training.trainer - Epoch duration: 00:01:22
2019-05-26 22:02:17,686 - INFO - allennlp.training.trainer - Estimated training time remaining: 0:04:04
2019-05-26 22:02:17,686 - INFO - allennlp.training.trainer - Epoch 37/39
2019-05-26 22:02:17,686 - INFO - allennlp.training.trainer - Peak CPU memory usage MB: 411.549696
2019-05-26 22:02:17,692 - INFO - allennlp.training.trainer - Training
2019-05-26 22:03:30,836 - INFO - allennlp.training.trainer - Validating
2019-05-26 22:03:39,444 - INFO - allennlp.training.tensorboard_writer -                   Training |  Validation
2019-05-26 22:03:39,444 - INFO - allennlp.training.tensorboard_writer - cpu_memory_MB |   411.550  |       N/A
2019-05-26 22:03:39,445 - INFO - allennlp.training.tensorboard_writer - accuracy      |     0.994  |     0.993
2019-05-26 22:03:39,445 - INFO - allennlp.training.tensorboard_writer - loss          |    32.560  |    39.611
2019-05-26 22:03:39,445 - INFO - allennlp.training.tensorboard_writer - f1_macro      |     0.979  |     0.970
2019-05-26 22:03:39,446 - INFO - allennlp.training.tensorboard_writer - accuracy3     |     0.997  |     0.996
2019-05-26 22:03:39,448 - INFO - allennlp.training.checkpointer - Best validation performance so far. Copying weights to 'output/models/cnn_pt_crf/exists_ru/best.th'.
2019-05-26 22:03:39,449 - INFO - allennlp.training.trainer - Epoch duration: 00:01:21
2019-05-26 22:03:39,449 - INFO - allennlp.training.trainer - Estimated training time remaining: 0:02:42
2019-05-26 22:03:39,449 - INFO - allennlp.training.trainer - Epoch 38/39
2019-05-26 22:03:39,449 - INFO - allennlp.training.trainer - Peak CPU memory usage MB: 411.549696
2019-05-26 22:03:39,456 - INFO - allennlp.training.trainer - Training
2019-05-26 22:04:52,398 - INFO - allennlp.training.trainer - Validating
2019-05-26 22:05:00,982 - INFO - allennlp.training.tensorboard_writer -                   Training |  Validation
2019-05-26 22:05:00,982 - INFO - allennlp.training.tensorboard_writer - cpu_memory_MB |   411.550  |       N/A
2019-05-26 22:05:00,982 - INFO - allennlp.training.tensorboard_writer - accuracy      |     0.994  |     0.993
2019-05-26 22:05:00,983 - INFO - allennlp.training.tensorboard_writer - loss          |    32.648  |    39.472
2019-05-26 22:05:00,983 - INFO - allennlp.training.tensorboard_writer - f1_macro      |     0.977  |     0.970
2019-05-26 22:05:00,983 - INFO - allennlp.training.tensorboard_writer - accuracy3     |     0.997  |     0.996
2019-05-26 22:05:00,987 - INFO - allennlp.training.trainer - Epoch duration: 00:01:21
2019-05-26 22:05:00,987 - INFO - allennlp.training.trainer - Estimated training time remaining: 0:01:21
2019-05-26 22:05:00,987 - INFO - allennlp.training.trainer - Epoch 39/39
2019-05-26 22:05:00,987 - INFO - allennlp.training.trainer - Peak CPU memory usage MB: 411.549696
2019-05-26 22:05:00,994 - INFO - allennlp.training.trainer - Training
2019-05-26 22:06:13,644 - INFO - allennlp.training.trainer - Validating
2019-05-26 22:06:22,045 - INFO - allennlp.training.tensorboard_writer -                   Training |  Validation
2019-05-26 22:06:22,045 - INFO - allennlp.training.tensorboard_writer - cpu_memory_MB |   411.550  |       N/A
2019-05-26 22:06:22,046 - INFO - allennlp.training.tensorboard_writer - accuracy      |     0.994  |     0.993
2019-05-26 22:06:22,046 - INFO - allennlp.training.tensorboard_writer - loss          |    32.630  |    39.458
2019-05-26 22:06:22,046 - INFO - allennlp.training.tensorboard_writer - f1_macro      |     0.978  |     0.971
2019-05-26 22:06:22,047 - INFO - allennlp.training.tensorboard_writer - accuracy3     |     0.997  |     0.996
2019-05-26 22:06:22,050 - INFO - allennlp.training.checkpointer - Best validation performance so far. Copying weights to 'output/models/cnn_pt_crf/exists_ru/best.th'.
2019-05-26 22:06:22,051 - INFO - allennlp.training.trainer - Epoch duration: 00:01:21
2019-05-26 22:06:22,072 - INFO - allennlp.training.checkpointer - loading best weights
