2019-05-26 17:08:17,851 - INFO - allennlp.common.params - evaluate_on_test = False
2019-05-26 17:08:17,851 - INFO - allennlp.common.from_params - instantiating class <class 'allennlp.data.dataset_readers.dataset_reader.DatasetReader'> from params {'token_indexers': {'token_characters': {'type': 'characters'}}, 'type': 'custom-dataset-reader'} and extras set()
2019-05-26 17:08:17,851 - INFO - allennlp.common.params - dataset_reader.type = custom-dataset-reader
2019-05-26 17:08:17,852 - INFO - allennlp.common.from_params - instantiating class <class 'layers.utils.data_reader.CustomDataReader'> from params {'token_indexers': {'token_characters': {'type': 'characters'}}} and extras set()
2019-05-26 17:08:17,852 - INFO - allennlp.common.from_params - instantiating class <class 'allennlp.data.token_indexers.token_indexer.TokenIndexer'> from params {'type': 'characters'} and extras set()
2019-05-26 17:08:17,852 - INFO - allennlp.common.params - dataset_reader.token_indexers.token_characters.type = characters
2019-05-26 17:08:17,852 - INFO - allennlp.common.from_params - instantiating class <class 'allennlp.data.token_indexers.token_characters_indexer.TokenCharactersIndexer'> from params {} and extras set()
2019-05-26 17:08:17,852 - INFO - allennlp.common.params - dataset_reader.token_indexers.token_characters.namespace = token_characters
2019-05-26 17:08:17,852 - INFO - allennlp.common.params - dataset_reader.token_indexers.token_characters.start_tokens = None
2019-05-26 17:08:17,852 - INFO - allennlp.common.params - dataset_reader.token_indexers.token_characters.end_tokens = None
2019-05-26 17:08:17,852 - INFO - allennlp.common.params - dataset_reader.token_indexers.token_characters.min_padding_length = 0
2019-05-26 17:08:17,853 - INFO - allennlp.common.params - validation_dataset_reader = None
2019-05-26 17:08:17,853 - INFO - allennlp.common.params - train_data_path = temp/datasets/exists_ru/exists_ru_train.xlsx
2019-05-26 17:08:17,853 - INFO - allennlp.training.util - Reading training data from temp/datasets/exists_ru/exists_ru_train.xlsx
2019-05-26 17:08:17,853 - INFO - allennlp.common.params - validation_data_path = temp/datasets/exists_ru/exists_ru_test.xlsx
2019-05-26 17:08:17,853 - INFO - allennlp.training.util - Reading validation data from temp/datasets/exists_ru/exists_ru_test.xlsx
2019-05-26 17:08:17,853 - INFO - allennlp.common.params - test_data_path = None
2019-05-26 17:08:17,853 - INFO - allennlp.training.trainer - From dataset instances, train, validation will be considered for vocabulary creation.
2019-05-26 17:08:17,853 - INFO - allennlp.common.params - vocabulary.type = None
2019-05-26 17:08:17,853 - INFO - allennlp.common.params - vocabulary.extend = False
2019-05-26 17:08:17,853 - INFO - allennlp.common.params - vocabulary.directory_path = temp/datasets/exists_ru/lstm_lstm_crf/vocabulary
2019-05-26 17:08:17,853 - INFO - allennlp.data.vocabulary - Loading Vocab from files instead of dataset.
2019-05-26 17:08:17,854 - INFO - allennlp.data.vocabulary - Loading token dictionary from temp/datasets/exists_ru/lstm_lstm_crf/vocabulary.
2019-05-26 17:08:17,854 - INFO - allennlp.common.from_params - instantiating class <class 'allennlp.models.model.Model'> from params {'encoder': {'bidirectional': True, 'hidden_size': 100, 'input_size': 40, 'type': 'lstm'}, 'text_field_embedder': {'token_characters': {'embedding': {'embedding_dim': 20}, 'encoder': {'bidirectional': True, 'hidden_size': 20, 'input_size': 20, 'type': 'lstm'}, 'type': 'character_encoding'}}, 'type': 'crf_tagger_f1'} and extras {'vocab'}
2019-05-26 17:08:17,854 - INFO - allennlp.common.params - model.type = crf_tagger_f1
2019-05-26 17:08:17,854 - INFO - allennlp.common.from_params - instantiating class <class 'layers.taggers.crf_with_f1.CrfTaggerWithMetric'> from params {'encoder': {'bidirectional': True, 'hidden_size': 100, 'input_size': 40, 'type': 'lstm'}, 'text_field_embedder': {'token_characters': {'embedding': {'embedding_dim': 20}, 'encoder': {'bidirectional': True, 'hidden_size': 20, 'input_size': 20, 'type': 'lstm'}, 'type': 'character_encoding'}}} and extras {'vocab'}
2019-05-26 17:08:17,855 - INFO - allennlp.common.from_params - instantiating class <class 'allennlp.modules.text_field_embedders.text_field_embedder.TextFieldEmbedder'> from params {'token_characters': {'embedding': {'embedding_dim': 20}, 'encoder': {'bidirectional': True, 'hidden_size': 20, 'input_size': 20, 'type': 'lstm'}, 'type': 'character_encoding'}} and extras {'vocab'}
2019-05-26 17:08:17,855 - INFO - allennlp.common.params - model.text_field_embedder.type = basic
2019-05-26 17:08:17,855 - INFO - allennlp.common.params - model.text_field_embedder.embedder_to_indexer_map = None
2019-05-26 17:08:17,855 - INFO - allennlp.common.params - model.text_field_embedder.allow_unmatched_keys = False
2019-05-26 17:08:17,855 - INFO - allennlp.common.params - model.text_field_embedder.token_embedders = None
2019-05-26 17:08:17,855 - INFO - allennlp.common.from_params - instantiating class <class 'allennlp.modules.token_embedders.token_embedder.TokenEmbedder'> from params {'embedding': {'embedding_dim': 20}, 'encoder': {'bidirectional': True, 'hidden_size': 20, 'input_size': 20, 'type': 'lstm'}, 'type': 'character_encoding'} and extras {'vocab'}
2019-05-26 17:08:17,855 - INFO - allennlp.common.params - model.text_field_embedder.token_characters.type = character_encoding
2019-05-26 17:08:17,855 - INFO - allennlp.common.params - model.text_field_embedder.token_characters.embedding.num_embeddings = None
2019-05-26 17:08:17,855 - INFO - allennlp.common.params - model.text_field_embedder.token_characters.embedding.vocab_namespace = token_characters
2019-05-26 17:08:17,855 - INFO - allennlp.common.params - model.text_field_embedder.token_characters.embedding.embedding_dim = 20
2019-05-26 17:08:17,855 - INFO - allennlp.common.params - model.text_field_embedder.token_characters.embedding.pretrained_file = None
2019-05-26 17:08:17,856 - INFO - allennlp.common.params - model.text_field_embedder.token_characters.embedding.projection_dim = None
2019-05-26 17:08:17,856 - INFO - allennlp.common.params - model.text_field_embedder.token_characters.embedding.trainable = True
2019-05-26 17:08:17,856 - INFO - allennlp.common.params - model.text_field_embedder.token_characters.embedding.padding_index = None
2019-05-26 17:08:17,856 - INFO - allennlp.common.params - model.text_field_embedder.token_characters.embedding.max_norm = None
2019-05-26 17:08:17,856 - INFO - allennlp.common.params - model.text_field_embedder.token_characters.embedding.norm_type = 2.0
2019-05-26 17:08:17,856 - INFO - allennlp.common.params - model.text_field_embedder.token_characters.embedding.scale_grad_by_freq = False
2019-05-26 17:08:17,856 - INFO - allennlp.common.params - model.text_field_embedder.token_characters.embedding.sparse = False
2019-05-26 17:08:17,856 - INFO - allennlp.common.from_params - instantiating class <class 'allennlp.modules.seq2vec_encoders.seq2vec_encoder.Seq2VecEncoder'> from params {'bidirectional': True, 'hidden_size': 20, 'input_size': 20, 'type': 'lstm'} and extras set()
2019-05-26 17:08:17,857 - INFO - allennlp.common.params - model.text_field_embedder.token_characters.encoder.type = lstm
2019-05-26 17:08:17,857 - INFO - allennlp.common.params - model.text_field_embedder.token_characters.encoder.batch_first = True
2019-05-26 17:08:17,857 - INFO - allennlp.common.params - Converting Params object to dict; logging of default values will not occur when dictionary parameters are used subsequently.
2019-05-26 17:08:17,857 - INFO - allennlp.common.params - CURRENTLY DEFINED PARAMETERS: 
2019-05-26 17:08:17,857 - INFO - allennlp.common.params - model.text_field_embedder.token_characters.encoder.bidirectional = True
2019-05-26 17:08:17,857 - INFO - allennlp.common.params - model.text_field_embedder.token_characters.encoder.hidden_size = 20
2019-05-26 17:08:17,857 - INFO - allennlp.common.params - model.text_field_embedder.token_characters.encoder.input_size = 20
2019-05-26 17:08:17,857 - INFO - allennlp.common.params - model.text_field_embedder.token_characters.encoder.batch_first = True
2019-05-26 17:08:17,857 - INFO - allennlp.common.params - model.text_field_embedder.token_characters.dropout = 0.0
2019-05-26 17:08:17,858 - INFO - allennlp.common.from_params - instantiating class <class 'allennlp.modules.seq2seq_encoders.seq2seq_encoder.Seq2SeqEncoder'> from params {'bidirectional': True, 'hidden_size': 100, 'input_size': 40, 'type': 'lstm'} and extras {'vocab'}
2019-05-26 17:08:17,858 - INFO - allennlp.common.params - model.encoder.type = lstm
2019-05-26 17:08:17,858 - INFO - allennlp.common.params - model.encoder.batch_first = True
2019-05-26 17:08:17,858 - INFO - allennlp.common.params - model.encoder.stateful = False
2019-05-26 17:08:17,858 - INFO - allennlp.common.params - Converting Params object to dict; logging of default values will not occur when dictionary parameters are used subsequently.
2019-05-26 17:08:17,858 - INFO - allennlp.common.params - CURRENTLY DEFINED PARAMETERS: 
2019-05-26 17:08:17,858 - INFO - allennlp.common.params - model.encoder.bidirectional = True
2019-05-26 17:08:17,858 - INFO - allennlp.common.params - model.encoder.hidden_size = 100
2019-05-26 17:08:17,858 - INFO - allennlp.common.params - model.encoder.input_size = 40
2019-05-26 17:08:17,858 - INFO - allennlp.common.params - model.encoder.batch_first = True
2019-05-26 17:08:17,859 - INFO - allennlp.common.params - model.label_namespace = labels
2019-05-26 17:08:17,860 - INFO - allennlp.common.params - model.label_encoding = None
2019-05-26 17:08:17,860 - INFO - allennlp.common.params - model.include_start_end_transitions = True
2019-05-26 17:08:17,860 - INFO - allennlp.common.params - model.constrain_crf_decoding = None
2019-05-26 17:08:17,860 - INFO - allennlp.common.params - model.calculate_span_f1 = None
2019-05-26 17:08:17,860 - INFO - allennlp.common.params - model.dropout = None
2019-05-26 17:08:17,860 - INFO - allennlp.common.params - model.verbose_metrics = False
2019-05-26 17:08:17,861 - INFO - allennlp.nn.initializers - Initializing parameters
2019-05-26 17:08:17,861 - INFO - allennlp.nn.initializers - Done initializing parameters; the following parameters are using their default initialization from their code
2019-05-26 17:08:17,861 - INFO - allennlp.nn.initializers -    crf._constraint_mask
2019-05-26 17:08:17,861 - INFO - allennlp.nn.initializers -    crf.end_transitions
2019-05-26 17:08:17,861 - INFO - allennlp.nn.initializers -    crf.start_transitions
2019-05-26 17:08:17,861 - INFO - allennlp.nn.initializers -    crf.transitions
2019-05-26 17:08:17,861 - INFO - allennlp.nn.initializers -    encoder._module.bias_hh_l0
2019-05-26 17:08:17,861 - INFO - allennlp.nn.initializers -    encoder._module.bias_hh_l0_reverse
2019-05-26 17:08:17,861 - INFO - allennlp.nn.initializers -    encoder._module.bias_ih_l0
2019-05-26 17:08:17,861 - INFO - allennlp.nn.initializers -    encoder._module.bias_ih_l0_reverse
2019-05-26 17:08:17,861 - INFO - allennlp.nn.initializers -    encoder._module.weight_hh_l0
2019-05-26 17:08:17,862 - INFO - allennlp.nn.initializers -    encoder._module.weight_hh_l0_reverse
2019-05-26 17:08:17,862 - INFO - allennlp.nn.initializers -    encoder._module.weight_ih_l0
2019-05-26 17:08:17,862 - INFO - allennlp.nn.initializers -    encoder._module.weight_ih_l0_reverse
2019-05-26 17:08:17,862 - INFO - allennlp.nn.initializers -    tag_projection_layer._module.bias
2019-05-26 17:08:17,862 - INFO - allennlp.nn.initializers -    tag_projection_layer._module.weight
2019-05-26 17:08:17,862 - INFO - allennlp.nn.initializers -    text_field_embedder.token_embedder_token_characters._embedding._module.weight
2019-05-26 17:08:17,862 - INFO - allennlp.nn.initializers -    text_field_embedder.token_embedder_token_characters._encoder._module._module.bias_hh_l0
2019-05-26 17:08:17,862 - INFO - allennlp.nn.initializers -    text_field_embedder.token_embedder_token_characters._encoder._module._module.bias_hh_l0_reverse
2019-05-26 17:08:17,862 - INFO - allennlp.nn.initializers -    text_field_embedder.token_embedder_token_characters._encoder._module._module.bias_ih_l0
2019-05-26 17:08:17,862 - INFO - allennlp.nn.initializers -    text_field_embedder.token_embedder_token_characters._encoder._module._module.bias_ih_l0_reverse
2019-05-26 17:08:17,862 - INFO - allennlp.nn.initializers -    text_field_embedder.token_embedder_token_characters._encoder._module._module.weight_hh_l0
2019-05-26 17:08:17,862 - INFO - allennlp.nn.initializers -    text_field_embedder.token_embedder_token_characters._encoder._module._module.weight_hh_l0_reverse
2019-05-26 17:08:17,862 - INFO - allennlp.nn.initializers -    text_field_embedder.token_embedder_token_characters._encoder._module._module.weight_ih_l0
2019-05-26 17:08:17,862 - INFO - allennlp.nn.initializers -    text_field_embedder.token_embedder_token_characters._encoder._module._module.weight_ih_l0_reverse
2019-05-26 17:08:17,863 - INFO - allennlp.common.from_params - instantiating class <class 'allennlp.data.iterators.data_iterator.DataIterator'> from params {'batch_size': 100, 'type': 'basic'} and extras set()
2019-05-26 17:08:17,863 - INFO - allennlp.common.params - iterator.type = basic
2019-05-26 17:08:17,864 - INFO - allennlp.common.from_params - instantiating class <class 'allennlp.data.iterators.basic_iterator.BasicIterator'> from params {'batch_size': 100} and extras set()
2019-05-26 17:08:17,864 - INFO - allennlp.common.params - iterator.batch_size = 100
2019-05-26 17:08:17,864 - INFO - allennlp.common.params - iterator.instances_per_epoch = None
2019-05-26 17:08:17,864 - INFO - allennlp.common.params - iterator.max_instances_in_memory = None
2019-05-26 17:08:17,864 - INFO - allennlp.common.params - iterator.cache_instances = False
2019-05-26 17:08:17,864 - INFO - allennlp.common.params - iterator.track_epoch = False
2019-05-26 17:08:17,864 - INFO - allennlp.common.params - iterator.maximum_samples_per_batch = None
2019-05-26 17:08:17,864 - INFO - allennlp.common.params - validation_iterator = None
2019-05-26 17:08:17,864 - INFO - allennlp.common.params - trainer.no_grad = ()
2019-05-26 17:08:17,864 - INFO - allennlp.training.trainer - Following parameters are Frozen  (without gradient):
2019-05-26 17:08:17,865 - INFO - allennlp.training.trainer - crf._constraint_mask
2019-05-26 17:08:17,865 - INFO - allennlp.training.trainer - Following parameters are Tunable (with gradient):
2019-05-26 17:08:17,865 - INFO - allennlp.training.trainer - text_field_embedder.token_embedder_token_characters._embedding._module.weight
2019-05-26 17:08:17,865 - INFO - allennlp.training.trainer - text_field_embedder.token_embedder_token_characters._encoder._module._module.weight_ih_l0
2019-05-26 17:08:17,865 - INFO - allennlp.training.trainer - text_field_embedder.token_embedder_token_characters._encoder._module._module.weight_hh_l0
2019-05-26 17:08:17,865 - INFO - allennlp.training.trainer - text_field_embedder.token_embedder_token_characters._encoder._module._module.bias_ih_l0
2019-05-26 17:08:17,865 - INFO - allennlp.training.trainer - text_field_embedder.token_embedder_token_characters._encoder._module._module.bias_hh_l0
2019-05-26 17:08:17,865 - INFO - allennlp.training.trainer - text_field_embedder.token_embedder_token_characters._encoder._module._module.weight_ih_l0_reverse
2019-05-26 17:08:17,865 - INFO - allennlp.training.trainer - text_field_embedder.token_embedder_token_characters._encoder._module._module.weight_hh_l0_reverse
2019-05-26 17:08:17,865 - INFO - allennlp.training.trainer - text_field_embedder.token_embedder_token_characters._encoder._module._module.bias_ih_l0_reverse
2019-05-26 17:08:17,865 - INFO - allennlp.training.trainer - text_field_embedder.token_embedder_token_characters._encoder._module._module.bias_hh_l0_reverse
2019-05-26 17:08:17,865 - INFO - allennlp.training.trainer - encoder._module.weight_ih_l0
2019-05-26 17:08:17,865 - INFO - allennlp.training.trainer - encoder._module.weight_hh_l0
2019-05-26 17:08:17,865 - INFO - allennlp.training.trainer - encoder._module.bias_ih_l0
2019-05-26 17:08:17,865 - INFO - allennlp.training.trainer - encoder._module.bias_hh_l0
2019-05-26 17:08:17,865 - INFO - allennlp.training.trainer - encoder._module.weight_ih_l0_reverse
2019-05-26 17:08:17,865 - INFO - allennlp.training.trainer - encoder._module.weight_hh_l0_reverse
2019-05-26 17:08:17,866 - INFO - allennlp.training.trainer - encoder._module.bias_ih_l0_reverse
2019-05-26 17:08:17,866 - INFO - allennlp.training.trainer - encoder._module.bias_hh_l0_reverse
2019-05-26 17:08:17,866 - INFO - allennlp.training.trainer - tag_projection_layer._module.weight
2019-05-26 17:08:17,866 - INFO - allennlp.training.trainer - tag_projection_layer._module.bias
2019-05-26 17:08:17,866 - INFO - allennlp.training.trainer - crf.transitions
2019-05-26 17:08:17,866 - INFO - allennlp.training.trainer - crf.start_transitions
2019-05-26 17:08:17,866 - INFO - allennlp.training.trainer - crf.end_transitions
2019-05-26 17:08:17,866 - INFO - allennlp.common.params - trainer.patience = 10
2019-05-26 17:08:17,866 - INFO - allennlp.common.params - trainer.validation_metric = -loss
2019-05-26 17:08:17,866 - INFO - allennlp.common.params - trainer.shuffle = True
2019-05-26 17:08:17,866 - INFO - allennlp.common.params - trainer.num_epochs = 500
2019-05-26 17:08:17,866 - INFO - allennlp.common.params - trainer.cuda_device = -1
2019-05-26 17:08:17,866 - INFO - allennlp.common.params - trainer.grad_norm = None
2019-05-26 17:08:17,866 - INFO - allennlp.common.params - trainer.grad_clipping = None
2019-05-26 17:08:17,866 - INFO - allennlp.common.params - trainer.learning_rate_scheduler = None
2019-05-26 17:08:17,866 - INFO - allennlp.common.params - trainer.momentum_scheduler = None
2019-05-26 17:08:17,866 - INFO - allennlp.common.params - trainer.optimizer.type = sgd
2019-05-26 17:08:17,867 - INFO - allennlp.common.params - trainer.optimizer.parameter_groups = None
2019-05-26 17:08:17,867 - INFO - allennlp.training.optimizers - Number of trainable parameters: 126238
2019-05-26 17:08:17,867 - INFO - allennlp.common.params - trainer.optimizer.infer_type_and_cast = True
2019-05-26 17:08:17,867 - INFO - allennlp.common.params - Converting Params object to dict; logging of default values will not occur when dictionary parameters are used subsequently.
2019-05-26 17:08:17,867 - INFO - allennlp.common.params - CURRENTLY DEFINED PARAMETERS: 
2019-05-26 17:08:17,867 - INFO - allennlp.common.params - trainer.optimizer.lr = 0.1
2019-05-26 17:08:17,867 - INFO - allennlp.common.params - trainer.num_serialized_models_to_keep = 20
2019-05-26 17:08:17,867 - INFO - allennlp.common.params - trainer.keep_serialized_model_every_num_seconds = None
2019-05-26 17:08:17,867 - INFO - allennlp.common.params - trainer.model_save_interval = None
2019-05-26 17:08:17,867 - INFO - allennlp.common.params - trainer.summary_interval = 100
2019-05-26 17:08:17,867 - INFO - allennlp.common.params - trainer.histogram_interval = None
2019-05-26 17:08:17,867 - INFO - allennlp.common.params - trainer.should_log_parameter_statistics = True
2019-05-26 17:08:17,867 - INFO - allennlp.common.params - trainer.should_log_learning_rate = False
2019-05-26 17:08:17,868 - INFO - allennlp.common.params - trainer.log_batch_size_period = None
2019-05-26 17:08:17,869 - INFO - allennlp.training.trainer - Beginning training.
2019-05-26 17:08:17,869 - INFO - allennlp.training.trainer - Epoch 0/499
2019-05-26 17:08:17,869 - INFO - allennlp.training.trainer - Peak CPU memory usage MB: 224.219136
2019-05-26 17:08:17,875 - INFO - allennlp.training.trainer - Training
2019-05-26 17:09:38,814 - INFO - allennlp.training.trainer - Validating
2019-05-26 17:09:49,083 - INFO - allennlp.training.tensorboard_writer -                   Training |  Validation
2019-05-26 17:09:49,084 - INFO - allennlp.training.tensorboard_writer - cpu_memory_MB |   224.219  |       N/A
2019-05-26 17:09:49,084 - INFO - allennlp.training.tensorboard_writer - loss          |  1335931.102  |  900927.689
2019-05-26 17:09:49,084 - INFO - allennlp.training.tensorboard_writer - accuracy3     |     0.385  |     0.188
2019-05-26 17:09:49,085 - INFO - allennlp.training.tensorboard_writer - f1_macro      |     0.161  |     0.008
2019-05-26 17:09:49,085 - INFO - allennlp.training.tensorboard_writer - accuracy      |     0.345  |     0.121
2019-05-26 17:09:49,088 - INFO - allennlp.training.checkpointer - Best validation performance so far. Copying weights to 'output/models/lstm_lstm_crf/exists_ru/best.th'.
2019-05-26 17:09:49,089 - INFO - allennlp.training.trainer - Epoch duration: 00:01:31
2019-05-26 17:09:49,089 - INFO - allennlp.training.trainer - Estimated training time remaining: 12:38:38
2019-05-26 17:09:49,089 - INFO - allennlp.training.trainer - Epoch 1/499
2019-05-26 17:09:49,089 - INFO - allennlp.training.trainer - Peak CPU memory usage MB: 425.115648
2019-05-26 17:09:49,097 - INFO - allennlp.training.trainer - Training
2019-05-26 17:11:11,242 - INFO - allennlp.training.trainer - Validating
2019-05-26 17:11:21,507 - INFO - allennlp.training.tensorboard_writer -                   Training |  Validation
2019-05-26 17:11:21,507 - INFO - allennlp.training.tensorboard_writer - cpu_memory_MB |   425.116  |       N/A
2019-05-26 17:11:21,507 - INFO - allennlp.training.tensorboard_writer - loss          |  1083291.633  |  1093545.584
2019-05-26 17:11:21,508 - INFO - allennlp.training.tensorboard_writer - accuracy3     |     0.412  |     0.341
2019-05-26 17:11:21,508 - INFO - allennlp.training.tensorboard_writer - f1_macro      |     0.204  |     0.017
2019-05-26 17:11:21,509 - INFO - allennlp.training.tensorboard_writer - accuracy      |     0.383  |     0.271
2019-05-26 17:11:21,511 - INFO - allennlp.training.trainer - Epoch duration: 00:01:32
2019-05-26 17:11:21,511 - INFO - allennlp.training.trainer - Estimated training time remaining: 12:42:06
2019-05-26 17:11:21,511 - INFO - allennlp.training.trainer - Epoch 2/499
2019-05-26 17:11:21,511 - INFO - allennlp.training.trainer - Peak CPU memory usage MB: 425.115648
2019-05-26 17:11:21,518 - INFO - allennlp.training.trainer - Training
2019-05-26 17:12:44,074 - INFO - allennlp.training.trainer - Validating
2019-05-26 17:12:54,343 - INFO - allennlp.training.tensorboard_writer -                   Training |  Validation
2019-05-26 17:12:54,343 - INFO - allennlp.training.tensorboard_writer - cpu_memory_MB |   425.116  |       N/A
2019-05-26 17:12:54,343 - INFO - allennlp.training.tensorboard_writer - loss          |  976239.172  |  749744.838
2019-05-26 17:12:54,344 - INFO - allennlp.training.tensorboard_writer - accuracy3     |     0.443  |     0.395
2019-05-26 17:12:54,344 - INFO - allennlp.training.tensorboard_writer - f1_macro      |     0.242  |     0.058
2019-05-26 17:12:54,344 - INFO - allennlp.training.tensorboard_writer - accuracy      |     0.420  |     0.316
2019-05-26 17:12:54,346 - INFO - allennlp.training.checkpointer - Best validation performance so far. Copying weights to 'output/models/lstm_lstm_crf/exists_ru/best.th'.
2019-05-26 17:12:54,347 - INFO - allennlp.training.trainer - Epoch duration: 00:01:32
2019-05-26 17:12:54,347 - INFO - allennlp.training.trainer - Estimated training time remaining: 12:43:23
2019-05-26 17:12:54,347 - INFO - allennlp.training.trainer - Epoch 3/499
2019-05-26 17:12:54,348 - INFO - allennlp.training.trainer - Peak CPU memory usage MB: 425.115648
2019-05-26 17:12:54,355 - INFO - allennlp.training.trainer - Training
2019-05-26 17:14:18,820 - INFO - allennlp.training.trainer - Validating
2019-05-26 17:14:29,066 - INFO - allennlp.training.tensorboard_writer -                   Training |  Validation
2019-05-26 17:14:29,066 - INFO - allennlp.training.tensorboard_writer - cpu_memory_MB |   425.116  |       N/A
2019-05-26 17:14:29,067 - INFO - allennlp.training.tensorboard_writer - loss          |  874086.596  |  2012365.352
2019-05-26 17:14:29,067 - INFO - allennlp.training.tensorboard_writer - accuracy3     |     0.492  |     0.331
2019-05-26 17:14:29,068 - INFO - allennlp.training.tensorboard_writer - f1_macro      |     0.257  |     0.002
2019-05-26 17:14:29,068 - INFO - allennlp.training.tensorboard_writer - accuracy      |     0.468  |     0.280
2019-05-26 17:14:29,070 - INFO - allennlp.training.trainer - Epoch duration: 00:01:34
2019-05-26 17:14:29,070 - INFO - allennlp.training.trainer - Estimated training time remaining: 12:47:08
2019-05-26 17:14:29,070 - INFO - allennlp.training.trainer - Epoch 4/499
2019-05-26 17:14:29,070 - INFO - allennlp.training.trainer - Peak CPU memory usage MB: 430.071808
2019-05-26 17:14:29,078 - INFO - allennlp.training.trainer - Training
2019-05-26 17:15:58,985 - INFO - allennlp.training.trainer - Validating
2019-05-26 17:16:11,232 - INFO - allennlp.training.tensorboard_writer -                   Training |  Validation
2019-05-26 17:16:11,233 - INFO - allennlp.training.tensorboard_writer - cpu_memory_MB |   430.072  |       N/A
2019-05-26 17:16:11,233 - INFO - allennlp.training.tensorboard_writer - loss          |  816794.803  |  926660.296
2019-05-26 17:16:11,233 - INFO - allennlp.training.tensorboard_writer - accuracy3     |     0.489  |     0.409
2019-05-26 17:16:11,234 - INFO - allennlp.training.tensorboard_writer - f1_macro      |     0.265  |     0.041
2019-05-26 17:16:11,234 - INFO - allennlp.training.tensorboard_writer - accuracy      |     0.470  |     0.334
2019-05-26 17:16:11,236 - INFO - allennlp.training.trainer - Epoch duration: 00:01:42
2019-05-26 17:16:11,237 - INFO - allennlp.training.trainer - Estimated training time remaining: 13:01:03
2019-05-26 17:16:11,237 - INFO - allennlp.training.trainer - Epoch 5/499
2019-05-26 17:16:11,237 - INFO - allennlp.training.trainer - Peak CPU memory usage MB: 431.55456
2019-05-26 17:16:11,245 - INFO - allennlp.training.trainer - Training
2019-05-26 17:17:42,859 - INFO - allennlp.training.trainer - Validating
2019-05-26 17:17:53,932 - INFO - allennlp.training.tensorboard_writer -                   Training |  Validation
2019-05-26 17:17:53,932 - INFO - allennlp.training.tensorboard_writer - cpu_memory_MB |   431.555  |       N/A
2019-05-26 17:17:53,933 - INFO - allennlp.training.tensorboard_writer - loss          |  589525.518  |  624077.831
2019-05-26 17:17:53,933 - INFO - allennlp.training.tensorboard_writer - accuracy3     |     0.535  |     0.406
2019-05-26 17:17:53,934 - INFO - allennlp.training.tensorboard_writer - f1_macro      |     0.291  |     0.047
2019-05-26 17:17:53,934 - INFO - allennlp.training.tensorboard_writer - accuracy      |     0.514  |     0.351
2019-05-26 17:17:53,936 - INFO - allennlp.training.checkpointer - Best validation performance so far. Copying weights to 'output/models/lstm_lstm_crf/exists_ru/best.th'.
2019-05-26 17:17:53,937 - INFO - allennlp.training.trainer - Epoch duration: 00:01:42
2019-05-26 17:17:53,937 - INFO - allennlp.training.trainer - Estimated training time remaining: 13:10:29
2019-05-26 17:17:53,937 - INFO - allennlp.training.trainer - Epoch 6/499
2019-05-26 17:17:53,937 - INFO - allennlp.training.trainer - Peak CPU memory usage MB: 433.590272
2019-05-26 17:17:53,945 - INFO - allennlp.training.trainer - Training
2019-05-26 17:19:22,907 - INFO - allennlp.training.trainer - Validating
2019-05-26 17:19:33,169 - INFO - allennlp.training.tensorboard_writer -                   Training |  Validation
2019-05-26 17:19:33,169 - INFO - allennlp.training.tensorboard_writer - cpu_memory_MB |   433.590  |       N/A
2019-05-26 17:19:33,169 - INFO - allennlp.training.tensorboard_writer - loss          |  642459.092  |  986766.784
2019-05-26 17:19:33,170 - INFO - allennlp.training.tensorboard_writer - accuracy3     |     0.557  |     0.405
2019-05-26 17:19:33,170 - INFO - allennlp.training.tensorboard_writer - f1_macro      |     0.308  |     0.038
2019-05-26 17:19:33,170 - INFO - allennlp.training.tensorboard_writer - accuracy      |     0.540  |     0.346
2019-05-26 17:19:33,172 - INFO - allennlp.training.trainer - Epoch duration: 00:01:39
2019-05-26 17:19:33,172 - INFO - allennlp.training.trainer - Estimated training time remaining: 13:12:40
2019-05-26 17:19:33,173 - INFO - allennlp.training.trainer - Epoch 7/499
2019-05-26 17:19:33,173 - INFO - allennlp.training.trainer - Peak CPU memory usage MB: 434.679808
2019-05-26 17:19:33,180 - INFO - allennlp.training.trainer - Training
2019-05-26 17:21:02,132 - INFO - allennlp.training.trainer - Validating
2019-05-26 17:21:12,464 - INFO - allennlp.training.tensorboard_writer -                   Training |  Validation
2019-05-26 17:21:12,465 - INFO - allennlp.training.tensorboard_writer - cpu_memory_MB |   434.680  |       N/A
2019-05-26 17:21:12,465 - INFO - allennlp.training.tensorboard_writer - loss          |  695974.886  |  1267172.816
2019-05-26 17:21:12,465 - INFO - allennlp.training.tensorboard_writer - accuracy3     |     0.520  |     0.283
2019-05-26 17:21:12,466 - INFO - allennlp.training.tensorboard_writer - f1_macro      |     0.281  |     0.027
2019-05-26 17:21:12,466 - INFO - allennlp.training.tensorboard_writer - accuracy      |     0.501  |     0.249
2019-05-26 17:21:12,468 - INFO - allennlp.training.trainer - Epoch duration: 00:01:39
2019-05-26 17:21:12,468 - INFO - allennlp.training.trainer - Estimated training time remaining: 13:13:57
2019-05-26 17:21:12,468 - INFO - allennlp.training.trainer - Epoch 8/499
2019-05-26 17:21:12,468 - INFO - allennlp.training.trainer - Peak CPU memory usage MB: 434.679808
2019-05-26 17:21:12,476 - INFO - allennlp.training.trainer - Training
2019-05-26 17:22:39,347 - INFO - allennlp.training.trainer - Validating
2019-05-26 17:22:49,806 - INFO - allennlp.training.tensorboard_writer -                   Training |  Validation
2019-05-26 17:22:49,806 - INFO - allennlp.training.tensorboard_writer - cpu_memory_MB |   434.680  |       N/A
2019-05-26 17:22:49,806 - INFO - allennlp.training.tensorboard_writer - loss          |  555375.987  |  967421.573
2019-05-26 17:22:49,807 - INFO - allennlp.training.tensorboard_writer - accuracy3     |     0.552  |     0.423
2019-05-26 17:22:49,807 - INFO - allennlp.training.tensorboard_writer - f1_macro      |     0.303  |     0.053
2019-05-26 17:22:49,808 - INFO - allennlp.training.tensorboard_writer - accuracy      |     0.537  |     0.365
2019-05-26 17:22:49,811 - INFO - allennlp.training.trainer - Epoch duration: 00:01:37
2019-05-26 17:22:49,811 - INFO - allennlp.training.trainer - Estimated training time remaining: 13:12:49
2019-05-26 17:22:49,811 - INFO - allennlp.training.trainer - Epoch 9/499
2019-05-26 17:22:49,811 - INFO - allennlp.training.trainer - Peak CPU memory usage MB: 434.679808
2019-05-26 17:22:49,819 - INFO - allennlp.training.trainer - Training
2019-05-26 17:24:14,606 - INFO - allennlp.training.trainer - Validating
2019-05-26 17:24:17,369 - INFO - root - Training interrupted by the user. Attempting to create a model archive using the current best epoch weights.
2019-05-26 17:24:17,369 - INFO - allennlp.models.archival - archiving weights and vocabulary to output/models/lstm_lstm_crf/exists_ru/model.tar.gz
